[2021-11-12 11:18:22,629] - [INFO] - 投保信息接口
[2021-11-12 11:18:22,629] - [INFO] - http://10.1.14.106:27405/channel/apitest/QFIN/INSURE_INFO
[2021-11-12 11:18:22,629] - [INFO] - 请求报文：{'channelCustId': '', 'name': '席礼树', 'insuranceNo': '202111121118226635239', 'idNo': '142601199003037873', 'idAddress': '上海市浦东新区龙阳路幸福村520号', 'phone': '16611126269', 'amount': 6000, 'periods': '6', 'purpose': '07', 'capitalCode': 'FBBANK', 'custGrde': 18, 'email': '1264311721@hrtx.com', 'contactPhone': '18968523600', 'callbackUrl': 'https://www.baidu.com'}
[2021-11-12 11:18:24,381] - [INFO] - 响应报文：{'result': True, 'code': 200, 'msg': 'SUCCESS!', 'data': {'channelCustId': '', 'errorCode': '', 'errorMsg': '', 'insurUrl': 'https://test.95590.cn/openui_st/h5/?navStyle=hideLight#/application?env=sit&loanReqNo=202111121118226635239&lp=20211112111824248000026141', 'insuranceNo': '202111121118226635239', 'status': '01'}}
[2021-11-12 11:18:24,382] - [INFO] - 投保信息接口成功！
[2021-11-12 11:18:24,382] - [INFO] - 投保资料查询接口
[2021-11-12 11:18:24,382] - [INFO] - http://10.1.14.106:27405/channel/apitest/QFIN/INSURE_DATA_QUERY
[2021-11-12 11:18:24,382] - [INFO] - 请求报文：{'loanReqNo': '202111121118226635239', 'token': '20211112111824248000026141'}
[2021-11-12 11:18:24,925] - [INFO] - 响应报文：{'result': True, 'code': 200, 'msg': 'SUCCESS!', 'data': {'discountRate': 0, 'insurantName': '富邦华一银行', 'purpose': '07', 'premiumRate': 0.303, 'loanReqNo': '202111121118226635239', 'premiumExcTax': 17.55, 'idNo': '142601199003037873', 'phoneNo': '18968523600', 'insurantAdd': '上海市静安区高平路478号', 'claimPeriod': '50', 'periods': 6, 'taxFee': 1.05, 'email': '1264311721@hrtx.com', 'monthlyFee': 18.6, 'addProvince': '', 'amount': 6000.0, 'address': '上海市浦东新区龙阳路幸福村520号', 'irr': '18.00', 'addDistrict': '', 'addCity': '', 'annualIntRate': 6.2, 'addDetail': '上海市浦东新区龙阳路幸福村520号', 'phone': '16611126269', 'insAmount': 6139.2, 'name': '席礼树', 'postCode': '200436'}}
[2021-11-12 11:18:24,925] - [INFO] - 投保资料查询成功！
[2021-11-12 11:18:24,925] - [INFO] - 投保接口
[2021-11-12 11:18:24,925] - [INFO] - http://10.1.14.106:27405/channel/apitest/QFIN/INSURE
[2021-11-12 11:18:24,926] - [INFO] - 请求报文：{'agentNo': 'TianCheng', 'agentName': '甜橙保代', 'loanReqNo': '202111121118226635239', 'insReqNo': '202111121118226635239', 'name': '席礼树', 'idNo': '142601199003037873', 'phone': '16611126269', 'amount': 6000, 'periods': '6', 'purpose': '07', 'premiumRate': 1.66, 'insurantName': '韦艺翠', 'insurantAdd': '上海市浦东新区龙阳路幸福村520号', 'postCode': '110016', 'productId': '7015', 'loanAmount': 6000}
[2021-11-12 11:18:25,204] - [INFO] - 响应报文：{'result': True, 'code': 200, 'msg': 'SUCCESS!', 'data': {'insReqNo': '0217516744648002', 'errorCode': '', 'loanReqNo': '', 'errorMsg': '', 'status': '01'}}
[2021-11-12 11:18:25,205] - [INFO] - 已受理，处理中！
[2021-11-12 11:18:25,206] - [INFO] - 支用接口
[2021-11-12 11:18:25,207] - [INFO] - http://10.1.14.106:27405/channel/apitest/QFIN/DISBURSE
[2021-11-12 11:18:25,208] - [INFO] - 请求报文：{'channelCustId': '', 'loanReqNo': '202111121118226635239', 'idNo': '142601199003037873', 'insuranceNo': '202111121118226635239', 'phone': '16611126269', 'loanAmount': 6000, 'productId': '7015', 'name': '席礼树', 'spelling': 'CHENPI', 'sex': '01', 'nationality': '中国', 'nation': '汉族', 'birthday': '1991/01/08', 'idType': '00', 'idAddress': '上海市浦东新区龙阳路幸福村520号', 'idStartDate': '2015/10/08', 'idEndDate': '2025/10/08', 'idOffice': '杭州市公安局江干区分局', 'marriage': '03', 'education': '06', 'children': '00', 'supplyPeople': 0, 'house': '00', 'addProvince': '', 'addCity': '', 'addDistrict': '', 'addDetail': '', 'industry': 'C', 'profession': '18', 'workplaceName': '大地保险公司', 'workTel': '13196853698', 'workProvince': '', 'workCity': '', 'workDistrict': '', 'workDetailAdd': '学院路100号小杨制造厂', 'workAge': 10, 'income': '02', 'school': '清华大学', 'email': '1264311721@hrtx.com', 'contacts': [{'relation': '00', 'name': '哈利路亚', 'phoneNo': '18968523600'}], 'bankCard': '6214661112111822', 'bankName': '中国农业银行', 'bankPhone': '16611126269', 'applyProvince': '', 'applyCity': '', 'applyDistrict': '', 'periods': '6', 'purpose': '07', 'direction': '', 'payType': '01', 'payMerchantNo': '', 'authFlag': '01', 'deviceDetail': {'deviceId': '', 'mac': 'NONE', 'longitude': '23.232653', 'latitude': '88.369689', 'gpsCity': '', 'ip': '192.3.46.57', 'ipCity': '', 'oS': ''}, 'docDate': '', 'channelDetail': {'capitalCode': 'FBBANK', 'custGrde': 18, 'payType': '03', 'applyEntry': '03', 'creditDuration': '2020/03/02', 'faceRecoType': '01', 'faceRecoScore': 66, 'currLimit': 20000.0, 'currRemainLimit': 20000.0, 'firstLoanFlag': 'N', 'settleLoanNum': 1, 'unsettleLoanLimit': 1, 'unsettleLoanNum': 1.66, 'longestOverPeriod': 1, 'applyLevel360': 100, 'actionLevel360': 100, 'realFaceCheckResult': '1', 'citizenshipCheckResult': '1', 'bankCheckResult': '1', 'telcoCheckResult': '1'}, 'custGrde': 18}
[2021-11-12 11:18:26,608] - [INFO] - 响应报文：{'result': True, 'code': 200, 'msg': 'SUCCESS!', 'data': {'channelCustId': '', 'errorCode': '', 'errorMsg': '', 'loanApplyNo': '202111120000000001', 'loanReqNo': '202111121118226635239', 'status': '01'}}
[2021-11-12 11:18:26,609] - [INFO] - 放款受理成功，处理中！
[2021-11-12 11:18:26,610] - [INFO] - 
                        姓名：席礼树
                        身份证号：142601199003037873
                        手机号：16611126269
                        借款金额:6000
                        借款期次:6
                        loanReqNo:202111121118226635239
                    
[2021-11-12 14:03:29,220] - [INFO] - 投保信息接口
[2021-11-12 14:03:29,221] - [INFO] - http://10.1.14.106:27405/channel/apitest/QFIN/INSURE_INFO
[2021-11-12 14:03:29,222] - [INFO] - 请求报文：{'channelCustId': '', 'name': '宋玉', 'insuranceNo': '202111121403296638223', 'idNo': '371121199504164053', 'idAddress': '上海市浦东新区龙阳路幸福村520号', 'phone': '16611126465', 'amount': 6000, 'periods': '6', 'purpose': '07', 'capitalCode': 'FBBANK', 'custGrde': 18, 'email': '1264311721@hrtx.com', 'contactPhone': '18968523600', 'callbackUrl': 'https://www.baidu.com'}
[2021-11-12 14:03:30,925] - [INFO] - 响应报文：{'result': True, 'code': 200, 'msg': 'SUCCESS!', 'data': {'channelCustId': '', 'errorCode': '', 'errorMsg': '', 'insurUrl': 'https://test.95590.cn/openui_st/h5/?navStyle=hideLight#/application?env=sit&loanReqNo=202111121403296638223&lp=20211112140330919000026142', 'insuranceNo': '202111121403296638223', 'status': '01'}}
[2021-11-12 14:03:30,926] - [INFO] - 投保信息接口成功！
[2021-11-12 14:03:30,926] - [INFO] - 投保资料查询接口
[2021-11-12 14:03:30,927] - [INFO] - http://10.1.14.106:27405/channel/apitest/QFIN/INSURE_DATA_QUERY
[2021-11-12 14:03:30,927] - [INFO] - 请求报文：{'loanReqNo': '202111121403296638223', 'token': '20211112140330919000026142'}
[2021-11-12 14:03:31,337] - [INFO] - 响应报文：{'result': True, 'code': 200, 'msg': 'SUCCESS!', 'data': {'discountRate': 0, 'insurantName': '富邦华一银行', 'purpose': '07', 'premiumRate': 0.303, 'loanReqNo': '202111121403296638223', 'premiumExcTax': 17.55, 'idNo': '371121199504164053', 'phoneNo': '18968523600', 'insurantAdd': '上海市静安区高平路478号', 'claimPeriod': '50', 'periods': 6, 'taxFee': 1.05, 'email': '1264311721@hrtx.com', 'monthlyFee': 18.6, 'addProvince': '', 'amount': 6000.0, 'address': '上海市浦东新区龙阳路幸福村520号', 'irr': '18.00', 'addDistrict': '', 'addCity': '', 'annualIntRate': 6.2, 'addDetail': '上海市浦东新区龙阳路幸福村520号', 'phone': '16611126465', 'insAmount': 6139.2, 'name': '宋玉', 'postCode': '200436'}}
[2021-11-12 14:03:31,338] - [INFO] - 投保资料查询成功！
[2021-11-12 14:03:31,339] - [INFO] - 投保接口
[2021-11-12 14:03:31,339] - [INFO] - http://10.1.14.106:27405/channel/apitest/QFIN/INSURE
[2021-11-12 14:03:31,340] - [INFO] - 请求报文：{'agentNo': 'TianCheng', 'agentName': '甜橙保代', 'loanReqNo': '202111121403296638223', 'insReqNo': '202111121403296638223', 'name': '宋玉', 'idNo': '371121199504164053', 'phone': '16611126465', 'amount': 6000, 'periods': '6', 'purpose': '07', 'premiumRate': 1.66, 'insurantName': '韦艺翠', 'insurantAdd': '上海市浦东新区龙阳路幸福村520号', 'postCode': '110016', 'productId': '7015', 'loanAmount': 6000}
[2021-11-12 14:03:31,526] - [INFO] - 响应报文：{'result': True, 'code': 200, 'msg': 'SUCCESS!', 'data': {'insReqNo': '6754787526181211', 'errorCode': '', 'loanReqNo': '', 'errorMsg': '', 'status': '01'}}
[2021-11-12 14:03:31,527] - [INFO] - 已受理，处理中！
[2021-11-12 14:03:31,528] - [INFO] - 支用接口
[2021-11-12 14:03:31,528] - [INFO] - http://10.1.14.106:27405/channel/apitest/QFIN/DISBURSE
[2021-11-12 14:03:31,529] - [INFO] - 请求报文：{'channelCustId': '', 'loanReqNo': '202111121403296638223', 'idNo': '371121199504164053', 'insuranceNo': '202111121403296638223', 'phone': '16611126465', 'loanAmount': 6000, 'productId': '7015', 'name': '宋玉', 'spelling': 'CHENPI', 'sex': '01', 'nationality': '中国', 'nation': '汉族', 'birthday': '1991/01/08', 'idType': '00', 'idAddress': '上海市浦东新区龙阳路幸福村520号', 'idStartDate': '2015/10/08', 'idEndDate': '2025/10/08', 'idOffice': '杭州市公安局江干区分局', 'marriage': '03', 'education': '06', 'children': '00', 'supplyPeople': 0, 'house': '00', 'addProvince': '', 'addCity': '', 'addDistrict': '', 'addDetail': '', 'industry': 'C', 'profession': '18', 'workplaceName': '大地保险公司', 'workTel': '13196853698', 'workProvince': '', 'workCity': '', 'workDistrict': '', 'workDetailAdd': '学院路100号小杨制造厂', 'workAge': 10, 'income': '02', 'school': '清华大学', 'email': '1264311721@hrtx.com', 'contacts': [{'relation': '00', 'name': '哈利路亚', 'phoneNo': '18968523600'}], 'bankCard': '6214661112140329', 'bankName': '中国农业银行', 'bankPhone': '16611126465', 'applyProvince': '', 'applyCity': '', 'applyDistrict': '', 'periods': '6', 'purpose': '07', 'direction': '', 'payType': '01', 'payMerchantNo': '', 'authFlag': '01', 'deviceDetail': {'deviceId': '', 'mac': 'NONE', 'longitude': '23.232653', 'latitude': '88.369689', 'gpsCity': '', 'ip': '192.3.46.57', 'ipCity': '', 'oS': ''}, 'docDate': '', 'channelDetail': {'capitalCode': 'FBBANK', 'custGrde': 18, 'payType': '03', 'applyEntry': '03', 'creditDuration': '2020/03/02', 'faceRecoType': '01', 'faceRecoScore': 66, 'currLimit': 20000.0, 'currRemainLimit': 20000.0, 'firstLoanFlag': 'N', 'settleLoanNum': 1, 'unsettleLoanLimit': 1, 'unsettleLoanNum': 1.66, 'longestOverPeriod': 1, 'applyLevel360': 100, 'actionLevel360': 100, 'realFaceCheckResult': '1', 'citizenshipCheckResult': '1', 'bankCheckResult': '1', 'telcoCheckResult': '1'}, 'custGrde': 18}
[2021-11-12 14:03:32,566] - [INFO] - 响应报文：{'result': True, 'code': 200, 'msg': 'SUCCESS!', 'data': {'channelCustId': '', 'errorCode': '', 'errorMsg': '', 'loanApplyNo': '202111120000002001', 'loanReqNo': '202111121403296638223', 'status': '01'}}
[2021-11-12 14:03:32,568] - [INFO] - 放款受理成功，处理中！
[2021-11-12 14:03:32,568] - [INFO] - 
                        姓名：宋玉
                        身份证号：371121199504164053
                        手机号：16611126465
                        借款金额:6000
                        借款期次:6
                        loanReqNo:202111121403296638223
                    
[2021-11-12 14:16:57,180] - [INFO] - 投保信息接口
[2021-11-12 14:16:57,180] - [INFO] - http://10.1.14.106:27405/channel/apitest/HUANBEI/INSURE_INFO
[2021-11-12 14:16:57,181] - [INFO] - 请求报文：{'channelCustId': '', 'loanReqNo': '202111121416576660467', 'capitalCode': 'FBBANK', 'custGrde': 18, 'name': '史玉澜', 'idNo': '150203199208306812', 'phone': '16611128622', 'amount': 3000, 'periods': '6', 'purpose': '01', 'addProvince': '110000', 'addCity': '110000', 'addDistrict': '110101', 'addDetail': '学霸路学渣小区1314弄520号', 'email': 'ybhdsg@hrtx.com', 'contactPhone': 'contactPhone', 'loanRate': 20.0, 'discountRate': 18}
[2021-11-12 14:16:57,515] - [INFO] - 响应报文：{'result': True, 'code': 200, 'msg': 'SUCCESS!', 'data': {'channelCustId': '', 'errorCode': '', 'errorMsg': '', 'insurAgencyUrl': 'https://test-h5.dsibc.com/market/detail?productCode=1059901&env=sit&loanReqNo=202111121416576660467&lp=20211112141657624000026143', 'loanApplyNo': '202111121416576660467', 'loanReqNo': '202111121416576660467'}}
[2021-11-12 14:16:57,516] - [INFO] - 投保信息接口成功！
[2021-11-12 14:16:57,517] - [INFO] - 投保资料查询接口
[2021-11-12 14:16:57,518] - [INFO] - http://10.1.14.106:27405/channel/apitest/HUANBEI/INSURE_DATA_QUERY
[2021-11-12 14:16:57,518] - [INFO] - 请求报文：{'loanReqNo': '202111121416576660467', 'token': '20211112141657624000026143'}
[2021-11-12 14:16:57,754] - [INFO] - 响应报文：{'result': True, 'code': 200, 'msg': 'SUCCESS!', 'data': {'discountRate': 0, 'insurantName': '富邦华一银行', 'purpose': '01', 'premiumRate': 0.57, 'loanReqNo': '202111121416576660467', 'premiumExcTax': 16.5, 'idNo': '150203199208306812', 'phoneNo': 'contactPhone', 'insurantAdd': '上海市静安区高平路478号', 'claimPeriod': '50', 'periods': 6, 'taxFee': 0.99, 'email': 'ybhdsg@hrtx.com', 'monthlyFee': 17.49, 'addProvince': '110000', 'amount': 3000.0, 'address': '北京市北京市东城区学霸路学渣小区1314弄520号', 'irr': '18.00', 'addDistrict': '110101', 'addCity': '110000', 'annualIntRate': 6.2, 'addDetail': '学霸路学渣小区1314弄520号', 'phone': '16611128622', 'insAmount': 3069.6, 'name': '史玉澜', 'postCode': '200436'}}
[2021-11-12 14:16:57,755] - [INFO] - 投保资料查询成功！
[2021-11-12 14:16:57,755] - [INFO] - 投保接口
[2021-11-12 14:16:57,755] - [INFO] - http://10.1.14.106:27405/channel/apitest/HUANBEI/INSURE
[2021-11-12 14:16:57,756] - [INFO] - 请求报文：{'agentNo': 'DingSheng', 'agentName': '鼎盛保险经纪', 'loanReqNo': '202111121416576660467', 'insReqNo': '202111121416576660467', 'name': '史玉澜', 'idNo': '150203199208306812', 'phone': '16611128622', 'amount': 3000, 'periods': '6', 'purpose': '01', 'premiumRate': 0.57, 'insurantName': '哑巴湖大水怪', 'insurantAdd': '被保险人通讯地址', 'postCode': '110016', 'version': '', 'docVersion': ''}
[2021-11-12 14:16:57,922] - [INFO] - 响应报文：{'result': True, 'code': 200, 'msg': 'SUCCESS!', 'data': {'insReqNo': '8263113281377266', 'errorCode': '', 'loanReqNo': '202111121416576660467', 'errorMsg': '', 'status': '01'}}
[2021-11-12 14:16:57,923] - [INFO] - 已受理，处理中！
[2021-11-12 14:16:57,923] - [INFO] - 支用接口
[2021-11-12 14:16:57,923] - [INFO] - http://10.1.14.106:27405/channel/apitest/HUANBEI/DISBURSE
[2021-11-12 14:16:57,924] - [INFO] - 请求报文：{'channelCustId': '', 'loanReqNo': '202111121416576660467', 'loanRate': 20.0, 'discountRate': 18, 'name': '史玉澜', 'spelling': 'LAIJING', 'sex': '00', 'nationality': '中国', 'nation': '汉族', 'birthday': '1993/12/12', 'idType': '00', 'loanAmount': 3000, 'periods': '6', 'phone': '16611128622', 'idNo': '150203199208306812', 'idStartDate': '2015/10/08', 'idEndDate': '2025/10/08', 'idOffice': '上海市崇明区太上皇路888弄001号', 'marriage': '00', 'children': '01', 'supplyPeople': 0, 'house': '09', 'addProvince': '110000', 'addCity': '110000', 'addDistrict': '110101', 'addDetail': '学霸路学渣小区250弄38号', 'industry': 'C', 'profession': '01', 'workplaceName': '中国大地保险公司', 'workTel': '0521-11122844', 'workProvince': '上海市', 'workCity': '上海市', 'workDistrict': '浦东新区', 'workDetailAdd': '证大五道口1199弄', 'workAge': 5, 'income': '02', 'education': '05', 'school': '哈弗大学', 'email': 'ybhdsg@hrtx.com', 'bankCard': '6214661112141657', 'bankName': '建设银行', 'bankPhone': '16611128622', 'applyProvince': '110000', 'applyCity': '110000', 'applyDistrict': '110101', 'purpose': '01', 'direction': '04', 'payType': '00', 'payMerchantNo': '', 'authFlag': '01', 'capitalCode': 'FBBANK', 'agrSignTime': '20200506175500', 'docDate': '', 'contacts': [{'relation': '01', 'name': '鼎盛一', 'phoneNo': '17613148801'}, {'relation': '00', 'name': '鼎盛二', 'phoneNo': '17613148802'}], 'deviceDetail': {'deviceId': '646876135467846554646', 'mac': 'NONE', 'longitude': '162.357159', 'latitude': '63.589634', 'gpsCity': '上海市', 'ip': '192.3.46.57', 'ipCity': '上海市', 'oS': 'ios'}, 'channelDetail': {'custGrade': 18, 'obtainCustType': '01', 'faceType': '01', 'faceScore': 70, 'verifyResult': '01', 'fourElementsResult': '01', 'limitDate': '2020/05/06', 'limit': 20000.0, 'balanceLimit': 20000.0, 'isFirstDisburse': 'Y', 'settleLoanCounts': 1, 'unclearedLoanCnts': 1, 'unclearedLoanBaln': 0, 'overdueD3Days': 'N', 'maxOverdueDays': 14, 'overdueDays': 4, 'overdueD3Cnts': 1, 'isCurrentOverdue': 'N', 'firstRepayOdCnts': 1, 'beforeLoanSocre': '', 'midLoanSocre': '', 'afterLoanSocre': '', 'custGrde': 18}}
[2021-11-12 14:16:58,955] - [INFO] - 响应报文：{'result': True, 'code': 200, 'msg': 'SUCCESS!', 'data': {'channelCustId': '', 'errorCode': '', 'errorMsg': '', 'loanApplyNo': '202111120000002002', 'loanReqNo': '202111121416576660467', 'status': '01'}}
[2021-11-12 14:16:58,956] - [INFO] - 支用受理成功，处理中！
[2021-11-12 14:17:21,337] - [INFO] - 投保信息接口
[2021-11-12 14:17:21,338] - [INFO] - http://10.1.14.106:27405/channel/apitest/HUANBEI/INSURE_INFO
[2021-11-12 14:17:21,338] - [INFO] - 请求报文：{'channelCustId': '', 'loanReqNo': '20211112141721665613', 'capitalCode': 'FBBANK', 'custGrde': 18, 'name': '戈龙', 'idNo': '411527199009282338', 'phone': '16611128325', 'amount': 3000, 'periods': '6', 'purpose': '01', 'addProvince': '110000', 'addCity': '110000', 'addDistrict': '110101', 'addDetail': '学霸路学渣小区1314弄520号', 'email': 'ybhdsg@hrtx.com', 'contactPhone': 'contactPhone', 'loanRate': 20.0, 'discountRate': 18}
[2021-11-12 14:17:21,566] - [INFO] - 响应报文：{'result': True, 'code': 200, 'msg': 'SUCCESS!', 'data': {'channelCustId': '', 'errorCode': '', 'errorMsg': '', 'insurAgencyUrl': 'https://test-h5.dsibc.com/market/detail?productCode=1059901&env=sit&loanReqNo=20211112141721665613&lp=20211112141721679000026144', 'loanApplyNo': '20211112141721665613', 'loanReqNo': '20211112141721665613'}}
[2021-11-12 14:17:21,566] - [INFO] - 投保信息接口成功！
[2021-11-12 14:17:21,567] - [INFO] - 投保资料查询接口
[2021-11-12 14:17:21,567] - [INFO] - http://10.1.14.106:27405/channel/apitest/HUANBEI/INSURE_DATA_QUERY
[2021-11-12 14:17:21,567] - [INFO] - 请求报文：{'loanReqNo': '20211112141721665613', 'token': '20211112141721679000026144'}
[2021-11-12 14:17:21,747] - [INFO] - 响应报文：{'result': True, 'code': 200, 'msg': 'SUCCESS!', 'data': {'discountRate': 0, 'insurantName': '富邦华一银行', 'purpose': '01', 'premiumRate': 0.57, 'loanReqNo': '20211112141721665613', 'premiumExcTax': 16.5, 'idNo': '411527199009282338', 'phoneNo': 'contactPhone', 'insurantAdd': '上海市静安区高平路478号', 'claimPeriod': '50', 'periods': 6, 'taxFee': 0.99, 'email': 'ybhdsg@hrtx.com', 'monthlyFee': 17.49, 'addProvince': '110000', 'amount': 3000.0, 'address': '北京市北京市东城区学霸路学渣小区1314弄520号', 'irr': '18.00', 'addDistrict': '110101', 'addCity': '110000', 'annualIntRate': 6.2, 'addDetail': '学霸路学渣小区1314弄520号', 'phone': '16611128325', 'insAmount': 3069.6, 'name': '戈龙', 'postCode': '200436'}}
[2021-11-12 14:17:21,747] - [INFO] - 投保资料查询成功！
[2021-11-12 14:17:21,748] - [INFO] - 投保接口
[2021-11-12 14:17:21,748] - [INFO] - http://10.1.14.106:27405/channel/apitest/HUANBEI/INSURE
[2021-11-12 14:17:21,748] - [INFO] - 请求报文：{'agentNo': 'DingSheng', 'agentName': '鼎盛保险经纪', 'loanReqNo': '20211112141721665613', 'insReqNo': '20211112141721665613', 'name': '戈龙', 'idNo': '411527199009282338', 'phone': '16611128325', 'amount': 3000, 'periods': '6', 'purpose': '01', 'premiumRate': 0.57, 'insurantName': '哑巴湖大水怪', 'insurantAdd': '被保险人通讯地址', 'postCode': '110016', 'version': '', 'docVersion': ''}
[2021-11-12 14:17:21,898] - [INFO] - 响应报文：{'result': True, 'code': 200, 'msg': 'SUCCESS!', 'data': {'insReqNo': '2474732217783081', 'errorCode': '', 'loanReqNo': '20211112141721665613', 'errorMsg': '', 'status': '01'}}
[2021-11-12 14:17:21,898] - [INFO] - 已受理，处理中！
[2021-11-12 14:17:21,899] - [INFO] - 支用接口
[2021-11-12 14:17:21,899] - [INFO] - http://10.1.14.106:27405/channel/apitest/HUANBEI/DISBURSE
[2021-11-12 14:17:21,899] - [INFO] - 请求报文：{'channelCustId': '', 'loanReqNo': '20211112141721665613', 'loanRate': 20.0, 'discountRate': 18, 'name': '戈龙', 'spelling': 'LAIJING', 'sex': '00', 'nationality': '中国', 'nation': '汉族', 'birthday': '1993/12/12', 'idType': '00', 'loanAmount': 3000, 'periods': '6', 'phone': '16611128325', 'idNo': '411527199009282338', 'idStartDate': '2015/10/08', 'idEndDate': '2025/10/08', 'idOffice': '上海市崇明区太上皇路888弄001号', 'marriage': '00', 'children': '01', 'supplyPeople': 0, 'house': '09', 'addProvince': '110000', 'addCity': '110000', 'addDistrict': '110101', 'addDetail': '学霸路学渣小区250弄38号', 'industry': 'C', 'profession': '01', 'workplaceName': '中国大地保险公司', 'workTel': '0521-11122844', 'workProvince': '上海市', 'workCity': '上海市', 'workDistrict': '浦东新区', 'workDetailAdd': '证大五道口1199弄', 'workAge': 5, 'income': '02', 'education': '05', 'school': '哈弗大学', 'email': 'ybhdsg@hrtx.com', 'bankCard': '6214661112141721', 'bankName': '建设银行', 'bankPhone': '16611128325', 'applyProvince': '110000', 'applyCity': '110000', 'applyDistrict': '110101', 'purpose': '01', 'direction': '04', 'payType': '00', 'payMerchantNo': '', 'authFlag': '01', 'capitalCode': 'FBBANK', 'agrSignTime': '20200506175500', 'docDate': '', 'contacts': [{'relation': '01', 'name': '鼎盛一', 'phoneNo': '17613148801'}, {'relation': '00', 'name': '鼎盛二', 'phoneNo': '17613148802'}], 'deviceDetail': {'deviceId': '646876135467846554646', 'mac': 'NONE', 'longitude': '162.357159', 'latitude': '63.589634', 'gpsCity': '上海市', 'ip': '192.3.46.57', 'ipCity': '上海市', 'oS': 'ios'}, 'channelDetail': {'custGrade': 18, 'obtainCustType': '01', 'faceType': '01', 'faceScore': 70, 'verifyResult': '01', 'fourElementsResult': '01', 'limitDate': '2020/05/06', 'limit': 20000.0, 'balanceLimit': 20000.0, 'isFirstDisburse': 'Y', 'settleLoanCounts': 1, 'unclearedLoanCnts': 1, 'unclearedLoanBaln': 0, 'overdueD3Days': 'N', 'maxOverdueDays': 14, 'overdueDays': 4, 'overdueD3Cnts': 1, 'isCurrentOverdue': 'N', 'firstRepayOdCnts': 1, 'beforeLoanSocre': '', 'midLoanSocre': '', 'afterLoanSocre': '', 'custGrde': 18}}
[2021-11-12 14:17:22,165] - [INFO] - 响应报文：{'result': True, 'code': 200, 'msg': 'SUCCESS!', 'data': {'channelCustId': '', 'errorCode': '', 'errorMsg': '', 'loanApplyNo': '202111120000002003', 'loanReqNo': '20211112141721665613', 'status': '01'}}
[2021-11-12 14:17:22,166] - [INFO] - 支用受理成功，处理中！
[2021-11-12 14:17:27,172] - [INFO] - 更新customer_info表liveaddress
[2021-11-12 14:17:27,175] - [INFO] - update customer_info set liveaddress = '河北省石家庄市裕华区体育南大街379号11栋3单元403号' where CERTID = '411527199009282338'
[2021-11-12 14:17:27,330] - [INFO] - 
                        姓名：戈龙
                        身份证号：411527199009282338
                        手机号：16611128325
                        借款金额:3000
                        借款期次:6
                        loanReqNo:20211112141721665613
                    
[2021-11-12 14:20:15,481] - [INFO] - 投保信息接口
[2021-11-12 14:20:15,481] - [INFO] - http://10.1.14.106:27405/channel/apitest/QFIN/INSURE_INFO
[2021-11-12 14:20:15,481] - [INFO] - 请求报文：{'channelCustId': '', 'name': '龙玲', 'insuranceNo': '20211112142015663317', 'idNo': '370725199506255570', 'idAddress': '上海市浦东新区龙阳路幸福村520号', 'phone': '16611129914', 'amount': 6000, 'periods': '6', 'purpose': '07', 'capitalCode': 'FBBANK', 'custGrde': 18, 'email': '1264311721@hrtx.com', 'contactPhone': '18968523600', 'callbackUrl': 'https://www.baidu.com'}
[2021-11-12 14:20:15,712] - [INFO] - 响应报文：{'result': True, 'code': 200, 'msg': 'SUCCESS!', 'data': {'channelCustId': '', 'errorCode': '', 'errorMsg': '', 'insurUrl': 'https://test.95590.cn/openui_st/h5/?navStyle=hideLight#/application?env=sit&loanReqNo=20211112142015663317&lp=20211112142015828000026145', 'insuranceNo': '20211112142015663317', 'status': '01'}}
[2021-11-12 14:20:15,713] - [INFO] - 投保信息接口成功！
[2021-11-12 14:20:15,713] - [INFO] - 投保资料查询接口
[2021-11-12 14:20:15,714] - [INFO] - http://10.1.14.106:27405/channel/apitest/QFIN/INSURE_DATA_QUERY
[2021-11-12 14:20:15,714] - [INFO] - 请求报文：{'loanReqNo': '20211112142015663317', 'token': '20211112142015828000026145'}
[2021-11-12 14:20:15,905] - [INFO] - 响应报文：{'result': True, 'code': 200, 'msg': 'SUCCESS!', 'data': {'discountRate': 0, 'insurantName': '富邦华一银行', 'purpose': '07', 'premiumRate': 0.303, 'loanReqNo': '20211112142015663317', 'premiumExcTax': 17.55, 'idNo': '370725199506255570', 'phoneNo': '18968523600', 'insurantAdd': '上海市静安区高平路478号', 'claimPeriod': '50', 'periods': 6, 'taxFee': 1.05, 'email': '1264311721@hrtx.com', 'monthlyFee': 18.6, 'addProvince': '', 'amount': 6000.0, 'address': '上海市浦东新区龙阳路幸福村520号', 'irr': '18.00', 'addDistrict': '', 'addCity': '', 'annualIntRate': 6.2, 'addDetail': '上海市浦东新区龙阳路幸福村520号', 'phone': '16611129914', 'insAmount': 6139.2, 'name': '龙玲', 'postCode': '200436'}}
[2021-11-12 14:20:15,905] - [INFO] - 投保资料查询成功！
[2021-11-12 14:20:15,906] - [INFO] - 投保接口
[2021-11-12 14:20:15,906] - [INFO] - http://10.1.14.106:27405/channel/apitest/QFIN/INSURE
[2021-11-12 14:20:15,907] - [INFO] - 请求报文：{'agentNo': 'TianCheng', 'agentName': '甜橙保代', 'loanReqNo': '20211112142015663317', 'insReqNo': '20211112142015663317', 'name': '龙玲', 'idNo': '370725199506255570', 'phone': '16611129914', 'amount': 6000, 'periods': '6', 'purpose': '07', 'premiumRate': 1.66, 'insurantName': '韦艺翠', 'insurantAdd': '上海市浦东新区龙阳路幸福村520号', 'postCode': '110016', 'productId': '7015', 'loanAmount': 6000}
[2021-11-12 14:20:16,047] - [INFO] - 响应报文：{'result': True, 'code': 200, 'msg': 'SUCCESS!', 'data': {'insReqNo': '7775383480782340', 'errorCode': '', 'loanReqNo': '', 'errorMsg': '', 'status': '01'}}
[2021-11-12 14:20:16,048] - [INFO] - 已受理，处理中！
[2021-11-12 14:20:16,049] - [INFO] - 支用接口
[2021-11-12 14:20:16,049] - [INFO] - http://10.1.14.106:27405/channel/apitest/QFIN/DISBURSE
[2021-11-12 14:20:16,050] - [INFO] - 请求报文：{'channelCustId': '', 'loanReqNo': '20211112142015663317', 'idNo': '370725199506255570', 'insuranceNo': '20211112142015663317', 'phone': '16611129914', 'loanAmount': 6000, 'productId': '7015', 'name': '龙玲', 'spelling': 'CHENPI', 'sex': '01', 'nationality': '中国', 'nation': '汉族', 'birthday': '1991/01/08', 'idType': '00', 'idAddress': '上海市浦东新区龙阳路幸福村520号', 'idStartDate': '2015/10/08', 'idEndDate': '2025/10/08', 'idOffice': '杭州市公安局江干区分局', 'marriage': '03', 'education': '06', 'children': '00', 'supplyPeople': 0, 'house': '00', 'addProvince': '', 'addCity': '', 'addDistrict': '', 'addDetail': '', 'industry': 'C', 'profession': '18', 'workplaceName': '大地保险公司', 'workTel': '13196853698', 'workProvince': '', 'workCity': '', 'workDistrict': '', 'workDetailAdd': '学院路100号小杨制造厂', 'workAge': 10, 'income': '02', 'school': '清华大学', 'email': '1264311721@hrtx.com', 'contacts': [{'relation': '00', 'name': '哈利路亚', 'phoneNo': '18968523600'}], 'bankCard': '6214661112142015', 'bankName': '中国农业银行', 'bankPhone': '16611129914', 'applyProvince': '', 'applyCity': '', 'applyDistrict': '', 'periods': '6', 'purpose': '07', 'direction': '', 'payType': '01', 'payMerchantNo': '', 'authFlag': '01', 'deviceDetail': {'deviceId': '', 'mac': 'NONE', 'longitude': '23.232653', 'latitude': '88.369689', 'gpsCity': '', 'ip': '192.3.46.57', 'ipCity': '', 'oS': ''}, 'docDate': '', 'channelDetail': {'capitalCode': 'FBBANK', 'custGrde': 18, 'payType': '03', 'applyEntry': '03', 'creditDuration': '2020/03/02', 'faceRecoType': '01', 'faceRecoScore': 66, 'currLimit': 20000.0, 'currRemainLimit': 20000.0, 'firstLoanFlag': 'N', 'settleLoanNum': 1, 'unsettleLoanLimit': 1, 'unsettleLoanNum': 1.66, 'longestOverPeriod': 1, 'applyLevel360': 100, 'actionLevel360': 100, 'realFaceCheckResult': '1', 'citizenshipCheckResult': '1', 'bankCheckResult': '1', 'telcoCheckResult': '1'}, 'custGrde': 18}
[2021-11-12 14:20:16,259] - [INFO] - 响应报文：{'result': True, 'code': 200, 'msg': 'SUCCESS!', 'data': {'channelCustId': '', 'errorCode': '', 'errorMsg': '', 'loanApplyNo': '202111120000002004', 'loanReqNo': '20211112142015663317', 'status': '01'}}
[2021-11-12 14:20:16,260] - [INFO] - 放款受理成功，处理中！
[2021-11-12 14:20:16,261] - [INFO] - 
                        姓名：龙玲
                        身份证号：370725199506255570
                        手机号：16611129914
                        借款金额:6000
                        借款期次:6
                        loanReqNo:20211112142015663317
                    
[2021-11-12 14:22:58,450] - [INFO] - 授信申请
[2021-11-12 14:22:58,450] - [INFO] - [http://10.1.14.106:27405/channel/apitest/TCJQ/CREDIT_GRANTING]
[2021-11-12 14:22:58,451] - [INFO] - 请求报文：{'channelCustId': '202111121422586667314', 'creditReqNo': '20211112142258881957', 'name': '跋夹九岩', 'spelling': 'ZHANGTIAN', 'sex': '01', 'nationality': '中国', 'nation': '汉族', 'birthday': '1985/06/02', 'idType': '00', 'idNo': '654128199604011112', 'idStartDate': '2016/01/18', 'idEndDate': '2036/01/18', 'idOffice': '北京市东城区', 'marriage': '01', 'children': '00', 'supplyPeople': 3, 'house': '00', 'addProvince': '110000', 'addCity': '110000', 'addDistrict': '110101', 'addDetail': '东大街东大院', 'industry': 'C', 'profession': '11', 'workplaceName': 'AAA单位', 'workTel': '13162314539', 'workProvince': '110000', 'workCity': '110000', 'workDistrict': '110101', 'workDetailAdd': '西大街西大院', 'workAge': 8, 'income': '03', 'education': '06', 'school': '北京大学', 'phone': '16611124100', 'email': 'email163@qq.com', 'contacts': [{'relation': '00', 'name': '张三', 'phoneNo': '15638530000'}, {'relation': '01', 'name': '李四', 'phoneNo': '15638539999'}], 'bankCard': '6214661112142258', 'bankName': '建设银行', 'bankPhone': '16611124100', 'applyProvince': '110000', 'applyCity': '110000', 'applyDistrict': '110101', 'loanAmount': 5000, 'periods': '3', 'purpose': '01', 'direction': '01', 'payType': '00', 'payMerchantNo': '26666', 'authFlag': '01', 'deviceDetail': {'deviceId': '10-45-5-486', 'mac': '3a:b6:c6:5d:2e:f9', 'longitude': '121.551738', 'latitude': '31.224634', 'gpsCity': '上海市', 'ip': '106.14.135.199', 'ipCity': '上海', 'os': 'android', 'docDate': '2019/09/12'}, 'channelDetail': {'citizenshipCheckResult': '1', 'bankCheckResult': '1', 'telcoCheckResult': '1', 'consumeTimes': '1', 'creditTimes': '1', 'consumeScene': '1', 'frontId': '11', 'reverseId': '11', 'faceId': '11', 'woolFlag': '1', 'phoneFlag': '1', 'phoneTelco': '1', 'compScore': '650', 'repayAbilityScore': '650', 'comsAmount': '1', 'finAmount': '1', 'redPacket': '1', 'phoneAreaName': '上海市', 'modelScore': '650', 'whiteListFlag': '0', 'sugAmount': '3000.00', 'sugBasis': '2', 'loanGrade': 'A', 'registerTime': '1', 'realNameFlag': '1', 'realNameGrade': '1', 'transFlag': '1', 'custType': '', 'currLimit': 5000, 'currRemainLimit': 2000, 'currLimitOrg': 'DD', 'currLimitStartDate': '2021/05/31', 'currLimitEndDate': '2021/07/31', 'currTotalPrice': 28.11, 'firstLoanFlag': '1', 'unsettleLoanLimit': 1, 'settleLoanLimit': 1, 'lastLoanDate': '2021/04/21', 'loanAmount': 3000}, 'custType': '0'}
[2021-11-12 14:23:00,526] - [INFO] - 响应报文：{'result': True, 'code': 200, 'msg': 'SUCCESS!', 'data': {'code': '0000', 'productId': '7014', 'body': {'channelCustId': '202111121422586667314', 'creditReqNo': '20211112142258881957', 'creditApplyNo': '202111120000002005', 'status': '01'}, 'message': '成功', 'channelId': 'ORANGE'}}
[2021-11-12 14:23:00,527] - [INFO] - 授信接口调用成功！
[2021-11-12 14:23:00,527] - [INFO] - 授信受理成功，处理中！
[2021-11-12 14:23:38,972] - [INFO] - 授信结果查询
[2021-11-12 14:23:38,973] - [INFO] - ['http://10.1.14.106:27405/channel/apitest/TCJQ/CREDIT_INQUIRY']
[2021-11-12 14:23:38,973] - [INFO] - 请求报文：{'channelCustId': '202111121422586667314', 'creditReqNo': '20211112142258881957', 'creditApplyNo': '202111120000002005'}
[2021-11-12 14:23:39,751] - [INFO] - 响应报文：{'result': True, 'code': 200, 'msg': 'SUCCESS!', 'data': {'code': '0000', 'productId': '7014', 'body': {'creditDate': '2021/11/12', 'creditExpireDate': '2024/11/12', 'freezingDate': '', 'channelCustId': '202111121422586667314', 'creditReqNo': '20211112142258881957', 'creditApplyNo': '202111120000002005', 'creditState': '00', 'availAmount': 5000.0, 'creditAmount': 5000.0, 'status': '01'}, 'message': '成功', 'channelId': 'ORANGE'}}
[2021-11-12 14:23:39,752] - [INFO] - 授信查询接口调用成功！
[2021-11-12 14:23:39,753] - [INFO] - 授信通过！
[2021-11-12 14:23:39,753] - [INFO] - 更新客户信息表liveaddress
[2021-11-12 14:23:39,753] - [INFO] - update customer_info set liveaddress = '北京市市辖区东城区' where CERTID = '654128199604011112'
[2021-11-12 14:23:39,897] - [INFO] - 支用试算
[2021-11-12 14:23:39,898] - [INFO] - http://10.1.14.106:27405/channel/apitest/TCJQ/DISBURSE_TRIAL
[2021-11-12 14:23:39,899] - [INFO] - 请求报文：{'channelCustId': '202111121422586667314', 'periods': '3', 'loanAmount': 2000}
[2021-11-12 14:23:41,483] - [INFO] - 响应报文：{'result': True, 'code': 200, 'msg': 'SUCCESS!', 'data': {'code': '0000', 'productId': '7014', 'body': {'channelCustId': '202111121422586667314', 'repayPlanDetails': [{'principal': 663.24, 'period': 1, 'periodAmt': 698.7, 'premium': 25.13, 'interest': 10.33, 'repayDate': '2035/06/17'}, {'principal': 666.66, 'period': 2, 'periodAmt': 698.7, 'premium': 25.13, 'interest': 6.91, 'repayDate': '2035/07/17'}, {'principal': 670.1, 'period': 3, 'periodAmt': 698.69, 'premium': 25.13, 'interest': 3.46, 'repayDate': '2035/08/17'}], 'capitalCode': 'FBBANK', 'status': '01'}, 'message': '成功', 'channelId': 'ORANGE'}}
[2021-11-12 14:23:41,484] - [INFO] - 本次试算资方为：FBBANK
[2021-11-12 14:23:41,484] - [INFO] - 支用试算成功！
[2021-11-12 14:23:41,485] - [INFO] - 支用接口
[2021-11-12 14:23:41,485] - [INFO] - http://10.1.14.106:27405/channel/apitest/TCJQ/DISBURSE
[2021-11-12 14:23:41,485] - [INFO] - 请求报文：{'channelCustId': '202111121422586667314', 'loanReqNo': '202111121422589969926', 'creditReqNo': '20211112142258881957', 'loanAmount': 2000, 'periods': '3', 'purpose': '01', 'bankCard': '6214661112142258', 'bankCode': '308584000013', 'bankName': '建设银行', 'bankPhone': '16611124100', 'longitude': '121.551738', 'latitude': '31.224634', 'ip': '192.168.1.2', 'capitalCode': 'FBBANK', 'channelDetail': {'woolFlag': '1', 'phoneFlag': '1', 'phoneTelco': '1', 'compScore': '80', 'repayAbilityScore': '80', 'comsAmount': '4', 'finAmount': '2', 'redPacket': '2', 'phoneAreaName': '上海市', 'modelScore': '80', 'whiteListFlag': '0', 'loanGrade': 'A', 'registerTime': '2', 'realNameFlag': '1', 'realNameGrade': '1', 'transFlag': '1', 'custType': '', 'currLimit': 5000, 'currRemainLimit': 2000, 'currLimitOrg': 'DD', 'currLimitStartDate': '2021/05/31', 'currLimitEndDate': '2021/07/31', 'currTotalPrice': 28.11, 'firstLoanFlag': '1', 'unsettleLoanLimit': 1, 'settleLoanLimit': 1, 'lastLoanDate': '2021/04/21', 'loanAmount': 3000}, 'custType': '0'}
[2021-11-12 14:23:42,407] - [INFO] - 响应报文：{'result': True, 'code': 200, 'msg': 'SUCCESS!', 'data': {'code': '0000', 'productId': '7014', 'body': {'channelCustId': '202111121422586667314', 'loanReqNo': '202111121422589969926', 'loanApplyNo': '20211112000000001', 'status': '01'}, 'message': '成功', 'channelId': 'ORANGE'}}
[2021-11-12 14:23:42,408] - [INFO] - 支用接口调用成功！
[2021-11-12 14:23:42,409] - [INFO] - 受理成功，处理中!
[2021-11-12 14:23:42,409] - [INFO] - 
                    姓名：跋夹九岩
                    身份证号：654128199604011112
                    手机号：16611124100
                    借款金额:2000
                    借款期次:3
                    channelCustId：202111121422586667314
                    creditReqNo：20211112142258881957
                    loanReqNo:202111121422589969926
                    
[2021-11-12 14:26:51,723] - [INFO] - 投保信息接口
[2021-11-12 14:26:51,724] - [INFO] - http://10.1.14.106:27405/channel/apitest/HUANBEI/INSURE_INFO
[2021-11-12 14:26:51,725] - [INFO] - 请求报文：{'channelCustId': '', 'loanReqNo': '202111121426516640826', 'capitalCode': 'FBBANK', 'custGrde': 18, 'name': '东家', 'idNo': '411422199003286920', 'phone': '16611124929', 'amount': 3000, 'periods': '6', 'purpose': '01', 'addProvince': '110000', 'addCity': '110000', 'addDistrict': '110101', 'addDetail': '学霸路学渣小区1314弄520号', 'email': 'ybhdsg@hrtx.com', 'contactPhone': 'contactPhone', 'loanRate': 20.0, 'discountRate': 18}
[2021-11-12 14:26:53,416] - [INFO] - 响应报文：{'result': True, 'code': 200, 'msg': 'SUCCESS!', 'data': {'channelCustId': '', 'errorCode': '', 'errorMsg': '', 'insurAgencyUrl': 'https://test-h5.dsibc.com/market/detail?productCode=1059901&env=sit&loanReqNo=202111121426516640826&lp=20211112142653523000026146', 'loanApplyNo': '202111121426516640826', 'loanReqNo': '202111121426516640826'}}
[2021-11-12 14:26:53,416] - [INFO] - 投保信息接口成功！
[2021-11-12 14:26:53,417] - [INFO] - 投保资料查询接口
[2021-11-12 14:26:53,417] - [INFO] - http://10.1.14.106:27405/channel/apitest/HUANBEI/INSURE_DATA_QUERY
[2021-11-12 14:26:53,418] - [INFO] - 请求报文：{'loanReqNo': '202111121426516640826', 'token': '20211112142653523000026146'}
[2021-11-12 14:26:53,747] - [INFO] - 响应报文：{'result': True, 'code': 200, 'msg': 'SUCCESS!', 'data': {'discountRate': 0, 'insurantName': '富邦华一银行', 'purpose': '01', 'premiumRate': 0.57, 'loanReqNo': '202111121426516640826', 'premiumExcTax': 16.5, 'idNo': '411422199003286920', 'phoneNo': 'contactPhone', 'insurantAdd': '上海市静安区高平路478号', 'claimPeriod': '50', 'periods': 6, 'taxFee': 0.99, 'email': 'ybhdsg@hrtx.com', 'monthlyFee': 17.49, 'addProvince': '110000', 'amount': 3000.0, 'address': '北京市北京市东城区学霸路学渣小区1314弄520号', 'irr': '18.00', 'addDistrict': '110101', 'addCity': '110000', 'annualIntRate': 6.2, 'addDetail': '学霸路学渣小区1314弄520号', 'phone': '16611124929', 'insAmount': 3069.6, 'name': '东家', 'postCode': '200436'}}
[2021-11-12 14:26:53,747] - [INFO] - 投保资料查询成功！
[2021-11-12 14:26:53,747] - [INFO] - 投保接口
[2021-11-12 14:26:53,748] - [INFO] - http://10.1.14.106:27405/channel/apitest/HUANBEI/INSURE
[2021-11-12 14:26:53,748] - [INFO] - 请求报文：{'agentNo': 'DingSheng', 'agentName': '鼎盛保险经纪', 'loanReqNo': '202111121426516640826', 'insReqNo': '202111121426516640826', 'name': '东家', 'idNo': '411422199003286920', 'phone': '16611124929', 'amount': 3000, 'periods': '6', 'purpose': '01', 'premiumRate': 0.57, 'insurantName': '哑巴湖大水怪', 'insurantAdd': '被保险人通讯地址', 'postCode': '110016', 'version': '', 'docVersion': ''}
[2021-11-12 14:26:54,054] - [INFO] - 响应报文：{'result': True, 'code': 200, 'msg': 'SUCCESS!', 'data': {'insReqNo': '7012362481858460', 'errorCode': '', 'loanReqNo': '202111121426516640826', 'errorMsg': '', 'status': '01'}}
[2021-11-12 14:26:54,055] - [INFO] - 已受理，处理中！
[2021-11-12 14:26:54,056] - [INFO] - 支用接口
[2021-11-12 14:26:54,056] - [INFO] - http://10.1.14.106:27405/channel/apitest/HUANBEI/DISBURSE
[2021-11-12 14:26:54,057] - [INFO] - 请求报文：{'channelCustId': '', 'loanReqNo': '202111121426516640826', 'loanRate': 20.0, 'discountRate': 18, 'name': '东家', 'spelling': 'LAIJING', 'sex': '00', 'nationality': '中国', 'nation': '汉族', 'birthday': '1993/12/12', 'idType': '00', 'loanAmount': 3000, 'periods': '6', 'phone': '16611124929', 'idNo': '411422199003286920', 'idStartDate': '2015/10/08', 'idEndDate': '2025/10/08', 'idOffice': '上海市崇明区太上皇路888弄001号', 'marriage': '00', 'children': '01', 'supplyPeople': 0, 'house': '09', 'addProvince': '110000', 'addCity': '110000', 'addDistrict': '110101', 'addDetail': '学霸路学渣小区250弄38号', 'industry': 'C', 'profession': '01', 'workplaceName': '中国大地保险公司', 'workTel': '0521-11122844', 'workProvince': '上海市', 'workCity': '上海市', 'workDistrict': '浦东新区', 'workDetailAdd': '证大五道口1199弄', 'workAge': 5, 'income': '02', 'education': '05', 'school': '哈弗大学', 'email': 'ybhdsg@hrtx.com', 'bankCard': '6214661112142651', 'bankName': '建设银行', 'bankPhone': '16611124929', 'applyProvince': '110000', 'applyCity': '110000', 'applyDistrict': '110101', 'purpose': '01', 'direction': '04', 'payType': '00', 'payMerchantNo': '', 'authFlag': '01', 'capitalCode': 'FBBANK', 'agrSignTime': '20200506175500', 'docDate': '', 'contacts': [{'relation': '01', 'name': '鼎盛一', 'phoneNo': '17613148801'}, {'relation': '00', 'name': '鼎盛二', 'phoneNo': '17613148802'}], 'deviceDetail': {'deviceId': '646876135467846554646', 'mac': 'NONE', 'longitude': '162.357159', 'latitude': '63.589634', 'gpsCity': '上海市', 'ip': '192.3.46.57', 'ipCity': '上海市', 'oS': 'ios'}, 'channelDetail': {'custGrade': 18, 'obtainCustType': '01', 'faceType': '01', 'faceScore': 70, 'verifyResult': '01', 'fourElementsResult': '01', 'limitDate': '2020/05/06', 'limit': 20000.0, 'balanceLimit': 20000.0, 'isFirstDisburse': 'Y', 'settleLoanCounts': 1, 'unclearedLoanCnts': 1, 'unclearedLoanBaln': 0, 'overdueD3Days': 'N', 'maxOverdueDays': 14, 'overdueDays': 4, 'overdueD3Cnts': 1, 'isCurrentOverdue': 'N', 'firstRepayOdCnts': 1, 'beforeLoanSocre': '', 'midLoanSocre': '', 'afterLoanSocre': '', 'custGrde': 18}}
[2021-11-12 14:26:55,633] - [INFO] - 响应报文：{'result': True, 'code': 200, 'msg': 'SUCCESS!', 'data': {'channelCustId': '', 'errorCode': '', 'errorMsg': '', 'loanApplyNo': '202111120000004001', 'loanReqNo': '202111121426516640826', 'status': '01'}}
[2021-11-12 14:26:55,634] - [INFO] - 支用受理成功，处理中！
[2021-11-12 14:27:00,637] - [INFO] - 更新customer_info表liveaddress
[2021-11-12 14:27:00,638] - [INFO] - update customer_info set liveaddress = '河北省石家庄市裕华区体育南大街379号11栋3单元403号' where CERTID = '411422199003286920'
[2021-11-12 14:27:00,807] - [INFO] - 
                        姓名：东家
                        身份证号：411422199003286920
                        手机号：16611124929
                        借款金额:3000
                        借款期次:6
                        loanReqNo:202111121426516640826
                    
[2021-11-12 14:29:54,569] - [INFO] - 投保信息接口
[2021-11-12 14:29:54,571] - [INFO] - http://10.1.14.106:27405/channel/apitest/HUANBEI/INSURE_INFO
[2021-11-12 14:29:54,572] - [INFO] - 请求报文：{'channelCustId': '', 'loanReqNo': '202111121429546647007', 'capitalCode': 'FBBANK', 'custGrde': 18, 'name': '驷公电素', 'idNo': '152624199703114565', 'phone': '16611129721', 'amount': 3000, 'periods': '6', 'purpose': '01', 'addProvince': '110000', 'addCity': '110000', 'addDistrict': '110101', 'addDetail': '学霸路学渣小区1314弄520号', 'email': 'ybhdsg@hrtx.com', 'contactPhone': 'contactPhone', 'loanRate': 20.0, 'discountRate': 18}
[2021-11-12 14:29:54,822] - [INFO] - 响应报文：{'result': True, 'code': 200, 'msg': 'SUCCESS!', 'data': {'channelCustId': '', 'errorCode': '', 'errorMsg': '', 'insurAgencyUrl': 'https://test-h5.dsibc.com/market/detail?productCode=1059901&env=sit&loanReqNo=202111121429546647007&lp=20211112142954940000026147', 'loanApplyNo': '202111121429546647007', 'loanReqNo': '202111121429546647007'}}
[2021-11-12 14:29:54,823] - [INFO] - 投保信息接口成功！
[2021-11-12 14:29:54,823] - [INFO] - 投保资料查询接口
[2021-11-12 14:29:54,824] - [INFO] - http://10.1.14.106:27405/channel/apitest/HUANBEI/INSURE_DATA_QUERY
[2021-11-12 14:29:54,824] - [INFO] - 请求报文：{'loanReqNo': '202111121429546647007', 'token': '20211112142954940000026147'}
[2021-11-12 14:29:54,996] - [INFO] - 响应报文：{'result': True, 'code': 200, 'msg': 'SUCCESS!', 'data': {'discountRate': 0, 'insurantName': '富邦华一银行', 'purpose': '01', 'premiumRate': 0.57, 'loanReqNo': '202111121429546647007', 'premiumExcTax': 16.5, 'idNo': '152624199703114565', 'phoneNo': 'contactPhone', 'insurantAdd': '上海市静安区高平路478号', 'claimPeriod': '50', 'periods': 6, 'taxFee': 0.99, 'email': 'ybhdsg@hrtx.com', 'monthlyFee': 17.49, 'addProvince': '110000', 'amount': 3000.0, 'address': '北京市北京市东城区学霸路学渣小区1314弄520号', 'irr': '18.00', 'addDistrict': '110101', 'addCity': '110000', 'annualIntRate': 6.2, 'addDetail': '学霸路学渣小区1314弄520号', 'phone': '16611129721', 'insAmount': 3069.6, 'name': '驷公电素', 'postCode': '200436'}}
[2021-11-12 14:29:54,997] - [INFO] - 投保资料查询成功！
[2021-11-12 14:29:54,998] - [INFO] - 投保接口
[2021-11-12 14:29:54,998] - [INFO] - http://10.1.14.106:27405/channel/apitest/HUANBEI/INSURE
[2021-11-12 14:29:54,999] - [INFO] - 请求报文：{'agentNo': 'DingSheng', 'agentName': '鼎盛保险经纪', 'loanReqNo': '202111121429546647007', 'insReqNo': '202111121429546647007', 'name': '驷公电素', 'idNo': '152624199703114565', 'phone': '16611129721', 'amount': 3000, 'periods': '6', 'purpose': '01', 'premiumRate': 0.57, 'insurantName': '哑巴湖大水怪', 'insurantAdd': '被保险人通讯地址', 'postCode': '110016', 'version': '', 'docVersion': ''}
[2021-11-12 14:29:55,247] - [INFO] - 响应报文：{'result': True, 'code': 200, 'msg': 'SUCCESS!', 'data': {'insReqNo': '6280523545313605', 'errorCode': '', 'loanReqNo': '202111121429546647007', 'errorMsg': '', 'status': '01'}}
[2021-11-12 14:29:55,248] - [INFO] - 已受理，处理中！
[2021-11-12 14:29:55,248] - [INFO] - 支用接口
[2021-11-12 14:29:55,248] - [INFO] - http://10.1.14.106:27405/channel/apitest/HUANBEI/DISBURSE
[2021-11-12 14:29:55,249] - [INFO] - 请求报文：{'channelCustId': '', 'loanReqNo': '202111121429546647007', 'loanRate': 20.0, 'discountRate': 18, 'name': '驷公电素', 'spelling': 'LAIJING', 'sex': '00', 'nationality': '中国', 'nation': '汉族', 'birthday': '1993/12/12', 'idType': '00', 'loanAmount': 3000, 'periods': '6', 'phone': '16611129721', 'idNo': '152624199703114565', 'idStartDate': '2015/10/08', 'idEndDate': '2025/10/08', 'idOffice': '上海市崇明区太上皇路888弄001号', 'marriage': '00', 'children': '01', 'supplyPeople': 0, 'house': '09', 'addProvince': '110000', 'addCity': '110000', 'addDistrict': '110101', 'addDetail': '学霸路学渣小区250弄38号', 'industry': 'C', 'profession': '01', 'workplaceName': '中国大地保险公司', 'workTel': '0521-11122844', 'workProvince': '上海市', 'workCity': '上海市', 'workDistrict': '浦东新区', 'workDetailAdd': '证大五道口1199弄', 'workAge': 5, 'income': '02', 'education': '05', 'school': '哈弗大学', 'email': 'ybhdsg@hrtx.com', 'bankCard': '6214661112142954', 'bankName': '建设银行', 'bankPhone': '16611129721', 'applyProvince': '110000', 'applyCity': '110000', 'applyDistrict': '110101', 'purpose': '01', 'direction': '04', 'payType': '00', 'payMerchantNo': '', 'authFlag': '01', 'capitalCode': 'FBBANK', 'agrSignTime': '20200506175500', 'docDate': '', 'contacts': [{'relation': '01', 'name': '鼎盛一', 'phoneNo': '17613148801'}, {'relation': '00', 'name': '鼎盛二', 'phoneNo': '17613148802'}], 'deviceDetail': {'deviceId': '646876135467846554646', 'mac': 'NONE', 'longitude': '162.357159', 'latitude': '63.589634', 'gpsCity': '上海市', 'ip': '192.3.46.57', 'ipCity': '上海市', 'oS': 'ios'}, 'channelDetail': {'custGrade': 18, 'obtainCustType': '01', 'faceType': '01', 'faceScore': 70, 'verifyResult': '01', 'fourElementsResult': '01', 'limitDate': '2020/05/06', 'limit': 20000.0, 'balanceLimit': 20000.0, 'isFirstDisburse': 'Y', 'settleLoanCounts': 1, 'unclearedLoanCnts': 1, 'unclearedLoanBaln': 0, 'overdueD3Days': 'N', 'maxOverdueDays': 14, 'overdueDays': 4, 'overdueD3Cnts': 1, 'isCurrentOverdue': 'N', 'firstRepayOdCnts': 1, 'beforeLoanSocre': '', 'midLoanSocre': '', 'afterLoanSocre': '', 'custGrde': 18}}
[2021-11-12 14:29:55,474] - [INFO] - 响应报文：{'result': True, 'code': 200, 'msg': 'SUCCESS!', 'data': {'channelCustId': '', 'errorCode': '', 'errorMsg': '', 'loanApplyNo': '202111120000004002', 'loanReqNo': '202111121429546647007', 'status': '01'}}
[2021-11-12 14:29:55,479] - [INFO] - 支用受理成功，处理中！
[2021-11-12 14:48:53,498] - [INFO] - 投保信息接口
[2021-11-12 14:48:53,498] - [INFO] - http://10.1.14.106:27405/channel/apitest/QFIN/INSURE_INFO
[2021-11-12 14:48:53,498] - [INFO] - 请求报文：{'channelCustId': '', 'name': '鱼毅', 'insuranceNo': '202111121448536618199', 'idNo': '371202199701122676', 'idAddress': '上海市浦东新区龙阳路幸福村520号', 'phone': '16611128069', 'amount': 6000, 'periods': '6', 'purpose': '07', 'capitalCode': 'FBBANK', 'custGrde': 18, 'email': '1264311721@hrtx.com', 'contactPhone': '18968523600', 'callbackUrl': 'https://www.baidu.com'}
[2021-11-12 14:48:55,804] - [INFO] - 响应报文：{'result': True, 'code': 200, 'msg': 'SUCCESS!', 'data': {'channelCustId': '', 'errorCode': '', 'errorMsg': '', 'insurUrl': 'https://test.95590.cn/openui_st/h5/?navStyle=hideLight#/application?env=sit&loanReqNo=202111121448536618199&lp=20211112144855939000026148', 'insuranceNo': '202111121448536618199', 'status': '01'}}
[2021-11-12 14:48:55,804] - [INFO] - 投保信息接口成功！
[2021-11-12 14:48:55,804] - [INFO] - 投保资料查询接口
[2021-11-12 14:48:55,804] - [INFO] - http://10.1.14.106:27405/channel/apitest/QFIN/INSURE_DATA_QUERY
[2021-11-12 14:48:55,805] - [INFO] - 请求报文：{'loanReqNo': '202111121448536618199', 'token': '20211112144855939000026148'}
[2021-11-12 14:48:56,080] - [INFO] - 响应报文：{'result': True, 'code': 200, 'msg': 'SUCCESS!', 'data': {'discountRate': 0, 'insurantName': '富邦华一银行', 'purpose': '07', 'premiumRate': 0.303, 'loanReqNo': '202111121448536618199', 'premiumExcTax': 17.55, 'idNo': '371202199701122676', 'phoneNo': '18968523600', 'insurantAdd': '上海市静安区高平路478号', 'claimPeriod': '50', 'periods': 6, 'taxFee': 1.05, 'email': '1264311721@hrtx.com', 'monthlyFee': 18.6, 'addProvince': '', 'amount': 6000.0, 'address': '上海市浦东新区龙阳路幸福村520号', 'irr': '18.00', 'addDistrict': '', 'addCity': '', 'annualIntRate': 6.2, 'addDetail': '上海市浦东新区龙阳路幸福村520号', 'phone': '16611128069', 'insAmount': 6139.2, 'name': '鱼毅', 'postCode': '200436'}}
[2021-11-12 14:48:56,081] - [INFO] - 投保资料查询成功！
[2021-11-12 14:48:56,081] - [INFO] - 投保接口
[2021-11-12 14:48:56,081] - [INFO] - http://10.1.14.106:27405/channel/apitest/QFIN/INSURE
[2021-11-12 14:48:56,082] - [INFO] - 请求报文：{'agentNo': 'TianCheng', 'agentName': '甜橙保代', 'loanReqNo': '202111121448536618199', 'insReqNo': '202111121448536618199', 'name': '鱼毅', 'idNo': '371202199701122676', 'phone': '16611128069', 'amount': 6000, 'periods': '6', 'purpose': '07', 'premiumRate': 1.66, 'insurantName': '韦艺翠', 'insurantAdd': '上海市浦东新区龙阳路幸福村520号', 'postCode': '110016', 'productId': '7015', 'loanAmount': 6000}
[2021-11-12 14:48:56,825] - [INFO] - 响应报文：{'result': True, 'code': 200, 'msg': 'SUCCESS!', 'data': {'insReqNo': '0762268306071338', 'errorCode': '', 'loanReqNo': '', 'errorMsg': '', 'status': '01'}}
[2021-11-12 14:48:56,826] - [INFO] - 已受理，处理中！
[2021-11-12 14:48:56,826] - [INFO] - 支用接口
[2021-11-12 14:48:56,827] - [INFO] - http://10.1.14.106:27405/channel/apitest/QFIN/DISBURSE
[2021-11-12 14:48:56,828] - [INFO] - 请求报文：{'channelCustId': '', 'loanReqNo': '202111121448536618199', 'idNo': '371202199701122676', 'insuranceNo': '202111121448536618199', 'phone': '16611128069', 'loanAmount': 6000, 'productId': '7015', 'name': '鱼毅', 'spelling': 'CHENPI', 'sex': '01', 'nationality': '中国', 'nation': '汉族', 'birthday': '1991/01/08', 'idType': '00', 'idAddress': '上海市浦东新区龙阳路幸福村520号', 'idStartDate': '2015/10/08', 'idEndDate': '2025/10/08', 'idOffice': '杭州市公安局江干区分局', 'marriage': '03', 'education': '06', 'children': '00', 'supplyPeople': 0, 'house': '00', 'addProvince': '', 'addCity': '', 'addDistrict': '', 'addDetail': '', 'industry': 'C', 'profession': '18', 'workplaceName': '大地保险公司', 'workTel': '13196853698', 'workProvince': '', 'workCity': '', 'workDistrict': '', 'workDetailAdd': '学院路100号小杨制造厂', 'workAge': 10, 'income': '02', 'school': '清华大学', 'email': '1264311721@hrtx.com', 'contacts': [{'relation': '00', 'name': '哈利路亚', 'phoneNo': '18968523600'}], 'bankCard': '6214661112144853', 'bankName': '中国农业银行', 'bankPhone': '16611128069', 'applyProvince': '', 'applyCity': '', 'applyDistrict': '', 'periods': '6', 'purpose': '07', 'direction': '', 'payType': '01', 'payMerchantNo': '', 'authFlag': '01', 'deviceDetail': {'deviceId': '', 'mac': 'NONE', 'longitude': '23.232653', 'latitude': '88.369689', 'gpsCity': '', 'ip': '192.3.46.57', 'ipCity': '', 'oS': ''}, 'docDate': '', 'channelDetail': {'capitalCode': 'FBBANK', 'custGrde': 18, 'payType': '03', 'applyEntry': '03', 'creditDuration': '2020/03/02', 'faceRecoType': '01', 'faceRecoScore': 66, 'currLimit': 20000.0, 'currRemainLimit': 20000.0, 'firstLoanFlag': 'N', 'settleLoanNum': 1, 'unsettleLoanLimit': 1, 'unsettleLoanNum': 1.66, 'longestOverPeriod': 1, 'applyLevel360': 100, 'actionLevel360': 100, 'realFaceCheckResult': '1', 'citizenshipCheckResult': '1', 'bankCheckResult': '1', 'telcoCheckResult': '1'}, 'custGrde': 18}
[2021-11-12 14:48:58,159] - [INFO] - 响应报文：{'result': True, 'code': 200, 'msg': 'SUCCESS!', 'data': {'channelCustId': '', 'errorCode': '', 'errorMsg': '', 'loanApplyNo': '202111120000006001', 'loanReqNo': '202111121448536618199', 'status': '01'}}
[2021-11-12 14:48:58,160] - [INFO] - 放款受理成功，处理中！
[2021-11-12 14:48:58,162] - [INFO] - 
                        姓名：鱼毅
                        身份证号：371202199701122676
                        手机号：16611128069
                        借款金额:6000
                        借款期次:6
                        loanReqNo:202111121448536618199
                    
[2021-11-12 15:01:58,645] - [INFO] - 投保信息接口
[2021-11-12 15:01:58,646] - [INFO] - http://10.1.14.106:27405/channel/apitest/HUANBEI/INSURE_INFO
[2021-11-12 15:01:58,646] - [INFO] - 请求报文：{'channelCustId': '', 'loanReqNo': '202111121501586634410', 'capitalCode': 'FBBANK', 'custGrde': 18, 'name': '阳夏承', 'idNo': '230403199503099503', 'phone': '16611123232', 'amount': 3000, 'periods': '6', 'purpose': '01', 'addProvince': '110000', 'addCity': '110000', 'addDistrict': '110101', 'addDetail': '学霸路学渣小区1314弄520号', 'email': 'ybhdsg@hrtx.com', 'contactPhone': 'contactPhone', 'loanRate': 20.0, 'discountRate': 18}
[2021-11-12 15:01:58,926] - [INFO] - 响应报文：{'result': True, 'code': 200, 'msg': 'SUCCESS!', 'data': {'channelCustId': '', 'errorCode': '', 'errorMsg': '', 'insurAgencyUrl': 'https://test-h5.dsibc.com/market/detail?productCode=1059901&env=sit&loanReqNo=202111121501586634410&lp=20211112150159125000026149', 'loanApplyNo': '202111121501586634410', 'loanReqNo': '202111121501586634410'}}
[2021-11-12 15:01:58,926] - [INFO] - 投保信息接口成功！
[2021-11-12 15:01:58,927] - [INFO] - 投保资料查询接口
[2021-11-12 15:01:58,928] - [INFO] - http://10.1.14.106:27405/channel/apitest/HUANBEI/INSURE_DATA_QUERY
[2021-11-12 15:01:58,928] - [INFO] - 请求报文：{'loanReqNo': '202111121501586634410', 'token': '20211112150159125000026149'}
[2021-11-12 15:01:59,121] - [INFO] - 响应报文：{'result': True, 'code': 200, 'msg': 'SUCCESS!', 'data': {'discountRate': 0, 'insurantName': '富邦华一银行', 'purpose': '01', 'premiumRate': 0.57, 'loanReqNo': '202111121501586634410', 'premiumExcTax': 16.5, 'idNo': '230403199503099503', 'phoneNo': 'contactPhone', 'insurantAdd': '上海市静安区高平路478号', 'claimPeriod': '50', 'periods': 6, 'taxFee': 0.99, 'email': 'ybhdsg@hrtx.com', 'monthlyFee': 17.49, 'addProvince': '110000', 'amount': 3000.0, 'address': '北京市北京市东城区学霸路学渣小区1314弄520号', 'irr': '18.00', 'addDistrict': '110101', 'addCity': '110000', 'annualIntRate': 6.2, 'addDetail': '学霸路学渣小区1314弄520号', 'phone': '16611123232', 'insAmount': 3069.6, 'name': '阳夏承', 'postCode': '200436'}}
[2021-11-12 15:01:59,122] - [INFO] - 投保资料查询成功！
[2021-11-12 15:01:59,122] - [INFO] - 投保接口
[2021-11-12 15:01:59,123] - [INFO] - http://10.1.14.106:27405/channel/apitest/HUANBEI/INSURE
[2021-11-12 15:01:59,123] - [INFO] - 请求报文：{'agentNo': 'DingSheng', 'agentName': '鼎盛保险经纪', 'loanReqNo': '202111121501586634410', 'insReqNo': '202111121501586634410', 'name': '阳夏承', 'idNo': '230403199503099503', 'phone': '16611123232', 'amount': 3000, 'periods': '6', 'purpose': '01', 'premiumRate': 0.57, 'insurantName': '哑巴湖大水怪', 'insurantAdd': '被保险人通讯地址', 'postCode': '110016', 'version': '', 'docVersion': ''}
[2021-11-12 15:01:59,262] - [INFO] - 响应报文：{'result': True, 'code': 200, 'msg': 'SUCCESS!', 'data': {'insReqNo': '0550662688272183', 'errorCode': '', 'loanReqNo': '202111121501586634410', 'errorMsg': '', 'status': '01'}}
[2021-11-12 15:01:59,263] - [INFO] - 已受理，处理中！
[2021-11-12 15:01:59,263] - [INFO] - 支用接口
[2021-11-12 15:01:59,263] - [INFO] - http://10.1.14.106:27405/channel/apitest/HUANBEI/DISBURSE
[2021-11-12 15:01:59,263] - [INFO] - 请求报文：{'channelCustId': '', 'loanReqNo': '202111121501586634410', 'loanRate': 20.0, 'discountRate': 18, 'name': '阳夏承', 'spelling': 'LAIJING', 'sex': '00', 'nationality': '中国', 'nation': '汉族', 'birthday': '1993/12/12', 'idType': '00', 'loanAmount': 3000, 'periods': '6', 'phone': '16611123232', 'idNo': '230403199503099503', 'idStartDate': '2015/10/08', 'idEndDate': '2025/10/08', 'idOffice': '上海市崇明区太上皇路888弄001号', 'marriage': '00', 'children': '01', 'supplyPeople': 0, 'house': '09', 'addProvince': '4343', 'addCity': '110000', 'addDistrict': '110101', 'addDetail': '学霸路学渣小区250弄38号', 'industry': 'C', 'profession': '01', 'workplaceName': '中国大地保险公司', 'workTel': '0521-11122844', 'workProvince': '上海市', 'workCity': '上海市', 'workDistrict': '浦东新区', 'workDetailAdd': '证大五道口1199弄', 'workAge': 5, 'income': '02', 'education': '05', 'school': '哈弗大学', 'email': 'ybhdsg@hrtx.com', 'bankCard': '6214661112150158', 'bankName': '建设银行', 'bankPhone': '16611123232', 'applyProvince': '110000', 'applyCity': '110000', 'applyDistrict': '110101', 'purpose': '01', 'direction': '04', 'payType': '00', 'payMerchantNo': '', 'authFlag': '01', 'capitalCode': 'FBBANK', 'agrSignTime': '20200506175500', 'docDate': '', 'contacts': [{'relation': '01', 'name': '鼎盛一', 'phoneNo': '17613148801'}, {'relation': '00', 'name': '鼎盛二', 'phoneNo': '17613148802'}], 'deviceDetail': {'deviceId': '646876135467846554646', 'mac': 'NONE', 'longitude': '162.357159', 'latitude': '63.589634', 'gpsCity': '上海市', 'ip': '192.3.46.57', 'ipCity': '上海市', 'oS': 'ios'}, 'channelDetail': {'custGrade': 18, 'obtainCustType': '01', 'faceType': '01', 'faceScore': 70, 'verifyResult': '01', 'fourElementsResult': '01', 'limitDate': '2020/05/06', 'limit': 20000.0, 'balanceLimit': 20000.0, 'isFirstDisburse': 'Y', 'settleLoanCounts': 1, 'unclearedLoanCnts': 1, 'unclearedLoanBaln': 0, 'overdueD3Days': 'N', 'maxOverdueDays': 14, 'overdueDays': 4, 'overdueD3Cnts': 1, 'isCurrentOverdue': 'N', 'firstRepayOdCnts': 1, 'beforeLoanSocre': '', 'midLoanSocre': '', 'afterLoanSocre': '', 'custGrde': 18}}
[2021-11-12 15:01:59,509] - [INFO] - 响应报文：{'result': True, 'code': 200, 'msg': 'SUCCESS!', 'data': {'channelCustId': '', 'errorCode': '', 'errorMsg': '', 'loanApplyNo': '202111120000006002', 'loanReqNo': '202111121501586634410', 'status': '01'}}
[2021-11-12 15:01:59,509] - [INFO] - 支用受理成功，处理中！
[2021-11-12 15:03:15,449] - [INFO] - 投保信息接口
[2021-11-12 15:03:15,449] - [INFO] - http://10.1.14.106:27405/channel/apitest/HUANBEI/INSURE_INFO
[2021-11-12 15:03:15,449] - [INFO] - 请求报文：{'channelCustId': '', 'loanReqNo': '20211112150315666467', 'capitalCode': 'FBBANK', 'custGrde': 18, 'name': '崔飘', 'idNo': '430624199211109837', 'phone': '16611128103', 'amount': 3000, 'periods': '6', 'purpose': '01', 'addProvince': '110000', 'addCity': '110000', 'addDistrict': '110101', 'addDetail': '学霸路学渣小区1314弄520号', 'email': 'ybhdsg@hrtx.com', 'contactPhone': 'contactPhone', 'loanRate': 20.0, 'discountRate': 18}
[2021-11-12 15:03:15,691] - [INFO] - 响应报文：{'result': True, 'code': 200, 'msg': 'SUCCESS!', 'data': {'channelCustId': '', 'errorCode': '', 'errorMsg': '', 'insurAgencyUrl': 'https://test-h5.dsibc.com/market/detail?productCode=1059901&env=sit&loanReqNo=20211112150315666467&lp=20211112150315890000026150', 'loanApplyNo': '20211112150315666467', 'loanReqNo': '20211112150315666467'}}
[2021-11-12 15:03:15,692] - [INFO] - 投保信息接口成功！
[2021-11-12 15:03:15,692] - [INFO] - 投保资料查询接口
[2021-11-12 15:03:15,692] - [INFO] - http://10.1.14.106:27405/channel/apitest/HUANBEI/INSURE_DATA_QUERY
[2021-11-12 15:03:15,692] - [INFO] - 请求报文：{'loanReqNo': '20211112150315666467', 'token': '20211112150315890000026150'}
[2021-11-12 15:03:15,887] - [INFO] - 响应报文：{'result': True, 'code': 200, 'msg': 'SUCCESS!', 'data': {'discountRate': 0, 'insurantName': '富邦华一银行', 'purpose': '01', 'premiumRate': 0.57, 'loanReqNo': '20211112150315666467', 'premiumExcTax': 16.5, 'idNo': '430624199211109837', 'phoneNo': 'contactPhone', 'insurantAdd': '上海市静安区高平路478号', 'claimPeriod': '50', 'periods': 6, 'taxFee': 0.99, 'email': 'ybhdsg@hrtx.com', 'monthlyFee': 17.49, 'addProvince': '110000', 'amount': 3000.0, 'address': '北京市北京市东城区学霸路学渣小区1314弄520号', 'irr': '18.00', 'addDistrict': '110101', 'addCity': '110000', 'annualIntRate': 6.2, 'addDetail': '学霸路学渣小区1314弄520号', 'phone': '16611128103', 'insAmount': 3069.6, 'name': '崔飘', 'postCode': '200436'}}
[2021-11-12 15:03:15,887] - [INFO] - 投保资料查询成功！
[2021-11-12 15:03:15,887] - [INFO] - 投保接口
[2021-11-12 15:03:15,888] - [INFO] - http://10.1.14.106:27405/channel/apitest/HUANBEI/INSURE
[2021-11-12 15:03:15,888] - [INFO] - 请求报文：{'agentNo': 'DingSheng', 'agentName': '鼎盛保险经纪', 'loanReqNo': '20211112150315666467', 'insReqNo': '20211112150315666467', 'name': '崔飘', 'idNo': '430624199211109837', 'phone': '16611128103', 'amount': 3000, 'periods': '6', 'purpose': '01', 'premiumRate': 0.57, 'insurantName': '哑巴湖大水怪', 'insurantAdd': '被保险人通讯地址', 'postCode': '110016', 'version': '', 'docVersion': ''}
[2021-11-12 15:03:16,025] - [INFO] - 响应报文：{'result': True, 'code': 200, 'msg': 'SUCCESS!', 'data': {'insReqNo': '5863234844757334', 'errorCode': '', 'loanReqNo': '20211112150315666467', 'errorMsg': '', 'status': '01'}}
[2021-11-12 15:03:16,026] - [INFO] - 已受理，处理中！
[2021-11-12 15:03:16,026] - [INFO] - 支用接口
[2021-11-12 15:03:16,027] - [INFO] - http://10.1.14.106:27405/channel/apitest/HUANBEI/DISBURSE
[2021-11-12 15:03:16,028] - [INFO] - 请求报文：{'channelCustId': '', 'loanReqNo': '20211112150315666467', 'loanRate': 20.0, 'discountRate': 18, 'name': '崔飘', 'spelling': 'LAIJING', 'sex': '00', 'nationality': '中国', 'nation': '汉族', 'birthday': '1993/12/12', 'idType': '00', 'loanAmount': 3000, 'periods': '6', 'phone': '16611128103', 'idNo': '430624199211109837', 'idStartDate': '2015/10/08', 'idEndDate': '2025/10/08', 'idOffice': '上海市崇明区太上皇路888弄001号', 'marriage': '00', 'children': '01', 'supplyPeople': 0, 'house': '09', 'addProvince': '4343', 'addCity': '34532', 'addDistrict': '110101', 'addDetail': '学霸路学渣小区250弄38号', 'industry': 'C', 'profession': '01', 'workplaceName': '中国大地保险公司', 'workTel': '0521-11122844', 'workProvince': '上海市', 'workCity': '上海市', 'workDistrict': '浦东新区', 'workDetailAdd': '证大五道口1199弄', 'workAge': 5, 'income': '02', 'education': '05', 'school': '哈弗大学', 'email': 'ybhdsg@hrtx.com', 'bankCard': '6214661112150315', 'bankName': '建设银行', 'bankPhone': '16611128103', 'applyProvince': '110000', 'applyCity': '110000', 'applyDistrict': '110101', 'purpose': '01', 'direction': '04', 'payType': '00', 'payMerchantNo': '', 'authFlag': '01', 'capitalCode': 'FBBANK', 'agrSignTime': '20200506175500', 'docDate': '', 'contacts': [{'relation': '01', 'name': '鼎盛一', 'phoneNo': '17613148801'}, {'relation': '00', 'name': '鼎盛二', 'phoneNo': '17613148802'}], 'deviceDetail': {'deviceId': '646876135467846554646', 'mac': 'NONE', 'longitude': '162.357159', 'latitude': '63.589634', 'gpsCity': '上海市', 'ip': '192.3.46.57', 'ipCity': '上海市', 'oS': 'ios'}, 'channelDetail': {'custGrade': 18, 'obtainCustType': '01', 'faceType': '01', 'faceScore': 70, 'verifyResult': '01', 'fourElementsResult': '01', 'limitDate': '2020/05/06', 'limit': 20000.0, 'balanceLimit': 20000.0, 'isFirstDisburse': 'Y', 'settleLoanCounts': 1, 'unclearedLoanCnts': 1, 'unclearedLoanBaln': 0, 'overdueD3Days': 'N', 'maxOverdueDays': 14, 'overdueDays': 4, 'overdueD3Cnts': 1, 'isCurrentOverdue': 'N', 'firstRepayOdCnts': 1, 'beforeLoanSocre': '', 'midLoanSocre': '', 'afterLoanSocre': '', 'custGrde': 18}}
[2021-11-12 15:03:16,355] - [INFO] - 响应报文：{'result': True, 'code': 200, 'msg': 'SUCCESS!', 'data': {'channelCustId': '', 'errorCode': '', 'errorMsg': '', 'loanApplyNo': '202111120000006003', 'loanReqNo': '20211112150315666467', 'status': '01'}}
[2021-11-12 15:03:16,356] - [INFO] - 支用受理成功，处理中！
[2021-11-12 15:16:24,850] - [INFO] - 投保信息接口
[2021-11-12 15:16:24,851] - [INFO] - http://10.1.14.106:27405/channel/apitest/HUANBEI/INSURE_INFO
[2021-11-12 15:16:24,852] - [INFO] - 请求报文：{'channelCustId': '', 'loanReqNo': '202111121516246653310', 'capitalCode': 'FBBANK', 'custGrde': 18, 'name': '夏玉民', 'idNo': '513230199008317049', 'phone': '16611123949', 'amount': 3000, 'periods': '6', 'purpose': '01', 'addProvince': '110000', 'addCity': '110000', 'addDistrict': '110101', 'addDetail': '学霸路学渣小区1314弄520号', 'email': 'ybhdsg@hrtx.com', 'contactPhone': 'contactPhone', 'loanRate': 20.0, 'discountRate': 18}
[2021-11-12 15:16:25,158] - [INFO] - 响应报文：{'result': True, 'code': 200, 'msg': 'SUCCESS!', 'data': {'channelCustId': '', 'errorCode': '', 'errorMsg': '', 'insurAgencyUrl': 'https://test-h5.dsibc.com/market/detail?productCode=1059901&env=sit&loanReqNo=202111121516246653310&lp=20211112151625219000026151', 'loanApplyNo': '202111121516246653310', 'loanReqNo': '202111121516246653310'}}
[2021-11-12 15:16:25,159] - [INFO] - 投保信息接口成功！
[2021-11-12 15:16:25,160] - [INFO] - 投保资料查询接口
[2021-11-12 15:16:25,161] - [INFO] - http://10.1.14.106:27405/channel/apitest/HUANBEI/INSURE_DATA_QUERY
[2021-11-12 15:16:25,161] - [INFO] - 请求报文：{'loanReqNo': '202111121516246653310', 'token': '20211112151625219000026151'}
[2021-11-12 15:16:25,356] - [INFO] - 响应报文：{'result': True, 'code': 200, 'msg': 'SUCCESS!', 'data': {'discountRate': 0, 'insurantName': '富邦华一银行', 'purpose': '01', 'premiumRate': 0.57, 'loanReqNo': '202111121516246653310', 'premiumExcTax': 16.5, 'idNo': '513230199008317049', 'phoneNo': 'contactPhone', 'insurantAdd': '上海市静安区高平路478号', 'claimPeriod': '50', 'periods': 6, 'taxFee': 0.99, 'email': 'ybhdsg@hrtx.com', 'monthlyFee': 17.49, 'addProvince': '110000', 'amount': 3000.0, 'address': '北京市北京市东城区学霸路学渣小区1314弄520号', 'irr': '18.00', 'addDistrict': '110101', 'addCity': '110000', 'annualIntRate': 6.2, 'addDetail': '学霸路学渣小区1314弄520号', 'phone': '16611123949', 'insAmount': 3069.6, 'name': '夏玉民', 'postCode': '200436'}}
[2021-11-12 15:16:25,357] - [INFO] - 投保资料查询成功！
[2021-11-12 15:16:25,358] - [INFO] - 投保接口
[2021-11-12 15:16:25,358] - [INFO] - http://10.1.14.106:27405/channel/apitest/HUANBEI/INSURE
[2021-11-12 15:16:25,359] - [INFO] - 请求报文：{'agentNo': 'DingSheng', 'agentName': '鼎盛保险经纪', 'loanReqNo': '202111121516246653310', 'insReqNo': '202111121516246653310', 'name': '夏玉民', 'idNo': '513230199008317049', 'phone': '16611123949', 'amount': 3000, 'periods': '6', 'purpose': '01', 'premiumRate': 0.57, 'insurantName': '哑巴湖大水怪', 'insurantAdd': '被保险人通讯地址', 'postCode': '110016', 'version': '', 'docVersion': ''}
[2021-11-12 15:16:25,530] - [INFO] - 响应报文：{'result': True, 'code': 200, 'msg': 'SUCCESS!', 'data': {'insReqNo': '5386305235630378', 'errorCode': '', 'loanReqNo': '202111121516246653310', 'errorMsg': '', 'status': '01'}}
[2021-11-12 15:16:25,531] - [INFO] - 已受理，处理中！
[2021-11-12 15:16:25,531] - [INFO] - 支用接口
[2021-11-12 15:16:25,531] - [INFO] - http://10.1.14.106:27405/channel/apitest/HUANBEI/DISBURSE
[2021-11-12 15:16:25,532] - [INFO] - 请求报文：{'channelCustId': '', 'loanReqNo': '202111121516246653310', 'loanRate': 20.0, 'discountRate': 18, 'name': '夏玉民', 'spelling': 'LAIJING', 'sex': '00', 'nationality': '中国', 'nation': '汉族', 'birthday': '1993/12/12', 'idType': '00', 'loanAmount': 3000, 'periods': '6', 'phone': '16611123949', 'idNo': '513230199008317049', 'idStartDate': '2015/10/08', 'idEndDate': '2025/10/08', 'idOffice': '上海市崇明区太上皇路888弄001号', 'marriage': '00', 'children': '01', 'supplyPeople': 0, 'house': '09', 'addProvince': '110000', 'addCity': '110000', 'addDistrict': '110101', 'addDetail': '学霸路学渣小区250弄38号', 'industry': 'C', 'profession': '01', 'workplaceName': '中国大地保险公司', 'workTel': '0521-11122844', 'workProvince': '上海市', 'workCity': '上海市', 'workDistrict': '浦东新区', 'workDetailAdd': '证大五道口1199弄', 'workAge': 5, 'income': '02', 'education': '05', 'school': '哈弗大学', 'email': 'ybhdsg@hrtx.com', 'bankCard': '6214661112151624', 'bankName': '建设银行', 'bankPhone': '16611123949', 'applyProvince': '110000', 'applyCity': '110000', 'applyDistrict': '110101', 'purpose': '01', 'direction': '04', 'payType': '00', 'payMerchantNo': '', 'authFlag': '01', 'capitalCode': 'FBBANK', 'agrSignTime': '20200506175500', 'docDate': '', 'contacts': [{'relation': '01', 'name': '鼎盛一', 'phoneNo': '17613148801'}, {'relation': '00', 'name': '鼎盛二', 'phoneNo': '17613148802'}], 'deviceDetail': {'deviceId': '646876135467846554646', 'mac': 'NONE', 'longitude': '162.357159', 'latitude': '63.589634', 'gpsCity': '上海市', 'ip': '192.3.46.57', 'ipCity': '上海市', 'oS': 'ios'}, 'channelDetail': {'custGrade': 18, 'obtainCustType': '01', 'faceType': '01', 'faceScore': 70, 'verifyResult': '01', 'fourElementsResult': '01', 'limitDate': '2020/05/06', 'limit': 20000.0, 'balanceLimit': 20000.0, 'isFirstDisburse': 'Y', 'settleLoanCounts': 1, 'unclearedLoanCnts': 1, 'unclearedLoanBaln': 0, 'overdueD3Days': 'N', 'maxOverdueDays': 14, 'overdueDays': 4, 'overdueD3Cnts': 1, 'isCurrentOverdue': 'N', 'firstRepayOdCnts': 1, 'beforeLoanSocre': '', 'midLoanSocre': '', 'afterLoanSocre': '', 'custGrde': 18}}
[2021-11-12 15:16:25,752] - [INFO] - 响应报文：{'result': True, 'code': 200, 'msg': 'SUCCESS!', 'data': {'channelCustId': '', 'errorCode': '', 'errorMsg': '', 'loanApplyNo': '202111120000006004', 'loanReqNo': '202111121516246653310', 'status': '01'}}
[2021-11-12 15:16:25,753] - [INFO] - 支用受理成功，处理中！
[2021-11-12 15:24:42,179] - [INFO] - 投保信息接口
[2021-11-12 15:24:42,180] - [INFO] - http://10.1.14.117:27405/channel/apitest/HUANBEI/INSURE_INFO
[2021-11-12 15:24:42,181] - [INFO] - 请求报文：{'channelCustId': '', 'loanReqNo': '202111121524426699112', 'capitalCode': 'FBBANK', 'custGrde': 18, 'name': '季飘', 'idNo': '522700199604303946', 'phone': '16611129734', 'amount': 3000, 'periods': '6', 'purpose': '01', 'addProvince': '110000', 'addCity': '110000', 'addDistrict': '110101', 'addDetail': '学霸路学渣小区1314弄520号', 'email': 'ybhdsg@hrtx.com', 'contactPhone': 'contactPhone', 'loanRate': 20.0, 'discountRate': 18}
[2021-11-12 15:24:43,889] - [INFO] - 响应报文：{'result': True, 'code': 200, 'msg': 'SUCCESS!', 'data': {'channelCustId': '', 'errorCode': '', 'errorMsg': '', 'insurAgencyUrl': 'https://pre-h5.dsibc.com/market/detail?productCode=1059901&loanReqNo=202111121524426699112&lp=20211112152443849000015001', 'loanApplyNo': '202111121524426699112', 'loanReqNo': '202111121524426699112'}}
[2021-11-12 15:24:43,890] - [INFO] - 投保信息接口成功！
[2021-11-12 15:24:43,891] - [INFO] - 投保资料查询接口
[2021-11-12 15:24:43,891] - [INFO] - http://10.1.14.117:27405/channel/apitest/HUANBEI/INSURE_DATA_QUERY
[2021-11-12 15:24:43,892] - [INFO] - 请求报文：{'loanReqNo': '202111121524426699112', 'token': '20211112152443849000015001'}
[2021-11-12 15:24:44,182] - [INFO] - 响应报文：{'result': True, 'code': 200, 'msg': 'SUCCESS!', 'data': {'discountRate': 0, 'insurantName': '富邦华一银行有限公司', 'purpose': '01', 'premiumRate': 0.565, 'loanReqNo': '202111121524426699112', 'premiumExcTax': 16.5, 'idNo': '522700199604303946', 'phoneNo': 'contactPhone', 'insurantAdd': '中国(上海)自由贸易试验区世纪大道1168号A座101室、18楼、19楼及20楼', 'claimPeriod': '80', 'periods': 6, 'taxFee': 0.99, 'email': 'ybhdsg@hrtx.com', 'monthlyFee': 17.49, 'addProvince': '110000', 'amount': 3000.0, 'address': '北京市北京市东城区学霸路学渣小区1314弄520号', 'irr': '18.00', 'addDistrict': '110101', 'addCity': '110000', 'annualIntRate': 6.2, 'addDetail': '学霸路学渣小区1314弄520号', 'phone': '16611129734', 'insAmount': 3093.0, 'name': '季飘', 'postCode': '200122'}}
[2021-11-12 15:24:44,183] - [INFO] - 投保资料查询成功！
[2021-11-12 15:24:44,183] - [INFO] - 投保接口
[2021-11-12 15:24:44,183] - [INFO] - http://10.1.14.117:27405/channel/apitest/HUANBEI/INSURE
[2021-11-12 15:24:44,184] - [INFO] - 请求报文：{'agentNo': 'DingSheng', 'agentName': '鼎盛保险经纪', 'loanReqNo': '202111121524426699112', 'insReqNo': '202111121524426699112', 'name': '季飘', 'idNo': '522700199604303946', 'phone': '16611129734', 'amount': 3000, 'periods': '6', 'purpose': '01', 'premiumRate': 0.565, 'insurantName': '哑巴湖大水怪', 'insurantAdd': '被保险人通讯地址', 'postCode': '110016', 'version': '', 'docVersion': ''}
[2021-11-12 15:24:44,404] - [INFO] - 响应报文：{'result': True, 'code': 200, 'msg': 'SUCCESS!', 'data': {'insReqNo': '6688820301006351', 'errorCode': '', 'loanReqNo': '202111121524426699112', 'errorMsg': '', 'status': '01'}}
[2021-11-12 15:24:44,405] - [INFO] - 已受理，处理中！
[2021-11-12 15:24:44,405] - [INFO] - 支用接口
[2021-11-12 15:24:44,406] - [INFO] - http://10.1.14.117:27405/channel/apitest/HUANBEI/DISBURSE
[2021-11-12 15:24:44,406] - [INFO] - 请求报文：{'channelCustId': '', 'loanReqNo': '202111121524426699112', 'loanRate': 20.0, 'discountRate': 18, 'name': '季飘', 'spelling': 'LAIJING', 'sex': '00', 'nationality': '中国', 'nation': '汉族', 'birthday': '1993/12/12', 'idType': '00', 'loanAmount': 3000, 'periods': '6', 'phone': '16611129734', 'idNo': '522700199604303946', 'idStartDate': '2015/10/08', 'idEndDate': '2025/10/08', 'idOffice': '上海市崇明区太上皇路888弄001号', 'marriage': '00', 'children': '01', 'supplyPeople': 0, 'house': '09', 'addProvince': '110000', 'addCity': '110000', 'addDistrict': '110101', 'addDetail': '学霸路学渣小区250弄38号', 'industry': 'C', 'profession': '01', 'workplaceName': '中国大地保险公司', 'workTel': '0521-11122844', 'workProvince': '上海市', 'workCity': '上海市', 'workDistrict': '浦东新区', 'workDetailAdd': '证大五道口1199弄', 'workAge': 5, 'income': '02', 'education': '05', 'school': '哈弗大学', 'email': 'ybhdsg@hrtx.com', 'bankCard': '6214661112152442', 'bankName': '建设银行', 'bankPhone': '16611129734', 'applyProvince': '110000', 'applyCity': '110000', 'applyDistrict': '110101', 'purpose': '01', 'direction': '04', 'payType': '00', 'payMerchantNo': '', 'authFlag': '01', 'capitalCode': 'FBBANK', 'agrSignTime': '20200506175500', 'docDate': '', 'contacts': [{'relation': '01', 'name': '鼎盛一', 'phoneNo': '17613148801'}, {'relation': '00', 'name': '鼎盛二', 'phoneNo': '17613148802'}], 'deviceDetail': {'deviceId': '646876135467846554646', 'mac': 'NONE', 'longitude': '162.357159', 'latitude': '63.589634', 'gpsCity': '上海市', 'ip': '192.3.46.57', 'ipCity': '上海市', 'oS': 'ios'}, 'channelDetail': {'custGrade': 18, 'obtainCustType': '01', 'faceType': '01', 'faceScore': 70, 'verifyResult': '01', 'fourElementsResult': '01', 'limitDate': '2020/05/06', 'limit': 20000.0, 'balanceLimit': 20000.0, 'isFirstDisburse': 'Y', 'settleLoanCounts': 1, 'unclearedLoanCnts': 1, 'unclearedLoanBaln': 0, 'overdueD3Days': 'N', 'maxOverdueDays': 14, 'overdueDays': 4, 'overdueD3Cnts': 1, 'isCurrentOverdue': 'N', 'firstRepayOdCnts': 1, 'beforeLoanSocre': '', 'midLoanSocre': '', 'afterLoanSocre': '', 'custGrde': 18}}
[2021-11-12 15:24:45,473] - [INFO] - 响应报文：{'result': True, 'code': 200, 'msg': 'SUCCESS!', 'data': {'channelCustId': '', 'errorCode': '', 'errorMsg': '', 'loanApplyNo': '202111120000002001', 'loanReqNo': '202111121524426699112', 'status': '01'}}
[2021-11-12 15:24:45,474] - [INFO] - 支用受理成功，处理中！
[2021-11-12 15:26:25,024] - [INFO] - 投保信息接口
[2021-11-12 15:26:25,025] - [INFO] - http://10.1.14.117:27405/channel/apitest/HUANBEI/INSURE_INFO
[2021-11-12 15:26:25,025] - [INFO] - 请求报文：{'channelCustId': '', 'loanReqNo': '202111121526256636517', 'capitalCode': 'FBBANK', 'custGrde': 18, 'name': '步士', 'idNo': '430822199502259323', 'phone': '16611121164', 'amount': 3000, 'periods': '6', 'purpose': '01', 'addProvince': '110000', 'addCity': '110000', 'addDistrict': '110101', 'addDetail': '学霸路学渣小区1314弄520号', 'email': 'ybhdsg@hrtx.com', 'contactPhone': 'contactPhone', 'loanRate': 20.0, 'discountRate': 18}
[2021-11-12 15:26:25,275] - [INFO] - 响应报文：{'result': True, 'code': 200, 'msg': 'SUCCESS!', 'data': {'channelCustId': '', 'errorCode': '', 'errorMsg': '', 'insurAgencyUrl': 'https://pre-h5.dsibc.com/market/detail?productCode=1059901&loanReqNo=202111121526256636517&lp=20211112152625380000015002', 'loanApplyNo': '202111121526256636517', 'loanReqNo': '202111121526256636517'}}
[2021-11-12 15:26:25,275] - [INFO] - 投保信息接口成功！
[2021-11-12 15:26:25,276] - [INFO] - 投保资料查询接口
[2021-11-12 15:26:25,276] - [INFO] - http://10.1.14.117:27405/channel/apitest/HUANBEI/INSURE_DATA_QUERY
[2021-11-12 15:26:25,277] - [INFO] - 请求报文：{'loanReqNo': '202111121526256636517', 'token': '20211112152625380000015002'}
[2021-11-12 15:26:25,465] - [INFO] - 响应报文：{'result': True, 'code': 200, 'msg': 'SUCCESS!', 'data': {'discountRate': 0, 'insurantName': '富邦华一银行有限公司', 'purpose': '01', 'premiumRate': 0.565, 'loanReqNo': '202111121526256636517', 'premiumExcTax': 16.5, 'idNo': '430822199502259323', 'phoneNo': 'contactPhone', 'insurantAdd': '中国(上海)自由贸易试验区世纪大道1168号A座101室、18楼、19楼及20楼', 'claimPeriod': '80', 'periods': 6, 'taxFee': 0.99, 'email': 'ybhdsg@hrtx.com', 'monthlyFee': 17.49, 'addProvince': '110000', 'amount': 3000.0, 'address': '北京市北京市东城区学霸路学渣小区1314弄520号', 'irr': '18.00', 'addDistrict': '110101', 'addCity': '110000', 'annualIntRate': 6.2, 'addDetail': '学霸路学渣小区1314弄520号', 'phone': '16611121164', 'insAmount': 3093.0, 'name': '步士', 'postCode': '200122'}}
[2021-11-12 15:26:25,466] - [INFO] - 投保资料查询成功！
[2021-11-12 15:26:25,466] - [INFO] - 投保接口
[2021-11-12 15:26:25,466] - [INFO] - http://10.1.14.117:27405/channel/apitest/HUANBEI/INSURE
[2021-11-12 15:26:25,467] - [INFO] - 请求报文：{'agentNo': 'DingSheng', 'agentName': '鼎盛保险经纪', 'loanReqNo': '202111121526256636517', 'insReqNo': '202111121526256636517', 'name': '步士', 'idNo': '430822199502259323', 'phone': '16611121164', 'amount': 3000, 'periods': '6', 'purpose': '01', 'premiumRate': 0.565, 'insurantName': '哑巴湖大水怪', 'insurantAdd': '被保险人通讯地址', 'postCode': '110016', 'version': '', 'docVersion': ''}
[2021-11-12 15:26:25,624] - [INFO] - 响应报文：{'result': True, 'code': 200, 'msg': 'SUCCESS!', 'data': {'insReqNo': '8710154451568817', 'errorCode': '', 'loanReqNo': '202111121526256636517', 'errorMsg': '', 'status': '01'}}
[2021-11-12 15:26:25,625] - [INFO] - 已受理，处理中！
[2021-11-12 15:26:25,625] - [INFO] - 支用接口
[2021-11-12 15:26:25,625] - [INFO] - http://10.1.14.117:27405/channel/apitest/HUANBEI/DISBURSE
[2021-11-12 15:26:25,626] - [INFO] - 请求报文：{'channelCustId': '', 'loanReqNo': '202111121526256636517', 'loanRate': 20.0, 'discountRate': 18, 'name': '步士', 'spelling': 'LAIJING', 'sex': '00', 'nationality': '中国', 'nation': '汉族', 'birthday': '1993/12/12', 'idType': '00', 'loanAmount': 3000, 'periods': '6', 'phone': '16611121164', 'idNo': '430822199502259323', 'idStartDate': '2015/10/08', 'idEndDate': '2025/10/08', 'idOffice': '上海市崇明区太上皇路888弄001号', 'marriage': '00', 'children': '01', 'supplyPeople': 0, 'house': '09', 'addProvince': '110000', 'addCity': '110000', 'addDistrict': '110101', 'addDetail': '学霸路学渣小区250弄38号', 'industry': 'C', 'profession': '01', 'workplaceName': '中国大地保险公司', 'workTel': '0521-11122844', 'workProvince': '上海市', 'workCity': '上海市', 'workDistrict': '浦东新区', 'workDetailAdd': '证大五道口1199弄', 'workAge': 5, 'income': '02', 'education': '05', 'school': '哈弗大学', 'email': 'ybhdsg@hrtx.com', 'bankCard': '6214661112152625', 'bankName': '建设银行', 'bankPhone': '16611121164', 'applyProvince': '110000', 'applyCity': '110000', 'applyDistrict': '110101', 'purpose': '01', 'direction': '04', 'payType': '00', 'payMerchantNo': '', 'authFlag': '01', 'capitalCode': 'FBBANK', 'agrSignTime': '20200506175500', 'docDate': '', 'contacts': [{'relation': '01', 'name': '鼎盛一', 'phoneNo': '17613148801'}, {'relation': '00', 'name': '鼎盛二', 'phoneNo': '17613148802'}], 'deviceDetail': {'deviceId': '646876135467846554646', 'mac': 'NONE', 'longitude': '162.357159', 'latitude': '63.589634', 'gpsCity': '上海市', 'ip': '192.3.46.57', 'ipCity': '上海市', 'oS': 'ios'}, 'channelDetail': {'custGrade': 18, 'obtainCustType': '01', 'faceType': '01', 'faceScore': 70, 'verifyResult': '01', 'fourElementsResult': '01', 'limitDate': '2020/05/06', 'limit': 20000.0, 'balanceLimit': 20000.0, 'isFirstDisburse': 'Y', 'settleLoanCounts': 1, 'unclearedLoanCnts': 1, 'unclearedLoanBaln': 0, 'overdueD3Days': 'N', 'maxOverdueDays': 14, 'overdueDays': 4, 'overdueD3Cnts': 1, 'isCurrentOverdue': 'N', 'firstRepayOdCnts': 1, 'beforeLoanSocre': '', 'midLoanSocre': '', 'afterLoanSocre': '', 'custGrde': 18}}
[2021-11-12 15:26:25,894] - [INFO] - 响应报文：{'result': True, 'code': 200, 'msg': 'SUCCESS!', 'data': {'channelCustId': '', 'errorCode': '', 'errorMsg': '', 'loanApplyNo': '202111120000002002', 'loanReqNo': '202111121526256636517', 'status': '01'}}
[2021-11-12 15:26:25,894] - [INFO] - 支用受理成功，处理中！
