[2021-12-15 11:16:17,299] - [INFO] - 投保信息接口
[2021-12-15 11:16:17,300] - [INFO] - http://10.1.14.106:27405/channel/apitest/QFIN/INSURE_INFO
[2021-12-15 11:16:17,300] - [INFO] - 请求报文：{'channelCustId': '', 'name': '盛彩', 'insuranceNo': '202112151116176630413', 'idNo': '430203199402067576', 'idAddress': '上海市浦东新区龙阳路幸福村520号', 'phone': '16612159568', 'amount': 6000, 'periods': '6', 'purpose': '07', 'capitalCode': 'FBBANK', 'custGrde': 18, 'email': '1264311721@hrtx.com', 'contactPhone': '18968523600', 'callbackUrl': 'https://www.baidu.com'}
[2021-12-15 11:16:17,469] - [INFO] - 响应报文：{'result': True, 'code': 200, 'msg': 'SUCCESS!', 'data': {'channelCustId': '', 'errorCode': '', 'errorMsg': '', 'insurUrl': 'https://test.95590.cn/openui_st/h5/?navStyle=hideLight#/application?env=sit&loanReqNo=202112151116176630413&lp=20211215111617018000031042', 'insuranceNo': '202112151116176630413', 'status': '01'}}
[2021-12-15 11:16:17,470] - [INFO] - 投保信息接口成功！
[2021-12-15 11:16:17,470] - [INFO] - 投保资料查询接口
[2021-12-15 11:16:17,470] - [INFO] - http://10.1.14.106:27405/channel/apitest/QFIN/INSURE_DATA_QUERY
[2021-12-15 11:16:17,471] - [INFO] - 请求报文：{'loanReqNo': '202112151116176630413', 'token': '20211215111617018000031042'}
[2021-12-15 11:16:17,548] - [INFO] - 响应报文：{'result': True, 'code': 200, 'msg': 'SUCCESS!', 'data': {'discountRate': 0, 'insurantName': '富邦华一银行', 'purpose': '07', 'premiumRate': 0.303, 'loanReqNo': '202112151116176630413', 'premiumExcTax': 17.55, 'idNo': '430203199402067576', 'phoneNo': '18968523600', 'insurantAdd': '上海市静安区高平路478号', 'claimPeriod': '50', 'periods': 6, 'taxFee': 1.05, 'email': '1264311721@hrtx.com', 'monthlyFee': 18.6, 'addProvince': '', 'amount': 6000.0, 'address': '上海市浦东新区龙阳路幸福村520号', 'irr': '18.00', 'addDistrict': '', 'addCity': '', 'annualIntRate': 6.2, 'addDetail': '上海市浦东新区龙阳路幸福村520号', 'phone': '16612159568', 'insAmount': 6139.2, 'name': '盛彩', 'postCode': '200436'}}
[2021-12-15 11:16:17,548] - [INFO] - 投保资料查询成功！
[2021-12-15 11:16:17,549] - [INFO] - 投保接口
[2021-12-15 11:16:17,549] - [INFO] - http://10.1.14.106:27405/channel/apitest/QFIN/INSURE
[2021-12-15 11:16:17,549] - [INFO] - 请求报文：{'agentNo': 'TianCheng', 'agentName': '甜橙保代', 'loanReqNo': '202112151116176630413', 'insReqNo': '202112151116176630413', 'name': '盛彩', 'idNo': '430203199402067576', 'phone': '16612159568', 'amount': 6000, 'periods': '6', 'purpose': '07', 'premiumRate': 1.66, 'insurantName': '韦艺翠', 'insurantAdd': '上海市浦东新区龙阳路幸福村520号', 'postCode': '110016', 'productId': '7015', 'loanAmount': 6000}
[2021-12-15 11:16:17,618] - [INFO] - 响应报文：{'result': True, 'code': 200, 'msg': 'SUCCESS!', 'data': {'insReqNo': '0552547348845075', 'errorCode': '', 'loanReqNo': '', 'errorMsg': '', 'status': '01'}}
[2021-12-15 11:16:17,619] - [INFO] - 已受理，处理中！
[2021-12-15 11:16:17,619] - [INFO] - 支用接口
[2021-12-15 11:16:17,619] - [INFO] - http://10.1.14.106:27405/channel/apitest/QFIN/DISBURSE
[2021-12-15 11:16:17,619] - [INFO] - 请求报文：{'channelCustId': '', 'loanReqNo': '202112151116176630413', 'idNo': '430203199402067576', 'insuranceNo': '202112151116176630413', 'phone': '16612159568', 'loanAmount': 6000, 'productId': '7015', 'name': '盛彩', 'spelling': 'CHENPI', 'sex': '01', 'nationality': '中国', 'nation': '汉族', 'birthday': '1991/01/08', 'idType': '00', 'idAddress': '上海市浦东新区龙阳路幸福村520号', 'idStartDate': '2015/10/08', 'idEndDate': '2025/10/08', 'idOffice': '杭州市公安局江干区分局', 'marriage': '03', 'education': '06', 'children': '00', 'supplyPeople': 0, 'house': '00', 'addProvince': '', 'addCity': '', 'addDistrict': '', 'addDetail': '', 'industry': 'C', 'profession': '18', 'workplaceName': '大地保险公司', 'workTel': '13196853698', 'workProvince': '', 'workCity': '', 'workDistrict': '', 'workDetailAdd': '学院路100号小杨制造厂', 'workAge': 10, 'income': '02', 'school': '清华大学', 'email': '1264311721@hrtx.com', 'contacts': [{'relation': '00', 'name': '哈利路亚', 'phoneNo': '18968523600'}], 'bankCard': '6214661215111617', 'bankName': '中国农业银行', 'bankPhone': '16612159568', 'applyProvince': '', 'applyCity': '', 'applyDistrict': '', 'periods': '6', 'purpose': '07', 'direction': '', 'payType': '01', 'payMerchantNo': '', 'authFlag': '01', 'deviceDetail': {'deviceId': '', 'mac': 'NONE', 'longitude': '23.232653', 'latitude': '88.369689', 'gpsCity': '', 'ip': '192.3.46.57', 'ipCity': '', 'oS': ''}, 'docDate': '', 'channelDetail': {'capitalCode': 'FBBANK', 'custGrde': 18, 'payType': '03', 'applyEntry': '03', 'creditDuration': '2020/03/02', 'faceRecoType': '01', 'faceRecoScore': 66, 'currLimit': 20000.0, 'currRemainLimit': 20000.0, 'firstLoanFlag': 'N', 'settleLoanNum': 1, 'unsettleLoanLimit': 1, 'unsettleLoanNum': 1.66, 'longestOverPeriod': 1, 'applyLevel360': 100, 'actionLevel360': 100, 'realFaceCheckResult': '1', 'citizenshipCheckResult': '1', 'bankCheckResult': '1', 'telcoCheckResult': '1'}, 'custGrde': 18}
[2021-12-15 11:16:18,010] - [INFO] - 响应报文：{'result': True, 'code': 200, 'msg': 'SUCCESS!', 'data': {'channelCustId': '', 'errorCode': '', 'errorMsg': '', 'loanApplyNo': '202112150000000004', 'loanReqNo': '202112151116176630413', 'status': '01'}}
[2021-12-15 11:16:18,010] - [INFO] - 放款受理成功，处理中！
[2021-12-15 11:16:18,011] - [INFO] - 
                        姓名：盛彩
                        身份证号：430203199402067576
                        手机号：16612159568
                        借款金额:6000
                        借款期次:6
                        loanReqNo:202112151116176630413
                    
[2021-12-15 11:18:47,789] - [INFO] - 投保信息接口
[2021-12-15 11:18:47,789] - [INFO] - http://10.1.14.106:27405/channel/apitest/QFIN/INSURE_INFO
[2021-12-15 11:18:47,790] - [INFO] - 请求报文：{'channelCustId': '', 'name': '贺加言', 'insuranceNo': '202112151118476671249', 'idNo': '532823199205274270', 'idAddress': '上海市浦东新区龙阳路幸福村520号', 'phone': '16612152183', 'amount': 6000, 'periods': '6', 'purpose': '07', 'capitalCode': 'FBBANK', 'custGrde': 18, 'email': '1264311721@hrtx.com', 'contactPhone': '18968523600', 'callbackUrl': 'https://www.baidu.com'}
[2021-12-15 11:18:47,928] - [INFO] - 响应报文：{'result': True, 'code': 200, 'msg': 'SUCCESS!', 'data': {'channelCustId': '', 'errorCode': '', 'errorMsg': '', 'insurUrl': 'https://test.95590.cn/openui_st/h5/?navStyle=hideLight#/application?env=sit&loanReqNo=202112151118476671249&lp=20211215111847478000031043', 'insuranceNo': '202112151118476671249', 'status': '01'}}
[2021-12-15 11:18:47,929] - [INFO] - 投保信息接口成功！
[2021-12-15 11:18:47,929] - [INFO] - 投保资料查询接口
[2021-12-15 11:18:47,929] - [INFO] - http://10.1.14.106:27405/channel/apitest/QFIN/INSURE_DATA_QUERY
[2021-12-15 11:18:47,930] - [INFO] - 请求报文：{'loanReqNo': '202112151118476671249', 'token': '20211215111847478000031043'}
[2021-12-15 11:18:48,003] - [INFO] - 响应报文：{'result': True, 'code': 200, 'msg': 'SUCCESS!', 'data': {'discountRate': 0, 'insurantName': '富邦华一银行', 'purpose': '07', 'premiumRate': 0.303, 'loanReqNo': '202112151118476671249', 'premiumExcTax': 17.55, 'idNo': '532823199205274270', 'phoneNo': '18968523600', 'insurantAdd': '上海市静安区高平路478号', 'claimPeriod': '50', 'periods': 6, 'taxFee': 1.05, 'email': '1264311721@hrtx.com', 'monthlyFee': 18.6, 'addProvince': '', 'amount': 6000.0, 'address': '上海市浦东新区龙阳路幸福村520号', 'irr': '18.00', 'addDistrict': '', 'addCity': '', 'annualIntRate': 6.2, 'addDetail': '上海市浦东新区龙阳路幸福村520号', 'phone': '16612152183', 'insAmount': 6139.2, 'name': '贺加言', 'postCode': '200436'}}
[2021-12-15 11:18:48,004] - [INFO] - 投保资料查询成功！
[2021-12-15 11:18:48,004] - [INFO] - 投保接口
[2021-12-15 11:18:48,004] - [INFO] - http://10.1.14.106:27405/channel/apitest/QFIN/INSURE
[2021-12-15 11:18:48,005] - [INFO] - 请求报文：{'agentNo': 'TianCheng', 'agentName': '甜橙保代', 'loanReqNo': '202112151118476671249', 'insReqNo': '202112151118476671249', 'name': '贺加言', 'idNo': '532823199205274270', 'phone': '16612152183', 'amount': 6000, 'periods': '6', 'purpose': '07', 'premiumRate': 1.66, 'insurantName': '韦艺翠', 'insurantAdd': '上海市浦东新区龙阳路幸福村520号', 'postCode': '110016', 'productId': '7015', 'loanAmount': 6000}
[2021-12-15 11:18:48,067] - [INFO] - 响应报文：{'result': True, 'code': 200, 'msg': 'SUCCESS!', 'data': {'insReqNo': '3145788380520725', 'errorCode': '', 'loanReqNo': '', 'errorMsg': '', 'status': '01'}}
[2021-12-15 11:18:48,067] - [INFO] - 已受理，处理中！
[2021-12-15 11:18:48,068] - [INFO] - 支用接口
[2021-12-15 11:18:48,068] - [INFO] - http://10.1.14.106:27405/channel/apitest/QFIN/DISBURSE
[2021-12-15 11:18:48,069] - [INFO] - 请求报文：{'channelCustId': '', 'loanReqNo': '202112151118476671249', 'idNo': '532823199205274270', 'insuranceNo': '202112151118476671249', 'phone': '16612152183', 'loanAmount': 6000, 'productId': '7015', 'name': '贺加言', 'spelling': 'CHENPI', 'sex': '01', 'nationality': '中国', 'nation': '汉族', 'birthday': '1991/01/08', 'idType': '00', 'idAddress': '上海市浦东新区龙阳路幸福村520号', 'idStartDate': '2015/10/08', 'idEndDate': '2025/10/08', 'idOffice': '杭州市公安局江干区分局', 'marriage': '03', 'education': '06', 'children': '00', 'supplyPeople': 0, 'house': '00', 'addProvince': '', 'addCity': '', 'addDistrict': '', 'addDetail': '', 'industry': 'C', 'profession': '18', 'workplaceName': '大地保险公司', 'workTel': '13196853698', 'workProvince': '', 'workCity': '', 'workDistrict': '', 'workDetailAdd': '学院路100号小杨制造厂', 'workAge': 10, 'income': '02', 'school': '清华大学', 'email': '1264311721@hrtx.com', 'contacts': [{'relation': '00', 'name': '哈利路亚', 'phoneNo': '18968523600'}], 'bankCard': '6214661215111847', 'bankName': '中国农业银行', 'bankPhone': '16612152183', 'applyProvince': '', 'applyCity': '', 'applyDistrict': '', 'periods': '6', 'purpose': '07', 'direction': '', 'payType': '01', 'payMerchantNo': '', 'authFlag': '01', 'deviceDetail': {'deviceId': '', 'mac': 'NONE', 'longitude': '23.232653', 'latitude': '88.369689', 'gpsCity': '', 'ip': '192.3.46.57', 'ipCity': '', 'oS': ''}, 'docDate': '', 'channelDetail': {'capitalCode': 'FBBANK', 'custGrde': 18, 'payType': '03', 'applyEntry': '03', 'creditDuration': '2020/03/02', 'faceRecoType': '01', 'faceRecoScore': 66, 'currLimit': 20000.0, 'currRemainLimit': 20000.0, 'firstLoanFlag': 'N', 'settleLoanNum': 1, 'unsettleLoanLimit': 1, 'unsettleLoanNum': 1.66, 'longestOverPeriod': 1, 'applyLevel360': 100, 'actionLevel360': 100, 'realFaceCheckResult': '1', 'citizenshipCheckResult': '1', 'bankCheckResult': '1', 'telcoCheckResult': '1'}, 'custGrde': 18}
[2021-12-15 11:18:48,179] - [INFO] - 响应报文：{'result': True, 'code': 200, 'msg': 'SUCCESS!', 'data': {'channelCustId': '', 'errorCode': '', 'errorMsg': '', 'loanApplyNo': '202112150000000005', 'loanReqNo': '202112151118476671249', 'status': '01'}}
[2021-12-15 11:18:48,180] - [INFO] - 放款受理成功，处理中！
[2021-12-15 11:18:48,181] - [INFO] - 
                        姓名：贺加言
                        身份证号：532823199205274270
                        手机号：16612152183
                        借款金额:6000
                        借款期次:6
                        loanReqNo:202112151118476671249
                    
[2021-12-15 11:21:23,313] - [INFO] - 投保信息接口
[2021-12-15 11:21:23,313] - [INFO] - http://10.1.14.117:27405/channel/apitest/QFIN/INSURE_INFO
[2021-12-15 11:21:23,314] - [INFO] - 请求报文：{'channelCustId': '', 'name': '汤友祥', 'insuranceNo': '202112151121236682327', 'idNo': '410403199001084735', 'idAddress': '上海市浦东新区龙阳路幸福村520号', 'phone': '16612157811', 'amount': 6000, 'periods': '6', 'purpose': '07', 'capitalCode': 'FBBANK', 'custGrde': 18, 'email': '1264311721@hrtx.com', 'contactPhone': '18968523600', 'callbackUrl': 'https://www.baidu.com'}
[2021-12-15 11:21:25,014] - [INFO] - 响应报文：{'result': True, 'code': 200, 'msg': 'SUCCESS!', 'data': {'channelCustId': '', 'errorCode': '', 'errorMsg': '', 'insurUrl': 'https://test.95590.cn/openui_uat/h5/?navStyle=hideLight#/application?loanReqNo=202112151121236682327&lp=20211215112124504000016001', 'insuranceNo': '202112151121236682327', 'status': '01'}}
[2021-12-15 11:21:25,015] - [INFO] - 投保信息接口成功！
[2021-12-15 11:21:25,016] - [INFO] - 投保资料查询接口
[2021-12-15 11:21:25,016] - [INFO] - http://10.1.14.117:27405/channel/apitest/QFIN/INSURE_DATA_QUERY
[2021-12-15 11:21:25,017] - [INFO] - 请求报文：{'loanReqNo': '202112151121236682327', 'token': '20211215112124504000016001'}
[2021-12-15 11:21:25,322] - [INFO] - 响应报文：{'result': True, 'code': 200, 'msg': 'SUCCESS!', 'data': {'discountRate': 0, 'insurantName': '富邦华一银行有限公司', 'purpose': '07', 'premiumRate': 0.359, 'loanReqNo': '202112151121236682327', 'premiumExcTax': 20.94, 'idNo': '410403199001084735', 'phoneNo': '18968523600', 'insurantAdd': '中国(上海)自由贸易试验区世纪大道1168号A座101室、18楼、19楼及20楼', 'claimPeriod': '80', 'periods': 6, 'taxFee': 1.26, 'email': '1264311721@hrtx.com', 'monthlyFee': 22.2, 'addProvince': '', 'amount': 6000.0, 'address': '上海市浦东新区龙阳路幸福村520号', 'irr': '18.00', 'addDistrict': '', 'addCity': '', 'annualIntRate': 6.2, 'addDetail': '上海市浦东新区龙阳路幸福村520号', 'phone': '16612157811', 'insAmount': 6186.0, 'name': '汤友祥', 'postCode': '200122'}}
[2021-12-15 11:21:25,323] - [INFO] - 投保资料查询成功！
[2021-12-15 11:21:25,324] - [INFO] - 投保接口
[2021-12-15 11:21:25,325] - [INFO] - http://10.1.14.117:27405/channel/apitest/QFIN/INSURE
[2021-12-15 11:21:25,325] - [INFO] - 请求报文：{'agentNo': 'TianCheng', 'agentName': '甜橙保代', 'loanReqNo': '202112151121236682327', 'insReqNo': '202112151121236682327', 'name': '汤友祥', 'idNo': '410403199001084735', 'phone': '16612157811', 'amount': 6000, 'periods': '6', 'purpose': '07', 'premiumRate': 1.66, 'insurantName': '韦艺翠', 'insurantAdd': '上海市浦东新区龙阳路幸福村520号', 'postCode': '110016', 'productId': '7015', 'loanAmount': 6000}
[2021-12-15 11:21:25,502] - [INFO] - 响应报文：{'result': True, 'code': 200, 'msg': 'SUCCESS!', 'data': {'insReqNo': '7754211403780343', 'errorCode': '', 'loanReqNo': '', 'errorMsg': '', 'status': '01'}}
[2021-12-15 11:21:25,503] - [INFO] - 已受理，处理中！
[2021-12-15 11:21:25,504] - [INFO] - 支用接口
[2021-12-15 11:21:25,504] - [INFO] - http://10.1.14.117:27405/channel/apitest/QFIN/DISBURSE
[2021-12-15 11:21:25,505] - [INFO] - 请求报文：{'channelCustId': '', 'loanReqNo': '202112151121236682327', 'idNo': '410403199001084735', 'insuranceNo': '202112151121236682327', 'phone': '16612157811', 'loanAmount': 6000, 'productId': '7015', 'name': '汤友祥', 'spelling': 'CHENPI', 'sex': '01', 'nationality': '中国', 'nation': '汉族', 'birthday': '1991/01/08', 'idType': '00', 'idAddress': '上海市浦东新区龙阳路幸福村520号', 'idStartDate': '2015/10/08', 'idEndDate': '2025/10/08', 'idOffice': '杭州市公安局江干区分局', 'marriage': '03', 'education': '06', 'children': '00', 'supplyPeople': 0, 'house': '00', 'addProvince': '', 'addCity': '', 'addDistrict': '', 'addDetail': '', 'industry': 'C', 'profession': '18', 'workplaceName': '大地保险公司', 'workTel': '13196853698', 'workProvince': '', 'workCity': '', 'workDistrict': '', 'workDetailAdd': '学院路100号小杨制造厂', 'workAge': 10, 'income': '02', 'school': '清华大学', 'email': '1264311721@hrtx.com', 'contacts': [{'relation': '00', 'name': '哈利路亚', 'phoneNo': '18968523600'}], 'bankCard': '6214661215112123', 'bankName': '中国农业银行', 'bankPhone': '16612157811', 'applyProvince': '', 'applyCity': '', 'applyDistrict': '', 'periods': '6', 'purpose': '07', 'direction': '', 'payType': '01', 'payMerchantNo': '', 'authFlag': '01', 'deviceDetail': {'deviceId': '', 'mac': 'NONE', 'longitude': '23.232653', 'latitude': '88.369689', 'gpsCity': '', 'ip': '192.3.46.57', 'ipCity': '', 'oS': ''}, 'docDate': '', 'channelDetail': {'capitalCode': 'FBBANK', 'custGrde': 18, 'payType': '03', 'applyEntry': '03', 'creditDuration': '2020/03/02', 'faceRecoType': '01', 'faceRecoScore': 66, 'currLimit': 20000.0, 'currRemainLimit': 20000.0, 'firstLoanFlag': 'N', 'settleLoanNum': 1, 'unsettleLoanLimit': 1, 'unsettleLoanNum': 1.66, 'longestOverPeriod': 1, 'applyLevel360': 100, 'actionLevel360': 100, 'realFaceCheckResult': '1', 'citizenshipCheckResult': '1', 'bankCheckResult': '1', 'telcoCheckResult': '1'}, 'custGrde': 18}
[2021-12-15 11:21:26,648] - [INFO] - 响应报文：{'result': True, 'code': 200, 'msg': 'SUCCESS!', 'data': {'channelCustId': '', 'errorCode': '', 'errorMsg': '', 'loanApplyNo': '202112150000000001', 'loanReqNo': '202112151121236682327', 'status': '01'}}
[2021-12-15 11:21:26,649] - [INFO] - 放款受理成功，处理中！
[2021-12-15 11:21:26,650] - [INFO] - 
                        姓名：汤友祥
                        身份证号：410403199001084735
                        手机号：16612157811
                        借款金额:6000
                        借款期次:6
                        loanReqNo:202112151121236682327
                    
[2021-12-15 14:15:31,839] - [INFO] - 投保信息接口
[2021-12-15 14:15:31,839] - [INFO] - http://10.1.14.106:27405/channel/apitest/QFIN/INSURE_INFO
[2021-12-15 14:15:31,840] - [INFO] - 请求报文：{'channelCustId': '', 'name': '尚歌冠', 'insuranceNo': '202112151415316620721', 'idNo': '342529199508053420', 'idAddress': '上海市浦东新区龙阳路幸福村520号', 'phone': '16612155874', 'amount': 6000, 'periods': '6', 'purpose': '07', 'capitalCode': 'FBBANK', 'custGrde': 18, 'email': '1264311721@hrtx.com', 'contactPhone': '18968523600', 'callbackUrl': 'https://www.baidu.com'}
[2021-12-15 14:15:32,127] - [INFO] - 响应报文：{'result': True, 'code': 200, 'msg': 'SUCCESS!', 'data': {'channelCustId': '', 'errorCode': '', 'errorMsg': '', 'insurUrl': 'https://test.95590.cn/openui_st/h5/?navStyle=hideLight#/application?env=sit&loanReqNo=202112151415316620721&lp=20211215141531611000031044', 'insuranceNo': '202112151415316620721', 'status': '01'}}
[2021-12-15 14:15:32,127] - [INFO] - 投保信息接口成功！
[2021-12-15 14:15:32,128] - [INFO] - 投保资料查询接口
[2021-12-15 14:15:32,128] - [INFO] - http://10.1.14.106:27405/channel/apitest/QFIN/INSURE_DATA_QUERY
[2021-12-15 14:15:32,128] - [INFO] - 请求报文：{'loanReqNo': '202112151415316620721', 'token': '20211215141531611000031044'}
[2021-12-15 14:15:32,218] - [INFO] - 响应报文：{'result': True, 'code': 200, 'msg': 'SUCCESS!', 'data': {'discountRate': 0, 'insurantName': '富邦华一银行', 'purpose': '07', 'premiumRate': 0.303, 'loanReqNo': '202112151415316620721', 'premiumExcTax': 17.55, 'idNo': '342529199508053420', 'phoneNo': '18968523600', 'insurantAdd': '上海市静安区高平路478号', 'claimPeriod': '50', 'periods': 6, 'taxFee': 1.05, 'email': '1264311721@hrtx.com', 'monthlyFee': 18.6, 'addProvince': '', 'amount': 6000.0, 'address': '上海市浦东新区龙阳路幸福村520号', 'irr': '18.00', 'addDistrict': '', 'addCity': '', 'annualIntRate': 6.2, 'addDetail': '上海市浦东新区龙阳路幸福村520号', 'phone': '16612155874', 'insAmount': 6139.2, 'name': '尚歌冠', 'postCode': '200436'}}
[2021-12-15 14:15:32,218] - [INFO] - 投保资料查询成功！
[2021-12-15 14:15:32,218] - [INFO] - 投保接口
[2021-12-15 14:15:32,219] - [INFO] - http://10.1.14.106:27405/channel/apitest/QFIN/INSURE
[2021-12-15 14:15:32,219] - [INFO] - 请求报文：{'agentNo': 'TianCheng', 'agentName': '甜橙保代', 'loanReqNo': '202112151415316620721', 'insReqNo': '202112151415316620721', 'name': '尚歌冠', 'idNo': '342529199508053420', 'phone': '16612155874', 'amount': 6000, 'periods': '6', 'purpose': '07', 'premiumRate': 1.66, 'insurantName': '韦艺翠', 'insurantAdd': '上海市浦东新区龙阳路幸福村520号', 'postCode': '110016', 'productId': '7015', 'loanAmount': 6000}
[2021-12-15 14:15:32,419] - [INFO] - 响应报文：{'result': True, 'code': 200, 'msg': 'SUCCESS!', 'data': {'insReqNo': '7800010544775285', 'errorCode': '', 'loanReqNo': '', 'errorMsg': '', 'status': '01'}}
[2021-12-15 14:15:32,420] - [INFO] - 已受理，处理中！
[2021-12-15 14:15:32,420] - [INFO] - 支用接口
[2021-12-15 14:15:32,421] - [INFO] - http://10.1.14.106:27405/channel/apitest/QFIN/DISBURSE
[2021-12-15 14:15:32,421] - [INFO] - 请求报文：{'channelCustId': '', 'loanReqNo': '202112151415316620721', 'idNo': '342529199508053420', 'insuranceNo': '202112151415316620721', 'phone': '16612155874', 'loanAmount': 6000, 'productId': '7015', 'name': '尚歌冠', 'spelling': 'CHENPI', 'sex': '01', 'nationality': '中国', 'nation': '汉族', 'birthday': '1991/01/08', 'idType': '00', 'idAddress': '上海市浦东新区龙阳路幸福村520号', 'idStartDate': '2015/10/08', 'idEndDate': '2025/10/08', 'idOffice': '杭州市公安局江干区分局', 'marriage': '03', 'education': '06', 'children': '00', 'supplyPeople': 0, 'house': '00', 'addProvince': '', 'addCity': '', 'addDistrict': '', 'addDetail': '', 'industry': 'C', 'profession': '18', 'workplaceName': '大地保险公司', 'workTel': '13196853698', 'workProvince': '', 'workCity': '', 'workDistrict': '', 'workDetailAdd': '学院路100号小杨制造厂', 'workAge': 10, 'income': '02', 'school': '清华大学', 'email': '1264311721@hrtx.com', 'contacts': [{'relation': '00', 'name': '哈利路亚', 'phoneNo': '18968523600'}], 'bankCard': '6214661215141531', 'bankName': '中国农业银行', 'bankPhone': '16612155874', 'applyProvince': '', 'applyCity': '', 'applyDistrict': '', 'periods': '6', 'purpose': '07', 'direction': '', 'payType': '01', 'payMerchantNo': '', 'authFlag': '01', 'deviceDetail': {'deviceId': '', 'mac': 'NONE', 'longitude': '23.232653', 'latitude': '88.369689', 'gpsCity': '', 'ip': '192.3.46.57', 'ipCity': '', 'oS': ''}, 'docDate': '', 'channelDetail': {'capitalCode': 'FBBANK', 'custGrde': 18, 'payType': '03', 'applyEntry': '03', 'creditDuration': '2020/03/02', 'faceRecoType': '01', 'faceRecoScore': 66, 'currLimit': 20000.0, 'currRemainLimit': 20000.0, 'firstLoanFlag': 'N', 'settleLoanNum': 1, 'unsettleLoanLimit': 1, 'unsettleLoanNum': 1.66, 'longestOverPeriod': 1, 'applyLevel360': 100, 'actionLevel360': 100, 'realFaceCheckResult': '1', 'citizenshipCheckResult': '1', 'bankCheckResult': '1', 'telcoCheckResult': '1'}, 'custGrde': 18}
[2021-12-15 14:15:32,833] - [INFO] - 响应报文：{'result': True, 'code': 200, 'msg': 'SUCCESS!', 'data': {'channelCustId': '', 'errorCode': '', 'errorMsg': '', 'loanApplyNo': '202112150000000006', 'loanReqNo': '202112151415316620721', 'status': '01'}}
[2021-12-15 14:15:32,834] - [INFO] - 放款受理成功，处理中！
[2021-12-15 14:15:32,835] - [INFO] - 
                        姓名：尚歌冠
                        身份证号：342529199508053420
                        手机号：16612155874
                        借款金额:6000
                        借款期次:6
                        loanReqNo:202112151415316620721
                    
[2021-12-15 14:42:03,022] - [INFO] - 授信申请
[2021-12-15 14:42:03,022] - [INFO] - [http://10.1.14.117:27405/channel/apitest/TCJQ/CREDIT_GRANTING]
[2021-12-15 14:42:03,023] - [INFO] - 请求报文：{'channelCustId': '202112151442036675481', 'creditReqNo': '20211215144203886407', 'name': '滑忠莲', 'spelling': 'ZHANGTIAN', 'sex': '01', 'nationality': '中国', 'nation': '汉族', 'birthday': '1985/06/02', 'idType': '00', 'idNo': '360732199109254760', 'idStartDate': '2016/01/18', 'idEndDate': '2036/01/18', 'idOffice': '北京市东城区', 'marriage': '01', 'children': '00', 'supplyPeople': 3, 'house': '00', 'addProvince': '110000', 'addCity': '110000', 'addDistrict': '110101', 'addDetail': '东大街东大院', 'industry': 'C', 'profession': '11', 'workplaceName': 'AAA单位', 'workTel': '13162314539', 'workProvince': '110000', 'workCity': '110000', 'workDistrict': '110101', 'workDetailAdd': '西大街西大院', 'workAge': 8, 'income': '03', 'education': '06', 'school': '北京大学', 'phone': '16612151384', 'email': 'email163@qq.com', 'contacts': [{'relation': '00', 'name': '张三', 'phoneNo': '15638530000'}, {'relation': '01', 'name': '李四', 'phoneNo': '15638539999'}], 'bankCard': '6214661215144203', 'bankName': '建设银行', 'bankPhone': '16612151384', 'applyProvince': '110000', 'applyCity': '110000', 'applyDistrict': '110101', 'loanAmount': 5000, 'periods': '3', 'purpose': '01', 'direction': '01', 'payType': '00', 'payMerchantNo': '26666', 'authFlag': '01', 'deviceDetail': {'deviceId': '10-45-5-486', 'mac': '3a:b6:c6:5d:2e:f9', 'longitude': '121.551738', 'latitude': '31.224634', 'gpsCity': '上海市', 'ip': '106.14.135.199', 'ipCity': '上海', 'os': 'android', 'docDate': '2019/09/12'}, 'channelDetail': {'citizenshipCheckResult': '1', 'bankCheckResult': '1', 'telcoCheckResult': '1', 'consumeTimes': '1', 'creditTimes': '1', 'consumeScene': '1', 'frontId': '11', 'reverseId': '11', 'faceId': '11', 'woolFlag': '1', 'phoneFlag': '1', 'phoneTelco': '1', 'compScore': '650', 'repayAbilityScore': '650', 'comsAmount': '1', 'finAmount': '1', 'redPacket': '1', 'phoneAreaName': '上海市', 'modelScore': '650', 'whiteListFlag': '0', 'sugAmount': '3000.00', 'sugBasis': '2', 'loanGrade': 'A', 'registerTime': '1', 'realNameFlag': '1', 'realNameGrade': '1', 'transFlag': '1', 'custType': '', 'currLimit': 5000, 'currRemainLimit': 2000, 'currLimitOrg': 'DD', 'currLimitStartDate': '2021/05/31', 'currLimitEndDate': '2021/07/31', 'currTotalPrice': 28.11, 'firstLoanFlag': '1', 'unsettleLoanLimit': 1, 'settleLoanLimit': 1, 'lastLoanDate': '2021/04/21', 'loanAmount': 3000}, 'custType': '0'}
[2021-12-15 14:42:04,342] - [INFO] - 响应报文：{'result': True, 'code': 200, 'msg': 'SUCCESS!', 'data': {'code': '0000', 'productId': '7014', 'body': {'channelCustId': '202112151442036675481', 'creditReqNo': '20211215144203886407', 'creditApplyNo': '202112150000000002', 'status': '01'}, 'message': '成功', 'channelId': 'ORANGE'}}
[2021-12-15 14:42:04,344] - [INFO] - 授信接口调用成功！
[2021-12-15 14:42:04,344] - [INFO] - 授信受理成功，处理中！
[2021-12-15 14:42:04,345] - [INFO] - 授信结果查询
[2021-12-15 14:42:04,345] - [INFO] - ['http://10.1.14.117:27405/channel/apitest/TCJQ/CREDIT_INQUIRY']
[2021-12-15 14:42:04,345] - [INFO] - 请求报文：{'channelCustId': '202112151442036675481', 'creditReqNo': '20211215144203886407', 'creditApplyNo': '202112150000000002'}
[2021-12-15 14:42:04,480] - [INFO] - 响应报文：{'result': True, 'code': 200, 'msg': 'SUCCESS!', 'data': {'code': '0000', 'productId': '7014', 'body': {'channelCustId': '202112151442036675481', 'creditReqNo': '20211215144203886407', 'creditApplyNo': '202112150000000002', 'status': '00'}, 'message': '成功', 'channelId': 'ORANGE'}}
[2021-12-15 14:42:04,481] - [INFO] - 授信查询接口调用成功！
[2021-12-15 14:42:04,482] - [INFO] - 授信中！
[2021-12-15 14:42:36,778] - [INFO] - 授信申请
[2021-12-15 14:42:36,779] - [INFO] - [http://10.1.14.106:27405/channel/apitest/TCJQ/CREDIT_GRANTING]
[2021-12-15 14:42:36,779] - [INFO] - 请求报文：{'channelCustId': '20211215144236667660', 'creditReqNo': '20211215144236883682', 'name': '苏信瑶', 'spelling': 'ZHANGTIAN', 'sex': '01', 'nationality': '中国', 'nation': '汉族', 'birthday': '1985/06/02', 'idType': '00', 'idNo': '500233199303292598', 'idStartDate': '2016/01/18', 'idEndDate': '2036/01/18', 'idOffice': '北京市东城区', 'marriage': '01', 'children': '00', 'supplyPeople': 3, 'house': '00', 'addProvince': '110000', 'addCity': '110000', 'addDistrict': '110101', 'addDetail': '东大街东大院', 'industry': 'C', 'profession': '11', 'workplaceName': 'AAA单位', 'workTel': '13162314539', 'workProvince': '110000', 'workCity': '110000', 'workDistrict': '110101', 'workDetailAdd': '西大街西大院', 'workAge': 8, 'income': '03', 'education': '06', 'school': '北京大学', 'phone': '16612153691', 'email': 'email163@qq.com', 'contacts': [{'relation': '00', 'name': '张三', 'phoneNo': '15638530000'}, {'relation': '01', 'name': '李四', 'phoneNo': '15638539999'}], 'bankCard': '6214661215144236', 'bankName': '建设银行', 'bankPhone': '16612153691', 'applyProvince': '110000', 'applyCity': '110000', 'applyDistrict': '110101', 'loanAmount': 5000, 'periods': '3', 'purpose': '01', 'direction': '01', 'payType': '00', 'payMerchantNo': '26666', 'authFlag': '01', 'deviceDetail': {'deviceId': '10-45-5-486', 'mac': '3a:b6:c6:5d:2e:f9', 'longitude': '121.551738', 'latitude': '31.224634', 'gpsCity': '上海市', 'ip': '106.14.135.199', 'ipCity': '上海', 'os': 'android', 'docDate': '2019/09/12'}, 'channelDetail': {'citizenshipCheckResult': '1', 'bankCheckResult': '1', 'telcoCheckResult': '1', 'consumeTimes': '1', 'creditTimes': '1', 'consumeScene': '1', 'frontId': '11', 'reverseId': '11', 'faceId': '11', 'woolFlag': '1', 'phoneFlag': '1', 'phoneTelco': '1', 'compScore': '650', 'repayAbilityScore': '650', 'comsAmount': '1', 'finAmount': '1', 'redPacket': '1', 'phoneAreaName': '上海市', 'modelScore': '650', 'whiteListFlag': '0', 'sugAmount': '3000.00', 'sugBasis': '2', 'loanGrade': 'A', 'registerTime': '1', 'realNameFlag': '1', 'realNameGrade': '1', 'transFlag': '1', 'custType': '', 'currLimit': 5000, 'currRemainLimit': 2000, 'currLimitOrg': 'DD', 'currLimitStartDate': '2021/05/31', 'currLimitEndDate': '2021/07/31', 'currTotalPrice': 28.11, 'firstLoanFlag': '1', 'unsettleLoanLimit': 1, 'settleLoanLimit': 1, 'lastLoanDate': '2021/04/21', 'loanAmount': 3000}, 'custType': '0'}
[2021-12-15 14:42:37,315] - [INFO] - 响应报文：{'result': True, 'code': 200, 'msg': 'SUCCESS!', 'data': {'code': '0000', 'productId': '7014', 'body': {'channelCustId': '20211215144236667660', 'creditReqNo': '20211215144236883682', 'creditApplyNo': '202112150000000007', 'status': '01'}, 'message': '成功', 'channelId': 'ORANGE'}}
[2021-12-15 14:42:37,315] - [INFO] - 授信接口调用成功！
[2021-12-15 14:42:37,316] - [INFO] - 授信受理成功，处理中！
[2021-12-15 14:42:37,316] - [INFO] - 授信结果查询
[2021-12-15 14:42:37,317] - [INFO] - ['http://10.1.14.106:27405/channel/apitest/TCJQ/CREDIT_INQUIRY']
[2021-12-15 14:42:37,317] - [INFO] - 请求报文：{'channelCustId': '20211215144236667660', 'creditReqNo': '20211215144236883682', 'creditApplyNo': '202112150000000007'}
[2021-12-15 14:42:37,383] - [INFO] - 响应报文：{'result': True, 'code': 200, 'msg': 'SUCCESS!', 'data': {'code': '0000', 'productId': '7014', 'body': {'channelCustId': '20211215144236667660', 'creditReqNo': '20211215144236883682', 'creditApplyNo': '202112150000000007', 'status': '00'}, 'message': '成功', 'channelId': 'ORANGE'}}
[2021-12-15 14:42:37,384] - [INFO] - 授信查询接口调用成功！
[2021-12-15 14:42:37,384] - [INFO] - 授信中！
[2021-12-15 14:55:10,285] - [INFO] - 投保信息接口
[2021-12-15 14:55:10,287] - [INFO] - http://10.1.14.106:27405/channel/apitest/QFIN/INSURE_INFO
[2021-12-15 14:55:10,287] - [INFO] - 请求报文：{'channelCustId': '', 'name': '裴智秀', 'insuranceNo': '202112151455106651955', 'idNo': '370300199010111638', 'idAddress': '上海市浦东新区龙阳路幸福村520号', 'phone': '16612152016', 'amount': 6000, 'periods': '6', 'purpose': '07', 'capitalCode': 'FBBANK', 'custGrde': 18, 'email': '1264311721@hrtx.com', 'contactPhone': '18968523600', 'callbackUrl': 'https://www.baidu.com'}
[2021-12-15 14:55:10,480] - [INFO] - 响应报文：{'result': True, 'code': 200, 'msg': 'SUCCESS!', 'data': {'channelCustId': '', 'errorCode': '', 'errorMsg': '', 'insurUrl': 'https://test.95590.cn/openui_st/h5/?navStyle=hideLight#/application?env=sit&loanReqNo=202112151455106651955&lp=20211215145509956000031045', 'insuranceNo': '202112151455106651955', 'status': '01'}}
[2021-12-15 14:55:10,481] - [INFO] - 投保信息接口成功！
[2021-12-15 14:55:10,481] - [INFO] - 投保资料查询接口
[2021-12-15 14:55:10,482] - [INFO] - http://10.1.14.106:27405/channel/apitest/QFIN/INSURE_DATA_QUERY
[2021-12-15 14:55:10,482] - [INFO] - 请求报文：{'loanReqNo': '202112151455106651955', 'token': '20211215145509956000031045'}
[2021-12-15 14:55:10,561] - [INFO] - 响应报文：{'result': True, 'code': 200, 'msg': 'SUCCESS!', 'data': {'discountRate': 0, 'insurantName': '富邦华一银行', 'purpose': '07', 'premiumRate': 0.303, 'loanReqNo': '202112151455106651955', 'premiumExcTax': 17.55, 'idNo': '370300199010111638', 'phoneNo': '18968523600', 'insurantAdd': '上海市静安区高平路478号', 'claimPeriod': '50', 'periods': 6, 'taxFee': 1.05, 'email': '1264311721@hrtx.com', 'monthlyFee': 18.6, 'addProvince': '', 'amount': 6000.0, 'address': '上海市浦东新区龙阳路幸福村520号', 'irr': '18.00', 'addDistrict': '', 'addCity': '', 'annualIntRate': 6.2, 'addDetail': '上海市浦东新区龙阳路幸福村520号', 'phone': '16612152016', 'insAmount': 6139.2, 'name': '裴智秀', 'postCode': '200436'}}
[2021-12-15 14:55:10,562] - [INFO] - 投保资料查询成功！
[2021-12-15 14:55:10,562] - [INFO] - 投保接口
[2021-12-15 14:55:10,563] - [INFO] - http://10.1.14.106:27405/channel/apitest/QFIN/INSURE
[2021-12-15 14:55:10,563] - [INFO] - 请求报文：{'agentNo': 'TianCheng', 'agentName': '甜橙保代', 'loanReqNo': '202112151455106651955', 'insReqNo': '202112151455106651955', 'name': '裴智秀', 'idNo': '370300199010111638', 'phone': '16612152016', 'amount': 6000, 'periods': '6', 'purpose': '07', 'premiumRate': 1.66, 'insurantName': '韦艺翠', 'insurantAdd': '上海市浦东新区龙阳路幸福村520号', 'postCode': '110016', 'productId': '7015', 'loanAmount': 6000}
[2021-12-15 14:55:10,636] - [INFO] - 响应报文：{'result': True, 'code': 200, 'msg': 'SUCCESS!', 'data': {'insReqNo': '7883826533528670', 'errorCode': '', 'loanReqNo': '', 'errorMsg': '', 'status': '01'}}
[2021-12-15 14:55:10,637] - [INFO] - 已受理，处理中！
[2021-12-15 14:55:10,638] - [INFO] - 支用接口
[2021-12-15 14:55:10,638] - [INFO] - http://10.1.14.106:27405/channel/apitest/QFIN/DISBURSE
[2021-12-15 14:55:10,639] - [INFO] - 请求报文：{'channelCustId': '', 'loanReqNo': '202112151455106651955', 'idNo': '370300199010111638', 'insuranceNo': '202112151455106651955', 'phone': '16612152016', 'loanAmount': 6000, 'productId': '7015', 'name': '裴智秀', 'spelling': 'CHENPI', 'sex': '01', 'nationality': '中国', 'nation': '汉族', 'birthday': '1991/01/08', 'idType': '00', 'idAddress': '上海市浦东新区龙阳路幸福村520号', 'idStartDate': '2015/10/08', 'idEndDate': '2025/10/08', 'idOffice': '杭州市公安局江干区分局', 'marriage': '03', 'education': '06', 'children': '00', 'supplyPeople': 0, 'house': '00', 'addProvince': '', 'addCity': '', 'addDistrict': '', 'addDetail': '', 'industry': 'C', 'profession': '18', 'workplaceName': '大地保险公司', 'workTel': '13196853698', 'workProvince': '', 'workCity': '', 'workDistrict': '', 'workDetailAdd': '学院路100号小杨制造厂', 'workAge': 10, 'income': '02', 'school': '清华大学', 'email': '1264311721@hrtx.com', 'contacts': [{'relation': '00', 'name': '哈利路亚', 'phoneNo': '18968523600'}], 'bankCard': '6214661215145510', 'bankName': '中国农业银行', 'bankPhone': '16612152016', 'applyProvince': '', 'applyCity': '', 'applyDistrict': '', 'periods': '6', 'purpose': '07', 'direction': '', 'payType': '01', 'payMerchantNo': '', 'authFlag': '01', 'deviceDetail': {'deviceId': '', 'mac': 'NONE', 'longitude': '23.232653', 'latitude': '88.369689', 'gpsCity': '', 'ip': '192.3.46.57', 'ipCity': '', 'oS': ''}, 'docDate': '', 'channelDetail': {'capitalCode': 'FBBANK', 'custGrde': 18, 'payType': '03', 'applyEntry': '03', 'creditDuration': '2020/03/02', 'faceRecoType': '01', 'faceRecoScore': 66, 'currLimit': 20000.0, 'currRemainLimit': 20000.0, 'firstLoanFlag': 'N', 'settleLoanNum': 1, 'unsettleLoanLimit': 1, 'unsettleLoanNum': 1.66, 'longestOverPeriod': 1, 'applyLevel360': 100, 'actionLevel360': 100, 'realFaceCheckResult': '1', 'citizenshipCheckResult': '1', 'bankCheckResult': '1', 'telcoCheckResult': '1'}, 'custGrde': 18}
[2021-12-15 14:55:10,795] - [INFO] - 响应报文：{'result': True, 'code': 200, 'msg': 'SUCCESS!', 'data': {'channelCustId': '', 'errorCode': '', 'errorMsg': '', 'loanApplyNo': '202112150000000008', 'loanReqNo': '202112151455106651955', 'status': '01'}}
[2021-12-15 14:55:10,796] - [INFO] - 放款受理成功，处理中！
[2021-12-15 14:55:10,796] - [INFO] - 
                        姓名：裴智秀
                        身份证号：370300199010111638
                        手机号：16612152016
                        借款金额:6000
                        借款期次:6
                        loanReqNo:202112151455106651955
                    
[2021-12-15 15:48:21,401] - [INFO] - 投保信息接口
[2021-12-15 15:48:21,402] - [INFO] - http://10.1.14.106:27405/channel/apitest/QFIN/INSURE_INFO
[2021-12-15 15:48:21,403] - [INFO] - 请求报文：{'channelCustId': '', 'name': '封友竹', 'insuranceNo': '202112151548216637083', 'idNo': '610428199701111778', 'idAddress': '上海市浦东新区龙阳路幸福村520号', 'phone': '16612152775', 'amount': 6000, 'periods': '6', 'purpose': '07', 'capitalCode': 'FBBANK', 'custGrde': 18, 'email': '1264311721@hrtx.com', 'contactPhone': '18968523600', 'callbackUrl': 'https://www.baidu.com'}
[2021-12-15 15:48:21,592] - [INFO] - 响应报文：{'result': True, 'code': 200, 'msg': 'SUCCESS!', 'data': {'channelCustId': '', 'errorCode': '', 'errorMsg': '', 'insurUrl': 'https://test.95590.cn/openui_st/h5/?navStyle=hideLight#/application?env=sit&loanReqNo=202112151548216637083&lp=20211215154821052000031046', 'insuranceNo': '202112151548216637083', 'status': '01'}}
[2021-12-15 15:48:21,592] - [INFO] - 投保信息接口成功！
[2021-12-15 15:48:21,592] - [INFO] - 投保资料查询接口
[2021-12-15 15:48:21,593] - [INFO] - http://10.1.14.106:27405/channel/apitest/QFIN/INSURE_DATA_QUERY
[2021-12-15 15:48:21,593] - [INFO] - 请求报文：{'loanReqNo': '202112151548216637083', 'token': '20211215154821052000031046'}
[2021-12-15 15:48:21,701] - [INFO] - 响应报文：{'result': True, 'code': 200, 'msg': 'SUCCESS!', 'data': {'discountRate': 0, 'insurantName': '富邦华一银行', 'purpose': '07', 'premiumRate': 0.303, 'loanReqNo': '202112151548216637083', 'premiumExcTax': 17.55, 'idNo': '610428199701111778', 'phoneNo': '18968523600', 'insurantAdd': '上海市静安区高平路478号', 'claimPeriod': '50', 'periods': 6, 'taxFee': 1.05, 'email': '1264311721@hrtx.com', 'monthlyFee': 18.6, 'addProvince': '', 'amount': 6000.0, 'address': '上海市浦东新区龙阳路幸福村520号', 'irr': '18.00', 'addDistrict': '', 'addCity': '', 'annualIntRate': 6.2, 'addDetail': '上海市浦东新区龙阳路幸福村520号', 'phone': '16612152775', 'insAmount': 6139.2, 'name': '封友竹', 'postCode': '200436'}}
[2021-12-15 15:48:21,702] - [INFO] - 投保资料查询成功！
[2021-12-15 15:48:21,702] - [INFO] - 投保接口
[2021-12-15 15:48:21,702] - [INFO] - http://10.1.14.106:27405/channel/apitest/QFIN/INSURE
[2021-12-15 15:48:21,703] - [INFO] - 请求报文：{'agentNo': 'TianCheng', 'agentName': '甜橙保代', 'loanReqNo': '202112151548216637083', 'insReqNo': '202112151548216637083', 'name': '封友竹', 'idNo': '610428199701111778', 'phone': '16612152775', 'amount': 6000, 'periods': '6', 'purpose': '07', 'premiumRate': 1.66, 'insurantName': '韦艺翠', 'insurantAdd': '上海市浦东新区龙阳路幸福村520号', 'postCode': '110016', 'productId': '7015', 'loanAmount': 6000}
[2021-12-15 15:48:21,775] - [INFO] - 响应报文：{'result': True, 'code': 200, 'msg': 'SUCCESS!', 'data': {'insReqNo': '4813370202803507', 'errorCode': '', 'loanReqNo': '', 'errorMsg': '', 'status': '01'}}
[2021-12-15 15:48:21,776] - [INFO] - 已受理，处理中！
[2021-12-15 15:48:21,776] - [INFO] - 支用接口
[2021-12-15 15:48:21,776] - [INFO] - http://10.1.14.106:27405/channel/apitest/QFIN/DISBURSE
[2021-12-15 15:48:21,777] - [INFO] - 请求报文：{'channelCustId': '', 'loanReqNo': '202112151548216637083', 'idNo': '610428199701111778', 'insuranceNo': '202112151548216637083', 'phone': '16612152775', 'loanAmount': 6000, 'productId': '7015', 'name': '封友竹', 'spelling': 'CHENPI', 'sex': '01', 'nationality': '中国', 'nation': '汉族', 'birthday': '1991/01/08', 'idType': '00', 'idAddress': '上海市浦东新区龙阳路幸福村520号', 'idStartDate': '2015/10/08', 'idEndDate': '2025/10/08', 'idOffice': '杭州市公安局江干区分局', 'marriage': '03', 'education': '06', 'children': '00', 'supplyPeople': 0, 'house': '00', 'addProvince': '', 'addCity': '', 'addDistrict': '', 'addDetail': '', 'industry': 'C', 'profession': '18', 'workplaceName': '大地保险公司', 'workTel': '13196853698', 'workProvince': '', 'workCity': '', 'workDistrict': '', 'workDetailAdd': '学院路100号小杨制造厂', 'workAge': 10, 'income': '02', 'school': '清华大学', 'email': '1264311721@hrtx.com', 'contacts': [{'relation': '00', 'name': '哈利路亚', 'phoneNo': '18968523600'}], 'bankCard': '6214661215154821', 'bankName': '中国农业银行', 'bankPhone': '16612152775', 'applyProvince': '', 'applyCity': '', 'applyDistrict': '', 'periods': '6', 'purpose': '07', 'direction': '', 'payType': '01', 'payMerchantNo': '', 'authFlag': '01', 'deviceDetail': {'deviceId': '', 'mac': 'NONE', 'longitude': '23.232653', 'latitude': '88.369689', 'gpsCity': '', 'ip': '192.3.46.57', 'ipCity': '', 'oS': ''}, 'docDate': '', 'channelDetail': {'capitalCode': 'FBBANK', 'custGrde': 18, 'payType': '03', 'applyEntry': '03', 'creditDuration': '2020/03/02', 'faceRecoType': '01', 'faceRecoScore': 66, 'currLimit': 20000.0, 'currRemainLimit': 20000.0, 'firstLoanFlag': 'N', 'settleLoanNum': 1, 'unsettleLoanLimit': 1, 'unsettleLoanNum': 1.66, 'longestOverPeriod': 1, 'applyLevel360': 100, 'actionLevel360': 100, 'realFaceCheckResult': '1', 'citizenshipCheckResult': '1', 'bankCheckResult': '1', 'telcoCheckResult': '1'}, 'custGrde': 18}
[2021-12-15 15:48:22,150] - [INFO] - 响应报文：{'result': True, 'code': 200, 'msg': 'SUCCESS!', 'data': {'channelCustId': '', 'errorCode': '', 'errorMsg': '', 'loanApplyNo': '202112150000000009', 'loanReqNo': '202112151548216637083', 'status': '01'}}
[2021-12-15 15:48:22,151] - [INFO] - 放款受理成功，处理中！
[2021-12-15 15:48:22,152] - [INFO] - 
                        姓名：封友竹
                        身份证号：610428199701111778
                        手机号：16612152775
                        借款金额:6000
                        借款期次:6
                        loanReqNo:202112151548216637083
                    
[2021-12-15 17:08:55,440] - [INFO] - 投保信息接口
[2021-12-15 17:08:55,442] - [INFO] - http://10.1.14.106:27405/channel/apitest/QFIN/INSURE_INFO
[2021-12-15 17:08:55,442] - [INFO] - 请求报文：{'channelCustId': '', 'name': '黎玉海', 'insuranceNo': '202112151708556636850', 'idNo': '150121199301055496', 'idAddress': '上海市浦东新区龙阳路幸福村520号', 'phone': '16612157265', 'amount': 6000, 'periods': '6', 'purpose': '07', 'capitalCode': 'FBBANK', 'custGrde': 18, 'email': '1264311721@hrtx.com', 'contactPhone': '18968523600', 'callbackUrl': 'https://www.baidu.com'}
[2021-12-15 17:08:55,550] - [INFO] - 响应报文：{'result': True, 'code': 200, 'msg': 'SUCCESS!', 'data': {'channelCustId': '', 'errorCode': '', 'errorMsg': '', 'insurUrl': 'https://test.95590.cn/openui_st/h5/?navStyle=hideLight#/application?env=sit&loanReqNo=202112151708556636850&lp=20211215170855015000031050', 'insuranceNo': '202112151708556636850', 'status': '01'}}
[2021-12-15 17:08:55,551] - [INFO] - 投保信息接口成功！
[2021-12-15 17:08:55,551] - [INFO] - 投保资料查询接口
[2021-12-15 17:08:55,551] - [INFO] - http://10.1.14.106:27405/channel/apitest/QFIN/INSURE_DATA_QUERY
[2021-12-15 17:08:55,551] - [INFO] - 请求报文：{'loanReqNo': '202112151708556636850', 'token': '20211215170855015000031050'}
[2021-12-15 17:08:55,622] - [INFO] - 响应报文：{'result': True, 'code': 200, 'msg': 'SUCCESS!', 'data': {'discountRate': 0, 'insurantName': '富邦华一银行', 'purpose': '07', 'premiumRate': 0.303, 'loanReqNo': '202112151708556636850', 'premiumExcTax': 17.55, 'idNo': '150121199301055496', 'phoneNo': '18968523600', 'insurantAdd': '上海市静安区高平路478号', 'claimPeriod': '50', 'periods': 6, 'taxFee': 1.05, 'email': '1264311721@hrtx.com', 'monthlyFee': 18.6, 'addProvince': '', 'amount': 6000.0, 'address': '上海市浦东新区龙阳路幸福村520号', 'irr': '18.00', 'addDistrict': '', 'addCity': '', 'annualIntRate': 6.2, 'addDetail': '上海市浦东新区龙阳路幸福村520号', 'phone': '16612157265', 'insAmount': 6139.2, 'name': '黎玉海', 'postCode': '200436'}}
[2021-12-15 17:08:55,622] - [INFO] - 投保资料查询成功！
[2021-12-15 17:08:55,622] - [INFO] - 投保接口
[2021-12-15 17:08:55,622] - [INFO] - http://10.1.14.106:27405/channel/apitest/QFIN/INSURE
[2021-12-15 17:08:55,623] - [INFO] - 请求报文：{'agentNo': 'TianCheng', 'agentName': '甜橙保代', 'loanReqNo': '202112151708556636850', 'insReqNo': '202112151708556636850', 'name': '黎玉海', 'idNo': '150121199301055496', 'phone': '16612157265', 'amount': 6000, 'periods': '6', 'purpose': '07', 'premiumRate': 1.66, 'insurantName': '韦艺翠', 'insurantAdd': '上海市浦东新区龙阳路幸福村520号', 'postCode': '110016', 'productId': '7015', 'loanAmount': 6000}
[2021-12-15 17:08:55,686] - [INFO] - 响应报文：{'result': True, 'code': 200, 'msg': 'SUCCESS!', 'data': {'insReqNo': '4484786467411871', 'errorCode': '', 'loanReqNo': '', 'errorMsg': '', 'status': '01'}}
[2021-12-15 17:08:55,686] - [INFO] - 已受理，处理中！
[2021-12-15 17:08:55,686] - [INFO] - 支用接口
[2021-12-15 17:08:55,687] - [INFO] - http://10.1.14.106:27405/channel/apitest/QFIN/DISBURSE
[2021-12-15 17:08:55,687] - [INFO] - 请求报文：{'channelCustId': '', 'loanReqNo': '202112151708556636850', 'idNo': '150121199301055496', 'insuranceNo': '202112151708556636850', 'phone': '16612157265', 'loanAmount': 6000, 'productId': '7015', 'name': '黎玉海', 'spelling': 'CHENPI', 'sex': '01', 'nationality': '中国', 'nation': '汉族', 'birthday': '1991/01/08', 'idType': '00', 'idAddress': '上海市浦东新区龙阳路幸福村520号', 'idStartDate': '2015/10/08', 'idEndDate': '2025/10/08', 'idOffice': '杭州市公安局江干区分局', 'marriage': '03', 'education': '06', 'children': '00', 'supplyPeople': 0, 'house': '00', 'addProvince': '', 'addCity': '', 'addDistrict': '', 'addDetail': '', 'industry': 'C', 'profession': '18', 'workplaceName': '大地保险公司', 'workTel': '13196853698', 'workProvince': '', 'workCity': '', 'workDistrict': '', 'workDetailAdd': '学院路100号小杨制造厂', 'workAge': 10, 'income': '02', 'school': '清华大学', 'email': '1264311721@hrtx.com', 'contacts': [{'relation': '00', 'name': '哈利路亚', 'phoneNo': '18968523600'}], 'bankCard': '6214661215170855', 'bankName': '中国农业银行', 'bankPhone': '16612157265', 'applyProvince': '', 'applyCity': '', 'applyDistrict': '', 'periods': '6', 'purpose': '07', 'direction': '', 'payType': '01', 'payMerchantNo': '', 'authFlag': '01', 'deviceDetail': {'deviceId': '', 'mac': 'NONE', 'longitude': '23.232653', 'latitude': '88.369689', 'gpsCity': '', 'ip': '192.3.46.57', 'ipCity': '', 'oS': ''}, 'docDate': '', 'channelDetail': {'capitalCode': 'FBBANK', 'custGrde': 18, 'payType': '03', 'applyEntry': '03', 'creditDuration': '2020/03/02', 'faceRecoType': '01', 'faceRecoScore': 66, 'currLimit': 20000.0, 'currRemainLimit': 20000.0, 'firstLoanFlag': 'N', 'settleLoanNum': 1, 'unsettleLoanLimit': 1, 'unsettleLoanNum': 1.66, 'longestOverPeriod': 1, 'applyLevel360': 100, 'actionLevel360': 100, 'realFaceCheckResult': '1', 'citizenshipCheckResult': '1', 'bankCheckResult': '1', 'telcoCheckResult': '1'}, 'custGrde': 18}
[2021-12-15 17:08:55,813] - [INFO] - 响应报文：{'result': True, 'code': 200, 'msg': 'SUCCESS!', 'data': {'channelCustId': '', 'errorCode': '', 'errorMsg': '', 'loanApplyNo': '202112150000000014', 'loanReqNo': '202112151708556636850', 'status': '01'}}
[2021-12-15 17:08:55,813] - [INFO] - 放款受理成功，处理中！
[2021-12-15 17:08:55,814] - [INFO] - 
                        姓名：黎玉海
                        身份证号：150121199301055496
                        手机号：16612157265
                        借款金额:6000
                        借款期次:6
                        loanReqNo:202112151708556636850
                    
