[2021-12-20 10:24:26,006] - [INFO] - 投保信息接口
[2021-12-20 10:24:26,006] - [INFO] - http://10.1.14.117:27405/channel/apitest/QFIN/INSURE_INFO
[2021-12-20 10:24:26,006] - [INFO] - 请求报文：{'channelCustId': '', 'name': '卢安', 'insuranceNo': '202112201024266699172', 'idNo': '513400199606285019', 'idAddress': '上海市浦东新区龙阳路幸福村520号', 'phone': '16612204978', 'amount': 6000, 'periods': '6', 'purpose': '07', 'capitalCode': 'FBBANK', 'custGrde': 18, 'email': '1264311721@hrtx.com', 'contactPhone': '18968523600', 'callbackUrl': 'https://www.baidu.com'}
[2021-12-20 10:24:26,236] - [INFO] - 响应报文：{'result': True, 'code': 200, 'msg': 'SUCCESS!', 'data': {'channelCustId': '', 'errorCode': '', 'errorMsg': '', 'insurUrl': 'https://test.95590.cn/openui_uat/h5/?navStyle=hideLight#/application?loanReqNo=202112201024266699172&lp=20211220102425795000016007', 'insuranceNo': '202112201024266699172', 'status': '01'}}
[2021-12-20 10:24:26,237] - [INFO] - 投保信息接口成功！
[2021-12-20 10:24:26,237] - [INFO] - 投保资料查询接口
[2021-12-20 10:24:26,238] - [INFO] - http://10.1.14.117:27405/channel/apitest/QFIN/INSURE_DATA_QUERY
[2021-12-20 10:24:26,238] - [INFO] - 请求报文：{'loanReqNo': '202112201024266699172', 'token': '20211220102425795000016007'}
[2021-12-20 10:24:26,334] - [INFO] - 响应报文：{'result': True, 'code': 200, 'msg': 'SUCCESS!', 'data': {'discountRate': 0, 'insurantName': '富邦华一银行有限公司', 'purpose': '07', 'premiumRate': 0.359, 'loanReqNo': '202112201024266699172', 'premiumExcTax': 20.94, 'idNo': '513400199606285019', 'phoneNo': '18968523600', 'insurantAdd': '中国(上海)自由贸易试验区世纪大道1168号A座101室、18楼、19楼及20楼', 'claimPeriod': '80', 'periods': 6, 'taxFee': 1.26, 'email': '1264311721@hrtx.com', 'monthlyFee': 22.2, 'addProvince': '', 'amount': 6000.0, 'address': '上海市浦东新区龙阳路幸福村520号', 'irr': '18.00', 'addDistrict': '', 'addCity': '', 'annualIntRate': 6.2, 'addDetail': '上海市浦东新区龙阳路幸福村520号', 'phone': '16612204978', 'insAmount': 6186.0, 'name': '卢安', 'postCode': '200122'}}
[2021-12-20 10:24:26,334] - [INFO] - 投保资料查询成功！
[2021-12-20 10:24:26,334] - [INFO] - 投保接口
[2021-12-20 10:24:26,335] - [INFO] - http://10.1.14.117:27405/channel/apitest/QFIN/INSURE
[2021-12-20 10:24:26,335] - [INFO] - 请求报文：{'agentNo': 'TianCheng', 'agentName': '甜橙保代', 'loanReqNo': '202112201024266699172', 'insReqNo': '202112201024266699172', 'name': '卢安', 'idNo': '513400199606285019', 'phone': '16612204978', 'amount': 6000, 'periods': '6', 'purpose': '07', 'premiumRate': 1.66, 'insurantName': '韦艺翠', 'insurantAdd': '上海市浦东新区龙阳路幸福村520号', 'postCode': '110016', 'productId': '7015', 'loanAmount': 6000}
[2021-12-20 10:24:26,485] - [INFO] - 响应报文：{'result': True, 'code': 200, 'msg': 'SUCCESS!', 'data': {'insReqNo': '0618133272333313', 'errorCode': '', 'loanReqNo': '', 'errorMsg': '', 'status': '01'}}
[2021-12-20 10:24:26,485] - [INFO] - 已受理，处理中！
[2021-12-20 10:24:26,485] - [INFO] - 支用接口
[2021-12-20 10:24:26,486] - [INFO] - http://10.1.14.117:27405/channel/apitest/QFIN/DISBURSE
[2021-12-20 10:24:26,486] - [INFO] - 请求报文：{'channelCustId': '', 'loanReqNo': '202112201024266699172', 'idNo': '513400199606285019', 'insuranceNo': '202112201024266699172', 'phone': '16612204978', 'loanAmount': 6000, 'productId': '7015', 'name': '卢安', 'spelling': 'CHENPI', 'sex': '01', 'nationality': '中国', 'nation': '汉族', 'birthday': '1991/01/08', 'idType': '00', 'idAddress': '上海市浦东新区龙阳路幸福村520号', 'idStartDate': '2015/10/08', 'idEndDate': '2025/10/08', 'idOffice': '杭州市公安局江干区分局', 'marriage': '03', 'education': '06', 'children': '00', 'supplyPeople': 0, 'house': '00', 'addProvince': '', 'addCity': '', 'addDistrict': '', 'addDetail': '', 'industry': 'C', 'profession': '18', 'workplaceName': '大地保险公司', 'workTel': '13196853698', 'workProvince': '', 'workCity': '', 'workDistrict': '', 'workDetailAdd': '学院路100号小杨制造厂', 'workAge': 10, 'income': '02', 'school': '清华大学', 'email': '1264311721@hrtx.com', 'contacts': [{'relation': '00', 'name': '哈利路亚', 'phoneNo': '18968523600'}], 'bankCard': '6214661220102426', 'bankName': '中国农业银行', 'bankPhone': '16612204978', 'applyProvince': '', 'applyCity': '', 'applyDistrict': '', 'periods': '6', 'purpose': '07', 'direction': '', 'payType': '01', 'payMerchantNo': '', 'authFlag': '01', 'deviceDetail': {'deviceId': '', 'mac': 'NONE', 'longitude': '23.232653', 'latitude': '88.369689', 'gpsCity': '', 'ip': '192.3.46.57', 'ipCity': '', 'oS': ''}, 'docDate': '', 'channelDetail': {'capitalCode': 'FBBANK', 'custGrde': 18, 'payType': '03', 'applyEntry': '03', 'creditDuration': '2020/03/02', 'faceRecoType': '01', 'faceRecoScore': 66, 'currLimit': 20000.0, 'currRemainLimit': 20000.0, 'firstLoanFlag': 'N', 'settleLoanNum': 1, 'unsettleLoanLimit': 1, 'unsettleLoanNum': 1.66, 'longestOverPeriod': 1, 'applyLevel360': 100, 'actionLevel360': 100, 'realFaceCheckResult': '1', 'citizenshipCheckResult': '1', 'bankCheckResult': '1', 'telcoCheckResult': '1'}, 'custGrde': 18}
[2021-12-20 10:24:26,688] - [INFO] - 响应报文：{'result': True, 'code': 200, 'msg': 'SUCCESS!', 'data': {'channelCustId': '', 'errorCode': '', 'errorMsg': '', 'loanApplyNo': '202112200000000002', 'loanReqNo': '202112201024266699172', 'status': '01'}}
[2021-12-20 10:24:26,690] - [INFO] - 放款受理成功，处理中！
[2021-12-20 10:24:26,690] - [INFO] - 
                        姓名：卢安
                        身份证号：513400199606285019
                        手机号：16612204978
                        借款金额:6000
                        借款期次:6
                        loanReqNo:202112201024266699172
                    
[2021-12-20 10:38:52,901] - [INFO] - ------开始执行------
[2021-12-20 10:38:54,324] - [ERROR] - 借据需为逾期状态！787-503606153301818310
[2021-12-20 10:42:00,915] - [INFO] - ------开始执行------
[2021-12-20 10:42:02,217] - [ERROR] - 借据需为逾期状态！787-503606153301818310
[2021-12-20 10:42:19,613] - [INFO] - ------开始执行------
[2021-12-20 10:42:21,068] - [ERROR] - 借据需为逾期状态！787-503606153301818310
[2021-12-20 10:43:00,655] - [INFO] - ------开始执行------
[2021-12-20 10:43:01,986] - [ERROR] - 借据需为逾期状态！787-503606153301818310
[2021-12-20 10:44:28,125] - [INFO] - ------开始执行------
[2021-12-20 10:44:30,423] - [ERROR] - 借据需为逾期状态！787-503606153301818310
[2021-12-20 10:45:11,992] - [INFO] - 投保信息接口
[2021-12-20 10:45:11,992] - [INFO] - http://10.1.14.117:27405/channel/apitest/QFIN/INSURE_INFO
[2021-12-20 10:45:11,992] - [INFO] - 请求报文：{'channelCustId': '', 'name': '童以', 'insuranceNo': '202112201045116669854', 'idNo': '650202199504014947', 'idAddress': '上海市浦东新区龙阳路幸福村520号', 'phone': '16612203411', 'amount': 6000, 'periods': '6', 'purpose': '07', 'capitalCode': 'FBBANK', 'custGrde': 18, 'email': '1264311721@hrtx.com', 'contactPhone': '18968523600', 'callbackUrl': 'https://www.baidu.com'}
[2021-12-20 10:45:12,097] - [INFO] - 响应报文：{'result': True, 'code': 200, 'msg': 'SUCCESS!', 'data': {'channelCustId': '', 'errorCode': '', 'errorMsg': '', 'insurUrl': 'https://test.95590.cn/openui_uat/h5/?navStyle=hideLight#/application?loanReqNo=202112201045116669854&lp=20211220104511664000016008', 'insuranceNo': '202112201045116669854', 'status': '01'}}
[2021-12-20 10:45:12,098] - [INFO] - 投保信息接口成功！
[2021-12-20 10:45:12,098] - [INFO] - 投保资料查询接口
[2021-12-20 10:45:12,098] - [INFO] - http://10.1.14.117:27405/channel/apitest/QFIN/INSURE_DATA_QUERY
[2021-12-20 10:45:12,098] - [INFO] - 请求报文：{'loanReqNo': '202112201045116669854', 'token': '20211220104511664000016008'}
[2021-12-20 10:45:12,183] - [INFO] - 响应报文：{'result': True, 'code': 200, 'msg': 'SUCCESS!', 'data': {'discountRate': 0, 'insurantName': '富邦华一银行有限公司', 'purpose': '07', 'premiumRate': 0.359, 'loanReqNo': '202112201045116669854', 'premiumExcTax': 20.94, 'idNo': '650202199504014947', 'phoneNo': '18968523600', 'insurantAdd': '中国(上海)自由贸易试验区世纪大道1168号A座101室、18楼、19楼及20楼', 'claimPeriod': '80', 'periods': 6, 'taxFee': 1.26, 'email': '1264311721@hrtx.com', 'monthlyFee': 22.2, 'addProvince': '', 'amount': 6000.0, 'address': '上海市浦东新区龙阳路幸福村520号', 'irr': '18.00', 'addDistrict': '', 'addCity': '', 'annualIntRate': 6.2, 'addDetail': '上海市浦东新区龙阳路幸福村520号', 'phone': '16612203411', 'insAmount': 6186.0, 'name': '童以', 'postCode': '200122'}}
[2021-12-20 10:45:12,183] - [INFO] - 投保资料查询成功！
[2021-12-20 10:45:12,184] - [INFO] - 投保接口
[2021-12-20 10:45:12,184] - [INFO] - http://10.1.14.117:27405/channel/apitest/QFIN/INSURE
[2021-12-20 10:45:12,184] - [INFO] - 请求报文：{'agentNo': 'TianCheng', 'agentName': '甜橙保代', 'loanReqNo': '202112201045116669854', 'insReqNo': '202112201045116669854', 'name': '童以', 'idNo': '650202199504014947', 'phone': '16612203411', 'amount': 6000, 'periods': '6', 'purpose': '07', 'premiumRate': 1.66, 'insurantName': '韦艺翠', 'insurantAdd': '上海市浦东新区龙阳路幸福村520号', 'postCode': '110016', 'productId': '7015', 'loanAmount': 6000}
[2021-12-20 10:45:12,259] - [INFO] - 响应报文：{'result': True, 'code': 200, 'msg': 'SUCCESS!', 'data': {'insReqNo': '3718123477841750', 'errorCode': '', 'loanReqNo': '', 'errorMsg': '', 'status': '01'}}
[2021-12-20 10:45:12,260] - [INFO] - 已受理，处理中！
[2021-12-20 10:45:12,260] - [INFO] - 支用接口
[2021-12-20 10:45:12,261] - [INFO] - http://10.1.14.117:27405/channel/apitest/QFIN/DISBURSE
[2021-12-20 10:45:12,261] - [INFO] - 请求报文：{'channelCustId': '', 'loanReqNo': '202112201045116669854', 'idNo': '650202199504014947', 'insuranceNo': '202112201045116669854', 'phone': '16612203411', 'loanAmount': 6000, 'productId': '7015', 'name': '童以', 'spelling': 'CHENPI', 'sex': '01', 'nationality': '中国', 'nation': '汉族', 'birthday': '1991/01/08', 'idType': '00', 'idAddress': '上海市浦东新区龙阳路幸福村520号', 'idStartDate': '2015/10/08', 'idEndDate': '2025/10/08', 'idOffice': '杭州市公安局江干区分局', 'marriage': '03', 'education': '06', 'children': '00', 'supplyPeople': 0, 'house': '00', 'addProvince': '', 'addCity': '', 'addDistrict': '', 'addDetail': '', 'industry': 'C', 'profession': '18', 'workplaceName': '大地保险公司', 'workTel': '13196853698', 'workProvince': '', 'workCity': '', 'workDistrict': '', 'workDetailAdd': '学院路100号小杨制造厂', 'workAge': 10, 'income': '02', 'school': '清华大学', 'email': '1264311721@hrtx.com', 'contacts': [{'relation': '00', 'name': '哈利路亚', 'phoneNo': '18968523600'}], 'bankCard': '6214661220104511', 'bankName': '中国农业银行', 'bankPhone': '16612203411', 'applyProvince': '', 'applyCity': '', 'applyDistrict': '', 'periods': '6', 'purpose': '07', 'direction': '', 'payType': '01', 'payMerchantNo': '', 'authFlag': '01', 'deviceDetail': {'deviceId': '', 'mac': 'NONE', 'longitude': '23.232653', 'latitude': '88.369689', 'gpsCity': '', 'ip': '192.3.46.57', 'ipCity': '', 'oS': ''}, 'docDate': '', 'channelDetail': {'capitalCode': 'FBBANK', 'custGrde': 18, 'payType': '03', 'applyEntry': '03', 'creditDuration': '2020/03/02', 'faceRecoType': '01', 'faceRecoScore': 66, 'currLimit': 20000.0, 'currRemainLimit': 20000.0, 'firstLoanFlag': 'N', 'settleLoanNum': 1, 'unsettleLoanLimit': 1, 'unsettleLoanNum': 1.66, 'longestOverPeriod': 1, 'applyLevel360': 100, 'actionLevel360': 100, 'realFaceCheckResult': '1', 'citizenshipCheckResult': '1', 'bankCheckResult': '1', 'telcoCheckResult': '1'}, 'custGrde': 18}
[2021-12-20 10:45:12,440] - [INFO] - 响应报文：{'result': True, 'code': 200, 'msg': 'SUCCESS!', 'data': {'channelCustId': '', 'errorCode': '', 'errorMsg': '', 'loanApplyNo': '202112200000000003', 'loanReqNo': '202112201045116669854', 'status': '01'}}
[2021-12-20 10:45:12,441] - [INFO] - 放款受理成功，处理中！
[2021-12-20 10:45:12,441] - [INFO] - 
                        姓名：童以
                        身份证号：650202199504014947
                        手机号：16612203411
                        借款金额:6000
                        借款期次:6
                        loanReqNo:202112201045116669854
                    
[2021-12-20 10:52:20,167] - [INFO] - 授信申请
[2021-12-20 10:52:20,167] - [INFO] - [http://10.1.14.117:27405/channel/apitest/TCJQ/CREDIT_GRANTING]
[2021-12-20 10:52:20,168] - [INFO] - 请求报文：{'channelCustId': '20211220105220665397', 'creditReqNo': '20211220105220887601', 'name': '冀义静', 'spelling': 'ZHANGTIAN', 'sex': '01', 'nationality': '中国', 'nation': '汉族', 'birthday': '1985/06/02', 'idType': '00', 'idNo': '513430199308161067', 'idStartDate': '2016/01/18', 'idEndDate': '2036/01/18', 'idOffice': '北京市东城区', 'marriage': '01', 'children': '00', 'supplyPeople': 3, 'house': '00', 'addProvince': '110000', 'addCity': '110000', 'addDistrict': '110101', 'addDetail': '东大街东大院', 'industry': 'C', 'profession': '11', 'workplaceName': 'AAA单位', 'workTel': '13162314539', 'workProvince': '110000', 'workCity': '110000', 'workDistrict': '110101', 'workDetailAdd': '西大街西大院', 'workAge': 8, 'income': '03', 'education': '06', 'school': '北京大学', 'phone': '16612202283', 'email': 'email163@qq.com', 'contacts': [{'relation': '00', 'name': '张三', 'phoneNo': '15638530000'}, {'relation': '01', 'name': '李四', 'phoneNo': '15638539999'}], 'bankCard': '6214661220105220', 'bankName': '建设银行', 'bankPhone': '16612202283', 'applyProvince': '110000', 'applyCity': '110000', 'applyDistrict': '110101', 'loanAmount': 5000, 'periods': '3', 'purpose': '01', 'direction': '01', 'payType': '00', 'payMerchantNo': '26666', 'authFlag': '01', 'deviceDetail': {'deviceId': '10-45-5-486', 'mac': '3a:b6:c6:5d:2e:f9', 'longitude': '121.551738', 'latitude': '31.224634', 'gpsCity': '上海市', 'ip': '106.14.135.199', 'ipCity': '上海', 'os': 'android', 'docDate': '2019/09/12'}, 'channelDetail': {'citizenshipCheckResult': '1', 'bankCheckResult': '1', 'telcoCheckResult': '1', 'consumeTimes': '1', 'creditTimes': '1', 'consumeScene': '1', 'frontId': '11', 'reverseId': '11', 'faceId': '11', 'woolFlag': '1', 'phoneFlag': '1', 'phoneTelco': '1', 'compScore': '650', 'repayAbilityScore': '650', 'comsAmount': '1', 'finAmount': '1', 'redPacket': '1', 'phoneAreaName': '上海市', 'modelScore': '650', 'whiteListFlag': '0', 'sugAmount': '3000.00', 'sugBasis': '2', 'loanGrade': 'A', 'registerTime': '1', 'realNameFlag': '1', 'realNameGrade': '1', 'transFlag': '1', 'custType': '', 'currLimit': 5000, 'currRemainLimit': 2000, 'currLimitOrg': 'DD', 'currLimitStartDate': '2021/05/31', 'currLimitEndDate': '2021/07/31', 'currTotalPrice': 28.11, 'firstLoanFlag': '1', 'unsettleLoanLimit': 1, 'settleLoanLimit': 1, 'lastLoanDate': '2021/04/21', 'loanAmount': 3000}, 'custType': '0'}
[2021-12-20 10:52:20,514] - [INFO] - 响应报文：{'result': True, 'code': 200, 'msg': 'SUCCESS!', 'data': {'code': '0000', 'productId': '7014', 'body': {'channelCustId': '20211220105220665397', 'creditReqNo': '20211220105220887601', 'creditApplyNo': '202112200000000004', 'status': '01'}, 'message': '成功', 'channelId': 'ORANGE'}}
[2021-12-20 10:52:20,515] - [INFO] - 授信接口调用成功！
[2021-12-20 10:52:20,516] - [INFO] - 授信受理成功，处理中！
[2021-12-20 10:52:20,516] - [INFO] - 授信结果查询
[2021-12-20 10:52:20,517] - [INFO] - ['http://10.1.14.117:27405/channel/apitest/TCJQ/CREDIT_INQUIRY']
[2021-12-20 10:52:20,517] - [INFO] - 请求报文：{'channelCustId': '20211220105220665397', 'creditReqNo': '20211220105220887601', 'creditApplyNo': '202112200000000004'}
[2021-12-20 10:52:20,625] - [INFO] - 响应报文：{'result': True, 'code': 200, 'msg': 'SUCCESS!', 'data': {'code': '0000', 'productId': '7014', 'body': {'channelCustId': '20211220105220665397', 'creditReqNo': '20211220105220887601', 'creditApplyNo': '202112200000000004', 'status': '00'}, 'message': '成功', 'channelId': 'ORANGE'}}
[2021-12-20 10:52:20,626] - [INFO] - 授信查询接口调用成功！
[2021-12-20 10:52:20,626] - [INFO] - 授信中！
[2021-12-20 10:52:23,632] - [INFO] - 授信结果查询
[2021-12-20 10:52:23,633] - [INFO] - ['http://10.1.14.117:27405/channel/apitest/TCJQ/CREDIT_INQUIRY']
[2021-12-20 10:52:23,634] - [INFO] - 请求报文：{'channelCustId': '20211220105220665397', 'creditReqNo': '20211220105220887601', 'creditApplyNo': '202112200000000004'}
[2021-12-20 10:52:23,712] - [INFO] - 响应报文：{'result': True, 'code': 200, 'msg': 'SUCCESS!', 'data': {'code': '0000', 'productId': '7014', 'body': {'channelCustId': '20211220105220665397', 'creditReqNo': '20211220105220887601', 'creditApplyNo': '202112200000000004', 'status': '00'}, 'message': '成功', 'channelId': 'ORANGE'}}
[2021-12-20 10:52:23,713] - [INFO] - 授信查询接口调用成功！
[2021-12-20 10:52:23,713] - [INFO] - 授信中！
[2021-12-20 10:52:26,716] - [INFO] - 授信结果查询
[2021-12-20 10:52:26,717] - [INFO] - ['http://10.1.14.117:27405/channel/apitest/TCJQ/CREDIT_INQUIRY']
[2021-12-20 10:52:26,718] - [INFO] - 请求报文：{'channelCustId': '20211220105220665397', 'creditReqNo': '20211220105220887601', 'creditApplyNo': '202112200000000004'}
[2021-12-20 10:52:26,790] - [INFO] - 响应报文：{'result': True, 'code': 200, 'msg': 'SUCCESS!', 'data': {'code': '0000', 'productId': '7014', 'body': {'channelCustId': '20211220105220665397', 'creditReqNo': '20211220105220887601', 'creditApplyNo': '202112200000000004', 'status': '00'}, 'message': '成功', 'channelId': 'ORANGE'}}
[2021-12-20 10:52:26,791] - [INFO] - 授信查询接口调用成功！
[2021-12-20 10:52:26,791] - [INFO] - 授信中！
[2021-12-20 10:52:29,797] - [INFO] - 授信结果查询
[2021-12-20 10:52:29,798] - [INFO] - ['http://10.1.14.117:27405/channel/apitest/TCJQ/CREDIT_INQUIRY']
[2021-12-20 10:52:29,799] - [INFO] - 请求报文：{'channelCustId': '20211220105220665397', 'creditReqNo': '20211220105220887601', 'creditApplyNo': '202112200000000004'}
[2021-12-20 10:52:29,877] - [INFO] - 响应报文：{'result': True, 'code': 200, 'msg': 'SUCCESS!', 'data': {'code': '0000', 'productId': '7014', 'body': {'channelCustId': '20211220105220665397', 'creditReqNo': '20211220105220887601', 'creditApplyNo': '202112200000000004', 'status': '00'}, 'message': '成功', 'channelId': 'ORANGE'}}
[2021-12-20 10:52:29,878] - [INFO] - 授信查询接口调用成功！
[2021-12-20 10:52:29,878] - [INFO] - 授信中！
[2021-12-20 10:52:32,883] - [INFO] - 授信结果查询
[2021-12-20 10:52:32,884] - [INFO] - ['http://10.1.14.117:27405/channel/apitest/TCJQ/CREDIT_INQUIRY']
[2021-12-20 10:52:32,885] - [INFO] - 请求报文：{'channelCustId': '20211220105220665397', 'creditReqNo': '20211220105220887601', 'creditApplyNo': '202112200000000004'}
[2021-12-20 10:52:32,957] - [INFO] - 响应报文：{'result': True, 'code': 200, 'msg': 'SUCCESS!', 'data': {'code': '0000', 'productId': '7014', 'body': {'channelCustId': '20211220105220665397', 'creditReqNo': '20211220105220887601', 'creditApplyNo': '202112200000000004', 'status': '00'}, 'message': '成功', 'channelId': 'ORANGE'}}
[2021-12-20 10:52:32,958] - [INFO] - 授信查询接口调用成功！
[2021-12-20 10:52:32,958] - [INFO] - 授信中！
[2021-12-20 10:52:35,962] - [INFO] - 授信结果查询
[2021-12-20 10:52:35,964] - [INFO] - ['http://10.1.14.117:27405/channel/apitest/TCJQ/CREDIT_INQUIRY']
[2021-12-20 10:52:35,965] - [INFO] - 请求报文：{'channelCustId': '20211220105220665397', 'creditReqNo': '20211220105220887601', 'creditApplyNo': '202112200000000004'}
[2021-12-20 10:52:36,038] - [INFO] - 响应报文：{'result': True, 'code': 200, 'msg': 'SUCCESS!', 'data': {'code': '0000', 'productId': '7014', 'body': {'channelCustId': '20211220105220665397', 'creditReqNo': '20211220105220887601', 'creditApplyNo': '202112200000000004', 'status': '00'}, 'message': '成功', 'channelId': 'ORANGE'}}
[2021-12-20 10:52:36,039] - [INFO] - 授信查询接口调用成功！
[2021-12-20 10:52:36,040] - [INFO] - 授信中！
[2021-12-20 10:52:39,042] - [INFO] - 授信结果查询
[2021-12-20 10:52:39,044] - [INFO] - ['http://10.1.14.117:27405/channel/apitest/TCJQ/CREDIT_INQUIRY']
[2021-12-20 10:52:39,045] - [INFO] - 请求报文：{'channelCustId': '20211220105220665397', 'creditReqNo': '20211220105220887601', 'creditApplyNo': '202112200000000004'}
[2021-12-20 10:52:39,131] - [INFO] - 响应报文：{'result': True, 'code': 200, 'msg': 'SUCCESS!', 'data': {'code': '0000', 'productId': '7014', 'body': {'channelCustId': '20211220105220665397', 'creditReqNo': '20211220105220887601', 'creditApplyNo': '202112200000000004', 'status': '00'}, 'message': '成功', 'channelId': 'ORANGE'}}
[2021-12-20 10:52:39,132] - [INFO] - 授信查询接口调用成功！
[2021-12-20 10:52:39,132] - [INFO] - 授信中！
[2021-12-20 10:52:42,137] - [INFO] - 授信结果查询
[2021-12-20 10:52:42,139] - [INFO] - ['http://10.1.14.117:27405/channel/apitest/TCJQ/CREDIT_INQUIRY']
[2021-12-20 10:52:42,140] - [INFO] - 请求报文：{'channelCustId': '20211220105220665397', 'creditReqNo': '20211220105220887601', 'creditApplyNo': '202112200000000004'}
[2021-12-20 10:52:42,218] - [INFO] - 响应报文：{'result': True, 'code': 200, 'msg': 'SUCCESS!', 'data': {'code': '0000', 'productId': '7014', 'body': {'channelCustId': '20211220105220665397', 'creditReqNo': '20211220105220887601', 'creditApplyNo': '202112200000000004', 'status': '00'}, 'message': '成功', 'channelId': 'ORANGE'}}
[2021-12-20 10:52:42,219] - [INFO] - 授信查询接口调用成功！
[2021-12-20 10:52:42,220] - [INFO] - 授信中！
[2021-12-20 10:52:45,227] - [INFO] - 授信结果查询
[2021-12-20 10:52:45,228] - [INFO] - ['http://10.1.14.117:27405/channel/apitest/TCJQ/CREDIT_INQUIRY']
[2021-12-20 10:52:45,229] - [INFO] - 请求报文：{'channelCustId': '20211220105220665397', 'creditReqNo': '20211220105220887601', 'creditApplyNo': '202112200000000004'}
[2021-12-20 10:52:45,306] - [INFO] - 响应报文：{'result': True, 'code': 200, 'msg': 'SUCCESS!', 'data': {'code': '0000', 'productId': '7014', 'body': {'channelCustId': '20211220105220665397', 'creditReqNo': '20211220105220887601', 'creditApplyNo': '202112200000000004', 'status': '00'}, 'message': '成功', 'channelId': 'ORANGE'}}
[2021-12-20 10:52:45,308] - [INFO] - 授信查询接口调用成功！
[2021-12-20 10:52:45,308] - [INFO] - 授信中！
[2021-12-20 10:52:48,310] - [INFO] - 授信结果查询
[2021-12-20 10:52:48,311] - [INFO] - ['http://10.1.14.117:27405/channel/apitest/TCJQ/CREDIT_INQUIRY']
[2021-12-20 10:52:48,311] - [INFO] - 请求报文：{'channelCustId': '20211220105220665397', 'creditReqNo': '20211220105220887601', 'creditApplyNo': '202112200000000004'}
[2021-12-20 10:52:48,383] - [INFO] - 响应报文：{'result': True, 'code': 200, 'msg': 'SUCCESS!', 'data': {'code': '0000', 'productId': '7014', 'body': {'channelCustId': '20211220105220665397', 'creditReqNo': '20211220105220887601', 'creditApplyNo': '202112200000000004', 'status': '00'}, 'message': '成功', 'channelId': 'ORANGE'}}
[2021-12-20 10:52:48,385] - [INFO] - 授信查询接口调用成功！
[2021-12-20 10:52:48,385] - [INFO] - 授信中！
[2021-12-20 10:52:51,387] - [INFO] - 授信结果查询
[2021-12-20 10:52:51,389] - [INFO] - ['http://10.1.14.117:27405/channel/apitest/TCJQ/CREDIT_INQUIRY']
[2021-12-20 10:52:51,390] - [INFO] - 请求报文：{'channelCustId': '20211220105220665397', 'creditReqNo': '20211220105220887601', 'creditApplyNo': '202112200000000004'}
[2021-12-20 10:52:51,462] - [INFO] - 响应报文：{'result': True, 'code': 200, 'msg': 'SUCCESS!', 'data': {'code': '0000', 'productId': '7014', 'body': {'channelCustId': '20211220105220665397', 'creditReqNo': '20211220105220887601', 'errorCode': 'QD_SPBG', 'creditApplyNo': '202112200000000004', 'errorMsg': '审批不通过', 'status': '02'}, 'message': '成功', 'channelId': 'ORANGE'}}
[2021-12-20 10:52:51,463] - [INFO] - 授信查询接口调用成功！
[2021-12-20 10:52:51,464] - [ERROR] - 授信失败！
[2021-12-20 10:54:32,517] - [INFO] - 授信申请
[2021-12-20 10:54:32,518] - [INFO] - [http://10.1.14.117:27405/channel/apitest/TCJQ/CREDIT_GRANTING]
[2021-12-20 10:54:32,519] - [INFO] - 请求报文：{'channelCustId': '202112201054326642571', 'creditReqNo': '202112201054328833913', 'name': '强无伟', 'spelling': 'ZHANGTIAN', 'sex': '01', 'nationality': '中国', 'nation': '汉族', 'birthday': '1985/06/02', 'idType': '00', 'idNo': '411221199511065510', 'idStartDate': '2016/01/18', 'idEndDate': '2036/01/18', 'idOffice': '北京市东城区', 'marriage': '01', 'children': '00', 'supplyPeople': 3, 'house': '00', 'addProvince': '110000', 'addCity': '110000', 'addDistrict': '110101', 'addDetail': '东大街东大院', 'industry': 'C', 'profession': '11', 'workplaceName': 'AAA单位', 'workTel': '13162314539', 'workProvince': '110000', 'workCity': '110000', 'workDistrict': '110101', 'workDetailAdd': '西大街西大院', 'workAge': 8, 'income': '03', 'education': '06', 'school': '北京大学', 'phone': '16612204661', 'email': 'email163@qq.com', 'contacts': [{'relation': '00', 'name': '张三', 'phoneNo': '15638530000'}, {'relation': '01', 'name': '李四', 'phoneNo': '15638539999'}], 'bankCard': '6214661220105432', 'bankName': '建设银行', 'bankPhone': '16612204661', 'applyProvince': '110000', 'applyCity': '110000', 'applyDistrict': '110101', 'loanAmount': 5000, 'periods': '3', 'purpose': '01', 'direction': '01', 'payType': '00', 'payMerchantNo': '26666', 'authFlag': '01', 'deviceDetail': {'deviceId': '10-45-5-486', 'mac': '3a:b6:c6:5d:2e:f9', 'longitude': '121.551738', 'latitude': '31.224634', 'gpsCity': '上海市', 'ip': '106.14.135.199', 'ipCity': '上海', 'os': 'android', 'docDate': '2019/09/12'}, 'channelDetail': {'citizenshipCheckResult': '1', 'bankCheckResult': '1', 'telcoCheckResult': '1', 'consumeTimes': '1', 'creditTimes': '1', 'consumeScene': '1', 'frontId': '11', 'reverseId': '11', 'faceId': '11', 'woolFlag': '1', 'phoneFlag': '1', 'phoneTelco': '1', 'compScore': '650', 'repayAbilityScore': '650', 'comsAmount': '1', 'finAmount': '1', 'redPacket': '1', 'phoneAreaName': '上海市', 'modelScore': '650', 'whiteListFlag': '0', 'sugAmount': '3000.00', 'sugBasis': '2', 'loanGrade': 'A', 'registerTime': '1', 'realNameFlag': '1', 'realNameGrade': '1', 'transFlag': '1', 'custType': '', 'currLimit': 5000, 'currRemainLimit': 2000, 'currLimitOrg': 'DD', 'currLimitStartDate': '2021/05/31', 'currLimitEndDate': '2021/07/31', 'currTotalPrice': 28.11, 'firstLoanFlag': '1', 'unsettleLoanLimit': 1, 'settleLoanLimit': 1, 'lastLoanDate': '2021/04/21', 'loanAmount': 3000}, 'custType': '0'}
[2021-12-20 10:54:32,662] - [INFO] - 响应报文：{'result': True, 'code': 200, 'msg': 'SUCCESS!', 'data': {'code': '0000', 'productId': '7014', 'body': {'channelCustId': '202112201054326642571', 'creditReqNo': '202112201054328833913', 'creditApplyNo': '202112200000000005', 'status': '01'}, 'message': '成功', 'channelId': 'ORANGE'}}
[2021-12-20 10:54:32,663] - [INFO] - 授信接口调用成功！
[2021-12-20 10:54:32,664] - [INFO] - 授信受理成功，处理中！
[2021-12-20 10:54:32,664] - [INFO] - 授信结果查询
[2021-12-20 10:54:32,665] - [INFO] - ['http://10.1.14.117:27405/channel/apitest/TCJQ/CREDIT_INQUIRY']
[2021-12-20 10:54:32,665] - [INFO] - 请求报文：{'channelCustId': '202112201054326642571', 'creditReqNo': '202112201054328833913', 'creditApplyNo': '202112200000000005'}
[2021-12-20 10:54:32,729] - [INFO] - 响应报文：{'result': True, 'code': 200, 'msg': 'SUCCESS!', 'data': {'code': '0000', 'productId': '7014', 'body': {'channelCustId': '202112201054326642571', 'creditReqNo': '202112201054328833913', 'creditApplyNo': '202112200000000005', 'status': '00'}, 'message': '成功', 'channelId': 'ORANGE'}}
[2021-12-20 10:54:32,730] - [INFO] - 授信查询接口调用成功！
[2021-12-20 10:54:32,730] - [INFO] - 授信中！
[2021-12-20 10:54:35,736] - [INFO] - 授信结果查询
[2021-12-20 10:54:35,738] - [INFO] - ['http://10.1.14.117:27405/channel/apitest/TCJQ/CREDIT_INQUIRY']
[2021-12-20 10:54:35,739] - [INFO] - 请求报文：{'channelCustId': '202112201054326642571', 'creditReqNo': '202112201054328833913', 'creditApplyNo': '202112200000000005'}
[2021-12-20 10:54:35,826] - [INFO] - 响应报文：{'result': True, 'code': 200, 'msg': 'SUCCESS!', 'data': {'code': '0000', 'productId': '7014', 'body': {'channelCustId': '202112201054326642571', 'creditReqNo': '202112201054328833913', 'creditApplyNo': '202112200000000005', 'status': '00'}, 'message': '成功', 'channelId': 'ORANGE'}}
[2021-12-20 10:54:35,827] - [INFO] - 授信查询接口调用成功！
[2021-12-20 10:54:35,828] - [INFO] - 授信中！
[2021-12-20 10:54:38,832] - [INFO] - 授信结果查询
[2021-12-20 10:54:38,833] - [INFO] - ['http://10.1.14.117:27405/channel/apitest/TCJQ/CREDIT_INQUIRY']
[2021-12-20 10:54:38,834] - [INFO] - 请求报文：{'channelCustId': '202112201054326642571', 'creditReqNo': '202112201054328833913', 'creditApplyNo': '202112200000000005'}
[2021-12-20 10:54:38,902] - [INFO] - 响应报文：{'result': True, 'code': 200, 'msg': 'SUCCESS!', 'data': {'code': '0000', 'productId': '7014', 'body': {'channelCustId': '202112201054326642571', 'creditReqNo': '202112201054328833913', 'creditApplyNo': '202112200000000005', 'status': '00'}, 'message': '成功', 'channelId': 'ORANGE'}}
[2021-12-20 10:54:38,903] - [INFO] - 授信查询接口调用成功！
[2021-12-20 10:54:38,904] - [INFO] - 授信中！
[2021-12-20 10:54:41,906] - [INFO] - 授信结果查询
[2021-12-20 10:54:41,907] - [INFO] - ['http://10.1.14.117:27405/channel/apitest/TCJQ/CREDIT_INQUIRY']
[2021-12-20 10:54:41,908] - [INFO] - 请求报文：{'channelCustId': '202112201054326642571', 'creditReqNo': '202112201054328833913', 'creditApplyNo': '202112200000000005'}
[2021-12-20 10:54:41,974] - [INFO] - 响应报文：{'result': True, 'code': 200, 'msg': 'SUCCESS!', 'data': {'code': '0000', 'productId': '7014', 'body': {'channelCustId': '202112201054326642571', 'creditReqNo': '202112201054328833913', 'creditApplyNo': '202112200000000005', 'status': '00'}, 'message': '成功', 'channelId': 'ORANGE'}}
[2021-12-20 10:54:41,974] - [INFO] - 授信查询接口调用成功！
[2021-12-20 10:54:41,975] - [INFO] - 授信中！
[2021-12-20 10:54:44,981] - [INFO] - 授信结果查询
[2021-12-20 10:54:44,981] - [INFO] - ['http://10.1.14.117:27405/channel/apitest/TCJQ/CREDIT_INQUIRY']
[2021-12-20 10:54:44,982] - [INFO] - 请求报文：{'channelCustId': '202112201054326642571', 'creditReqNo': '202112201054328833913', 'creditApplyNo': '202112200000000005'}
[2021-12-20 10:54:45,049] - [INFO] - 响应报文：{'result': True, 'code': 200, 'msg': 'SUCCESS!', 'data': {'code': '0000', 'productId': '7014', 'body': {'channelCustId': '202112201054326642571', 'creditReqNo': '202112201054328833913', 'creditApplyNo': '202112200000000005', 'status': '00'}, 'message': '成功', 'channelId': 'ORANGE'}}
[2021-12-20 10:54:45,050] - [INFO] - 授信查询接口调用成功！
[2021-12-20 10:54:45,051] - [INFO] - 授信中！
[2021-12-20 10:54:48,054] - [INFO] - 授信结果查询
[2021-12-20 10:54:48,055] - [INFO] - ['http://10.1.14.117:27405/channel/apitest/TCJQ/CREDIT_INQUIRY']
[2021-12-20 10:54:48,056] - [INFO] - 请求报文：{'channelCustId': '202112201054326642571', 'creditReqNo': '202112201054328833913', 'creditApplyNo': '202112200000000005'}
[2021-12-20 10:54:48,211] - [INFO] - 响应报文：{'result': True, 'code': 200, 'msg': 'SUCCESS!', 'data': {'code': '0000', 'productId': '7014', 'body': {'creditDate': '2021/12/20', 'creditExpireDate': '2024/12/20', 'freezingDate': '', 'channelCustId': '202112201054326642571', 'creditReqNo': '202112201054328833913', 'creditApplyNo': '202112200000000005', 'creditState': '00', 'availAmount': 10000.0, 'creditAmount': 10000.0, 'status': '01'}, 'message': '成功', 'channelId': 'ORANGE'}}
[2021-12-20 10:54:48,212] - [INFO] - 授信查询接口调用成功！
[2021-12-20 10:54:48,212] - [INFO] - 授信通过！
[2021-12-20 10:54:48,213] - [INFO] - 更新客户信息表liveaddress
[2021-12-20 10:54:48,213] - [INFO] - update customer_info set liveaddress = '北京市市辖区东城区' where CERTID = '411221199511065510'
[2021-12-20 10:54:48,279] - [INFO] - 支用试算
[2021-12-20 10:54:48,279] - [INFO] - http://10.1.14.117:27405/channel/apitest/TCJQ/DISBURSE_TRIAL
[2021-12-20 10:54:48,280] - [INFO] - 请求报文：{'channelCustId': '202112201054326642571', 'periods': '3', 'loanAmount': 2000}
[2021-12-20 10:54:49,505] - [INFO] - 响应报文：{'result': True, 'code': 200, 'msg': 'SUCCESS!', 'data': {'code': '0000', 'productId': '7014', 'body': {'channelCustId': '202112201054326642571', 'repayPlanDetails': [{'principal': 663.24, 'period': 1, 'periodAmt': 703.67, 'premium': 30.1, 'interest': 10.33, 'repayDate': '2036/12/20'}, {'principal': 666.66, 'period': 2, 'periodAmt': 703.67, 'premium': 30.1, 'interest': 6.91, 'repayDate': '2037/01/20'}, {'principal': 670.1, 'period': 3, 'periodAmt': 703.66, 'premium': 30.1, 'interest': 3.46, 'repayDate': '2037/02/20'}], 'capitalCode': 'FBBANK', 'status': '01'}, 'message': '成功', 'channelId': 'ORANGE'}}
[2021-12-20 10:54:49,506] - [INFO] - 本次试算资方为：FBBANK
[2021-12-20 10:54:49,506] - [INFO] - 支用试算成功！
[2021-12-20 10:54:49,507] - [INFO] - 支用接口
[2021-12-20 10:54:49,507] - [INFO] - http://10.1.14.117:27405/channel/apitest/TCJQ/DISBURSE
[2021-12-20 10:54:49,508] - [INFO] - 请求报文：{'channelCustId': '202112201054326642571', 'loanReqNo': '202112201054329960292', 'creditReqNo': '202112201054328833913', 'loanAmount': 2000, 'periods': '3', 'purpose': '01', 'bankCard': '6214661220105432', 'bankCode': '308584000013', 'bankName': '建设银行', 'bankPhone': '16612204661', 'longitude': '121.551738', 'latitude': '31.224634', 'ip': '192.168.1.2', 'capitalCode': 'FBBANK', 'channelDetail': {'woolFlag': '1', 'phoneFlag': '1', 'phoneTelco': '1', 'compScore': '80', 'repayAbilityScore': '80', 'comsAmount': '4', 'finAmount': '2', 'redPacket': '2', 'phoneAreaName': '上海市', 'modelScore': '80', 'whiteListFlag': '0', 'loanGrade': 'A', 'registerTime': '2', 'realNameFlag': '1', 'realNameGrade': '1', 'transFlag': '1', 'custType': '', 'currLimit': 5000, 'currRemainLimit': 2000, 'currLimitOrg': 'DD', 'currLimitStartDate': '2021/05/31', 'currLimitEndDate': '2021/07/31', 'currTotalPrice': 28.11, 'firstLoanFlag': '1', 'unsettleLoanLimit': 1, 'settleLoanLimit': 1, 'lastLoanDate': '2021/04/21', 'loanAmount': 3000}, 'custType': '0'}
[2021-12-20 10:54:49,909] - [INFO] - 响应报文：{'result': True, 'code': 200, 'msg': 'SUCCESS!', 'data': {'code': '0000', 'productId': '7014', 'body': {'channelCustId': '202112201054326642571', 'loanReqNo': '202112201054329960292', 'loanApplyNo': '20211220000004001', 'status': '01'}, 'message': '成功', 'channelId': 'ORANGE'}}
[2021-12-20 10:54:49,909] - [INFO] - 支用接口调用成功！
[2021-12-20 10:54:49,910] - [INFO] - 受理成功，处理中!
[2021-12-20 10:54:49,910] - [INFO] - 
                    姓名：强无伟
                    身份证号：411221199511065510
                    手机号：16612204661
                    借款金额:2000
                    借款期次:3
                    channelCustId：202112201054326642571
                    creditReqNo：202112201054328833913
                    loanReqNo:202112201054329960292
                    
[2021-12-20 11:19:17,672] - [INFO] - 授信申请
[2021-12-20 11:19:17,672] - [INFO] - [http://10.1.14.117:27405/channel/apitest/TCJQ/CREDIT_GRANTING]
[2021-12-20 11:19:17,673] - [INFO] - 请求报文：{'channelCustId': '202112201119176640765', 'creditReqNo': '202112201119178870096', 'name': '鱼友朋', 'spelling': 'ZHANGTIAN', 'sex': '01', 'nationality': '中国', 'nation': '汉族', 'birthday': '1985/06/02', 'idType': '00', 'idNo': '640323199204049510', 'idStartDate': '2016/01/18', 'idEndDate': '2036/01/18', 'idOffice': '北京市东城区', 'marriage': '01', 'children': '00', 'supplyPeople': 3, 'house': '00', 'addProvince': '110000', 'addCity': '110000', 'addDistrict': '110101', 'addDetail': '东大街东大院', 'industry': 'C', 'profession': '11', 'workplaceName': 'AAA单位', 'workTel': '13162314539', 'workProvince': '110000', 'workCity': '110000', 'workDistrict': '110101', 'workDetailAdd': '西大街西大院', 'workAge': 8, 'income': '03', 'education': '06', 'school': '北京大学', 'phone': '16612209259', 'email': 'email163@qq.com', 'contacts': [{'relation': '00', 'name': '张三', 'phoneNo': '15638530000'}, {'relation': '01', 'name': '李四', 'phoneNo': '15638539999'}], 'bankCard': '6214661220111917', 'bankName': '建设银行', 'bankPhone': '16612209259', 'applyProvince': '110000', 'applyCity': '110000', 'applyDistrict': '110101', 'loanAmount': 5000, 'periods': '3', 'purpose': '01', 'direction': '01', 'payType': '00', 'payMerchantNo': '26666', 'authFlag': '01', 'deviceDetail': {'deviceId': '10-45-5-486', 'mac': '3a:b6:c6:5d:2e:f9', 'longitude': '121.551738', 'latitude': '31.224634', 'gpsCity': '上海市', 'ip': '106.14.135.199', 'ipCity': '上海', 'os': 'android', 'docDate': '2019/09/12'}, 'channelDetail': {'citizenshipCheckResult': '1', 'bankCheckResult': '1', 'telcoCheckResult': '1', 'consumeTimes': '1', 'creditTimes': '1', 'consumeScene': '1', 'frontId': '11', 'reverseId': '11', 'faceId': '11', 'woolFlag': '1', 'phoneFlag': '1', 'phoneTelco': '1', 'compScore': '650', 'repayAbilityScore': '650', 'comsAmount': '1', 'finAmount': '1', 'redPacket': '1', 'phoneAreaName': '上海市', 'modelScore': '650', 'whiteListFlag': '0', 'sugAmount': '3000.00', 'sugBasis': '2', 'loanGrade': 'A', 'registerTime': '1', 'realNameFlag': '1', 'realNameGrade': '1', 'transFlag': '1', 'custType': '', 'currLimit': 5000, 'currRemainLimit': 2000, 'currLimitOrg': 'DD', 'currLimitStartDate': '2021/05/31', 'currLimitEndDate': '2021/07/31', 'currTotalPrice': 28.11, 'firstLoanFlag': '1', 'unsettleLoanLimit': 1, 'settleLoanLimit': 1, 'lastLoanDate': '2021/04/21', 'loanAmount': 3000}, 'custType': '0'}
[2021-12-20 11:19:17,902] - [INFO] - 响应报文：{'result': True, 'code': 200, 'msg': 'SUCCESS!', 'data': {'code': '0000', 'productId': '7014', 'body': {'channelCustId': '202112201119176640765', 'creditReqNo': '202112201119178870096', 'creditApplyNo': '202112200000002001', 'status': '01'}, 'message': '成功', 'channelId': 'ORANGE'}}
[2021-12-20 11:19:17,903] - [INFO] - 授信接口调用成功！
[2021-12-20 11:19:17,903] - [INFO] - 授信受理成功，处理中！
[2021-12-20 11:19:17,904] - [INFO] - 授信结果查询
[2021-12-20 11:19:17,904] - [INFO] - ['http://10.1.14.117:27405/channel/apitest/TCJQ/CREDIT_INQUIRY']
[2021-12-20 11:19:17,904] - [INFO] - 请求报文：{'channelCustId': '202112201119176640765', 'creditReqNo': '202112201119178870096', 'creditApplyNo': '202112200000002001'}
[2021-12-20 11:19:17,997] - [INFO] - 响应报文：{'result': True, 'code': 200, 'msg': 'SUCCESS!', 'data': {'code': '0000', 'productId': '7014', 'body': {'channelCustId': '202112201119176640765', 'creditReqNo': '202112201119178870096', 'creditApplyNo': '202112200000002001', 'status': '00'}, 'message': '成功', 'channelId': 'ORANGE'}}
[2021-12-20 11:19:17,997] - [INFO] - 授信查询接口调用成功！
[2021-12-20 11:19:17,998] - [INFO] - 授信中！
[2021-12-20 11:19:21,004] - [INFO] - 授信结果查询
[2021-12-20 11:19:21,005] - [INFO] - ['http://10.1.14.117:27405/channel/apitest/TCJQ/CREDIT_INQUIRY']
[2021-12-20 11:19:21,006] - [INFO] - 请求报文：{'channelCustId': '202112201119176640765', 'creditReqNo': '202112201119178870096', 'creditApplyNo': '202112200000002001'}
[2021-12-20 11:19:21,106] - [INFO] - 响应报文：{'result': True, 'code': 200, 'msg': 'SUCCESS!', 'data': {'code': '0000', 'productId': '7014', 'body': {'channelCustId': '202112201119176640765', 'creditReqNo': '202112201119178870096', 'creditApplyNo': '202112200000002001', 'status': '00'}, 'message': '成功', 'channelId': 'ORANGE'}}
[2021-12-20 11:19:21,107] - [INFO] - 授信查询接口调用成功！
[2021-12-20 11:19:21,108] - [INFO] - 授信中！
[2021-12-20 11:19:24,114] - [INFO] - 授信结果查询
[2021-12-20 11:19:24,115] - [INFO] - ['http://10.1.14.117:27405/channel/apitest/TCJQ/CREDIT_INQUIRY']
[2021-12-20 11:19:24,116] - [INFO] - 请求报文：{'channelCustId': '202112201119176640765', 'creditReqNo': '202112201119178870096', 'creditApplyNo': '202112200000002001'}
[2021-12-20 11:19:24,181] - [INFO] - 响应报文：{'result': True, 'code': 200, 'msg': 'SUCCESS!', 'data': {'code': '0000', 'productId': '7014', 'body': {'channelCustId': '202112201119176640765', 'creditReqNo': '202112201119178870096', 'creditApplyNo': '202112200000002001', 'status': '00'}, 'message': '成功', 'channelId': 'ORANGE'}}
[2021-12-20 11:19:24,182] - [INFO] - 授信查询接口调用成功！
[2021-12-20 11:19:24,182] - [INFO] - 授信中！
[2021-12-20 11:19:27,189] - [INFO] - 授信结果查询
[2021-12-20 11:19:27,190] - [INFO] - ['http://10.1.14.117:27405/channel/apitest/TCJQ/CREDIT_INQUIRY']
[2021-12-20 11:19:27,191] - [INFO] - 请求报文：{'channelCustId': '202112201119176640765', 'creditReqNo': '202112201119178870096', 'creditApplyNo': '202112200000002001'}
[2021-12-20 11:19:27,266] - [INFO] - 响应报文：{'result': True, 'code': 200, 'msg': 'SUCCESS!', 'data': {'code': '0000', 'productId': '7014', 'body': {'channelCustId': '202112201119176640765', 'creditReqNo': '202112201119178870096', 'creditApplyNo': '202112200000002001', 'status': '00'}, 'message': '成功', 'channelId': 'ORANGE'}}
[2021-12-20 11:19:27,267] - [INFO] - 授信查询接口调用成功！
[2021-12-20 11:19:27,267] - [INFO] - 授信中！
[2021-12-20 11:19:30,274] - [INFO] - 授信结果查询
[2021-12-20 11:19:30,275] - [INFO] - ['http://10.1.14.117:27405/channel/apitest/TCJQ/CREDIT_INQUIRY']
[2021-12-20 11:19:30,276] - [INFO] - 请求报文：{'channelCustId': '202112201119176640765', 'creditReqNo': '202112201119178870096', 'creditApplyNo': '202112200000002001'}
[2021-12-20 11:19:30,380] - [INFO] - 响应报文：{'result': True, 'code': 200, 'msg': 'SUCCESS!', 'data': {'code': '0000', 'productId': '7014', 'body': {'channelCustId': '202112201119176640765', 'creditReqNo': '202112201119178870096', 'creditApplyNo': '202112200000002001', 'status': '00'}, 'message': '成功', 'channelId': 'ORANGE'}}
[2021-12-20 11:19:30,381] - [INFO] - 授信查询接口调用成功！
[2021-12-20 11:19:30,382] - [INFO] - 授信中！
[2021-12-20 11:19:33,385] - [INFO] - 授信结果查询
[2021-12-20 11:19:33,387] - [INFO] - ['http://10.1.14.117:27405/channel/apitest/TCJQ/CREDIT_INQUIRY']
[2021-12-20 11:19:33,388] - [INFO] - 请求报文：{'channelCustId': '202112201119176640765', 'creditReqNo': '202112201119178870096', 'creditApplyNo': '202112200000002001'}
[2021-12-20 11:19:33,510] - [INFO] - 响应报文：{'result': True, 'code': 200, 'msg': 'SUCCESS!', 'data': {'code': '0000', 'productId': '7014', 'body': {'creditDate': '2021/12/20', 'creditExpireDate': '2024/12/20', 'freezingDate': '', 'channelCustId': '202112201119176640765', 'creditReqNo': '202112201119178870096', 'creditApplyNo': '202112200000002001', 'creditState': '00', 'availAmount': 10000.0, 'creditAmount': 10000.0, 'status': '01'}, 'message': '成功', 'channelId': 'ORANGE'}}
[2021-12-20 11:19:33,512] - [INFO] - 授信查询接口调用成功！
[2021-12-20 11:19:33,512] - [INFO] - 授信通过！
[2021-12-20 11:19:33,513] - [INFO] - 更新客户信息表liveaddress
[2021-12-20 11:19:33,514] - [INFO] - update customer_info set liveaddress = '北京市市辖区东城区' where CERTID = '640323199204049510'
[2021-12-20 11:19:33,575] - [INFO] - 支用试算
[2021-12-20 11:19:33,575] - [INFO] - http://10.1.14.117:27405/channel/apitest/TCJQ/DISBURSE_TRIAL
[2021-12-20 11:19:33,576] - [INFO] - 请求报文：{'channelCustId': '202112201119176640765', 'periods': '3', 'loanAmount': 2000}
[2021-12-20 11:19:35,742] - [INFO] - 响应报文：{'result': True, 'code': 200, 'msg': 'SUCCESS!', 'data': {'code': '0000', 'productId': '7014', 'body': {'channelCustId': '202112201119176640765', 'repayPlanDetails': [{'principal': 663.24, 'period': 1, 'periodAmt': 703.67, 'premium': 30.1, 'interest': 10.33, 'repayDate': '2036/12/20'}, {'principal': 666.66, 'period': 2, 'periodAmt': 703.67, 'premium': 30.1, 'interest': 6.91, 'repayDate': '2037/01/20'}, {'principal': 670.1, 'period': 3, 'periodAmt': 703.66, 'premium': 30.1, 'interest': 3.46, 'repayDate': '2037/02/20'}], 'capitalCode': 'FBBANK', 'status': '01'}, 'message': '成功', 'channelId': 'ORANGE'}}
[2021-12-20 11:19:35,743] - [INFO] - 本次试算资方为：FBBANK
[2021-12-20 11:19:35,744] - [INFO] - 支用试算成功！
[2021-12-20 11:19:35,744] - [INFO] - 支用接口
[2021-12-20 11:19:35,745] - [INFO] - http://10.1.14.117:27405/channel/apitest/TCJQ/DISBURSE
[2021-12-20 11:19:35,746] - [INFO] - 请求报文：{'channelCustId': '202112201119176640765', 'loanReqNo': '202112201119179928040', 'creditReqNo': '202112201119178870096', 'loanAmount': 2000, 'periods': '3', 'purpose': '01', 'bankCard': '6214661220111917', 'bankCode': '308584000013', 'bankName': '建设银行', 'bankPhone': '16612209259', 'longitude': '121.551738', 'latitude': '31.224634', 'ip': '192.168.1.2', 'capitalCode': 'FBBANK', 'channelDetail': {'woolFlag': '1', 'phoneFlag': '1', 'phoneTelco': '1', 'compScore': '80', 'repayAbilityScore': '80', 'comsAmount': '4', 'finAmount': '2', 'redPacket': '2', 'phoneAreaName': '上海市', 'modelScore': '80', 'whiteListFlag': '0', 'loanGrade': 'A', 'registerTime': '2', 'realNameFlag': '1', 'realNameGrade': '1', 'transFlag': '1', 'custType': '', 'currLimit': 5000, 'currRemainLimit': 2000, 'currLimitOrg': 'DD', 'currLimitStartDate': '2021/05/31', 'currLimitEndDate': '2021/07/31', 'currTotalPrice': 28.11, 'firstLoanFlag': '1', 'unsettleLoanLimit': 1, 'settleLoanLimit': 1, 'lastLoanDate': '2021/04/21', 'loanAmount': 3000}, 'custType': '0'}
[2021-12-20 11:19:35,913] - [INFO] - 响应报文：{'result': True, 'code': 200, 'msg': 'SUCCESS!', 'data': {'code': '0000', 'productId': '7014', 'body': {'channelCustId': '202112201119176640765', 'loanReqNo': '202112201119179928040', 'loanApplyNo': '20211220000006001', 'status': '01'}, 'message': '成功', 'channelId': 'ORANGE'}}
[2021-12-20 11:19:35,915] - [INFO] - 支用接口调用成功！
[2021-12-20 11:19:35,915] - [INFO] - 受理成功，处理中!
[2021-12-20 11:19:35,916] - [INFO] - 
                    姓名：鱼友朋
                    身份证号：640323199204049510
                    手机号：16612209259
                    借款金额:2000
                    借款期次:3
                    channelCustId：202112201119176640765
                    creditReqNo：202112201119178870096
                    loanReqNo:202112201119179928040
                    
