[2021-11-11 09:21:12,064] - [INFO] - 投保信息接口
[2021-11-11 09:21:12,065] - [INFO] - http://10.1.14.117:27405/channel/apitest/HUANBEI/INSURE_INFO
[2021-11-11 09:21:12,065] - [INFO] - 请求报文：{'channelCustId': '', 'loanReqNo': '202111110921126691136', 'capitalCode': 'FBBANK', 'custGrde': 18, 'name': '楚上梦', 'idNo': '450211199107264618', 'phone': '16611111584', 'amount': 3000, 'periods': '6', 'purpose': '01', 'addProvince': '110000', 'addCity': '110000', 'addDistrict': '110101', 'addDetail': '学霸路学渣小区1314弄520号', 'email': 'ybhdsg@hrtx.com', 'contactPhone': 'contactPhone', 'loanRate': 20.0, 'discountRate': 18}
[2021-11-11 09:21:12,334] - [INFO] - 响应报文：{'result': True, 'code': 200, 'msg': 'SUCCESS!', 'data': {'channelCustId': '', 'errorCode': '', 'errorMsg': '', 'insurAgencyUrl': 'https://pre-h5.dsibc.com/market/detail?productCode=1059901&loanReqNo=202111110921126691136&lp=20211111092112326000014007', 'loanApplyNo': '202111110921126691136', 'loanReqNo': '202111110921126691136'}}
[2021-11-11 09:21:12,334] - [INFO] - 投保信息接口成功！
[2021-11-11 09:21:12,335] - [INFO] - 投保资料查询接口
[2021-11-11 09:21:12,335] - [INFO] - http://10.1.14.117:27405/channel/apitest/HUANBEI/INSURE_DATA_QUERY
[2021-11-11 09:21:12,336] - [INFO] - 请求报文：{'loanReqNo': '202111110921126691136', 'token': '20211111092112326000014007'}
[2021-11-11 09:21:12,505] - [INFO] - 响应报文：{'result': True, 'code': 200, 'msg': 'SUCCESS!', 'data': {'discountRate': 0, 'insurantName': '富邦华一银行有限公司', 'purpose': '01', 'premiumRate': 0.565, 'loanReqNo': '202111110921126691136', 'premiumExcTax': 16.5, 'idNo': '450211199107264618', 'phoneNo': 'contactPhone', 'insurantAdd': '中国(上海)自由贸易试验区世纪大道1168号A座101室、18楼、19楼及20楼', 'claimPeriod': '80', 'periods': 6, 'taxFee': 0.99, 'email': 'ybhdsg@hrtx.com', 'monthlyFee': 17.49, 'addProvince': '110000', 'amount': 3000.0, 'address': '北京市北京市东城区学霸路学渣小区1314弄520号', 'irr': '18.00', 'addDistrict': '110101', 'addCity': '110000', 'annualIntRate': 6.2, 'addDetail': '学霸路学渣小区1314弄520号', 'phone': '16611111584', 'insAmount': 3093.0, 'name': '楚上梦', 'postCode': '200122'}}
[2021-11-11 09:21:12,506] - [INFO] - 投保资料查询成功！
[2021-11-11 09:21:12,506] - [INFO] - 投保接口
[2021-11-11 09:21:12,506] - [INFO] - http://10.1.14.117:27405/channel/apitest/HUANBEI/INSURE
[2021-11-11 09:21:12,507] - [INFO] - 请求报文：{'agentNo': 'DingSheng', 'agentName': '鼎盛保险经纪', 'loanReqNo': '202111110921126691136', 'insReqNo': '202111110921126691136', 'name': '楚上梦', 'idNo': '450211199107264618', 'phone': '16611111584', 'amount': 3000, 'periods': '6', 'purpose': '01', 'premiumRate': 0.565, 'insurantName': '哑巴湖大水怪', 'insurantAdd': '被保险人通讯地址', 'postCode': '110016', 'version': '', 'docVersion': ''}
[2021-11-11 09:21:12,676] - [INFO] - 响应报文：{'result': True, 'code': 200, 'msg': 'SUCCESS!', 'data': {'insReqNo': '2581615070388370', 'errorCode': '', 'loanReqNo': '202111110921126691136', 'errorMsg': '', 'status': '01'}}
[2021-11-11 09:21:12,677] - [INFO] - 已受理，处理中！
[2021-11-11 09:21:12,677] - [INFO] - 支用接口
[2021-11-11 09:21:12,677] - [INFO] - http://10.1.14.117:27405/channel/apitest/HUANBEI/DISBURSE
[2021-11-11 09:21:12,678] - [INFO] - 请求报文：{'channelCustId': '', 'loanReqNo': '202111110921126691136', 'loanRate': 20.0, 'discountRate': 18, 'name': '楚上梦', 'spelling': 'LAIJING', 'sex': '00', 'nationality': '中国', 'nation': '汉族', 'birthday': '1993/12/12', 'idType': '00', 'loanAmount': 3000, 'periods': '6', 'phone': '16611111584', 'idNo': '450211199107264618', 'idStartDate': '2015/10/08', 'idEndDate': '2025/10/08', 'idOffice': '上海市崇明区太上皇路888弄001号', 'marriage': '00', 'children': '01', 'supplyPeople': 0, 'house': '09', 'addProvince': '110000', 'addCity': '110000', 'addDistrict': '110101', 'addDetail': '学霸路学渣小区250弄38号', 'industry': 'C', 'profession': '01', 'workplaceName': '中国大地保险公司', 'workTel': '0521-11122844', 'workProvince': '上海市', 'workCity': '上海市', 'workDistrict': '浦东新区', 'workDetailAdd': '证大五道口1199弄', 'workAge': 5, 'income': '02', 'education': '05', 'school': '哈弗大学', 'email': 'ybhdsg@hrtx.com', 'bankCard': '6214661111092112', 'bankName': '建设银行', 'bankPhone': '16611111584', 'applyProvince': '110000', 'applyCity': '110000', 'applyDistrict': '110101', 'purpose': '01', 'direction': '04', 'payType': '00', 'payMerchantNo': '', 'authFlag': '01', 'capitalCode': 'FBBANK', 'agrSignTime': '20200506175500', 'docDate': '', 'contacts': [{'relation': '01', 'name': '鼎盛一', 'phoneNo': '17613148801'}, {'relation': '00', 'name': '鼎盛二', 'phoneNo': '17613148802'}], 'deviceDetail': {'deviceId': '646876135467846554646', 'mac': 'NONE', 'longitude': '162.357159', 'latitude': '63.589634', 'gpsCity': '上海市', 'ip': '192.3.46.57', 'ipCity': '上海市', 'oS': 'ios'}, 'channelDetail': {'custGrade': 18, 'obtainCustType': '01', 'faceType': '01', 'faceScore': 70, 'verifyResult': '01', 'fourElementsResult': '01', 'limitDate': '2020/05/06', 'limit': 20000.0, 'balanceLimit': 20000.0, 'isFirstDisburse': 'Y', 'settleLoanCounts': 1, 'unclearedLoanCnts': 1, 'unclearedLoanBaln': 0, 'overdueD3Days': 'N', 'maxOverdueDays': 14, 'overdueDays': 4, 'overdueD3Cnts': 1, 'isCurrentOverdue': 'N', 'firstRepayOdCnts': 1, 'beforeLoanSocre': '', 'midLoanSocre': '', 'afterLoanSocre': '', 'custGrde': 18}}
[2021-11-11 09:21:13,172] - [INFO] - 响应报文：{'result': True, 'code': 200, 'msg': 'SUCCESS!', 'data': {'channelCustId': '', 'errorCode': '', 'errorMsg': '', 'loanApplyNo': '202111110000000002', 'loanReqNo': '202111110921126691136', 'status': '01'}}
[2021-11-11 09:21:13,172] - [INFO] - 支用受理成功，处理中！
[2021-11-11 09:21:18,179] - [INFO] - 更新customer_info表liveaddress
[2021-11-11 09:21:18,180] - [INFO] - update customer_info set liveaddress = '河北省石家庄市裕华区体育南大街379号11栋3单元403号' where CERTID = '450211199107264618'
[2021-11-11 09:21:18,389] - [INFO] - 
                        姓名：楚上梦
                        身份证号：450211199107264618
                        手机号：16611111584
                        借款金额:3000
                        借款期次:6
                        loanReqNo:202111110921126691136
                    
[2021-11-11 09:38:37,667] - [INFO] - 投保信息接口
[2021-11-11 09:38:37,668] - [INFO] - http://10.1.14.106:27405/channel/apitest/HUANBEI/INSURE_INFO
[2021-11-11 09:38:37,669] - [INFO] - 请求报文：{'channelCustId': '', 'loanReqNo': '20211111093837668613', 'capitalCode': 'FBBANK', 'custGrde': 18, 'name': '桓电武', 'idNo': '371481199012176069', 'phone': '16611115742', 'amount': 3000, 'periods': '6', 'purpose': '01', 'addProvince': '110000', 'addCity': '110000', 'addDistrict': '110101', 'addDetail': '学霸路学渣小区1314弄520号', 'email': 'ybhdsg@hrtx.com', 'contactPhone': 'contactPhone', 'loanRate': 20.0, 'discountRate': 18}
[2021-11-11 09:38:38,308] - [INFO] - 响应报文：{'result': True, 'code': 200, 'msg': 'SUCCESS!', 'data': {'channelCustId': '', 'errorCode': '', 'errorMsg': '', 'insurAgencyUrl': 'https://test-h5.dsibc.com/market/detail?productCode=1059901&env=sit&loanReqNo=20211111093837668613&lp=20211111093838098000026123', 'loanApplyNo': '20211111093837668613', 'loanReqNo': '20211111093837668613'}}
[2021-11-11 09:38:38,309] - [INFO] - 投保信息接口成功！
[2021-11-11 09:38:38,310] - [INFO] - 投保资料查询接口
[2021-11-11 09:38:38,311] - [INFO] - http://10.1.14.106:27405/channel/apitest/HUANBEI/INSURE_DATA_QUERY
[2021-11-11 09:38:38,311] - [INFO] - 请求报文：{'loanReqNo': '20211111093837668613', 'token': '20211111093838098000026123'}
[2021-11-11 09:38:38,486] - [INFO] - 响应报文：{'result': True, 'code': 200, 'msg': 'SUCCESS!', 'data': {'discountRate': 0, 'insurantName': '富邦华一银行', 'purpose': '01', 'premiumRate': 0.57, 'loanReqNo': '20211111093837668613', 'premiumExcTax': 16.5, 'idNo': '371481199012176069', 'phoneNo': 'contactPhone', 'insurantAdd': '上海市静安区高平路478号', 'claimPeriod': '50', 'periods': 6, 'taxFee': 0.99, 'email': 'ybhdsg@hrtx.com', 'monthlyFee': 17.49, 'addProvince': '110000', 'amount': 3000.0, 'address': '北京市北京市东城区学霸路学渣小区1314弄520号', 'irr': '18.00', 'addDistrict': '110101', 'addCity': '110000', 'annualIntRate': 6.2, 'addDetail': '学霸路学渣小区1314弄520号', 'phone': '16611115742', 'insAmount': 3069.6, 'name': '桓电武', 'postCode': '200436'}}
[2021-11-11 09:38:38,486] - [INFO] - 投保资料查询成功！
[2021-11-11 09:38:38,487] - [INFO] - 投保接口
[2021-11-11 09:38:38,487] - [INFO] - http://10.1.14.106:27405/channel/apitest/HUANBEI/INSURE
[2021-11-11 09:38:38,488] - [INFO] - 请求报文：{'agentNo': 'DingSheng', 'agentName': '鼎盛保险经纪', 'loanReqNo': '20211111093837668613', 'insReqNo': '20211111093837668613', 'name': '桓电武', 'idNo': '371481199012176069', 'phone': '16611115742', 'amount': 3000, 'periods': '6', 'purpose': '01', 'premiumRate': 0.57, 'insurantName': '哑巴湖大水怪', 'insurantAdd': '被保险人通讯地址', 'postCode': '110016', 'version': '', 'docVersion': ''}
[2021-11-11 09:38:38,693] - [INFO] - 响应报文：{'result': True, 'code': 200, 'msg': 'SUCCESS!', 'data': {'insReqNo': '7766007122853165', 'errorCode': '', 'loanReqNo': '20211111093837668613', 'errorMsg': '', 'status': '01'}}
[2021-11-11 09:38:38,694] - [INFO] - 已受理，处理中！
[2021-11-11 09:38:38,695] - [INFO] - 支用接口
[2021-11-11 09:38:38,695] - [INFO] - http://10.1.14.106:27405/channel/apitest/HUANBEI/DISBURSE
[2021-11-11 09:38:38,696] - [INFO] - 请求报文：{'channelCustId': '', 'loanReqNo': '20211111093837668613', 'loanRate': 20.0, 'discountRate': 18, 'name': '桓电武', 'spelling': 'LAIJING', 'sex': '00', 'nationality': '中国', 'nation': '汉族', 'birthday': '1993/12/12', 'idType': '00', 'loanAmount': 3000, 'periods': '6', 'phone': '16611115742', 'idNo': '371481199012176069', 'idStartDate': '2015/10/08', 'idEndDate': '2025/10/08', 'idOffice': '上海市崇明区太上皇路888弄001号', 'marriage': '00', 'children': '01', 'supplyPeople': 0, 'house': '09', 'addProvince': '110000', 'addCity': '110000', 'addDistrict': '110101', 'addDetail': '学霸路学渣小区250弄38号', 'industry': 'C', 'profession': '01', 'workplaceName': '中国大地保险公司', 'workTel': '0521-11122844', 'workProvince': '上海市', 'workCity': '上海市', 'workDistrict': '浦东新区', 'workDetailAdd': '证大五道口1199弄', 'workAge': 5, 'income': '02', 'education': '05', 'school': '哈弗大学', 'email': 'ybhdsg@hrtx.com', 'bankCard': '6214661111093837', 'bankName': '建设银行', 'bankPhone': '16611115742', 'applyProvince': '110000', 'applyCity': '110000', 'applyDistrict': '110101', 'purpose': '01', 'direction': '04', 'payType': '00', 'payMerchantNo': '', 'authFlag': '01', 'capitalCode': 'FBBANK', 'agrSignTime': '20200506175500', 'docDate': '', 'contacts': [{'relation': '01', 'name': '鼎盛一', 'phoneNo': '17613148801'}, {'relation': '00', 'name': '鼎盛二', 'phoneNo': '17613148802'}], 'deviceDetail': {'deviceId': '646876135467846554646', 'mac': 'NONE', 'longitude': '162.357159', 'latitude': '63.589634', 'gpsCity': '上海市', 'ip': '192.3.46.57', 'ipCity': '上海市', 'oS': 'ios'}, 'channelDetail': {'custGrade': 18, 'obtainCustType': '01', 'faceType': '01', 'faceScore': 70, 'verifyResult': '01', 'fourElementsResult': '01', 'limitDate': '2020/05/06', 'limit': 20000.0, 'balanceLimit': 20000.0, 'isFirstDisburse': 'Y', 'settleLoanCounts': 1, 'unclearedLoanCnts': 1, 'unclearedLoanBaln': 0, 'overdueD3Days': 'N', 'maxOverdueDays': 14, 'overdueDays': 4, 'overdueD3Cnts': 1, 'isCurrentOverdue': 'N', 'firstRepayOdCnts': 1, 'beforeLoanSocre': '', 'midLoanSocre': '', 'afterLoanSocre': '', 'custGrde': 18}}
[2021-11-11 09:38:39,473] - [INFO] - 响应报文：{'result': True, 'code': 200, 'msg': 'SUCCESS!', 'data': {'channelCustId': '', 'errorCode': '', 'errorMsg': '', 'loanApplyNo': '202111110000000001', 'loanReqNo': '20211111093837668613', 'status': '01'}}
[2021-11-11 09:38:39,474] - [INFO] - 支用受理成功，处理中！
[2021-11-11 09:38:44,475] - [INFO] - 更新customer_info表liveaddress
[2021-11-11 09:38:44,475] - [INFO] - update customer_info set liveaddress = '河北省石家庄市裕华区体育南大街379号11栋3单元403号' where CERTID = '371481199012176069'
[2021-11-11 09:38:44,580] - [INFO] - 
                        姓名：桓电武
                        身份证号：371481199012176069
                        手机号：16611115742
                        借款金额:3000
                        借款期次:6
                        loanReqNo:20211111093837668613
                    
[2021-11-11 09:49:28,303] - [INFO] - 投保信息接口
[2021-11-11 09:49:28,304] - [INFO] - http://10.1.14.106:27405/channel/apitest/HUANBEI/INSURE_INFO
[2021-11-11 09:49:28,305] - [INFO] - 请求报文：{'channelCustId': '', 'loanReqNo': '202111110949286684364', 'capitalCode': 'FBBANK', 'custGrde': 18, 'name': '甲一', 'idNo': '65322420090421440X', 'phone': '13164823092', 'amount': 3000, 'periods': '6', 'purpose': '01', 'addProvince': '110000', 'addCity': '110000', 'addDistrict': '110101', 'addDetail': '学霸路学渣小区1314弄520号', 'email': 'ybhdsg@hrtx.com', 'contactPhone': 'contactPhone', 'loanRate': 20.0, 'discountRate': 18}
[2021-11-11 09:49:28,520] - [INFO] - 响应报文：{'result': True, 'code': 200, 'msg': 'SUCCESS!', 'data': {'channelCustId': '', 'errorCode': '', 'errorMsg': '', 'insurAgencyUrl': 'https://test-h5.dsibc.com/market/detail?productCode=1059901&env=sit&loanReqNo=202111110949286684364&lp=20211111094928615000026124', 'loanApplyNo': '202111110949286684364', 'loanReqNo': '202111110949286684364'}}
[2021-11-11 09:49:28,521] - [INFO] - 投保信息接口成功！
[2021-11-11 09:49:28,522] - [INFO] - 投保资料查询接口
[2021-11-11 09:49:28,522] - [INFO] - http://10.1.14.106:27405/channel/apitest/HUANBEI/INSURE_DATA_QUERY
[2021-11-11 09:49:28,522] - [INFO] - 请求报文：{'loanReqNo': '202111110949286684364', 'token': '20211111094928615000026124'}
[2021-11-11 09:49:28,699] - [INFO] - 响应报文：{'result': True, 'code': 200, 'msg': 'SUCCESS!', 'data': {'discountRate': 0, 'insurantName': '富邦华一银行', 'purpose': '01', 'premiumRate': 0.57, 'loanReqNo': '202111110949286684364', 'premiumExcTax': 16.5, 'idNo': '65322420090421440X', 'phoneNo': 'contactPhone', 'insurantAdd': '上海市静安区高平路478号', 'claimPeriod': '50', 'periods': 6, 'taxFee': 0.99, 'email': 'ybhdsg@hrtx.com', 'monthlyFee': 17.49, 'addProvince': '110000', 'amount': 3000.0, 'address': '北京市北京市东城区学霸路学渣小区1314弄520号', 'irr': '18.00', 'addDistrict': '110101', 'addCity': '110000', 'annualIntRate': 6.2, 'addDetail': '学霸路学渣小区1314弄520号', 'phone': '13164823092', 'insAmount': 3069.6, 'name': '甲一', 'postCode': '200436'}}
[2021-11-11 09:49:28,699] - [INFO] - 投保资料查询成功！
[2021-11-11 09:49:28,700] - [INFO] - 投保接口
[2021-11-11 09:49:28,700] - [INFO] - http://10.1.14.106:27405/channel/apitest/HUANBEI/INSURE
[2021-11-11 09:49:28,700] - [INFO] - 请求报文：{'agentNo': 'DingSheng', 'agentName': '鼎盛保险经纪', 'loanReqNo': '202111110949286684364', 'insReqNo': '202111110949286684364', 'name': '甲一', 'idNo': '65322420090421440X', 'phone': '13164823092', 'amount': 3000, 'periods': '6', 'purpose': '01', 'premiumRate': 0.57, 'insurantName': '哑巴湖大水怪', 'insurantAdd': '被保险人通讯地址', 'postCode': '110016', 'version': '', 'docVersion': ''}
[2021-11-11 09:49:28,902] - [INFO] - 响应报文：{'result': True, 'code': 200, 'msg': 'SUCCESS!', 'data': {'insReqNo': '8815010713133363', 'errorCode': '', 'loanReqNo': '202111110949286684364', 'errorMsg': '', 'status': '01'}}
[2021-11-11 09:49:28,904] - [INFO] - 已受理，处理中！
[2021-11-11 09:49:28,904] - [INFO] - 支用接口
[2021-11-11 09:49:28,904] - [INFO] - http://10.1.14.106:27405/channel/apitest/HUANBEI/DISBURSE
[2021-11-11 09:49:28,905] - [INFO] - 请求报文：{'channelCustId': '', 'loanReqNo': '202111110949286684364', 'loanRate': 20.0, 'discountRate': 18, 'name': '甲一', 'spelling': 'LAIJING', 'sex': '00', 'nationality': '中国', 'nation': '汉族', 'birthday': '1993/12/12', 'idType': '00', 'loanAmount': 3000, 'periods': '6', 'phone': '13164823092', 'idNo': '65322420090421440X', 'idStartDate': '2015/10/08', 'idEndDate': '2025/10/08', 'idOffice': '上海市崇明区太上皇路888弄001号', 'marriage': '00', 'children': '01', 'supplyPeople': 0, 'house': '09', 'addProvince': '110000', 'addCity': '110000', 'addDistrict': '110101', 'addDetail': '学霸路学渣小区250弄38号', 'industry': 'C', 'profession': '01', 'workplaceName': '中国大地保险公司', 'workTel': '0521-11122844', 'workProvince': '上海市', 'workCity': '上海市', 'workDistrict': '浦东新区', 'workDetailAdd': '证大五道口1199弄', 'workAge': 5, 'income': '02', 'education': '05', 'school': '哈弗大学', 'email': 'ybhdsg@hrtx.com', 'bankCard': '6216261000000009274', 'bankName': '建设银行', 'bankPhone': '13164823092', 'applyProvince': '110000', 'applyCity': '110000', 'applyDistrict': '110101', 'purpose': '01', 'direction': '04', 'payType': '00', 'payMerchantNo': '', 'authFlag': '01', 'capitalCode': 'FBBANK', 'agrSignTime': '20200506175500', 'docDate': '', 'contacts': [{'relation': '01', 'name': '鼎盛一', 'phoneNo': '17613148801'}, {'relation': '00', 'name': '鼎盛二', 'phoneNo': '17613148802'}], 'deviceDetail': {'deviceId': '646876135467846554646', 'mac': 'NONE', 'longitude': '162.357159', 'latitude': '63.589634', 'gpsCity': '上海市', 'ip': '192.3.46.57', 'ipCity': '上海市', 'oS': 'ios'}, 'channelDetail': {'custGrade': 18, 'obtainCustType': '01', 'faceType': '01', 'faceScore': 70, 'verifyResult': '01', 'fourElementsResult': '01', 'limitDate': '2020/05/06', 'limit': 20000.0, 'balanceLimit': 20000.0, 'isFirstDisburse': 'Y', 'settleLoanCounts': 1, 'unclearedLoanCnts': 1, 'unclearedLoanBaln': 0, 'overdueD3Days': 'N', 'maxOverdueDays': 14, 'overdueDays': 4, 'overdueD3Cnts': 1, 'isCurrentOverdue': 'N', 'firstRepayOdCnts': 1, 'beforeLoanSocre': '', 'midLoanSocre': '', 'afterLoanSocre': '', 'custGrde': 18}}
[2021-11-11 09:49:29,174] - [INFO] - 响应报文：{'result': True, 'code': 200, 'msg': 'SUCCESS!', 'data': {'channelCustId': '', 'errorCode': '', 'errorMsg': '', 'loanApplyNo': '202111110000000002', 'loanReqNo': '202111110949286684364', 'status': '01'}}
[2021-11-11 09:49:29,174] - [INFO] - 支用受理成功，处理中！
[2021-11-11 09:49:34,181] - [INFO] - 更新customer_info表liveaddress
[2021-11-11 09:49:34,182] - [INFO] - update customer_info set liveaddress = '河北省石家庄市裕华区体育南大街379号11栋3单元403号' where CERTID = '65322420090421440X'
[2021-11-11 09:49:34,314] - [INFO] - 
                        姓名：甲一
                        身份证号：65322420090421440X
                        手机号：13164823092
                        借款金额:3000
                        借款期次:6
                        loanReqNo:202111110949286684364
                    
[2021-11-11 09:55:37,157] - [INFO] - 投保信息接口
[2021-11-11 09:55:37,158] - [INFO] - http://10.1.14.106:27405/channel/apitest/HUANBEI/INSURE_INFO
[2021-11-11 09:55:37,159] - [INFO] - 请求报文：{'channelCustId': '', 'loanReqNo': '202111110955376616568', 'capitalCode': 'FBBANK', 'custGrde': 18, 'name': '甲一', 'idNo': '65322420090421440X', 'phone': '13164823092', 'amount': 3000, 'periods': '6', 'purpose': '01', 'addProvince': '110000', 'addCity': '110000', 'addDistrict': '110101', 'addDetail': '学霸路学渣小区1314弄520号', 'email': 'ybhdsg@hrtx.com', 'contactPhone': 'contactPhone', 'loanRate': 20.0, 'discountRate': 18}
[2021-11-11 09:55:37,359] - [INFO] - 响应报文：{'result': True, 'code': 200, 'msg': 'SUCCESS!', 'data': {'channelCustId': '', 'errorCode': '', 'errorMsg': '', 'insurAgencyUrl': 'https://test-h5.dsibc.com/market/detail?productCode=1059901&env=sit&loanReqNo=202111110955376616568&lp=20211111095537468000026125', 'loanApplyNo': '202111110955376616568', 'loanReqNo': '202111110955376616568'}}
[2021-11-11 09:55:37,360] - [INFO] - 投保信息接口成功！
[2021-11-11 09:55:37,360] - [INFO] - 投保资料查询接口
[2021-11-11 09:55:37,361] - [INFO] - http://10.1.14.106:27405/channel/apitest/HUANBEI/INSURE_DATA_QUERY
[2021-11-11 09:55:37,362] - [INFO] - 请求报文：{'loanReqNo': '202111110955376616568', 'token': '20211111095537468000026125'}
[2021-11-11 09:55:37,536] - [INFO] - 响应报文：{'result': True, 'code': 200, 'msg': 'SUCCESS!', 'data': {'discountRate': 0, 'insurantName': '富邦华一银行', 'purpose': '01', 'premiumRate': 0.57, 'loanReqNo': '202111110955376616568', 'premiumExcTax': 16.5, 'idNo': '65322420090421440X', 'phoneNo': 'contactPhone', 'insurantAdd': '上海市静安区高平路478号', 'claimPeriod': '50', 'periods': 6, 'taxFee': 0.99, 'email': 'ybhdsg@hrtx.com', 'monthlyFee': 17.49, 'addProvince': '110000', 'amount': 3000.0, 'address': '北京市北京市东城区学霸路学渣小区1314弄520号', 'irr': '18.00', 'addDistrict': '110101', 'addCity': '110000', 'annualIntRate': 6.2, 'addDetail': '学霸路学渣小区1314弄520号', 'phone': '13164823092', 'insAmount': 3069.6, 'name': '甲一', 'postCode': '200436'}}
[2021-11-11 09:55:37,537] - [INFO] - 投保资料查询成功！
[2021-11-11 09:55:37,537] - [INFO] - 投保接口
[2021-11-11 09:55:37,538] - [INFO] - http://10.1.14.106:27405/channel/apitest/HUANBEI/INSURE
[2021-11-11 09:55:37,538] - [INFO] - 请求报文：{'agentNo': 'DingSheng', 'agentName': '鼎盛保险经纪', 'loanReqNo': '202111110955376616568', 'insReqNo': '202111110955376616568', 'name': '甲一', 'idNo': '65322420090421440X', 'phone': '13164823092', 'amount': 3000, 'periods': '6', 'purpose': '01', 'premiumRate': 0.57, 'insurantName': '哑巴湖大水怪', 'insurantAdd': '被保险人通讯地址', 'postCode': '110016', 'version': '', 'docVersion': ''}
[2021-11-11 09:55:37,691] - [INFO] - 响应报文：{'result': True, 'code': 200, 'msg': 'SUCCESS!', 'data': {'insReqNo': '8124183077273466', 'errorCode': '', 'loanReqNo': '202111110955376616568', 'errorMsg': '', 'status': '01'}}
[2021-11-11 09:55:37,692] - [INFO] - 已受理，处理中！
[2021-11-11 09:55:37,692] - [INFO] - 支用接口
[2021-11-11 09:55:37,693] - [INFO] - http://10.1.14.106:27405/channel/apitest/HUANBEI/DISBURSE
[2021-11-11 09:55:37,694] - [INFO] - 请求报文：{'channelCustId': '', 'loanReqNo': '202111110955376616568', 'loanRate': 20.0, 'discountRate': 18, 'name': '甲一', 'spelling': 'LAIJING', 'sex': '00', 'nationality': '中国', 'nation': '汉族', 'birthday': '1993/12/12', 'idType': '00', 'loanAmount': 3000, 'periods': '6', 'phone': '13164823092', 'idNo': '65322420090421440X', 'idStartDate': '2015/10/08', 'idEndDate': '2025/10/08', 'idOffice': '上海市崇明区太上皇路888弄001号', 'marriage': '00', 'children': '01', 'supplyPeople': 0, 'house': '09', 'addProvince': '110000', 'addCity': '110000', 'addDistrict': '110101', 'addDetail': '学霸路学渣小区250弄38号', 'industry': 'C', 'profession': '01', 'workplaceName': '中国大地保险公司', 'workTel': '0521-11122844', 'workProvince': '上海市', 'workCity': '上海市', 'workDistrict': '浦东新区', 'workDetailAdd': '证大五道口1199弄', 'workAge': 5, 'income': '02', 'education': '05', 'school': '哈弗大学', 'email': 'ybhdsg@hrtx.com', 'bankCard': '6216261000000009274', 'bankName': '建设银行', 'bankPhone': '13164823092', 'applyProvince': '110000', 'applyCity': '110000', 'applyDistrict': '110101', 'purpose': '01', 'direction': '04', 'payType': '00', 'payMerchantNo': '', 'authFlag': '01', 'capitalCode': 'FBBANK', 'agrSignTime': '20200506175500', 'docDate': '', 'contacts': [{'relation': '01', 'name': '鼎盛一', 'phoneNo': '17613148801'}, {'relation': '00', 'name': '鼎盛二', 'phoneNo': '17613148802'}], 'deviceDetail': {'deviceId': '646876135467846554646', 'mac': 'NONE', 'longitude': '162.357159', 'latitude': '63.589634', 'gpsCity': '上海市', 'ip': '192.3.46.57', 'ipCity': '上海市', 'oS': 'ios'}, 'channelDetail': {'custGrade': 18, 'obtainCustType': '01', 'faceType': '01', 'faceScore': 70, 'verifyResult': '01', 'fourElementsResult': '01', 'limitDate': '2020/05/06', 'limit': 20000.0, 'balanceLimit': 20000.0, 'isFirstDisburse': 'Y', 'settleLoanCounts': 1, 'unclearedLoanCnts': 1, 'unclearedLoanBaln': 0, 'overdueD3Days': 'N', 'maxOverdueDays': 14, 'overdueDays': 4, 'overdueD3Cnts': 1, 'isCurrentOverdue': 'N', 'firstRepayOdCnts': 1, 'beforeLoanSocre': '', 'midLoanSocre': '', 'afterLoanSocre': '', 'custGrde': 18}}
[2021-11-11 09:55:37,919] - [INFO] - 响应报文：{'result': True, 'code': 200, 'msg': 'SUCCESS!', 'data': {'channelCustId': '', 'errorCode': '', 'errorMsg': '', 'loanApplyNo': '202111110000000003', 'loanReqNo': '202111110955376616568', 'status': '01'}}
[2021-11-11 09:55:37,920] - [INFO] - 支用受理成功，处理中！
[2021-11-11 09:55:42,925] - [INFO] - 更新customer_info表liveaddress
[2021-11-11 09:55:42,926] - [INFO] - update customer_info set liveaddress = '河北省石家庄市裕华区体育南大街379号11栋3单元403号' where CERTID = '65322420090421440X'
[2021-11-11 09:55:43,071] - [INFO] - 
                        姓名：甲一
                        身份证号：65322420090421440X
                        手机号：13164823092
                        借款金额:3000
                        借款期次:6
                        loanReqNo:202111110955376616568
                    
[2021-11-11 10:11:18,065] - [INFO] - 投保信息接口
[2021-11-11 10:11:18,068] - [INFO] - http://10.1.14.106:27405/channel/apitest/PPDAI/INSURE_INFO
[2021-11-11 10:11:18,068] - [INFO] - 请求报文：{'channelCustId': '', 'insuranceNo': '202111111011186639664', 'name': '左孝平', 'idNo': '142622199701056803', 'idAddress': '浙江省杭州市江干区高教路119号', 'phone': '16611114152', 'amount': 6000, 'periods': '6', 'purpose': '01', 'capitalCode': 'FBBANK', 'custGrde': 20, 'email': 'ybhdsg@hrtx.com', 'contactPhone': '17613145209', 'callbackUrl': 'callbackUrl'}
[2021-11-11 10:11:18,504] - [INFO] - 响应报文：{'result': True, 'code': 200, 'msg': 'SUCCESS!', 'data': {'channelCustId': '', 'errorCode': '', 'errorMsg': '', 'insurUrl': 'https://test.95590.cn/openui_st/h5/#/paipai/application?env=sit&loanReqNo=202111111011186639664&lp=20211111101118603000026126', 'insuranceNo': '202111111011186639664', 'status': '01'}}
[2021-11-11 10:11:18,505] - [INFO] - 投保信息接口成功！
[2021-11-11 10:11:18,505] - [INFO] - 投保资料查询接口
[2021-11-11 10:11:18,505] - [INFO] - http://10.1.14.106:27405/channel/apitest/PPDAI/INSURE_DATA_QUERY
[2021-11-11 10:11:18,505] - [INFO] - 请求报文：{'loanReqNo': '202111111011186639664', 'token': '20211111101118603000026126'}
[2021-11-11 10:11:18,660] - [INFO] - 响应报文：{'result': True, 'code': 200, 'msg': 'SUCCESS!', 'data': {'discountRate': 0, 'insurantName': '富邦华一银行', 'purpose': '01', 'premiumRate': 0.668, 'loanReqNo': '202111111011186639664', 'premiumExcTax': 38.66, 'idNo': '142622199701056803', 'phoneNo': '17613145209', 'insurantAdd': '上海市静安区高平路478号', 'claimPeriod': '50', 'periods': 6, 'taxFee': 2.32, 'email': 'ybhdsg@hrtx.com', 'monthlyFee': 40.98, 'addProvince': '', 'amount': 6000.0, 'address': '浙江省杭州市江干区高教路119号', 'irr': '20.00', 'addDistrict': '', 'addCity': '', 'annualIntRate': 6.2, 'addDetail': '浙江省杭州市江干区高教路119号', 'phone': '16611114152', 'insAmount': 6139.2, 'name': '左孝平', 'postCode': '200436'}}
[2021-11-11 10:11:18,660] - [INFO] - 投保资料查询成功！
[2021-11-11 10:11:18,661] - [INFO] - 投保接口
[2021-11-11 10:11:18,661] - [INFO] - http://10.1.14.106:27405/channel/apitest/PPDAI/INSURE
[2021-11-11 10:11:18,661] - [INFO] - 请求报文：{'agentNo': '', 'agentName': '', 'loanReqNo': '202111111011186639664', 'insReqNo': '202111111011186639664', 'name': '左孝平', 'idNo': '142622199701056803', 'phone': '16611114152', 'amount': 6000, 'periods': '6', 'purpose': '01', 'premiumRate': 0.668, 'insurantName': '富邦华一银行', 'insurantAdd': '上海浦东新区1239号', 'postCode': '200300', 'version': 'ccic-001', 'docVersion': 'ccic-002'}
[2021-11-11 10:11:18,809] - [INFO] - 响应报文：{'result': True, 'code': 200, 'msg': 'SUCCESS!', 'data': {'insReqNo': '7171124370703541', 'errorCode': '', 'loanReqNo': '', 'errorMsg': '', 'status': '01'}}
[2021-11-11 10:11:18,810] - [INFO] - 已受理，处理中！
[2021-11-11 10:11:18,810] - [INFO] - 授信接口
[2021-11-11 10:11:18,811] - [INFO] - http://10.1.14.106:27405/channel/apitest/PPDAI/CREDIT_GRANTING
[2021-11-11 10:11:18,811] - [INFO] - 请求报文：{'channelCustId': '', 'insuranceNo': '202111111011186639664', 'creditReqNo': '202111111011188857204', 'name': '左孝平', 'spelling': '', 'sex': '00', 'nationality': '中国', 'nation': '汉族', 'birthday': '1985/06/02', 'idType': '00', 'loanAmount': 6000, 'periods': '6', 'idNo': '142622199701056803', 'phone': '16611114152', 'idStartDate': '2016/09/04', 'idEndDate': '2026/09/04', 'idOffice': '浩然天下宝瓶洲大骊王朝落坡山办祖师堂', 'idAddress': '浙江省杭州市江干区高教路119号', 'marriage': '00', 'children': '', 'supplyPeople': 0, 'house': '', 'addProvince': '', 'addCity': '', 'addDistrict': '', 'addDetail': '', 'industry': 'C', 'profession': '07', 'workplaceName': '大地保险公司', 'workTel': '', 'workProvince': '', 'workCity': '', 'workDistrict': '', 'workDetailAdd': '', 'workAge': 0, 'income': '01', 'education': '05', 'school': '', 'email': 'ybhdsg@hrtx.com', 'contacts': [{'relation': '00', 'name': '哑巴湖大水怪', 'phoneNo': '17613145210'}, {'relation': '00', 'name': '哑巴湖大水怪', 'phoneNo': '17613145210'}], 'bankCard': '6214661111101118', 'bankName': '建设银行', 'bankPhone': '16611114152', 'applyProvince': '', 'applyCity': '', 'applyDistrict': '', 'purpose': '01', 'direction': '', 'payType': '', 'payMerchantNo': '', 'authFlag': '01', 'deviceDetail': {'deviceId': '', 'mac': '', 'longitude': '', 'latitude': '', 'gpsCity': '', 'ip': '', 'ipCity': '', 'oS': 'ios'}, 'channelDetail': {'capitalCode': 'FBBANK', 'custGrde': 20, 'applyEntry': 'applyEntry', 'faceRecoType': 'LINKFACE', 'faceRecoScore': 99, 'creditDuration': '2020/08/19', 'currLimit': 50000, 'currRemainLimit': 50000, 'firstLoanFlag': 'Y', 'overdueFlag': 'N', 'settleLoanNum': 0, 'unsettleLoanLimit': 0, 'unsettleLoanNum': 0, 'longestOverPeriod': 0, 'compScore': '1', 'realFaceCheckResult': '1', 'citizenshipCheckResult': '1', 'bankCheckResult': '1', 'telcoCheckResult': '1'}, 'docDate': '2021/11/11'}
[2021-11-11 10:11:19,243] - [INFO] - 响应报文：{'result': True, 'code': 200, 'msg': 'SUCCESS!', 'data': {'channelCustId': '', 'creditApplyNo': '202111110000000004', 'creditReqNo': '202111111011188857204', 'errorCode': '', 'errorMsg': '', 'status': '01'}}
[2021-11-11 10:11:19,244] - [INFO] - 授信受理成功，处理中！
[2021-11-11 10:11:24,250] - [INFO] - 授信结果查询
[2021-11-11 10:11:24,250] - [INFO] - http://10.1.14.106:27405/channel/apitest/PPDAI/CREDIT_INQUIRY
[2021-11-11 10:11:24,251] - [INFO] - 请求报文：{'channelCustId': '', 'creditReqNo': '202111111011188857204'}
[2021-11-11 10:11:24,426] - [INFO] - 响应报文：{'result': True, 'code': 200, 'msg': 'SUCCESS!', 'data': {'channelCustId': '', 'creditApplyNo': '202111110000000004', 'creditDate': '', 'creditExpireDate': '', 'creditReqNo': '202111111011188857204', 'creditState': '', 'errorCode': '', 'errorMsg': '', 'status': '00'}}
[2021-11-11 10:11:24,427] - [INFO] - 授信查询接口调用成功！
[2021-11-11 10:11:24,427] - [INFO] - 授信中！
[2021-11-11 10:11:27,429] - [INFO] - 授信结果查询
[2021-11-11 10:11:27,431] - [INFO] - http://10.1.14.106:27405/channel/apitest/PPDAI/CREDIT_INQUIRY
[2021-11-11 10:11:27,433] - [INFO] - 请求报文：{'channelCustId': '', 'creditReqNo': '202111111011188857204'}
[2021-11-11 10:11:27,738] - [INFO] - 响应报文：{'result': True, 'code': 200, 'msg': 'SUCCESS!', 'data': {'availAmount': 20000.0, 'channelCustId': '', 'creditAmount': 20000.0, 'creditApplyNo': '202111110000000004', 'creditDate': '2021/11/11', 'creditExpireDate': '2024/11/11', 'creditReqNo': '202111111011188857204', 'creditState': '00', 'errorCode': '', 'errorMsg': '', 'status': '01'}}
[2021-11-11 10:11:27,739] - [INFO] - 授信查询接口调用成功！
[2021-11-11 10:11:27,739] - [INFO] - 授信通过！
[2021-11-11 10:11:27,739] - [INFO] - 支用接口
[2021-11-11 10:11:27,740] - [INFO] - http://10.1.14.106:27405/channel/apitest/PPDAI/DISBURSE
[2021-11-11 10:11:27,740] - [INFO] - 请求报文：{'channelCustId': '', 'loanReqNo': '202111111011186639664', 'insuranceNo': '', 'creditReqNo': '202111111011188857204'}
[2021-11-11 10:11:28,129] - [INFO] - 响应报文：{'result': True, 'code': 200, 'msg': 'SUCCESS!', 'data': {'channelCustId': '', 'errorCode': '', 'errorMsg': '', 'loanApplyNo': '20211111000002001', 'loanReqNo': '202111111011186639664', 'status': '01'}}
[2021-11-11 10:11:28,130] - [INFO] - 支用受理成功，处理中！
[2021-11-11 10:11:28,131] - [INFO] - 
                            姓名：左孝平
                            身份证号：142622199701056803
                            手机号：16611114152
                            借款金额:6000
                            借款期次:6
                            loanReqNo:202111111011186639664
                            creditReqNo:202111111011188857204
                        
[2021-11-11 10:19:57,870] - [INFO] - 投保信息接口
[2021-11-11 10:19:57,871] - [INFO] - http://10.1.14.106:27405/channel/apitest/QFIN/INSURE_INFO
[2021-11-11 10:19:57,872] - [INFO] - 请求报文：{'channelCustId': '', 'name': '甄莉', 'insuranceNo': '202111111019576697786', 'idNo': '632126199008017982', 'idAddress': '上海市浦东新区龙阳路幸福村520号', 'phone': '16611112852', 'amount': 6000, 'periods': '6', 'purpose': '07', 'capitalCode': 'FBBANK', 'custGrde': 18, 'email': '1264311721@hrtx.com', 'contactPhone': '18968523600', 'callbackUrl': 'https://www.baidu.com'}
[2021-11-11 10:19:58,108] - [INFO] - 响应报文：{'result': True, 'code': 200, 'msg': 'SUCCESS!', 'data': {'channelCustId': '', 'errorCode': '', 'errorMsg': '', 'insurUrl': 'https://test.95590.cn/openui_st/h5/?navStyle=hideLight#/application?env=sit&loanReqNo=202111111019576697786&lp=20211111101958256000026127', 'insuranceNo': '202111111019576697786', 'status': '01'}}
[2021-11-11 10:19:58,108] - [INFO] - 投保信息接口成功！
[2021-11-11 10:19:58,108] - [INFO] - 投保资料查询接口
[2021-11-11 10:19:58,109] - [INFO] - http://10.1.14.106:27405/channel/apitest/QFIN/INSURE_DATA_QUERY
[2021-11-11 10:19:58,109] - [INFO] - 请求报文：{'loanReqNo': '202111111019576697786', 'token': '20211111101958256000026127'}
[2021-11-11 10:19:58,253] - [INFO] - 响应报文：{'result': True, 'code': 200, 'msg': 'SUCCESS!', 'data': {'discountRate': 0, 'insurantName': '富邦华一银行', 'purpose': '07', 'premiumRate': 0.303, 'loanReqNo': '202111111019576697786', 'premiumExcTax': 17.55, 'idNo': '632126199008017982', 'phoneNo': '18968523600', 'insurantAdd': '上海市静安区高平路478号', 'claimPeriod': '50', 'periods': 6, 'taxFee': 1.05, 'email': '1264311721@hrtx.com', 'monthlyFee': 18.6, 'addProvince': '', 'amount': 6000.0, 'address': '上海市浦东新区龙阳路幸福村520号', 'irr': '18.00', 'addDistrict': '', 'addCity': '', 'annualIntRate': 6.2, 'addDetail': '上海市浦东新区龙阳路幸福村520号', 'phone': '16611112852', 'insAmount': 6139.2, 'name': '甄莉', 'postCode': '200436'}}
[2021-11-11 10:19:58,253] - [INFO] - 投保资料查询成功！
[2021-11-11 10:19:58,254] - [INFO] - 投保接口
[2021-11-11 10:19:58,254] - [INFO] - http://10.1.14.106:27405/channel/apitest/QFIN/INSURE
[2021-11-11 10:19:58,254] - [INFO] - 请求报文：{'agentNo': 'TianCheng', 'agentName': '甜橙保代', 'loanReqNo': '202111111019576697786', 'insReqNo': '202111111019576697786', 'name': '甄莉', 'idNo': '632126199008017982', 'phone': '16611112852', 'amount': 6000, 'periods': '6', 'purpose': '07', 'premiumRate': 1.66, 'insurantName': '韦艺翠', 'insurantAdd': '上海市浦东新区龙阳路幸福村520号', 'postCode': '110016', 'productId': '7015', 'loanAmount': 6000}
[2021-11-11 10:19:58,452] - [INFO] - 响应报文：{'result': True, 'code': 200, 'msg': 'SUCCESS!', 'data': {'insReqNo': '2656805016683336', 'errorCode': '', 'loanReqNo': '', 'errorMsg': '', 'status': '01'}}
[2021-11-11 10:19:58,452] - [INFO] - 已受理，处理中！
[2021-11-11 10:19:58,453] - [INFO] - 支用接口
[2021-11-11 10:19:58,453] - [INFO] - http://10.1.14.106:27405/channel/apitest/QFIN/DISBURSE
[2021-11-11 10:19:58,453] - [INFO] - 请求报文：{'channelCustId': '', 'loanReqNo': '202111111019576697786', 'idNo': '632126199008017982', 'insuranceNo': '202111111019576697786', 'phone': '16611112852', 'loanAmount': 6000, 'productId': '7015', 'name': '甄莉', 'spelling': 'CHENPI', 'sex': '01', 'nationality': '中国', 'nation': '汉族', 'birthday': '1991/01/08', 'idType': '00', 'idAddress': '上海市浦东新区龙阳路幸福村520号', 'idStartDate': '2015/10/08', 'idEndDate': '2025/10/08', 'idOffice': '杭州市公安局江干区分局', 'marriage': '03', 'education': '06', 'children': '00', 'supplyPeople': 0, 'house': '00', 'addProvince': '', 'addCity': '', 'addDistrict': '', 'addDetail': '', 'industry': 'C', 'profession': '18', 'workplaceName': '大地保险公司', 'workTel': '13196853698', 'workProvince': '', 'workCity': '', 'workDistrict': '', 'workDetailAdd': '学院路100号小杨制造厂', 'workAge': 10, 'income': '02', 'school': '清华大学', 'email': '1264311721@hrtx.com', 'contacts': [{'relation': '00', 'name': '哈利路亚', 'phoneNo': '18968523600'}], 'bankCard': '6214661111101957', 'bankName': '中国农业银行', 'bankPhone': '16611112852', 'applyProvince': '', 'applyCity': '', 'applyDistrict': '', 'periods': '6', 'purpose': '07', 'direction': '', 'payType': '01', 'payMerchantNo': '', 'authFlag': '01', 'deviceDetail': {'deviceId': '', 'mac': 'NONE', 'longitude': '23.232653', 'latitude': '88.369689', 'gpsCity': '', 'ip': '192.3.46.57', 'ipCity': '', 'oS': ''}, 'docDate': '', 'channelDetail': {'capitalCode': 'FBBANK', 'custGrde': 18, 'payType': '03', 'applyEntry': '03', 'creditDuration': '2020/03/02', 'faceRecoType': '01', 'faceRecoScore': 66, 'currLimit': 20000.0, 'currRemainLimit': 20000.0, 'firstLoanFlag': 'N', 'settleLoanNum': 1, 'unsettleLoanLimit': 1, 'unsettleLoanNum': 1.66, 'longestOverPeriod': 1, 'applyLevel360': 100, 'actionLevel360': 100, 'realFaceCheckResult': '1', 'citizenshipCheckResult': '1', 'bankCheckResult': '1', 'telcoCheckResult': '1'}, 'custGrde': 18}
[2021-11-11 10:19:58,822] - [INFO] - 响应报文：{'result': True, 'code': 200, 'msg': 'SUCCESS!', 'data': {'channelCustId': '', 'errorCode': '', 'errorMsg': '', 'loanApplyNo': '202111110000000005', 'loanReqNo': '202111111019576697786', 'status': '01'}}
[2021-11-11 10:19:58,823] - [INFO] - 放款受理成功，处理中！
[2021-11-11 10:19:58,823] - [INFO] - 
                        姓名：甄莉
                        身份证号：632126199008017982
                        手机号：16611112852
                        借款金额:6000
                        借款期次:6
                        loanReqNo:202111111019576697786
                    
[2021-11-11 10:23:15,865] - [INFO] - 投保信息接口
[2021-11-11 10:23:15,866] - [INFO] - http://10.1.14.106:27405/channel/apitest/PPDAI/INSURE_INFO
[2021-11-11 10:23:15,866] - [INFO] - 请求报文：{'channelCustId': '', 'insuranceNo': '202111111023156662860', 'name': '牛宁', 'idNo': '622424199511161385', 'idAddress': '浙江省杭州市江干区高教路119号', 'phone': '16611115909', 'amount': 6000, 'periods': '6', 'purpose': '01', 'capitalCode': 'FBBANK', 'custGrde': 20, 'email': 'ybhdsg@hrtx.com', 'contactPhone': '17613145209', 'callbackUrl': 'callbackUrl'}
[2021-11-11 10:23:16,047] - [INFO] - 响应报文：{'result': True, 'code': 200, 'msg': 'SUCCESS!', 'data': {'channelCustId': '', 'errorCode': '', 'errorMsg': '', 'insurUrl': 'https://test.95590.cn/openui_st/h5/#/paipai/application?env=sit&loanReqNo=202111111023156662860&lp=20211111102316187000026128', 'insuranceNo': '202111111023156662860', 'status': '01'}}
[2021-11-11 10:23:16,047] - [INFO] - 投保信息接口成功！
[2021-11-11 10:23:16,048] - [INFO] - 投保资料查询接口
[2021-11-11 10:23:16,048] - [INFO] - http://10.1.14.106:27405/channel/apitest/PPDAI/INSURE_DATA_QUERY
[2021-11-11 10:23:16,048] - [INFO] - 请求报文：{'loanReqNo': '202111111023156662860', 'token': '20211111102316187000026128'}
[2021-11-11 10:23:16,295] - [INFO] - 响应报文：{'result': True, 'code': 200, 'msg': 'SUCCESS!', 'data': {'discountRate': 0, 'insurantName': '富邦华一银行', 'purpose': '01', 'premiumRate': 0.668, 'loanReqNo': '202111111023156662860', 'premiumExcTax': 38.66, 'idNo': '622424199511161385', 'phoneNo': '17613145209', 'insurantAdd': '上海市静安区高平路478号', 'claimPeriod': '50', 'periods': 6, 'taxFee': 2.32, 'email': 'ybhdsg@hrtx.com', 'monthlyFee': 40.98, 'addProvince': '', 'amount': 6000.0, 'address': '浙江省杭州市江干区高教路119号', 'irr': '20.00', 'addDistrict': '', 'addCity': '', 'annualIntRate': 6.2, 'addDetail': '浙江省杭州市江干区高教路119号', 'phone': '16611115909', 'insAmount': 6139.2, 'name': '牛宁', 'postCode': '200436'}}
[2021-11-11 10:23:16,295] - [INFO] - 投保资料查询成功！
[2021-11-11 10:23:16,296] - [INFO] - 投保接口
[2021-11-11 10:23:16,296] - [INFO] - http://10.1.14.106:27405/channel/apitest/PPDAI/INSURE
[2021-11-11 10:23:16,297] - [INFO] - 请求报文：{'agentNo': '', 'agentName': '', 'loanReqNo': '202111111023156662860', 'insReqNo': '202111111023156662860', 'name': '牛宁', 'idNo': '622424199511161385', 'phone': '16611115909', 'amount': 6000, 'periods': '6', 'purpose': '01', 'premiumRate': 0.668, 'insurantName': '富邦华一银行', 'insurantAdd': '上海浦东新区1239号', 'postCode': '200300', 'version': 'ccic-001', 'docVersion': 'ccic-002'}
[2021-11-11 10:23:16,501] - [INFO] - 响应报文：{'result': True, 'code': 200, 'msg': 'SUCCESS!', 'data': {'insReqNo': '6304642384485577', 'errorCode': '', 'loanReqNo': '', 'errorMsg': '', 'status': '01'}}
[2021-11-11 10:23:16,502] - [INFO] - 已受理，处理中！
[2021-11-11 10:23:16,502] - [INFO] - 授信接口
[2021-11-11 10:23:16,503] - [INFO] - http://10.1.14.106:27405/channel/apitest/PPDAI/CREDIT_GRANTING
[2021-11-11 10:23:16,504] - [INFO] - 请求报文：{'channelCustId': '', 'insuranceNo': '202111111023156662860', 'creditReqNo': '202111111023158891089', 'name': '牛宁', 'spelling': '', 'sex': '00', 'nationality': '中国', 'nation': '汉族', 'birthday': '1985/06/02', 'idType': '00', 'loanAmount': 6000, 'periods': '6', 'idNo': '622424199511161385', 'phone': '16611115909', 'idStartDate': '2016/09/04', 'idEndDate': '2026/09/04', 'idOffice': '浩然天下宝瓶洲大骊王朝落坡山办祖师堂', 'idAddress': '浙江省杭州市江干区高教路119号', 'marriage': '00', 'children': '', 'supplyPeople': 0, 'house': '', 'addProvince': '', 'addCity': '', 'addDistrict': '', 'addDetail': '', 'industry': 'C', 'profession': '07', 'workplaceName': '大地保险公司', 'workTel': '', 'workProvince': '', 'workCity': '', 'workDistrict': '', 'workDetailAdd': '', 'workAge': 0, 'income': '01', 'education': '05', 'school': '', 'email': 'ybhdsg@hrtx.com', 'contacts': [{'relation': '00', 'name': '哑巴湖大水怪', 'phoneNo': '17613145210'}, {'relation': '00', 'name': '哑巴湖大水怪', 'phoneNo': '17613145210'}], 'bankCard': '6214661111102315', 'bankName': '建设银行', 'bankPhone': '16611115909', 'applyProvince': '', 'applyCity': '', 'applyDistrict': '', 'purpose': '01', 'direction': '', 'payType': '', 'payMerchantNo': '', 'authFlag': '01', 'deviceDetail': {'deviceId': '', 'mac': '', 'longitude': '', 'latitude': '', 'gpsCity': '', 'ip': '', 'ipCity': '', 'oS': 'ios'}, 'channelDetail': {'capitalCode': 'FBBANK', 'custGrde': 20, 'applyEntry': 'applyEntry', 'faceRecoType': 'LINKFACE', 'faceRecoScore': 99, 'creditDuration': '2020/08/19', 'currLimit': 50000, 'currRemainLimit': 50000, 'firstLoanFlag': 'Y', 'overdueFlag': 'N', 'settleLoanNum': 0, 'unsettleLoanLimit': 0, 'unsettleLoanNum': 0, 'longestOverPeriod': 0, 'compScore': '1', 'realFaceCheckResult': '1', 'citizenshipCheckResult': '1', 'bankCheckResult': '1', 'telcoCheckResult': '1'}, 'docDate': '2021/11/11'}
[2021-11-11 10:23:16,739] - [INFO] - 响应报文：{'result': True, 'code': 200, 'msg': 'SUCCESS!', 'data': {'channelCustId': '', 'creditApplyNo': '202111110000000006', 'creditReqNo': '202111111023158891089', 'errorCode': '', 'errorMsg': '', 'status': '01'}}
[2021-11-11 10:23:16,740] - [INFO] - 授信受理成功，处理中！
[2021-11-11 10:23:21,747] - [INFO] - 授信结果查询
[2021-11-11 10:23:21,748] - [INFO] - http://10.1.14.106:27405/channel/apitest/PPDAI/CREDIT_INQUIRY
[2021-11-11 10:23:21,749] - [INFO] - 请求报文：{'channelCustId': '', 'creditReqNo': '202111111023158891089'}
[2021-11-11 10:23:21,882] - [INFO] - 响应报文：{'result': True, 'code': 200, 'msg': 'SUCCESS!', 'data': {'channelCustId': '', 'creditApplyNo': '202111110000000006', 'creditDate': '', 'creditExpireDate': '', 'creditReqNo': '202111111023158891089', 'creditState': '', 'errorCode': '', 'errorMsg': '', 'status': '02'}}
[2021-11-11 10:23:21,884] - [INFO] - 授信查询接口调用成功！
[2021-11-11 10:23:21,884] - [ERROR] - 授信失败！
[2021-11-11 10:23:21,885] - [ERROR] - 未知异常！
[2021-11-11 10:24:42,556] - [INFO] - 投保信息接口
[2021-11-11 10:24:42,558] - [INFO] - http://10.1.14.106:27405/channel/apitest/PPDAI/INSURE_INFO
[2021-11-11 10:24:42,558] - [INFO] - 请求报文：{'channelCustId': '', 'insuranceNo': '202111111024426666135', 'name': '车忠琛', 'idNo': '513322199507168426', 'idAddress': '浙江省杭州市江干区高教路119号', 'phone': '16611114112', 'amount': 6000, 'periods': '6', 'purpose': '01', 'capitalCode': 'FBBANK', 'custGrde': 20, 'email': 'ybhdsg@hrtx.com', 'contactPhone': '17613145209', 'callbackUrl': 'callbackUrl'}
[2021-11-11 10:24:42,753] - [INFO] - 响应报文：{'result': True, 'code': 200, 'msg': 'SUCCESS!', 'data': {'channelCustId': '', 'errorCode': '', 'errorMsg': '', 'insurUrl': 'https://test.95590.cn/openui_st/h5/#/paipai/application?env=sit&loanReqNo=202111111024426666135&lp=20211111102442901000026129', 'insuranceNo': '202111111024426666135', 'status': '01'}}
[2021-11-11 10:24:42,754] - [INFO] - 投保信息接口成功！
[2021-11-11 10:24:42,754] - [INFO] - 投保资料查询接口
[2021-11-11 10:24:42,754] - [INFO] - http://10.1.14.106:27405/channel/apitest/PPDAI/INSURE_DATA_QUERY
[2021-11-11 10:24:42,754] - [INFO] - 请求报文：{'loanReqNo': '202111111024426666135', 'token': '20211111102442901000026129'}
[2021-11-11 10:24:42,936] - [INFO] - 响应报文：{'result': True, 'code': 200, 'msg': 'SUCCESS!', 'data': {'discountRate': 0, 'insurantName': '富邦华一银行', 'purpose': '01', 'premiumRate': 0.668, 'loanReqNo': '202111111024426666135', 'premiumExcTax': 38.66, 'idNo': '513322199507168426', 'phoneNo': '17613145209', 'insurantAdd': '上海市静安区高平路478号', 'claimPeriod': '50', 'periods': 6, 'taxFee': 2.32, 'email': 'ybhdsg@hrtx.com', 'monthlyFee': 40.98, 'addProvince': '', 'amount': 6000.0, 'address': '浙江省杭州市江干区高教路119号', 'irr': '20.00', 'addDistrict': '', 'addCity': '', 'annualIntRate': 6.2, 'addDetail': '浙江省杭州市江干区高教路119号', 'phone': '16611114112', 'insAmount': 6139.2, 'name': '车忠琛', 'postCode': '200436'}}
[2021-11-11 10:24:42,937] - [INFO] - 投保资料查询成功！
[2021-11-11 10:24:42,938] - [INFO] - 投保接口
[2021-11-11 10:24:42,938] - [INFO] - http://10.1.14.106:27405/channel/apitest/PPDAI/INSURE
[2021-11-11 10:24:42,939] - [INFO] - 请求报文：{'agentNo': '', 'agentName': '', 'loanReqNo': '202111111024426666135', 'insReqNo': '202111111024426666135', 'name': '车忠琛', 'idNo': '513322199507168426', 'phone': '16611114112', 'amount': 6000, 'periods': '6', 'purpose': '01', 'premiumRate': 0.668, 'insurantName': '富邦华一银行', 'insurantAdd': '上海浦东新区1239号', 'postCode': '200300', 'version': 'ccic-001', 'docVersion': 'ccic-002'}
[2021-11-11 10:24:43,113] - [INFO] - 响应报文：{'result': True, 'code': 200, 'msg': 'SUCCESS!', 'data': {'insReqNo': '8384825708544325', 'errorCode': '', 'loanReqNo': '', 'errorMsg': '', 'status': '01'}}
[2021-11-11 10:24:43,114] - [INFO] - 已受理，处理中！
[2021-11-11 10:24:43,115] - [INFO] - 授信接口
[2021-11-11 10:24:43,115] - [INFO] - http://10.1.14.106:27405/channel/apitest/PPDAI/CREDIT_GRANTING
[2021-11-11 10:24:43,116] - [INFO] - 请求报文：{'channelCustId': '', 'insuranceNo': '202111111024426666135', 'creditReqNo': '202111111024428848117', 'name': '车忠琛', 'spelling': '', 'sex': '00', 'nationality': '中国', 'nation': '汉族', 'birthday': '1985/06/02', 'idType': '00', 'loanAmount': 6000, 'periods': '6', 'idNo': '513322199507168426', 'phone': '16611114112', 'idStartDate': '2016/09/04', 'idEndDate': '2026/09/04', 'idOffice': '浩然天下宝瓶洲大骊王朝落坡山办祖师堂', 'idAddress': '浙江省杭州市江干区高教路119号', 'marriage': '00', 'children': '', 'supplyPeople': 0, 'house': '', 'addProvince': '', 'addCity': '', 'addDistrict': '', 'addDetail': '', 'industry': 'C', 'profession': '07', 'workplaceName': '大地保险公司', 'workTel': '', 'workProvince': '', 'workCity': '', 'workDistrict': '', 'workDetailAdd': '', 'workAge': 0, 'income': '01', 'education': '05', 'school': '', 'email': 'ybhdsg@hrtx.com', 'contacts': [{'relation': '00', 'name': '哑巴湖大水怪', 'phoneNo': '17613145210'}, {'relation': '00', 'name': '哑巴湖大水怪', 'phoneNo': '17613145210'}], 'bankCard': '6214661111102442', 'bankName': '建设银行', 'bankPhone': '16611114112', 'applyProvince': '', 'applyCity': '', 'applyDistrict': '', 'purpose': '01', 'direction': '', 'payType': '', 'payMerchantNo': '', 'authFlag': '01', 'deviceDetail': {'deviceId': '', 'mac': '', 'longitude': '', 'latitude': '', 'gpsCity': '', 'ip': '', 'ipCity': '', 'oS': 'ios'}, 'channelDetail': {'capitalCode': 'FBBANK', 'custGrde': 20, 'applyEntry': 'applyEntry', 'faceRecoType': 'LINKFACE', 'faceRecoScore': 99, 'creditDuration': '2020/08/19', 'currLimit': 50000, 'currRemainLimit': 50000, 'firstLoanFlag': 'Y', 'overdueFlag': 'N', 'settleLoanNum': 0, 'unsettleLoanLimit': 0, 'unsettleLoanNum': 0, 'longestOverPeriod': 0, 'compScore': '1', 'realFaceCheckResult': '1', 'citizenshipCheckResult': '1', 'bankCheckResult': '1', 'telcoCheckResult': '1'}, 'docDate': '2021/11/11'}
[2021-11-11 10:24:43,270] - [INFO] - 响应报文：{'result': True, 'code': 200, 'msg': 'SUCCESS!', 'data': {'channelCustId': '', 'creditApplyNo': '202111110000000007', 'creditReqNo': '202111111024428848117', 'errorCode': '', 'errorMsg': '', 'status': '01'}}
[2021-11-11 10:24:43,271] - [INFO] - 授信受理成功，处理中！
[2021-11-11 10:26:10,930] - [INFO] - 授信申请
[2021-11-11 10:26:10,930] - [INFO] - [http://10.1.14.106:27405/channel/apitest/TCJQ/CREDIT_GRANTING]
[2021-11-11 10:26:10,931] - [INFO] - 请求报文：{'channelCustId': '202111111026106613695', 'creditReqNo': '202111111026108860035', 'name': '颜晨', 'spelling': 'ZHANGTIAN', 'sex': '01', 'nationality': '中国', 'nation': '汉族', 'birthday': '1985/06/02', 'idType': '00', 'idNo': '370201199702037679', 'idStartDate': '2016/01/18', 'idEndDate': '2036/01/18', 'idOffice': '北京市东城区', 'marriage': '01', 'children': '00', 'supplyPeople': 3, 'house': '00', 'addProvince': '110000', 'addCity': '110000', 'addDistrict': '110101', 'addDetail': '东大街东大院', 'industry': 'C', 'profession': '11', 'workplaceName': 'AAA单位', 'workTel': '13162314539', 'workProvince': '110000', 'workCity': '110000', 'workDistrict': '110101', 'workDetailAdd': '西大街西大院', 'workAge': 8, 'income': '03', 'education': '06', 'school': '北京大学', 'phone': '16611115764', 'email': 'email163@qq.com', 'contacts': [{'relation': '00', 'name': '张三', 'phoneNo': '15638530000'}, {'relation': '01', 'name': '李四', 'phoneNo': '15638539999'}], 'bankCard': '6214661111102610', 'bankName': '建设银行', 'bankPhone': '16611115764', 'applyProvince': '110000', 'applyCity': '110000', 'applyDistrict': '110101', 'loanAmount': 5000, 'periods': '3', 'purpose': '01', 'direction': '01', 'payType': '00', 'payMerchantNo': '26666', 'authFlag': '01', 'deviceDetail': {'deviceId': '10-45-5-486', 'mac': '3a:b6:c6:5d:2e:f9', 'longitude': '121.551738', 'latitude': '31.224634', 'gpsCity': '上海市', 'ip': '106.14.135.199', 'ipCity': '上海', 'os': 'android', 'docDate': '2019/09/12'}, 'channelDetail': {'citizenshipCheckResult': '1', 'bankCheckResult': '1', 'telcoCheckResult': '1', 'consumeTimes': '1', 'creditTimes': '1', 'consumeScene': '1', 'frontId': '11', 'reverseId': '11', 'faceId': '11', 'woolFlag': '1', 'phoneFlag': '1', 'phoneTelco': '1', 'compScore': '650', 'repayAbilityScore': '650', 'comsAmount': '1', 'finAmount': '1', 'redPacket': '1', 'phoneAreaName': '上海市', 'modelScore': '650', 'whiteListFlag': '0', 'sugAmount': '3000.00', 'sugBasis': '2', 'loanGrade': 'A', 'registerTime': '1', 'realNameFlag': '1', 'realNameGrade': '1', 'transFlag': '1', 'custType': '', 'currLimit': 5000, 'currRemainLimit': 2000, 'currLimitOrg': 'DD', 'currLimitStartDate': '2021/05/31', 'currLimitEndDate': '2021/07/31', 'currTotalPrice': 28.11, 'firstLoanFlag': '1', 'unsettleLoanLimit': 1, 'settleLoanLimit': 1, 'lastLoanDate': '2021/04/21', 'loanAmount': 3000}, 'custType': '0'}
[2021-11-11 10:26:11,546] - [INFO] - 响应报文：{'result': True, 'code': 200, 'msg': 'SUCCESS!', 'data': {'code': '0000', 'productId': '7014', 'body': {'channelCustId': '202111111026106613695', 'creditReqNo': '202111111026108860035', 'creditApplyNo': '202111110000000008', 'status': '01'}, 'message': '成功', 'channelId': 'ORANGE'}}
[2021-11-11 10:26:11,547] - [INFO] - 授信接口调用成功！
[2021-11-11 10:26:11,548] - [INFO] - 授信受理成功，处理中！
[2021-11-11 10:26:11,549] - [INFO] - 授信结果查询
[2021-11-11 10:26:11,549] - [INFO] - ['http://10.1.14.106:27405/channel/apitest/TCJQ/CREDIT_INQUIRY']
[2021-11-11 10:26:11,550] - [INFO] - 请求报文：{'channelCustId': '202111111026106613695', 'creditReqNo': '202111111026108860035', 'creditApplyNo': '202111110000000008'}
[2021-11-11 10:26:11,688] - [INFO] - 响应报文：{'result': True, 'code': 200, 'msg': 'SUCCESS!', 'data': {'code': '0000', 'productId': '7014', 'body': {'channelCustId': '202111111026106613695', 'creditReqNo': '202111111026108860035', 'creditApplyNo': '202111110000000008', 'status': '00'}, 'message': '成功', 'channelId': 'ORANGE'}}
[2021-11-11 10:26:11,689] - [INFO] - 授信查询接口调用成功！
[2021-11-11 10:26:11,689] - [INFO] - 授信中！
[2021-11-11 10:26:58,076] - [INFO] - 授信申请
[2021-11-11 10:26:58,076] - [INFO] - [http://10.1.14.106:27405/channel/apitest/TCJQ/CREDIT_GRANTING]
[2021-11-11 10:26:58,077] - [INFO] - 请求报文：{'channelCustId': '202111111026586612981', 'creditReqNo': '202111111026588816488', 'name': '康乐', 'spelling': 'ZHANGTIAN', 'sex': '01', 'nationality': '中国', 'nation': '汉族', 'birthday': '1985/06/02', 'idType': '00', 'idNo': '420103199108212093', 'idStartDate': '2016/01/18', 'idEndDate': '2036/01/18', 'idOffice': '北京市东城区', 'marriage': '01', 'children': '00', 'supplyPeople': 3, 'house': '00', 'addProvince': '110000', 'addCity': '110000', 'addDistrict': '110101', 'addDetail': '东大街东大院', 'industry': 'C', 'profession': '11', 'workplaceName': 'AAA单位', 'workTel': '13162314539', 'workProvince': '110000', 'workCity': '110000', 'workDistrict': '110101', 'workDetailAdd': '西大街西大院', 'workAge': 8, 'income': '03', 'education': '06', 'school': '北京大学', 'phone': '16611117160', 'email': 'email163@qq.com', 'contacts': [{'relation': '00', 'name': '张三', 'phoneNo': '15638530000'}, {'relation': '01', 'name': '李四', 'phoneNo': '15638539999'}], 'bankCard': '6214661111102658', 'bankName': '建设银行', 'bankPhone': '16611117160', 'applyProvince': '110000', 'applyCity': '110000', 'applyDistrict': '110101', 'loanAmount': 5000, 'periods': '3', 'purpose': '01', 'direction': '01', 'payType': '00', 'payMerchantNo': '26666', 'authFlag': '01', 'deviceDetail': {'deviceId': '10-45-5-486', 'mac': '3a:b6:c6:5d:2e:f9', 'longitude': '121.551738', 'latitude': '31.224634', 'gpsCity': '上海市', 'ip': '106.14.135.199', 'ipCity': '上海', 'os': 'android', 'docDate': '2019/09/12'}, 'channelDetail': {'citizenshipCheckResult': '1', 'bankCheckResult': '1', 'telcoCheckResult': '1', 'consumeTimes': '1', 'creditTimes': '1', 'consumeScene': '1', 'frontId': '11', 'reverseId': '11', 'faceId': '11', 'woolFlag': '1', 'phoneFlag': '1', 'phoneTelco': '1', 'compScore': '650', 'repayAbilityScore': '650', 'comsAmount': '1', 'finAmount': '1', 'redPacket': '1', 'phoneAreaName': '上海市', 'modelScore': '650', 'whiteListFlag': '0', 'sugAmount': '3000.00', 'sugBasis': '2', 'loanGrade': 'A', 'registerTime': '1', 'realNameFlag': '1', 'realNameGrade': '1', 'transFlag': '1', 'custType': '', 'currLimit': 5000, 'currRemainLimit': 2000, 'currLimitOrg': 'DD', 'currLimitStartDate': '2021/05/31', 'currLimitEndDate': '2021/07/31', 'currTotalPrice': 28.11, 'firstLoanFlag': '1', 'unsettleLoanLimit': 1, 'settleLoanLimit': 1, 'lastLoanDate': '2021/04/21', 'loanAmount': 3000}, 'custType': '0'}
[2021-11-11 10:26:58,309] - [INFO] - 响应报文：{'result': True, 'code': 200, 'msg': 'SUCCESS!', 'data': {'code': '0000', 'productId': '7014', 'body': {'channelCustId': '202111111026586612981', 'creditReqNo': '202111111026588816488', 'creditApplyNo': '202111110000000009', 'status': '01'}, 'message': '成功', 'channelId': 'ORANGE'}}
[2021-11-11 10:26:58,309] - [INFO] - 授信接口调用成功！
[2021-11-11 10:26:58,309] - [INFO] - 授信受理成功，处理中！
[2021-11-11 10:26:58,310] - [INFO] - 授信结果查询
[2021-11-11 10:26:58,310] - [INFO] - ['http://10.1.14.106:27405/channel/apitest/TCJQ/CREDIT_INQUIRY']
[2021-11-11 10:26:58,311] - [INFO] - 请求报文：{'channelCustId': '202111111026586612981', 'creditReqNo': '202111111026588816488', 'creditApplyNo': '202111110000000009'}
[2021-11-11 10:26:58,454] - [INFO] - 响应报文：{'result': True, 'code': 200, 'msg': 'SUCCESS!', 'data': {'code': '0000', 'productId': '7014', 'body': {'channelCustId': '202111111026586612981', 'creditReqNo': '202111111026588816488', 'creditApplyNo': '202111110000000009', 'status': '00'}, 'message': '成功', 'channelId': 'ORANGE'}}
[2021-11-11 10:26:58,455] - [INFO] - 授信查询接口调用成功！
[2021-11-11 10:26:58,456] - [INFO] - 授信中！
[2021-11-11 10:28:04,920] - [INFO] - 投保信息接口
[2021-11-11 10:28:04,921] - [INFO] - http://10.1.14.106:27405/channel/apitest/QFIN/INSURE_INFO
[2021-11-11 10:28:04,921] - [INFO] - 请求报文：{'channelCustId': '', 'name': '宗兴', 'insuranceNo': '202111111028046649664', 'idNo': '120223199110051487', 'idAddress': '上海市浦东新区龙阳路幸福村520号', 'phone': '16611116054', 'amount': 6000, 'periods': '6', 'purpose': '07', 'capitalCode': 'FBBANK', 'custGrde': 18, 'email': '1264311721@hrtx.com', 'contactPhone': '18968523600', 'callbackUrl': 'https://www.baidu.com'}
[2021-11-11 10:28:08,484] - [INFO] - 响应报文：{'result': True, 'code': 200, 'msg': 'SUCCESS!', 'data': {'channelCustId': '', 'errorCode': '', 'errorMsg': '', 'insurUrl': 'https://test.95590.cn/openui_st/h5/?navStyle=hideLight#/application?env=sit&loanReqNo=202111111028046649664&lp=20211111102808422000026130', 'insuranceNo': '202111111028046649664', 'status': '01'}}
[2021-11-11 10:28:08,485] - [INFO] - 投保信息接口成功！
[2021-11-11 10:28:08,485] - [INFO] - 投保资料查询接口
[2021-11-11 10:28:08,485] - [INFO] - http://10.1.14.106:27405/channel/apitest/QFIN/INSURE_DATA_QUERY
[2021-11-11 10:28:08,486] - [INFO] - 请求报文：{'loanReqNo': '202111111028046649664', 'token': '20211111102808422000026130'}
[2021-11-11 10:28:08,700] - [INFO] - 响应报文：{'result': True, 'code': 200, 'msg': 'SUCCESS!', 'data': {'discountRate': 0, 'insurantName': '富邦华一银行', 'purpose': '07', 'premiumRate': 0.303, 'loanReqNo': '202111111028046649664', 'premiumExcTax': 17.55, 'idNo': '120223199110051487', 'phoneNo': '18968523600', 'insurantAdd': '上海市静安区高平路478号', 'claimPeriod': '50', 'periods': 6, 'taxFee': 1.05, 'email': '1264311721@hrtx.com', 'monthlyFee': 18.6, 'addProvince': '', 'amount': 6000.0, 'address': '上海市浦东新区龙阳路幸福村520号', 'irr': '18.00', 'addDistrict': '', 'addCity': '', 'annualIntRate': 6.2, 'addDetail': '上海市浦东新区龙阳路幸福村520号', 'phone': '16611116054', 'insAmount': 6139.2, 'name': '宗兴', 'postCode': '200436'}}
[2021-11-11 10:28:08,701] - [INFO] - 投保资料查询成功！
[2021-11-11 10:28:08,701] - [INFO] - 投保接口
[2021-11-11 10:28:08,702] - [INFO] - http://10.1.14.106:27405/channel/apitest/QFIN/INSURE
[2021-11-11 10:28:08,702] - [INFO] - 请求报文：{'agentNo': 'TianCheng', 'agentName': '甜橙保代', 'loanReqNo': '202111111028046649664', 'insReqNo': '202111111028046649664', 'name': '宗兴', 'idNo': '120223199110051487', 'phone': '16611116054', 'amount': 6000, 'periods': '6', 'purpose': '07', 'premiumRate': 1.66, 'insurantName': '韦艺翠', 'insurantAdd': '上海市浦东新区龙阳路幸福村520号', 'postCode': '110016', 'productId': '7015', 'loanAmount': 6000}
[2021-11-11 10:28:08,952] - [INFO] - 响应报文：{'result': True, 'code': 200, 'msg': 'SUCCESS!', 'data': {'insReqNo': '2151383643248513', 'errorCode': '', 'loanReqNo': '', 'errorMsg': '', 'status': '01'}}
[2021-11-11 10:28:08,953] - [INFO] - 已受理，处理中！
[2021-11-11 10:28:08,953] - [INFO] - 支用接口
[2021-11-11 10:28:08,953] - [INFO] - http://10.1.14.106:27405/channel/apitest/QFIN/DISBURSE
[2021-11-11 10:28:08,954] - [INFO] - 请求报文：{'channelCustId': '', 'loanReqNo': '202111111028046649664', 'idNo': '120223199110051487', 'insuranceNo': '202111111028046649664', 'phone': '16611116054', 'loanAmount': 6000, 'productId': '7015', 'name': '宗兴', 'spelling': 'CHENPI', 'sex': '01', 'nationality': '中国', 'nation': '汉族', 'birthday': '1991/01/08', 'idType': '00', 'idAddress': '上海市浦东新区龙阳路幸福村520号', 'idStartDate': '2015/10/08', 'idEndDate': '2025/10/08', 'idOffice': '杭州市公安局江干区分局', 'marriage': '03', 'education': '06', 'children': '00', 'supplyPeople': 0, 'house': '00', 'addProvince': '', 'addCity': '', 'addDistrict': '', 'addDetail': '', 'industry': 'C', 'profession': '18', 'workplaceName': '大地保险公司', 'workTel': '13196853698', 'workProvince': '', 'workCity': '', 'workDistrict': '', 'workDetailAdd': '学院路100号小杨制造厂', 'workAge': 10, 'income': '02', 'school': '清华大学', 'email': '1264311721@hrtx.com', 'contacts': [{'relation': '00', 'name': '哈利路亚', 'phoneNo': '18968523600'}], 'bankCard': '6214661111102804', 'bankName': '中国农业银行', 'bankPhone': '16611116054', 'applyProvince': '', 'applyCity': '', 'applyDistrict': '', 'periods': '6', 'purpose': '07', 'direction': '', 'payType': '01', 'payMerchantNo': '', 'authFlag': '01', 'deviceDetail': {'deviceId': '', 'mac': 'NONE', 'longitude': '23.232653', 'latitude': '88.369689', 'gpsCity': '', 'ip': '192.3.46.57', 'ipCity': '', 'oS': ''}, 'docDate': '', 'channelDetail': {'capitalCode': 'FBBANK', 'custGrde': 18, 'payType': '03', 'applyEntry': '03', 'creditDuration': '2020/03/02', 'faceRecoType': '01', 'faceRecoScore': 66, 'currLimit': 20000.0, 'currRemainLimit': 20000.0, 'firstLoanFlag': 'N', 'settleLoanNum': 1, 'unsettleLoanLimit': 1, 'unsettleLoanNum': 1.66, 'longestOverPeriod': 1, 'applyLevel360': 100, 'actionLevel360': 100, 'realFaceCheckResult': '1', 'citizenshipCheckResult': '1', 'bankCheckResult': '1', 'telcoCheckResult': '1'}, 'custGrde': 18}
[2021-11-11 10:28:09,131] - [INFO] - 响应报文：{'result': True, 'code': 200, 'msg': 'SUCCESS!', 'data': {'channelCustId': '', 'errorCode': '', 'errorMsg': '', 'loanApplyNo': '202111110000000010', 'loanReqNo': '202111111028046649664', 'status': '01'}}
[2021-11-11 10:28:09,132] - [INFO] - 放款受理成功，处理中！
[2021-11-11 10:28:09,132] - [INFO] - 
                        姓名：宗兴
                        身份证号：120223199110051487
                        手机号：16611116054
                        借款金额:6000
                        借款期次:6
                        loanReqNo:202111111028046649664
                    
[2021-11-11 17:09:31,326] - [INFO] - 投保信息接口
[2021-11-11 17:09:31,327] - [INFO] - http://10.1.14.106:27405/channel/apitest/HUANBEI/INSURE_INFO
[2021-11-11 17:09:31,328] - [INFO] - 请求报文：{'channelCustId': '', 'loanReqNo': '202111111709316686116', 'capitalCode': 'FBBANK', 'custGrde': 18, 'name': '甲一', 'idNo': '65322420090421440X', 'phone': '13164823092', 'amount': 3000, 'periods': '6', 'purpose': '01', 'addProvince': '110000', 'addCity': '110000', 'addDistrict': '110101', 'addDetail': '学霸路学渣小区1314弄520号', 'email': 'ybhdsg@hrtx.com', 'contactPhone': 'contactPhone', 'loanRate': 20.0, 'discountRate': 18}
[2021-11-11 17:09:31,813] - [INFO] - 响应报文：{'result': True, 'code': 200, 'msg': 'SUCCESS!', 'data': {'channelCustId': '', 'errorCode': '', 'errorMsg': '', 'insurAgencyUrl': 'https://test-h5.dsibc.com/market/detail?productCode=1059901&env=sit&loanReqNo=202111111709316686116&lp=20211111170931823000026138', 'loanApplyNo': '202111111709316686116', 'loanReqNo': '202111111709316686116'}}
[2021-11-11 17:09:31,815] - [INFO] - 投保信息接口成功！
[2021-11-11 17:09:31,816] - [INFO] - 投保资料查询接口
[2021-11-11 17:09:31,816] - [INFO] - http://10.1.14.106:27405/channel/apitest/HUANBEI/INSURE_DATA_QUERY
[2021-11-11 17:09:31,816] - [INFO] - 请求报文：{'loanReqNo': '202111111709316686116', 'token': '20211111170931823000026138'}
[2021-11-11 17:09:32,268] - [INFO] - 响应报文：{'result': True, 'code': 200, 'msg': 'SUCCESS!', 'data': {'discountRate': 0, 'insurantName': '富邦华一银行', 'purpose': '01', 'premiumRate': 0.57, 'loanReqNo': '202111111709316686116', 'premiumExcTax': 16.5, 'idNo': '65322420090421440X', 'phoneNo': 'contactPhone', 'insurantAdd': '上海市静安区高平路478号', 'claimPeriod': '50', 'periods': 6, 'taxFee': 0.99, 'email': 'ybhdsg@hrtx.com', 'monthlyFee': 17.49, 'addProvince': '110000', 'amount': 3000.0, 'address': '北京市北京市东城区学霸路学渣小区1314弄520号', 'irr': '18.00', 'addDistrict': '110101', 'addCity': '110000', 'annualIntRate': 6.2, 'addDetail': '学霸路学渣小区1314弄520号', 'phone': '13164823092', 'insAmount': 3069.6, 'name': '甲一', 'postCode': '200436'}}
[2021-11-11 17:09:32,269] - [INFO] - 投保资料查询成功！
[2021-11-11 17:09:32,269] - [INFO] - 投保接口
[2021-11-11 17:09:32,270] - [INFO] - http://10.1.14.106:27405/channel/apitest/HUANBEI/INSURE
[2021-11-11 17:09:32,270] - [INFO] - 请求报文：{'agentNo': 'DingSheng', 'agentName': '鼎盛保险经纪', 'loanReqNo': '202111111709316686116', 'insReqNo': '202111111709316686116', 'name': '甲一', 'idNo': '65322420090421440X', 'phone': '13164823092', 'amount': 3000, 'periods': '6', 'purpose': '01', 'premiumRate': 0.57, 'insurantName': '哑巴湖大水怪', 'insurantAdd': '被保险人通讯地址', 'postCode': '110016', 'version': '', 'docVersion': ''}
[2021-11-11 17:09:32,726] - [INFO] - 响应报文：{'result': True, 'code': 200, 'msg': 'SUCCESS!', 'data': {'insReqNo': '6868255763851858', 'errorCode': '', 'loanReqNo': '202111111709316686116', 'errorMsg': '', 'status': '01'}}
[2021-11-11 17:09:32,727] - [INFO] - 已受理，处理中！
[2021-11-11 17:09:32,727] - [INFO] - 支用接口
[2021-11-11 17:09:32,728] - [INFO] - http://10.1.14.106:27405/channel/apitest/HUANBEI/DISBURSE
[2021-11-11 17:09:32,728] - [INFO] - 请求报文：{'channelCustId': '', 'loanReqNo': '202111111709316686116', 'loanRate': 20.0, 'discountRate': 18, 'name': '甲一', 'spelling': 'LAIJING', 'sex': '00', 'nationality': '中国', 'nation': '汉族', 'birthday': '1993/12/12', 'idType': '00', 'loanAmount': 3000, 'periods': '6', 'phone': '13164823092', 'idNo': '65322420090421440X', 'idStartDate': '2015/10/08', 'idEndDate': '2025/10/08', 'idOffice': '上海市崇明区太上皇路888弄001号', 'marriage': '00', 'children': '01', 'supplyPeople': 0, 'house': '09', 'addProvince': '110000', 'addCity': '110000', 'addDistrict': '110101', 'addDetail': '学霸路学渣小区250弄38号', 'industry': 'C', 'profession': '01', 'workplaceName': '中国大地保险公司', 'workTel': '0521-11122844', 'workProvince': '上海市', 'workCity': '上海市', 'workDistrict': '浦东新区', 'workDetailAdd': '证大五道口1199弄', 'workAge': 5, 'income': '02', 'education': '05', 'school': '哈弗大学', 'email': 'ybhdsg@hrtx.com', 'bankCard': '6216261000000009274', 'bankName': '建设银行', 'bankPhone': '13164823092', 'applyProvince': '110000', 'applyCity': '110000', 'applyDistrict': '110101', 'purpose': '01', 'direction': '04', 'payType': '00', 'payMerchantNo': '', 'authFlag': '01', 'capitalCode': 'FBBANK', 'agrSignTime': '20200506175500', 'docDate': '', 'contacts': [{'relation': '01', 'name': '鼎盛一', 'phoneNo': '17613148801'}, {'relation': '00', 'name': '鼎盛二', 'phoneNo': '17613148802'}], 'deviceDetail': {'deviceId': '646876135467846554646', 'mac': 'NONE', 'longitude': '162.357159', 'latitude': '63.589634', 'gpsCity': '上海市', 'ip': '192.3.46.57', 'ipCity': '上海市', 'oS': 'ios'}, 'channelDetail': {'custGrade': 18, 'obtainCustType': '01', 'faceType': '01', 'faceScore': 70, 'verifyResult': '01', 'fourElementsResult': '01', 'limitDate': '2020/05/06', 'limit': 20000.0, 'balanceLimit': 20000.0, 'isFirstDisburse': 'Y', 'settleLoanCounts': 1, 'unclearedLoanCnts': 1, 'unclearedLoanBaln': 0, 'overdueD3Days': 'N', 'maxOverdueDays': 14, 'overdueDays': 4, 'overdueD3Cnts': 1, 'isCurrentOverdue': 'N', 'firstRepayOdCnts': 1, 'beforeLoanSocre': '', 'midLoanSocre': '', 'afterLoanSocre': '', 'custGrde': 18}}
[2021-11-11 17:09:33,447] - [INFO] - 响应报文：{'result': True, 'code': 200, 'msg': 'SUCCESS!', 'data': {'channelCustId': '', 'errorCode': '', 'errorMsg': '', 'loanApplyNo': '202111110000002001', 'loanReqNo': '202111111709316686116', 'status': '01'}}
[2021-11-11 17:09:33,448] - [INFO] - 支用受理成功，处理中！
[2021-11-11 17:09:38,451] - [INFO] - 更新customer_info表liveaddress
[2021-11-11 17:09:38,452] - [INFO] - update customer_info set liveaddress = '河北省石家庄市裕华区体育南大街379号11栋3单元403号' where CERTID = '65322420090421440X'
[2021-11-11 17:09:38,600] - [INFO] - 
                        姓名：甲一
                        身份证号：65322420090421440X
                        手机号：13164823092
                        借款金额:3000
                        借款期次:6
                        loanReqNo:202111111709316686116
                    
[2021-11-11 17:11:47,406] - [INFO] - 投保信息接口
[2021-11-11 17:11:47,406] - [INFO] - http://10.1.14.106:27405/channel/apitest/HUANBEI/INSURE_INFO
[2021-11-11 17:11:47,407] - [INFO] - 请求报文：{'channelCustId': '', 'loanReqNo': '202111111711476620775', 'capitalCode': 'FBBANK', 'custGrde': 18, 'name': '甲一', 'idNo': '65322420090421440X', 'phone': '13164823092', 'amount': 3000, 'periods': '6', 'purpose': '01', 'addProvince': '110000', 'addCity': '110000', 'addDistrict': '110101', 'addDetail': '学霸路学渣小区1314弄520号', 'email': 'ybhdsg@hrtx.com', 'contactPhone': 'contactPhone', 'loanRate': 20.0, 'discountRate': 18}
[2021-11-11 17:11:47,691] - [INFO] - 响应报文：{'result': True, 'code': 200, 'msg': 'SUCCESS!', 'data': {'channelCustId': '', 'errorCode': '', 'errorMsg': '', 'insurAgencyUrl': 'https://test-h5.dsibc.com/market/detail?productCode=1059901&env=sit&loanReqNo=202111111711476620775&lp=20211111171147789000026139', 'loanApplyNo': '202111111711476620775', 'loanReqNo': '202111111711476620775'}}
[2021-11-11 17:11:47,692] - [INFO] - 投保信息接口成功！
[2021-11-11 17:11:47,692] - [INFO] - 投保资料查询接口
[2021-11-11 17:11:47,693] - [INFO] - http://10.1.14.106:27405/channel/apitest/HUANBEI/INSURE_DATA_QUERY
[2021-11-11 17:11:47,693] - [INFO] - 请求报文：{'loanReqNo': '202111111711476620775', 'token': '20211111171147789000026139'}
[2021-11-11 17:11:47,933] - [INFO] - 响应报文：{'result': True, 'code': 200, 'msg': 'SUCCESS!', 'data': {'discountRate': 0, 'insurantName': '富邦华一银行', 'purpose': '01', 'premiumRate': 0.57, 'loanReqNo': '202111111711476620775', 'premiumExcTax': 16.5, 'idNo': '65322420090421440X', 'phoneNo': 'contactPhone', 'insurantAdd': '上海市静安区高平路478号', 'claimPeriod': '50', 'periods': 6, 'taxFee': 0.99, 'email': 'ybhdsg@hrtx.com', 'monthlyFee': 17.49, 'addProvince': '110000', 'amount': 3000.0, 'address': '北京市北京市东城区学霸路学渣小区1314弄520号', 'irr': '18.00', 'addDistrict': '110101', 'addCity': '110000', 'annualIntRate': 6.2, 'addDetail': '学霸路学渣小区1314弄520号', 'phone': '13164823092', 'insAmount': 3069.6, 'name': '甲一', 'postCode': '200436'}}
[2021-11-11 17:11:47,934] - [INFO] - 投保资料查询成功！
[2021-11-11 17:11:47,934] - [INFO] - 投保接口
[2021-11-11 17:11:47,934] - [INFO] - http://10.1.14.106:27405/channel/apitest/HUANBEI/INSURE
[2021-11-11 17:11:47,935] - [INFO] - 请求报文：{'agentNo': 'DingSheng', 'agentName': '鼎盛保险经纪', 'loanReqNo': '202111111711476620775', 'insReqNo': '202111111711476620775', 'name': '甲一', 'idNo': '65322420090421440X', 'phone': '13164823092', 'amount': 3000, 'periods': '6', 'purpose': '01', 'premiumRate': 0.57, 'insurantName': '哑巴湖大水怪', 'insurantAdd': '被保险人通讯地址', 'postCode': '110016', 'version': '', 'docVersion': ''}
[2021-11-11 17:11:48,160] - [INFO] - 响应报文：{'result': True, 'code': 200, 'msg': 'SUCCESS!', 'data': {'insReqNo': '5734242705657835', 'errorCode': '', 'loanReqNo': '202111111711476620775', 'errorMsg': '', 'status': '01'}}
[2021-11-11 17:11:48,160] - [INFO] - 已受理，处理中！
[2021-11-11 17:11:48,160] - [INFO] - 支用接口
[2021-11-11 17:11:48,160] - [INFO] - http://10.1.14.106:27405/channel/apitest/HUANBEI/DISBURSE
[2021-11-11 17:11:48,160] - [INFO] - 请求报文：{'channelCustId': '', 'loanReqNo': '202111111711476620775', 'loanRate': 20.0, 'discountRate': 18, 'name': '甲一', 'spelling': 'LAIJING', 'sex': '00', 'nationality': '中国', 'nation': '汉族', 'birthday': '1993/12/12', 'idType': '00', 'loanAmount': 3000, 'periods': '6', 'phone': '13164823092', 'idNo': '65322420090421440X', 'idStartDate': '2015/10/08', 'idEndDate': '2025/10/08', 'idOffice': '上海市崇明区太上皇路888弄001号', 'marriage': '00', 'children': '01', 'supplyPeople': 0, 'house': '09', 'addProvince': '110000', 'addCity': '110000', 'addDistrict': '110101', 'addDetail': '学霸路学渣小区250弄38号', 'industry': 'C', 'profession': '01', 'workplaceName': '中国大地保险公司', 'workTel': '0521-11122844', 'workProvince': '上海市', 'workCity': '上海市', 'workDistrict': '浦东新区', 'workDetailAdd': '证大五道口1199弄', 'workAge': 5, 'income': '02', 'education': '05', 'school': '哈弗大学', 'email': 'ybhdsg@hrtx.com', 'bankCard': '6216261000000009274', 'bankName': '建设银行', 'bankPhone': '13164823092', 'applyProvince': '110000', 'applyCity': '110000', 'applyDistrict': '110101', 'purpose': '01', 'direction': '04', 'payType': '00', 'payMerchantNo': '', 'authFlag': '01', 'capitalCode': 'FBBANK', 'agrSignTime': '20200506175500', 'docDate': '', 'contacts': [{'relation': '01', 'name': '鼎盛一', 'phoneNo': '17613148801'}, {'relation': '00', 'name': '鼎盛二', 'phoneNo': '17613148802'}], 'deviceDetail': {'deviceId': '646876135467846554646', 'mac': 'NONE', 'longitude': '162.357159', 'latitude': '63.589634', 'gpsCity': '上海市', 'ip': '192.3.46.57', 'ipCity': '上海市', 'oS': 'ios'}, 'channelDetail': {'custGrade': 18, 'obtainCustType': '01', 'faceType': '01', 'faceScore': 70, 'verifyResult': '01', 'fourElementsResult': '01', 'limitDate': '2020/05/06', 'limit': 20000.0, 'balanceLimit': 20000.0, 'isFirstDisburse': 'Y', 'settleLoanCounts': 1, 'unclearedLoanCnts': 1, 'unclearedLoanBaln': 0, 'overdueD3Days': 'N', 'maxOverdueDays': 14, 'overdueDays': 4, 'overdueD3Cnts': 1, 'isCurrentOverdue': 'N', 'firstRepayOdCnts': 1, 'beforeLoanSocre': '', 'midLoanSocre': '', 'afterLoanSocre': '', 'custGrde': 18}}
[2021-11-11 17:11:48,397] - [INFO] - 响应报文：{'result': True, 'code': 200, 'msg': 'SUCCESS!', 'data': {'channelCustId': '', 'errorCode': '', 'errorMsg': '', 'loanApplyNo': '202111110000002002', 'loanReqNo': '202111111711476620775', 'status': '01'}}
[2021-11-11 17:11:48,398] - [INFO] - 支用受理成功，处理中！
[2021-11-11 17:11:53,403] - [INFO] - 更新customer_info表liveaddress
[2021-11-11 17:11:53,403] - [INFO] - update customer_info set liveaddress = '河北省石家庄市裕华区体育南大街379号11栋3单元403号' where CERTID = '65322420090421440X'
[2021-11-11 17:11:53,522] - [INFO] - 
                        姓名：甲一
                        身份证号：65322420090421440X
                        手机号：13164823092
                        借款金额:3000
                        借款期次:6
                        loanReqNo:202111111711476620775
                    
[2021-11-11 17:16:20,228] - [INFO] - 投保信息接口
[2021-11-11 17:16:20,228] - [INFO] - http://10.1.14.106:27405/channel/apitest/PPDAI/INSURE_INFO
[2021-11-11 17:16:20,228] - [INFO] - 请求报文：{'channelCustId': '', 'insuranceNo': '202111111716206670575', 'name': '丙三', 'idNo': '210282198011169903', 'idAddress': '浙江省杭州市江干区高教路119号', 'phone': '13915367454', 'amount': 6000, 'periods': '6', 'purpose': '01', 'capitalCode': 'FBBANK', 'custGrde': 20, 'email': 'ybhdsg@hrtx.com', 'contactPhone': '17613145209', 'callbackUrl': 'callbackUrl'}
[2021-11-11 17:16:20,691] - [INFO] - 响应报文：{'result': True, 'code': 200, 'msg': 'SUCCESS!', 'data': {'channelCustId': '', 'errorCode': '', 'errorMsg': '', 'insurUrl': 'https://test.95590.cn/openui_st/h5/#/paipai/application?env=sit&loanReqNo=202111111716206670575&lp=20211111171620713000026140', 'insuranceNo': '202111111716206670575', 'status': '01'}}
[2021-11-11 17:16:20,691] - [INFO] - 投保信息接口成功！
[2021-11-11 17:16:20,692] - [INFO] - 投保资料查询接口
[2021-11-11 17:16:20,692] - [INFO] - http://10.1.14.106:27405/channel/apitest/PPDAI/INSURE_DATA_QUERY
[2021-11-11 17:16:20,692] - [INFO] - 请求报文：{'loanReqNo': '202111111716206670575', 'token': '20211111171620713000026140'}
[2021-11-11 17:16:20,902] - [INFO] - 响应报文：{'result': True, 'code': 200, 'msg': 'SUCCESS!', 'data': {'discountRate': 0, 'insurantName': '富邦华一银行', 'purpose': '01', 'premiumRate': 0.668, 'loanReqNo': '202111111716206670575', 'premiumExcTax': 38.66, 'idNo': '210282198011169903', 'phoneNo': '17613145209', 'insurantAdd': '上海市静安区高平路478号', 'claimPeriod': '50', 'periods': 6, 'taxFee': 2.32, 'email': 'ybhdsg@hrtx.com', 'monthlyFee': 40.98, 'addProvince': '', 'amount': 6000.0, 'address': '浙江省杭州市江干区高教路119号', 'irr': '20.00', 'addDistrict': '', 'addCity': '', 'annualIntRate': 6.2, 'addDetail': '浙江省杭州市江干区高教路119号', 'phone': '13915367454', 'insAmount': 6139.2, 'name': '丙三', 'postCode': '200436'}}
[2021-11-11 17:16:20,903] - [INFO] - 投保资料查询成功！
[2021-11-11 17:16:20,903] - [INFO] - 投保接口
[2021-11-11 17:16:20,903] - [INFO] - http://10.1.14.106:27405/channel/apitest/PPDAI/INSURE
[2021-11-11 17:16:20,904] - [INFO] - 请求报文：{'agentNo': '', 'agentName': '', 'loanReqNo': '202111111716206670575', 'insReqNo': '202111111716206670575', 'name': '丙三', 'idNo': '210282198011169903', 'phone': '13915367454', 'amount': 6000, 'periods': '6', 'purpose': '01', 'premiumRate': 0.668, 'insurantName': '富邦华一银行', 'insurantAdd': '上海浦东新区1239号', 'postCode': '200300', 'version': 'ccic-001', 'docVersion': 'ccic-002'}
[2021-11-11 17:16:21,104] - [INFO] - 响应报文：{'result': True, 'code': 200, 'msg': 'SUCCESS!', 'data': {'insReqNo': '2711682552483165', 'errorCode': '', 'loanReqNo': '', 'errorMsg': '', 'status': '01'}}
[2021-11-11 17:16:21,105] - [INFO] - 已受理，处理中！
[2021-11-11 17:16:21,106] - [INFO] - 授信接口
[2021-11-11 17:16:21,106] - [INFO] - http://10.1.14.106:27405/channel/apitest/PPDAI/CREDIT_GRANTING
[2021-11-11 17:16:21,107] - [INFO] - 请求报文：{'channelCustId': '', 'insuranceNo': '202111111716206670575', 'creditReqNo': '202111111716208827612', 'name': '丙三', 'spelling': '', 'sex': '00', 'nationality': '中国', 'nation': '汉族', 'birthday': '1985/06/02', 'idType': '00', 'loanAmount': 6000, 'periods': '6', 'idNo': '210282198011169903', 'phone': '13915367454', 'idStartDate': '2016/09/04', 'idEndDate': '2026/09/04', 'idOffice': '浩然天下宝瓶洲大骊王朝落坡山办祖师堂', 'idAddress': '浙江省杭州市江干区高教路119号', 'marriage': '00', 'children': '', 'supplyPeople': 0, 'house': '', 'addProvince': '', 'addCity': '', 'addDistrict': '', 'addDetail': '', 'industry': 'C', 'profession': '07', 'workplaceName': '大地保险公司', 'workTel': '', 'workProvince': '', 'workCity': '', 'workDistrict': '', 'workDetailAdd': '', 'workAge': 0, 'income': '01', 'education': '05', 'school': '', 'email': 'ybhdsg@hrtx.com', 'contacts': [{'relation': '00', 'name': '哑巴湖大水怪', 'phoneNo': '17613145210'}, {'relation': '00', 'name': '哑巴湖大水怪', 'phoneNo': '17613145210'}], 'bankCard': '6214661111171620', 'bankName': '建设银行', 'bankPhone': '13915367454', 'applyProvince': '', 'applyCity': '', 'applyDistrict': '', 'purpose': '01', 'direction': '', 'payType': '', 'payMerchantNo': '', 'authFlag': '01', 'deviceDetail': {'deviceId': '', 'mac': '', 'longitude': '', 'latitude': '', 'gpsCity': '', 'ip': '', 'ipCity': '', 'oS': 'ios'}, 'channelDetail': {'capitalCode': 'FBBANK', 'custGrde': 20, 'applyEntry': 'applyEntry', 'faceRecoType': 'LINKFACE', 'faceRecoScore': 99, 'creditDuration': '2020/08/19', 'currLimit': 50000, 'currRemainLimit': 50000, 'firstLoanFlag': 'Y', 'overdueFlag': 'N', 'settleLoanNum': 0, 'unsettleLoanLimit': 0, 'unsettleLoanNum': 0, 'longestOverPeriod': 0, 'compScore': '1', 'realFaceCheckResult': '1', 'citizenshipCheckResult': '1', 'bankCheckResult': '1', 'telcoCheckResult': '1'}, 'docDate': '2021/11/11'}
[2021-11-11 17:16:23,093] - [INFO] - 响应报文：{'result': True, 'code': 200, 'msg': 'SUCCESS!', 'data': {'channelCustId': '', 'creditApplyNo': '202111110000002003', 'creditReqNo': '202111111716208827612', 'errorCode': '', 'errorMsg': '', 'status': '01'}}
[2021-11-11 17:16:23,093] - [INFO] - 授信受理成功，处理中！
[2021-11-11 17:16:28,100] - [INFO] - 授信结果查询
[2021-11-11 17:16:28,100] - [INFO] - http://10.1.14.106:27405/channel/apitest/PPDAI/CREDIT_INQUIRY
[2021-11-11 17:16:28,101] - [INFO] - 请求报文：{'channelCustId': '', 'creditReqNo': '202111111716208827612'}
[2021-11-11 17:16:28,352] - [INFO] - 响应报文：{'result': True, 'code': 200, 'msg': 'SUCCESS!', 'data': {'channelCustId': '', 'creditApplyNo': '202111110000002003', 'creditDate': '', 'creditExpireDate': '', 'creditReqNo': '202111111716208827612', 'creditState': '', 'errorCode': '', 'errorMsg': '', 'status': '02'}}
[2021-11-11 17:16:28,353] - [INFO] - 授信查询接口调用成功！
[2021-11-11 17:16:28,353] - [ERROR] - 授信失败！
[2021-11-11 17:16:28,353] - [ERROR] - 未知异常！
