[2022-05-23 09:53:05,664] - [INFO] - 授信申请
[2022-05-23 09:53:05,664] - [INFO] - [http://10.1.14.117:27405/channel/apitest/TCJQ/CREDIT_GRANTING]
[2022-05-23 09:53:05,665] - [INFO] - 请求报文：{'channelCustId': '202205230953056689862', 'creditReqNo': '202205230953058822245', 'name': '储贵', 'spelling': 'ZHANGTIAN', 'sex': '01', 'nationality': '中国', 'nation': '汉族', 'birthday': '1985/06/02', 'idType': '00', 'idNo': '230503199012205768', 'idStartDate': '2016/01/18', 'idEndDate': '2036/01/18', 'idOffice': '北京市东城区', 'marriage': '01', 'children': '00', 'supplyPeople': 3, 'house': '00', 'addProvince': '130000', 'addCity': '130100', 'addDistrict': '130101', 'addDetail': '东大街东大院', 'industry': 'C', 'profession': '11', 'workplaceName': 'AAA单位', 'workTel': '13162314539', 'workProvince': '110000', 'workCity': '110000', 'workDistrict': '110101', 'workDetailAdd': '西大街西大院', 'workAge': 8, 'income': '03', 'education': '06', 'school': '北京大学', 'phone': '16605238616', 'email': 'email163@qq.com', 'contacts': [{'relation': '00', 'name': '张三', 'phoneNo': '15638530000'}, {'relation': '01', 'name': '李四', 'phoneNo': '15638539999'}], 'bankCard': '6214660523095388', 'bankName': '建设银行', 'bankPhone': '16605238616', 'applyProvince': '110000', 'applyCity': '110000', 'applyDistrict': '110101', 'loanAmount': 5000, 'periods': '6', 'purpose': '01', 'direction': '01', 'payType': '00', 'payMerchantNo': '26666', 'authFlag': '01', 'deviceDetail': {'deviceId': '10-45-5-486', 'mac': '3a:b6:c6:5d:2e:f9', 'longitude': '121.551738', 'latitude': '31.224634', 'gpsCity': '上海市', 'ip': '106.14.135.199', 'ipCity': '上海', 'os': 'android', 'docDate': '2019/09/12'}, 'channelDetail': {'citizenshipCheckResult': '1', 'bankCheckResult': '1', 'telcoCheckResult': '1', 'consumeTimes': '1', 'creditTimes': '1', 'consumeScene': '1', 'frontId': '11', 'reverseId': '11', 'faceId': '11', 'woolFlag': '1', 'phoneFlag': '1', 'phoneTelco': '1', 'compScore': '650', 'repayAbilityScore': '650', 'comsAmount': '1', 'finAmount': '1', 'redPacket': '1', 'phoneAreaName': '上海市', 'modelScore': '650', 'whiteListFlag': '0', 'sugAmount': '3000.00', 'sugBasis': '2', 'loanGrade': 'A', 'registerTime': '1', 'realNameFlag': '1', 'realNameGrade': '1', 'transFlag': '1', 'custType': '', 'currLimit': 5000, 'currRemainLimit': 2000, 'currLimitOrg': 'DD', 'currLimitStartDate': '2021/05/31', 'currLimitEndDate': '2021/07/31', 'currTotalPrice': 28.11, 'firstLoanFlag': '1', 'unsettleLoanLimit': 1, 'settleLoanLimit': 1, 'lastLoanDate': '2021/04/21', 'loanAmount': 3000}, 'custType': '0'}
[2022-05-23 09:53:06,516] - [INFO] - 响应报文：{'result': True, 'code': 200, 'msg': 'SUCCESS!', 'data': {'code': '0000', 'productId': '7014', 'body': {'channelCustId': '202205230953056689862', 'creditReqNo': '202205230953058822245', 'creditApplyNo': '202205230000000001', 'status': '01'}, 'message': '成功', 'channelId': 'ORANGE'}}
[2022-05-23 09:53:06,517] - [INFO] - 授信接口调用成功！
[2022-05-23 09:53:06,517] - [INFO] - 授信受理成功，处理中！
[2022-05-23 09:53:06,517] - [INFO] - 授信结果查询
[2022-05-23 09:53:06,517] - [INFO] - ['http://10.1.14.117:27405/channel/apitest/TCJQ/CREDIT_INQUIRY']
[2022-05-23 09:53:06,518] - [INFO] - 请求报文：{'channelCustId': '202205230953056689862', 'creditReqNo': '202205230953058822245', 'creditApplyNo': '202205230000000001'}
[2022-05-23 09:53:07,178] - [INFO] - 响应报文：{'result': True, 'code': 200, 'msg': 'SUCCESS!', 'data': {'code': '0000', 'productId': '7014', 'body': {'channelCustId': '202205230953056689862', 'creditReqNo': '202205230953058822245', 'creditApplyNo': '202205230000000001', 'status': '00'}, 'message': '成功', 'channelId': 'ORANGE'}}
[2022-05-23 09:53:07,178] - [INFO] - 授信查询接口调用成功！
[2022-05-23 09:53:07,178] - [INFO] - 授信中！
[2022-05-23 09:53:10,192] - [INFO] - 授信结果查询
[2022-05-23 09:53:10,192] - [INFO] - ['http://10.1.14.117:27405/channel/apitest/TCJQ/CREDIT_INQUIRY']
[2022-05-23 09:53:10,193] - [INFO] - 请求报文：{'channelCustId': '202205230953056689862', 'creditReqNo': '202205230953058822245', 'creditApplyNo': '202205230000000001'}
[2022-05-23 09:53:10,299] - [INFO] - 响应报文：{'result': True, 'code': 200, 'msg': 'SUCCESS!', 'data': {'code': '0000', 'productId': '7014', 'body': {'channelCustId': '202205230953056689862', 'creditReqNo': '202205230953058822245', 'creditApplyNo': '202205230000000001', 'status': '00'}, 'message': '成功', 'channelId': 'ORANGE'}}
[2022-05-23 09:53:10,299] - [INFO] - 授信查询接口调用成功！
[2022-05-23 09:53:10,299] - [INFO] - 授信中！
[2022-05-23 09:53:13,304] - [INFO] - 授信结果查询
[2022-05-23 09:53:13,304] - [INFO] - ['http://10.1.14.117:27405/channel/apitest/TCJQ/CREDIT_INQUIRY']
[2022-05-23 09:53:13,305] - [INFO] - 请求报文：{'channelCustId': '202205230953056689862', 'creditReqNo': '202205230953058822245', 'creditApplyNo': '202205230000000001'}
[2022-05-23 09:53:13,351] - [INFO] - 响应报文：{'result': True, 'code': 200, 'msg': 'SUCCESS!', 'data': {'code': '0000', 'productId': '7014', 'body': {'channelCustId': '202205230953056689862', 'creditReqNo': '202205230953058822245', 'creditApplyNo': '202205230000000001', 'status': '00'}, 'message': '成功', 'channelId': 'ORANGE'}}
[2022-05-23 09:53:13,352] - [INFO] - 授信查询接口调用成功！
[2022-05-23 09:53:13,352] - [INFO] - 授信中！
[2022-05-23 09:53:16,363] - [INFO] - 授信结果查询
[2022-05-23 09:53:16,363] - [INFO] - ['http://10.1.14.117:27405/channel/apitest/TCJQ/CREDIT_INQUIRY']
[2022-05-23 09:53:16,364] - [INFO] - 请求报文：{'channelCustId': '202205230953056689862', 'creditReqNo': '202205230953058822245', 'creditApplyNo': '202205230000000001'}
[2022-05-23 09:53:16,424] - [INFO] - 响应报文：{'result': True, 'code': 200, 'msg': 'SUCCESS!', 'data': {'code': '0000', 'productId': '7014', 'body': {'channelCustId': '202205230953056689862', 'creditReqNo': '202205230953058822245', 'creditApplyNo': '202205230000000001', 'status': '00'}, 'message': '成功', 'channelId': 'ORANGE'}}
[2022-05-23 09:53:16,424] - [INFO] - 授信查询接口调用成功！
[2022-05-23 09:53:16,425] - [INFO] - 授信中！
[2022-05-23 09:53:19,427] - [INFO] - 授信结果查询
[2022-05-23 09:53:19,427] - [INFO] - ['http://10.1.14.117:27405/channel/apitest/TCJQ/CREDIT_INQUIRY']
[2022-05-23 09:53:19,428] - [INFO] - 请求报文：{'channelCustId': '202205230953056689862', 'creditReqNo': '202205230953058822245', 'creditApplyNo': '202205230000000001'}
[2022-05-23 09:53:19,556] - [INFO] - 响应报文：{'result': True, 'code': 200, 'msg': 'SUCCESS!', 'data': {'code': '0000', 'productId': '7014', 'body': {'creditDate': '2022/05/23', 'creditExpireDate': '2025/05/23', 'freezingDate': '', 'channelCustId': '202205230953056689862', 'creditReqNo': '202205230953058822245', 'creditApplyNo': '202205230000000001', 'creditState': '00', 'availAmount': 5000.0, 'creditAmount': 5000.0, 'status': '01'}, 'message': '成功', 'channelId': 'ORANGE'}}
[2022-05-23 09:53:19,556] - [INFO] - 授信查询接口调用成功！
[2022-05-23 09:53:19,556] - [INFO] - 授信通过！
[2022-05-23 09:53:19,557] - [INFO] - 更新客户信息表liveaddress
[2022-05-23 09:53:19,557] - [INFO] - update customer_info set liveaddress = '北京市市辖区东城区' where CERTID = '230503199012205768'
[2022-05-23 09:53:19,617] - [INFO] - 支用试算
[2022-05-23 09:53:19,617] - [INFO] - http://10.1.14.117:27405/channel/apitest/TCJQ/DISBURSE_TRIAL
[2022-05-23 09:53:19,618] - [INFO] - 请求报文：{'channelCustId': '202205230953056689862', 'periods': '6', 'name': '储贵', 'loanAmount': 2000, 'idNo': '230503199012205768', 'purpose': '00', 'idType': '00', 'addProvince': '110000', 'addCity': '110100', 'addDistrict': '110101', 'phone': '16605238616', 'addDetail': 'hahah', 'returnUrl': 'www.baidu.com'}
[2022-05-23 09:53:20,433] - [INFO] - 响应报文：{'result': True, 'code': 200, 'msg': 'SUCCESS!', 'data': {'code': '0000', 'productId': '7014', 'body': {'channelCustId': '202205230953056689862', 'repayPlanDetails': [{'principal': 329.06, 'period': 1, 'periodAmt': 360.37, 'premium': 20.98, 'interest': 10.33, 'repayDate': '2039/08/03'}, {'principal': 330.76, 'period': 2, 'periodAmt': 360.37, 'premium': 20.98, 'interest': 8.63, 'repayDate': '2039/09/03'}, {'principal': 332.47, 'period': 3, 'periodAmt': 360.37, 'premium': 20.98, 'interest': 6.92, 'repayDate': '2039/10/03'}, {'principal': 334.18, 'period': 4, 'periodAmt': 360.37, 'premium': 20.98, 'interest': 5.21, 'repayDate': '2039/11/03'}, {'principal': 335.91, 'period': 5, 'periodAmt': 360.37, 'premium': 20.98, 'interest': 3.48, 'repayDate': '2039/12/03'}, {'principal': 337.62, 'period': 6, 'periodAmt': 360.34, 'premium': 20.98, 'interest': 1.74, 'repayDate': '2040/01/03'}], 'capitalCode': 'FBBANK', 'status': '01'}, 'message': '成功', 'channelId': 'ORANGE'}}
[2022-05-23 09:53:20,433] - [INFO] - 本次试算资方为：FBBANK
[2022-05-23 09:53:20,433] - [INFO] - 支用试算成功！
[2022-05-23 09:53:20,433] - [INFO] - 支用接口
[2022-05-23 09:53:20,433] - [INFO] - http://10.1.14.117:27405/channel/apitest/TCJQ/DISBURSE
[2022-05-23 09:53:20,434] - [INFO] - 请求报文：{'channelCustId': '202205230953056689862', 'loanReqNo': '202205230953059984327', 'creditReqNo': '202205230953058822245', 'h5ReqApplyNo': '', 'loanAmount': 2000, 'periods': '6', 'purpose': '01', 'bankCard': '6214660523095388', 'bankCode': '308584000013', 'bankName': '建设银行', 'bankPhone': '16605238616', 'longitude': '121.551738', 'latitude': '31.224634', 'ip': '192.168.1.2', 'capitalCode': 'FBBANK', 'channelDetail': {'woolFlag': '1', 'phoneFlag': '1', 'phoneTelco': '1', 'compScore': '80', 'repayAbilityScore': '80', 'comsAmount': '4', 'finAmount': '2', 'redPacket': '2', 'phoneAreaName': '上海市', 'modelScore': '80', 'whiteListFlag': '0', 'loanGrade': 'A', 'registerTime': '2', 'realNameFlag': '1', 'realNameGrade': '1', 'transFlag': '1', 'custType': '', 'currLimit': 5000, 'currRemainLimit': 2000, 'currLimitOrg': 'DD', 'currLimitStartDate': '2021/05/31', 'currLimitEndDate': '2021/07/31', 'currTotalPrice': 28.11, 'firstLoanFlag': '1', 'unsettleLoanLimit': 1, 'settleLoanLimit': 1, 'lastLoanDate': '2021/04/21', 'loanAmount': 3000}, 'custType': '0'}
[2022-05-23 09:53:20,789] - [INFO] - 响应报文：{'result': True, 'code': 200, 'msg': 'SUCCESS!', 'data': {'code': '0000', 'productId': '7014', 'body': {'channelCustId': '202205230953056689862', 'loanReqNo': '202205230953059984327', 'loanApplyNo': '20220523000000001', 'status': '01'}, 'message': '成功', 'channelId': 'ORANGE'}}
[2022-05-23 09:53:20,789] - [INFO] - 支用接口调用成功！
[2022-05-23 09:53:20,790] - [INFO] - 受理成功，处理中!
[2022-05-23 09:53:20,790] - [INFO] - 
                    姓名：储贵
                    身份证号：230503199012205768
                    手机号：16605238616
                    借款金额:2000
                    借款期次:6
                    channelCustId：202205230953056689862
                    creditReqNo：202205230953058822245
                    loanReqNo:202205230953059984327
                    
[2022-05-23 09:53:36,015] - [INFO] - 投保信息接口
[2022-05-23 09:53:36,015] - [INFO] - http://10.1.14.117:27405/channel/apitest/QFIN/INSURE_INFO
[2022-05-23 09:53:36,016] - [INFO] - 请求报文：{'channelCustId': '', 'name': '卫先', 'insuranceNo': '202205230953366686754', 'idNo': '430603199503189742', 'idAddress': '上海市浦东新区龙阳路幸福村520号', 'phone': '16605235278', 'amount': 5000, 'periods': '6', 'purpose': '07', 'capitalCode': 'FBBANK', 'custGrde': 18, 'email': '1264311721@hrtx.com', 'contactPhone': '18968523600', 'callbackUrl': 'https://www.baidu.com'}
[2022-05-23 09:53:36,350] - [INFO] - 响应报文：{'result': True, 'code': 200, 'msg': 'SUCCESS!', 'data': {'channelCustId': '', 'errorCode': '', 'errorMsg': '', 'insurUrl': 'https://test.95590.cn/openui_uat/h5/?navStyle=hideLight#/application?loanReqNo=202205230953366686754&lp=20220523095336853000024031', 'insuranceNo': '202205230953366686754', 'status': '01'}}
[2022-05-23 09:53:36,350] - [INFO] - 投保信息接口成功！
[2022-05-23 09:53:36,350] - [INFO] - 投保资料查询接口
[2022-05-23 09:53:36,351] - [INFO] - http://10.1.14.117:27405/channel/apitest/QFIN/INSURE_DATA_QUERY
[2022-05-23 09:53:36,351] - [INFO] - 请求报文：{'loanReqNo': '202205230953366686754', 'token': '20220523095336853000024031'}
[2022-05-23 09:53:36,529] - [INFO] - 响应报文：{'result': True, 'code': 200, 'msg': 'SUCCESS!', 'data': {'discountRate': 0, 'insurantName': '富邦华一银行有限公司', 'purpose': '07', 'premiumRate': 0.359, 'loanReqNo': '202205230953366686754', 'premiumExcTax': 17.45, 'idNo': '430603199503189742', 'phoneNo': '18968523600', 'insurantAdd': '中国(上海)自由贸易试验区世纪大道1168号A座101室、18楼、19楼及20楼', 'claimPeriod': '80', 'periods': 6, 'taxFee': 1.05, 'email': '1264311721@hrtx.com', 'monthlyFee': 18.5, 'addProvince': '', 'amount': 5000.0, 'address': '上海市浦东新区龙阳路幸福村520号', 'irr': '18.00', 'addDistrict': '', 'addCity': '', 'annualIntRate': 6.2, 'addDetail': '上海市浦东新区龙阳路幸福村520号', 'phone': '16605235278', 'insAmount': 5155.0, 'name': '卫先', 'postCode': '200122'}}
[2022-05-23 09:53:36,529] - [INFO] - 投保资料查询成功！
[2022-05-23 09:53:36,529] - [INFO] - 投保接口
[2022-05-23 09:53:36,529] - [INFO] - http://10.1.14.117:27405/channel/apitest/QFIN/INSURE
[2022-05-23 09:53:36,531] - [INFO] - 请求报文：{'agentNo': 'TianCheng', 'agentName': '甜橙保代', 'loanReqNo': '202205230953366686754', 'insReqNo': '202205230953366686754', 'name': '卫先', 'idNo': '430603199503189742', 'phone': '16605235278', 'amount': 6000, 'periods': '6', 'purpose': '07', 'premiumRate': 1.66, 'insurantName': '韦艺翠', 'insurantAdd': '上海市浦东新区龙阳路幸福村520号', 'postCode': '110016', 'productId': '7015', 'loanAmount': 5000}
[2022-05-23 09:53:36,586] - [INFO] - 响应报文：{'result': True, 'code': 200, 'msg': 'SUCCESS!', 'data': {'insReqNo': '3581028668665624', 'errorCode': '', 'loanReqNo': '', 'errorMsg': '', 'status': '01'}}
[2022-05-23 09:53:36,587] - [INFO] - 已受理，处理中！
[2022-05-23 09:53:36,587] - [INFO] - 支用接口
[2022-05-23 09:53:36,587] - [INFO] - http://10.1.14.117:27405/channel/apitest/QFIN/DISBURSE
[2022-05-23 09:53:36,588] - [INFO] - 请求报文：{'channelCustId': '', 'loanReqNo': '202205230953366686754', 'idNo': '430603199503189742', 'insuranceNo': '202205230953366686754', 'phone': '16605235278', 'loanAmount': 5000, 'productId': '7015', 'name': '卫先', 'spelling': 'CHENPI', 'sex': '01', 'nationality': '中国', 'nation': '汉族', 'birthday': '1991/01/08', 'idType': '00', 'idAddress': '上海市浦东新区龙阳路幸福村520号', 'idStartDate': '2015/10/08', 'idEndDate': '2025/10/08', 'idOffice': '杭州市公安局江干区分局', 'marriage': '03', 'education': '06', 'children': '00', 'supplyPeople': 0, 'house': '00', 'addProvince': '', 'addCity': '', 'addDistrict': '', 'addDetail': '', 'industry': 'C', 'profession': '18', 'workplaceName': '大地保险公司', 'workTel': '13196853698', 'workProvince': '', 'workCity': '', 'workDistrict': '', 'workDetailAdd': '学院路100号小杨制造厂', 'workAge': 10, 'income': '02', 'school': '清华大学', 'email': '1264311721@hrtx.com', 'contacts': [{'relation': '00', 'name': '哈利路亚', 'phoneNo': '18968523600'}], 'bankCard': '6214660523095388', 'bankName': '中国农业银行', 'bankPhone': '16605235278', 'applyProvince': '', 'applyCity': '', 'applyDistrict': '', 'periods': '6', 'purpose': '07', 'direction': '', 'payType': '01', 'payMerchantNo': '', 'authFlag': '01', 'deviceDetail': {'deviceId': '', 'mac': 'NONE', 'longitude': '23.232653', 'latitude': '88.369689', 'gpsCity': '', 'ip': '192.3.46.57', 'ipCity': '', 'oS': ''}, 'docDate': '', 'channelDetail': {'capitalCode': 'FBBANK', 'custGrde': 18, 'payType': '03', 'applyEntry': '03', 'creditDuration': '2020/03/02', 'faceRecoType': '01', 'faceRecoScore': 66, 'currLimit': 20000.0, 'currRemainLimit': 20000.0, 'firstLoanFlag': 'N', 'settleLoanNum': 1, 'unsettleLoanLimit': 0, 'unsettleLoanNum': 0, 'longestOverPeriod': 0, 'applyLevel360': 1000, 'actionLevel360': 1000, 'realFaceCheckResult': '1', 'citizenshipCheckResult': '1', 'bankCheckResult': '1', 'telcoCheckResult': '1'}, 'custGrde': 18}
[2022-05-23 09:53:36,796] - [INFO] - 响应报文：{'result': True, 'code': 200, 'msg': 'SUCCESS!', 'data': {'channelCustId': '', 'errorCode': '', 'errorMsg': '', 'loanApplyNo': '202205230000000002', 'loanReqNo': '202205230953366686754', 'status': '01'}}
[2022-05-23 09:53:36,796] - [INFO] - 放款受理成功，处理中！
[2022-05-23 09:53:36,796] - [INFO] - 
                        姓名：卫先
                        身份证号：430603199503189742
                        手机号：16605235278
                        借款金额:5000
                        借款期次:6
                        loanReqNo:202205230953366686754
                    
[2022-05-23 11:15:10,984] - [INFO] - 授信申请
[2022-05-23 11:15:10,985] - [INFO] - [http://10.1.14.117:27405/channel/apitest/TCJQ/CREDIT_GRANTING]
[2022-05-23 11:15:10,985] - [INFO] - 请求报文：{'channelCustId': '202205231115106689637', 'creditReqNo': '202205231115108874833', 'name': '公苑', 'spelling': 'ZHANGTIAN', 'sex': '01', 'nationality': '中国', 'nation': '汉族', 'birthday': '1985/06/02', 'idType': '00', 'idNo': '440221199307271805', 'idStartDate': '2016/01/18', 'idEndDate': '2036/01/18', 'idOffice': '北京市东城区', 'marriage': '01', 'children': '00', 'supplyPeople': 3, 'house': '00', 'addProvince': '130000', 'addCity': '130100', 'addDistrict': '130101', 'addDetail': '东大街东大院', 'industry': 'C', 'profession': '11', 'workplaceName': 'AAA单位', 'workTel': '13162314539', 'workProvince': '110000', 'workCity': '110000', 'workDistrict': '110101', 'workDetailAdd': '西大街西大院', 'workAge': 8, 'income': '03', 'education': '06', 'school': '北京大学', 'phone': '16605236418', 'email': 'email163@qq.com', 'contacts': [{'relation': '00', 'name': '张三', 'phoneNo': '15638530000'}, {'relation': '01', 'name': '李四', 'phoneNo': '15638539999'}], 'bankCard': '6214660523111588', 'bankName': '建设银行', 'bankPhone': '16605236418', 'applyProvince': '110000', 'applyCity': '110000', 'applyDistrict': '110101', 'loanAmount': 5000, 'periods': '6', 'purpose': '01', 'direction': '01', 'payType': '00', 'payMerchantNo': '26666', 'authFlag': '01', 'deviceDetail': {'deviceId': '10-45-5-486', 'mac': '3a:b6:c6:5d:2e:f9', 'longitude': '121.551738', 'latitude': '31.224634', 'gpsCity': '上海市', 'ip': '106.14.135.199', 'ipCity': '上海', 'os': 'android', 'docDate': '2019/09/12'}, 'channelDetail': {'citizenshipCheckResult': '1', 'bankCheckResult': '1', 'telcoCheckResult': '1', 'consumeTimes': '1', 'creditTimes': '1', 'consumeScene': '1', 'frontId': '11', 'reverseId': '11', 'faceId': '11', 'woolFlag': '1', 'phoneFlag': '1', 'phoneTelco': '1', 'compScore': '650', 'repayAbilityScore': '650', 'comsAmount': '1', 'finAmount': '1', 'redPacket': '1', 'phoneAreaName': '上海市', 'modelScore': '650', 'whiteListFlag': '0', 'sugAmount': '3000.00', 'sugBasis': '2', 'loanGrade': 'A', 'registerTime': '1', 'realNameFlag': '1', 'realNameGrade': '1', 'transFlag': '1', 'custType': '', 'currLimit': 5000, 'currRemainLimit': 2000, 'currLimitOrg': 'DD', 'currLimitStartDate': '2021/05/31', 'currLimitEndDate': '2021/07/31', 'currTotalPrice': 28.11, 'firstLoanFlag': '1', 'unsettleLoanLimit': 1, 'settleLoanLimit': 1, 'lastLoanDate': '2021/04/21', 'loanAmount': 3000}, 'custType': '0'}
[2022-05-23 11:15:11,294] - [INFO] - 响应报文：{'result': True, 'code': 200, 'msg': 'SUCCESS!', 'data': {'code': '0000', 'productId': '7014', 'body': {'channelCustId': '202205231115106689637', 'creditReqNo': '202205231115108874833', 'creditApplyNo': '202205230000000003', 'status': '01'}, 'message': '成功', 'channelId': 'ORANGE'}}
[2022-05-23 11:15:11,294] - [INFO] - 授信接口调用成功！
[2022-05-23 11:15:11,294] - [INFO] - 授信受理成功，处理中！
[2022-05-23 11:15:11,295] - [INFO] - 授信结果查询
[2022-05-23 11:15:11,295] - [INFO] - ['http://10.1.14.117:27405/channel/apitest/TCJQ/CREDIT_INQUIRY']
[2022-05-23 11:15:11,295] - [INFO] - 请求报文：{'channelCustId': '202205231115106689637', 'creditReqNo': '202205231115108874833', 'creditApplyNo': '202205230000000003'}
[2022-05-23 11:15:11,352] - [INFO] - 响应报文：{'result': True, 'code': 200, 'msg': 'SUCCESS!', 'data': {'code': '0000', 'productId': '7014', 'body': {'channelCustId': '202205231115106689637', 'creditReqNo': '202205231115108874833', 'creditApplyNo': '202205230000000003', 'status': '00'}, 'message': '成功', 'channelId': 'ORANGE'}}
[2022-05-23 11:15:11,353] - [INFO] - 授信查询接口调用成功！
[2022-05-23 11:15:11,353] - [INFO] - 授信中！
[2022-05-23 11:15:14,354] - [INFO] - 授信结果查询
[2022-05-23 11:15:14,354] - [INFO] - ['http://10.1.14.117:27405/channel/apitest/TCJQ/CREDIT_INQUIRY']
[2022-05-23 11:15:14,354] - [INFO] - 请求报文：{'channelCustId': '202205231115106689637', 'creditReqNo': '202205231115108874833', 'creditApplyNo': '202205230000000003'}
[2022-05-23 11:15:14,396] - [INFO] - 响应报文：{'result': True, 'code': 200, 'msg': 'SUCCESS!', 'data': {'code': '0000', 'productId': '7014', 'body': {'channelCustId': '202205231115106689637', 'creditReqNo': '202205231115108874833', 'creditApplyNo': '202205230000000003', 'status': '00'}, 'message': '成功', 'channelId': 'ORANGE'}}
[2022-05-23 11:15:14,396] - [INFO] - 授信查询接口调用成功！
[2022-05-23 11:15:14,396] - [INFO] - 授信中！
[2022-05-23 11:15:17,402] - [INFO] - 授信结果查询
[2022-05-23 11:15:17,402] - [INFO] - ['http://10.1.14.117:27405/channel/apitest/TCJQ/CREDIT_INQUIRY']
[2022-05-23 11:15:17,403] - [INFO] - 请求报文：{'channelCustId': '202205231115106689637', 'creditReqNo': '202205231115108874833', 'creditApplyNo': '202205230000000003'}
[2022-05-23 11:15:17,449] - [INFO] - 响应报文：{'result': True, 'code': 200, 'msg': 'SUCCESS!', 'data': {'code': '0000', 'productId': '7014', 'body': {'channelCustId': '202205231115106689637', 'creditReqNo': '202205231115108874833', 'creditApplyNo': '202205230000000003', 'status': '00'}, 'message': '成功', 'channelId': 'ORANGE'}}
[2022-05-23 11:15:17,449] - [INFO] - 授信查询接口调用成功！
[2022-05-23 11:15:17,449] - [INFO] - 授信中！
[2022-05-23 11:15:20,459] - [INFO] - 授信结果查询
[2022-05-23 11:15:20,459] - [INFO] - ['http://10.1.14.117:27405/channel/apitest/TCJQ/CREDIT_INQUIRY']
[2022-05-23 11:15:20,460] - [INFO] - 请求报文：{'channelCustId': '202205231115106689637', 'creditReqNo': '202205231115108874833', 'creditApplyNo': '202205230000000003'}
[2022-05-23 11:15:20,506] - [INFO] - 响应报文：{'result': True, 'code': 200, 'msg': 'SUCCESS!', 'data': {'code': '0000', 'productId': '7014', 'body': {'channelCustId': '202205231115106689637', 'creditReqNo': '202205231115108874833', 'creditApplyNo': '202205230000000003', 'status': '00'}, 'message': '成功', 'channelId': 'ORANGE'}}
[2022-05-23 11:15:20,507] - [INFO] - 授信查询接口调用成功！
[2022-05-23 11:15:20,507] - [INFO] - 授信中！
[2022-05-23 11:15:23,520] - [INFO] - 授信结果查询
[2022-05-23 11:15:23,520] - [INFO] - ['http://10.1.14.117:27405/channel/apitest/TCJQ/CREDIT_INQUIRY']
[2022-05-23 11:15:23,521] - [INFO] - 请求报文：{'channelCustId': '202205231115106689637', 'creditReqNo': '202205231115108874833', 'creditApplyNo': '202205230000000003'}
[2022-05-23 11:15:23,704] - [INFO] - 响应报文：{'result': True, 'code': 200, 'msg': 'SUCCESS!', 'data': {'code': '0000', 'productId': '7014', 'body': {'channelCustId': '202205231115106689637', 'creditReqNo': '202205231115108874833', 'creditApplyNo': '202205230000000003', 'status': '00'}, 'message': '成功', 'channelId': 'ORANGE'}}
[2022-05-23 11:15:23,704] - [INFO] - 授信查询接口调用成功！
[2022-05-23 11:15:23,704] - [INFO] - 授信中！
[2022-05-23 11:15:26,716] - [INFO] - 授信结果查询
[2022-05-23 11:15:26,716] - [INFO] - ['http://10.1.14.117:27405/channel/apitest/TCJQ/CREDIT_INQUIRY']
[2022-05-23 11:15:26,717] - [INFO] - 请求报文：{'channelCustId': '202205231115106689637', 'creditReqNo': '202205231115108874833', 'creditApplyNo': '202205230000000003'}
[2022-05-23 11:15:26,817] - [INFO] - 响应报文：{'result': True, 'code': 200, 'msg': 'SUCCESS!', 'data': {'code': '0000', 'productId': '7014', 'body': {'channelCustId': '202205231115106689637', 'creditReqNo': '202205231115108874833', 'creditApplyNo': '202205230000000003', 'status': '00'}, 'message': '成功', 'channelId': 'ORANGE'}}
[2022-05-23 11:15:26,817] - [INFO] - 授信查询接口调用成功！
[2022-05-23 11:15:26,817] - [INFO] - 授信中！
[2022-05-23 11:15:29,825] - [INFO] - 授信结果查询
[2022-05-23 11:15:29,825] - [INFO] - ['http://10.1.14.117:27405/channel/apitest/TCJQ/CREDIT_INQUIRY']
[2022-05-23 11:15:29,826] - [INFO] - 请求报文：{'channelCustId': '202205231115106689637', 'creditReqNo': '202205231115108874833', 'creditApplyNo': '202205230000000003'}
[2022-05-23 11:15:29,919] - [INFO] - 响应报文：{'result': True, 'code': 200, 'msg': 'SUCCESS!', 'data': {'code': '0000', 'productId': '7014', 'body': {'creditDate': '2022/05/23', 'creditExpireDate': '2025/05/23', 'freezingDate': '', 'channelCustId': '202205231115106689637', 'creditReqNo': '202205231115108874833', 'creditApplyNo': '202205230000000003', 'creditState': '00', 'availAmount': 0.0, 'creditAmount': 0.0, 'status': '01'}, 'message': '成功', 'channelId': 'ORANGE'}}
[2022-05-23 11:15:29,920] - [INFO] - 授信查询接口调用成功！
[2022-05-23 11:15:29,920] - [INFO] - 授信通过！
[2022-05-23 11:15:29,920] - [INFO] - 更新客户信息表liveaddress
[2022-05-23 11:15:29,920] - [INFO] - update customer_info set liveaddress = '北京市市辖区东城区' where CERTID = '440221199307271805'
[2022-05-23 11:15:29,944] - [INFO] - 支用试算
[2022-05-23 11:15:29,944] - [INFO] - http://10.1.14.117:27405/channel/apitest/TCJQ/DISBURSE_TRIAL
[2022-05-23 11:15:29,945] - [INFO] - 请求报文：{'channelCustId': '202205231115106689637', 'periods': '6', 'name': '公苑', 'loanAmount': 2000, 'idNo': '440221199307271805', 'purpose': '00', 'idType': '00', 'addProvince': '110000', 'addCity': '110100', 'addDistrict': '110101', 'phone': '16605236418', 'addDetail': 'hahah', 'returnUrl': 'www.baidu.com'}
[2022-05-23 11:15:30,857] - [INFO] - 响应报文：{'result': True, 'code': 200, 'msg': 'SUCCESS!', 'data': {'code': '0000', 'productId': '7014', 'body': {'channelCustId': '202205231115106689637', 'repayPlanDetails': [{'principal': 329.06, 'period': 1, 'periodAmt': 360.37, 'premium': 20.98, 'interest': 10.33, 'repayDate': '2039/08/03'}, {'principal': 330.76, 'period': 2, 'periodAmt': 360.37, 'premium': 20.98, 'interest': 8.63, 'repayDate': '2039/09/03'}, {'principal': 332.47, 'period': 3, 'periodAmt': 360.37, 'premium': 20.98, 'interest': 6.92, 'repayDate': '2039/10/03'}, {'principal': 334.18, 'period': 4, 'periodAmt': 360.37, 'premium': 20.98, 'interest': 5.21, 'repayDate': '2039/11/03'}, {'principal': 335.91, 'period': 5, 'periodAmt': 360.37, 'premium': 20.98, 'interest': 3.48, 'repayDate': '2039/12/03'}, {'principal': 337.62, 'period': 6, 'periodAmt': 360.34, 'premium': 20.98, 'interest': 1.74, 'repayDate': '2040/01/03'}], 'capitalCode': 'FBBANK', 'status': '01'}, 'message': '成功', 'channelId': 'ORANGE'}}
[2022-05-23 11:15:30,857] - [INFO] - 本次试算资方为：FBBANK
[2022-05-23 11:15:30,858] - [INFO] - 支用试算成功！
[2022-05-23 11:15:30,858] - [INFO] - 支用接口
[2022-05-23 11:15:30,858] - [INFO] - http://10.1.14.117:27405/channel/apitest/TCJQ/DISBURSE
[2022-05-23 11:15:30,859] - [INFO] - 请求报文：{'channelCustId': '202205231115106689637', 'loanReqNo': '202205231115109976054', 'creditReqNo': '202205231115108874833', 'h5ReqApplyNo': '', 'loanAmount': 2000, 'periods': '6', 'purpose': '01', 'bankCard': '6214660523111588', 'bankCode': '308584000013', 'bankName': '建设银行', 'bankPhone': '16605236418', 'longitude': '121.551738', 'latitude': '31.224634', 'ip': '192.168.1.2', 'capitalCode': 'FBBANK', 'channelDetail': {'woolFlag': '1', 'phoneFlag': '1', 'phoneTelco': '1', 'compScore': '80', 'repayAbilityScore': '80', 'comsAmount': '4', 'finAmount': '2', 'redPacket': '2', 'phoneAreaName': '上海市', 'modelScore': '80', 'whiteListFlag': '0', 'loanGrade': 'A', 'registerTime': '2', 'realNameFlag': '1', 'realNameGrade': '1', 'transFlag': '1', 'custType': '', 'currLimit': 5000, 'currRemainLimit': 2000, 'currLimitOrg': 'DD', 'currLimitStartDate': '2021/05/31', 'currLimitEndDate': '2021/07/31', 'currTotalPrice': 28.11, 'firstLoanFlag': '1', 'unsettleLoanLimit': 1, 'settleLoanLimit': 1, 'lastLoanDate': '2021/04/21', 'loanAmount': 3000}, 'custType': '0'}
[2022-05-23 11:15:30,995] - [INFO] - 响应报文：{'result': True, 'code': 200, 'msg': 'SUCCESS!', 'data': {'code': '0000', 'productId': '7014', 'body': {'channelCustId': '202205231115106689637', 'loanReqNo': '202205231115109976054', 'loanApplyNo': '20220523000000002', 'status': '01'}, 'message': '成功', 'channelId': 'ORANGE'}}
[2022-05-23 11:15:30,995] - [INFO] - 支用接口调用成功！
[2022-05-23 11:15:30,995] - [INFO] - 受理成功，处理中!
[2022-05-23 11:15:30,996] - [INFO] - 
                    姓名：公苑
                    身份证号：440221199307271805
                    手机号：16605236418
                    借款金额:2000
                    借款期次:6
                    channelCustId：202205231115106689637
                    creditReqNo：202205231115108874833
                    loanReqNo:202205231115109976054
                    
[2022-05-23 11:15:35,315] - [INFO] - 投保信息接口
[2022-05-23 11:15:35,315] - [INFO] - http://10.1.14.106:27405/channel/apitest/QFIN/INSURE_INFO
[2022-05-23 11:15:35,316] - [INFO] - 请求报文：{'channelCustId': '', 'name': '干巧', 'insuranceNo': '202205231115356639636', 'idNo': '152630199003211759', 'idAddress': '上海市浦东新区龙阳路幸福村520号', 'phone': '16605231194', 'amount': 5000, 'periods': '6', 'purpose': '07', 'capitalCode': 'FBBANK', 'custGrde': 18, 'email': '1264311721@hrtx.com', 'contactPhone': '18968523600', 'callbackUrl': 'https://www.baidu.com'}
[2022-05-23 11:15:35,854] - [INFO] - 响应报文：{'result': True, 'code': 200, 'msg': 'SUCCESS!', 'data': {'channelCustId': '', 'errorCode': '', 'errorMsg': '', 'insurUrl': 'https://test.95590.cn/openui_st/h5/?navStyle=hideLight#/application?env=sit&loanReqNo=202205231115356639636&lp=20220523111536386000052026', 'insuranceNo': '202205231115356639636', 'status': '01'}}
[2022-05-23 11:15:35,854] - [INFO] - 投保信息接口成功！
[2022-05-23 11:15:35,854] - [INFO] - 投保资料查询接口
[2022-05-23 11:15:35,855] - [INFO] - http://10.1.14.106:27405/channel/apitest/QFIN/INSURE_DATA_QUERY
[2022-05-23 11:15:35,855] - [INFO] - 请求报文：{'loanReqNo': '202205231115356639636', 'token': '20220523111536386000052026'}
[2022-05-23 11:15:35,915] - [INFO] - 响应报文：{'result': True, 'code': 200, 'msg': 'SUCCESS!', 'data': {'discountRate': 0, 'insurantName': '富邦华一银行有限公司', 'purpose': '07', 'premiumRate': 0.359, 'loanReqNo': '202205231115356639636', 'premiumExcTax': 17.45, 'idNo': '152630199003211759', 'phoneNo': '18968523600', 'insurantAdd': '中国(上海)自由贸易试验区世纪大道1168号A座101室、18楼、19楼及20楼', 'claimPeriod': '80', 'periods': 6, 'taxFee': 1.05, 'email': '1264311721@hrtx.com', 'monthlyFee': 18.5, 'addProvince': '', 'amount': 5000.0, 'address': '上海市浦东新区龙阳路幸福村520号', 'irr': '18.00', 'addDistrict': '', 'addCity': '', 'annualIntRate': 6.2, 'addDetail': '上海市浦东新区龙阳路幸福村520号', 'phone': '16605231194', 'insAmount': 5155.0, 'name': '干巧', 'postCode': '200122'}}
[2022-05-23 11:15:35,916] - [INFO] - 投保资料查询成功！
[2022-05-23 11:15:35,916] - [INFO] - 投保接口
[2022-05-23 11:15:35,916] - [INFO] - http://10.1.14.106:27405/channel/apitest/QFIN/INSURE
[2022-05-23 11:15:35,916] - [INFO] - 请求报文：{'agentNo': 'TianCheng', 'agentName': '甜橙保代', 'loanReqNo': '202205231115356639636', 'insReqNo': '202205231115356639636', 'name': '干巧', 'idNo': '152630199003211759', 'phone': '16605231194', 'amount': 6000, 'periods': '6', 'purpose': '07', 'premiumRate': 1.66, 'insurantName': '韦艺翠', 'insurantAdd': '上海市浦东新区龙阳路幸福村520号', 'postCode': '110016', 'productId': '7015', 'loanAmount': 5000}
[2022-05-23 11:15:35,963] - [INFO] - 响应报文：{'result': True, 'code': 200, 'msg': 'SUCCESS!', 'data': {'insReqNo': '2414844313546328', 'errorCode': '', 'loanReqNo': '', 'errorMsg': '', 'status': '01'}}
[2022-05-23 11:15:35,963] - [INFO] - 已受理，处理中！
[2022-05-23 11:15:35,963] - [INFO] - 支用接口
[2022-05-23 11:15:35,963] - [INFO] - http://10.1.14.106:27405/channel/apitest/QFIN/DISBURSE
[2022-05-23 11:15:35,964] - [INFO] - 请求报文：{'channelCustId': '', 'loanReqNo': '202205231115356639636', 'idNo': '152630199003211759', 'insuranceNo': '202205231115356639636', 'phone': '16605231194', 'loanAmount': 5000, 'productId': '7015', 'name': '干巧', 'spelling': 'CHENPI', 'sex': '01', 'nationality': '中国', 'nation': '汉族', 'birthday': '1991/01/08', 'idType': '00', 'idAddress': '上海市浦东新区龙阳路幸福村520号', 'idStartDate': '2015/10/08', 'idEndDate': '2025/10/08', 'idOffice': '杭州市公安局江干区分局', 'marriage': '03', 'education': '06', 'children': '00', 'supplyPeople': 0, 'house': '00', 'addProvince': '', 'addCity': '', 'addDistrict': '', 'addDetail': '', 'industry': 'C', 'profession': '18', 'workplaceName': '大地保险公司', 'workTel': '13196853698', 'workProvince': '', 'workCity': '', 'workDistrict': '', 'workDetailAdd': '学院路100号小杨制造厂', 'workAge': 10, 'income': '02', 'school': '清华大学', 'email': '1264311721@hrtx.com', 'contacts': [{'relation': '00', 'name': '哈利路亚', 'phoneNo': '18968523600'}], 'bankCard': '6214660523111588', 'bankName': '中国农业银行', 'bankPhone': '16605231194', 'applyProvince': '', 'applyCity': '', 'applyDistrict': '', 'periods': '6', 'purpose': '07', 'direction': '', 'payType': '01', 'payMerchantNo': '', 'authFlag': '01', 'deviceDetail': {'deviceId': '', 'mac': 'NONE', 'longitude': '23.232653', 'latitude': '88.369689', 'gpsCity': '', 'ip': '192.3.46.57', 'ipCity': '', 'oS': ''}, 'docDate': '', 'channelDetail': {'capitalCode': 'FBBANK', 'custGrde': 18, 'payType': '03', 'applyEntry': '03', 'creditDuration': '2020/03/02', 'faceRecoType': '01', 'faceRecoScore': 66, 'currLimit': 20000.0, 'currRemainLimit': 20000.0, 'firstLoanFlag': 'N', 'settleLoanNum': 1, 'unsettleLoanLimit': 0, 'unsettleLoanNum': 0, 'longestOverPeriod': 0, 'applyLevel360': 1000, 'actionLevel360': 1000, 'realFaceCheckResult': '1', 'citizenshipCheckResult': '1', 'bankCheckResult': '1', 'telcoCheckResult': '1'}, 'custGrde': 18}
[2022-05-23 11:15:36,463] - [INFO] - 响应报文：{'result': True, 'code': 200, 'msg': 'SUCCESS!', 'data': {'channelCustId': '', 'errorCode': '', 'errorMsg': '', 'loanApplyNo': '202205230000000001', 'loanReqNo': '202205231115356639636', 'status': '01'}}
[2022-05-23 11:15:36,463] - [INFO] - 放款受理成功，处理中！
[2022-05-23 11:15:36,463] - [INFO] - 
                        姓名：干巧
                        身份证号：152630199003211759
                        手机号：16605231194
                        借款金额:5000
                        借款期次:6
                        loanReqNo:202205231115356639636
                    
[2022-05-23 11:15:47,161] - [INFO] - 投保信息接口
[2022-05-23 11:15:47,162] - [INFO] - http://10.1.14.117:27405/channel/apitest/QFIN/INSURE_INFO
[2022-05-23 11:15:47,162] - [INFO] - 请求报文：{'channelCustId': '', 'name': '盛聪', 'insuranceNo': '202205231115476650554', 'idNo': '130729199106185068', 'idAddress': '上海市浦东新区龙阳路幸福村520号', 'phone': '16605238461', 'amount': 5000, 'periods': '6', 'purpose': '07', 'capitalCode': 'FBBANK', 'custGrde': 18, 'email': '1264311721@hrtx.com', 'contactPhone': '18968523600', 'callbackUrl': 'https://www.baidu.com'}
[2022-05-23 11:15:47,243] - [INFO] - 响应报文：{'result': True, 'code': 200, 'msg': 'SUCCESS!', 'data': {'channelCustId': '', 'errorCode': '', 'errorMsg': '', 'insurUrl': 'https://test.95590.cn/openui_uat/h5/?navStyle=hideLight#/application?loanReqNo=202205231115476650554&lp=20220523111547775000024032', 'insuranceNo': '202205231115476650554', 'status': '01'}}
[2022-05-23 11:15:47,243] - [INFO] - 投保信息接口成功！
[2022-05-23 11:15:47,243] - [INFO] - 投保资料查询接口
[2022-05-23 11:15:47,244] - [INFO] - http://10.1.14.117:27405/channel/apitest/QFIN/INSURE_DATA_QUERY
[2022-05-23 11:15:47,244] - [INFO] - 请求报文：{'loanReqNo': '202205231115476650554', 'token': '20220523111547775000024032'}
[2022-05-23 11:15:47,318] - [INFO] - 响应报文：{'result': True, 'code': 200, 'msg': 'SUCCESS!', 'data': {'discountRate': 0, 'insurantName': '富邦华一银行有限公司', 'purpose': '07', 'premiumRate': 0.359, 'loanReqNo': '202205231115476650554', 'premiumExcTax': 17.45, 'idNo': '130729199106185068', 'phoneNo': '18968523600', 'insurantAdd': '中国(上海)自由贸易试验区世纪大道1168号A座101室、18楼、19楼及20楼', 'claimPeriod': '80', 'periods': 6, 'taxFee': 1.05, 'email': '1264311721@hrtx.com', 'monthlyFee': 18.5, 'addProvince': '', 'amount': 5000.0, 'address': '上海市浦东新区龙阳路幸福村520号', 'irr': '18.00', 'addDistrict': '', 'addCity': '', 'annualIntRate': 6.2, 'addDetail': '上海市浦东新区龙阳路幸福村520号', 'phone': '16605238461', 'insAmount': 5155.0, 'name': '盛聪', 'postCode': '200122'}}
[2022-05-23 11:15:47,319] - [INFO] - 投保资料查询成功！
[2022-05-23 11:15:47,319] - [INFO] - 投保接口
[2022-05-23 11:15:47,319] - [INFO] - http://10.1.14.117:27405/channel/apitest/QFIN/INSURE
[2022-05-23 11:15:47,320] - [INFO] - 请求报文：{'agentNo': 'TianCheng', 'agentName': '甜橙保代', 'loanReqNo': '202205231115476650554', 'insReqNo': '202205231115476650554', 'name': '盛聪', 'idNo': '130729199106185068', 'phone': '16605238461', 'amount': 6000, 'periods': '6', 'purpose': '07', 'premiumRate': 1.66, 'insurantName': '韦艺翠', 'insurantAdd': '上海市浦东新区龙阳路幸福村520号', 'postCode': '110016', 'productId': '7015', 'loanAmount': 5000}
[2022-05-23 11:15:47,368] - [INFO] - 响应报文：{'result': True, 'code': 200, 'msg': 'SUCCESS!', 'data': {'insReqNo': '0077122672110661', 'errorCode': '', 'loanReqNo': '', 'errorMsg': '', 'status': '01'}}
[2022-05-23 11:15:47,368] - [INFO] - 已受理，处理中！
[2022-05-23 11:15:47,369] - [INFO] - 支用接口
[2022-05-23 11:15:47,369] - [INFO] - http://10.1.14.117:27405/channel/apitest/QFIN/DISBURSE
[2022-05-23 11:15:47,369] - [INFO] - 请求报文：{'channelCustId': '', 'loanReqNo': '202205231115476650554', 'idNo': '130729199106185068', 'insuranceNo': '202205231115476650554', 'phone': '16605238461', 'loanAmount': 5000, 'productId': '7015', 'name': '盛聪', 'spelling': 'CHENPI', 'sex': '01', 'nationality': '中国', 'nation': '汉族', 'birthday': '1991/01/08', 'idType': '00', 'idAddress': '上海市浦东新区龙阳路幸福村520号', 'idStartDate': '2015/10/08', 'idEndDate': '2025/10/08', 'idOffice': '杭州市公安局江干区分局', 'marriage': '03', 'education': '06', 'children': '00', 'supplyPeople': 0, 'house': '00', 'addProvince': '', 'addCity': '', 'addDistrict': '', 'addDetail': '', 'industry': 'C', 'profession': '18', 'workplaceName': '大地保险公司', 'workTel': '13196853698', 'workProvince': '', 'workCity': '', 'workDistrict': '', 'workDetailAdd': '学院路100号小杨制造厂', 'workAge': 10, 'income': '02', 'school': '清华大学', 'email': '1264311721@hrtx.com', 'contacts': [{'relation': '00', 'name': '哈利路亚', 'phoneNo': '18968523600'}], 'bankCard': '6214660523111588', 'bankName': '中国农业银行', 'bankPhone': '16605238461', 'applyProvince': '', 'applyCity': '', 'applyDistrict': '', 'periods': '6', 'purpose': '07', 'direction': '', 'payType': '01', 'payMerchantNo': '', 'authFlag': '01', 'deviceDetail': {'deviceId': '', 'mac': 'NONE', 'longitude': '23.232653', 'latitude': '88.369689', 'gpsCity': '', 'ip': '192.3.46.57', 'ipCity': '', 'oS': ''}, 'docDate': '', 'channelDetail': {'capitalCode': 'FBBANK', 'custGrde': 18, 'payType': '03', 'applyEntry': '03', 'creditDuration': '2020/03/02', 'faceRecoType': '01', 'faceRecoScore': 66, 'currLimit': 20000.0, 'currRemainLimit': 20000.0, 'firstLoanFlag': 'N', 'settleLoanNum': 1, 'unsettleLoanLimit': 0, 'unsettleLoanNum': 0, 'longestOverPeriod': 0, 'applyLevel360': 1000, 'actionLevel360': 1000, 'realFaceCheckResult': '1', 'citizenshipCheckResult': '1', 'bankCheckResult': '1', 'telcoCheckResult': '1'}, 'custGrde': 18}
[2022-05-23 11:15:47,458] - [INFO] - 响应报文：{'result': True, 'code': 200, 'msg': 'SUCCESS!', 'data': {'channelCustId': '', 'errorCode': '', 'errorMsg': '', 'loanApplyNo': '202205230000000004', 'loanReqNo': '202205231115476650554', 'status': '01'}}
[2022-05-23 11:15:47,459] - [INFO] - 放款受理成功，处理中！
[2022-05-23 11:15:47,459] - [INFO] - 
                        姓名：盛聪
                        身份证号：130729199106185068
                        手机号：16605238461
                        借款金额:5000
                        借款期次:6
                        loanReqNo:202205231115476650554
                    
[2022-05-23 13:40:43,043] - [INFO] - 投保信息接口
[2022-05-23 13:40:43,043] - [INFO] - http://10.1.14.117:27405/channel/apitest/QFIN/INSURE_INFO
[2022-05-23 13:40:43,044] - [INFO] - 请求报文：{'channelCustId': '', 'name': '桓娴', 'insuranceNo': '20220523134043661265', 'idNo': '610624199101211172', 'idAddress': '上海市浦东新区龙阳路幸福村520号', 'phone': '16605235572', 'amount': 5000, 'periods': '6', 'purpose': '07', 'capitalCode': 'FBBANK', 'custGrde': 18, 'email': '1264311721@hrtx.com', 'contactPhone': '18968523600', 'callbackUrl': 'https://www.baidu.com'}
[2022-05-23 13:40:43,152] - [INFO] - 响应报文：{'result': True, 'code': 200, 'msg': 'SUCCESS!', 'data': {'channelCustId': '', 'errorCode': '', 'errorMsg': '', 'insurUrl': 'https://test.95590.cn/openui_uat/h5/?navStyle=hideLight#/application?loanReqNo=20220523134043661265&lp=20220523134044015000024033', 'insuranceNo': '20220523134043661265', 'status': '01'}}
[2022-05-23 13:40:43,152] - [INFO] - 投保信息接口成功！
[2022-05-23 13:40:43,153] - [INFO] - 投保资料查询接口
[2022-05-23 13:40:43,153] - [INFO] - http://10.1.14.117:27405/channel/apitest/QFIN/INSURE_DATA_QUERY
[2022-05-23 13:40:43,153] - [INFO] - 请求报文：{'loanReqNo': '20220523134043661265', 'token': '20220523134044015000024033'}
[2022-05-23 13:40:43,218] - [INFO] - 响应报文：{'result': True, 'code': 200, 'msg': 'SUCCESS!', 'data': {'discountRate': 0, 'insurantName': '富邦华一银行有限公司', 'purpose': '07', 'premiumRate': 0.359, 'loanReqNo': '20220523134043661265', 'premiumExcTax': 17.45, 'idNo': '610624199101211172', 'phoneNo': '18968523600', 'insurantAdd': '中国(上海)自由贸易试验区世纪大道1168号A座101室、18楼、19楼及20楼', 'claimPeriod': '80', 'periods': 6, 'taxFee': 1.05, 'email': '1264311721@hrtx.com', 'monthlyFee': 18.5, 'addProvince': '', 'amount': 5000.0, 'address': '上海市浦东新区龙阳路幸福村520号', 'irr': '18.00', 'addDistrict': '', 'addCity': '', 'annualIntRate': 6.2, 'addDetail': '上海市浦东新区龙阳路幸福村520号', 'phone': '16605235572', 'insAmount': 5155.0, 'name': '桓娴', 'postCode': '200122'}}
[2022-05-23 13:40:43,218] - [INFO] - 投保资料查询成功！
[2022-05-23 13:40:43,219] - [INFO] - 投保接口
[2022-05-23 13:40:43,219] - [INFO] - http://10.1.14.117:27405/channel/apitest/QFIN/INSURE
[2022-05-23 13:40:43,219] - [INFO] - 请求报文：{'agentNo': 'TianCheng', 'agentName': '甜橙保代', 'loanReqNo': '20220523134043661265', 'insReqNo': '20220523134043661265', 'name': '桓娴', 'idNo': '610624199101211172', 'phone': '16605235572', 'amount': 6000, 'periods': '6', 'purpose': '07', 'premiumRate': 1.66, 'insurantName': '韦艺翠', 'insurantAdd': '上海市浦东新区龙阳路幸福村520号', 'postCode': '110016', 'productId': '7015', 'loanAmount': 5000}
[2022-05-23 13:40:43,267] - [INFO] - 响应报文：{'result': True, 'code': 200, 'msg': 'SUCCESS!', 'data': {'insReqNo': '4568782843211863', 'errorCode': '', 'loanReqNo': '', 'errorMsg': '', 'status': '01'}}
[2022-05-23 13:40:43,268] - [INFO] - 已受理，处理中！
[2022-05-23 13:40:43,268] - [INFO] - 支用接口
[2022-05-23 13:40:43,268] - [INFO] - http://10.1.14.117:27405/channel/apitest/QFIN/DISBURSE
[2022-05-23 13:40:43,268] - [INFO] - 请求报文：{'channelCustId': '', 'loanReqNo': '20220523134043661265', 'idNo': '610624199101211172', 'insuranceNo': '20220523134043661265', 'phone': '16605235572', 'loanAmount': 5000, 'productId': '7015', 'name': '桓娴', 'spelling': 'CHENPI', 'sex': '01', 'nationality': '中国', 'nation': '汉族', 'birthday': '1991/01/08', 'idType': '00', 'idAddress': '上海市浦东新区龙阳路幸福村520号', 'idStartDate': '2015/10/08', 'idEndDate': '2025/10/08', 'idOffice': '杭州市公安局江干区分局', 'marriage': '03', 'education': '06', 'children': '00', 'supplyPeople': 0, 'house': '00', 'addProvince': '', 'addCity': '', 'addDistrict': '', 'addDetail': '', 'industry': 'C', 'profession': '18', 'workplaceName': '大地保险公司', 'workTel': '13196853698', 'workProvince': '', 'workCity': '', 'workDistrict': '', 'workDetailAdd': '学院路100号小杨制造厂', 'workAge': 10, 'income': '02', 'school': '清华大学', 'email': '1264311721@hrtx.com', 'contacts': [{'relation': '00', 'name': '哈利路亚', 'phoneNo': '18968523600'}], 'bankCard': '6214660523134088', 'bankName': '中国农业银行', 'bankPhone': '16605235572', 'applyProvince': '', 'applyCity': '', 'applyDistrict': '', 'periods': '6', 'purpose': '07', 'direction': '', 'payType': '01', 'payMerchantNo': '', 'authFlag': '01', 'deviceDetail': {'deviceId': '', 'mac': 'NONE', 'longitude': '23.232653', 'latitude': '88.369689', 'gpsCity': '', 'ip': '192.3.46.57', 'ipCity': '', 'oS': ''}, 'docDate': '', 'channelDetail': {'capitalCode': 'FBBANK', 'custGrde': 18, 'payType': '03', 'applyEntry': '03', 'creditDuration': '2020/03/02', 'faceRecoType': '01', 'faceRecoScore': 66, 'currLimit': 20000.0, 'currRemainLimit': 20000.0, 'firstLoanFlag': 'N', 'settleLoanNum': 1, 'unsettleLoanLimit': 0, 'unsettleLoanNum': 0, 'longestOverPeriod': 0, 'applyLevel360': 1000, 'actionLevel360': 1000, 'realFaceCheckResult': '1', 'citizenshipCheckResult': '1', 'bankCheckResult': '1', 'telcoCheckResult': '1'}, 'custGrde': 18}
[2022-05-23 13:40:43,373] - [INFO] - 响应报文：{'result': True, 'code': 200, 'msg': 'SUCCESS!', 'data': {'channelCustId': '', 'errorCode': '', 'errorMsg': '', 'loanApplyNo': '202205230000000005', 'loanReqNo': '20220523134043661265', 'status': '01'}}
[2022-05-23 13:40:43,374] - [INFO] - 放款受理成功，处理中！
[2022-05-23 13:40:43,374] - [INFO] - 
                        姓名：桓娴
                        身份证号：610624199101211172
                        手机号：16605235572
                        借款金额:5000
                        借款期次:6
                        loanReqNo:20220523134043661265
                    
[2022-05-23 13:43:19,612] - [INFO] - 授信申请
[2022-05-23 13:43:19,612] - [INFO] - [http://10.1.14.117:27405/channel/apitest/TCJQ/CREDIT_GRANTING]
[2022-05-23 13:43:19,613] - [INFO] - 请求报文：{'channelCustId': '202205231343196668406', 'creditReqNo': '202205231343198879484', 'name': '凤加毅', 'spelling': 'ZHANGTIAN', 'sex': '01', 'nationality': '中国', 'nation': '汉族', 'birthday': '1985/06/02', 'idType': '00', 'idNo': '110000199508122102', 'idStartDate': '2016/01/18', 'idEndDate': '2036/01/18', 'idOffice': '北京市东城区', 'marriage': '01', 'children': '00', 'supplyPeople': 3, 'house': '00', 'addProvince': '130000', 'addCity': '130100', 'addDistrict': '130101', 'addDetail': '东大街东大院', 'industry': 'C', 'profession': '11', 'workplaceName': 'AAA单位', 'workTel': '13162314539', 'workProvince': '110000', 'workCity': '110000', 'workDistrict': '110101', 'workDetailAdd': '西大街西大院', 'workAge': 8, 'income': '03', 'education': '06', 'school': '北京大学', 'phone': '16605236796', 'email': 'email163@qq.com', 'contacts': [{'relation': '00', 'name': '张三', 'phoneNo': '15638530000'}, {'relation': '01', 'name': '李四', 'phoneNo': '15638539999'}], 'bankCard': '6214660523134388', 'bankName': '建设银行', 'bankPhone': '16605236796', 'applyProvince': '110000', 'applyCity': '110000', 'applyDistrict': '110101', 'loanAmount': 5000, 'periods': '6', 'purpose': '01', 'direction': '01', 'payType': '00', 'payMerchantNo': '26666', 'authFlag': '01', 'deviceDetail': {'deviceId': '10-45-5-486', 'mac': '3a:b6:c6:5d:2e:f9', 'longitude': '121.551738', 'latitude': '31.224634', 'gpsCity': '上海市', 'ip': '106.14.135.199', 'ipCity': '上海', 'os': 'android', 'docDate': '2019/09/12'}, 'channelDetail': {'citizenshipCheckResult': '1', 'bankCheckResult': '1', 'telcoCheckResult': '1', 'consumeTimes': '1', 'creditTimes': '1', 'consumeScene': '1', 'frontId': '11', 'reverseId': '11', 'faceId': '11', 'woolFlag': '1', 'phoneFlag': '1', 'phoneTelco': '1', 'compScore': '650', 'repayAbilityScore': '650', 'comsAmount': '1', 'finAmount': '1', 'redPacket': '1', 'phoneAreaName': '上海市', 'modelScore': '650', 'whiteListFlag': '0', 'sugAmount': '3000.00', 'sugBasis': '2', 'loanGrade': 'A', 'registerTime': '1', 'realNameFlag': '1', 'realNameGrade': '1', 'transFlag': '1', 'custType': '', 'currLimit': 5000, 'currRemainLimit': 2000, 'currLimitOrg': 'DD', 'currLimitStartDate': '2021/05/31', 'currLimitEndDate': '2021/07/31', 'currTotalPrice': 28.11, 'firstLoanFlag': '1', 'unsettleLoanLimit': 1, 'settleLoanLimit': 1, 'lastLoanDate': '2021/04/21', 'loanAmount': 3000}, 'custType': '0'}
[2022-05-23 13:43:19,721] - [INFO] - 响应报文：{'result': True, 'code': 200, 'msg': 'SUCCESS!', 'data': {'code': '0000', 'productId': '7014', 'body': {'channelCustId': '202205231343196668406', 'creditReqNo': '202205231343198879484', 'creditApplyNo': '202205230000000006', 'status': '01'}, 'message': '成功', 'channelId': 'ORANGE'}}
[2022-05-23 13:43:19,722] - [INFO] - 授信接口调用成功！
[2022-05-23 13:43:19,722] - [INFO] - 授信受理成功，处理中！
[2022-05-23 13:43:19,722] - [INFO] - 授信结果查询
[2022-05-23 13:43:19,723] - [INFO] - ['http://10.1.14.117:27405/channel/apitest/TCJQ/CREDIT_INQUIRY']
[2022-05-23 13:43:19,723] - [INFO] - 请求报文：{'channelCustId': '202205231343196668406', 'creditReqNo': '202205231343198879484', 'creditApplyNo': '202205230000000006'}
[2022-05-23 13:43:19,826] - [INFO] - 响应报文：{'result': True, 'code': 200, 'msg': 'SUCCESS!', 'data': {'code': '0000', 'productId': '7014', 'body': {'channelCustId': '202205231343196668406', 'creditReqNo': '202205231343198879484', 'creditApplyNo': '202205230000000006', 'status': '00'}, 'message': '成功', 'channelId': 'ORANGE'}}
[2022-05-23 13:43:19,827] - [INFO] - 授信查询接口调用成功！
[2022-05-23 13:43:19,827] - [INFO] - 授信中！
[2022-05-23 13:43:22,834] - [INFO] - 授信结果查询
[2022-05-23 13:43:22,834] - [INFO] - ['http://10.1.14.117:27405/channel/apitest/TCJQ/CREDIT_INQUIRY']
[2022-05-23 13:43:22,835] - [INFO] - 请求报文：{'channelCustId': '202205231343196668406', 'creditReqNo': '202205231343198879484', 'creditApplyNo': '202205230000000006'}
[2022-05-23 13:43:22,879] - [INFO] - 响应报文：{'result': True, 'code': 200, 'msg': 'SUCCESS!', 'data': {'code': '0000', 'productId': '7014', 'body': {'channelCustId': '202205231343196668406', 'creditReqNo': '202205231343198879484', 'creditApplyNo': '202205230000000006', 'status': '00'}, 'message': '成功', 'channelId': 'ORANGE'}}
[2022-05-23 13:43:22,879] - [INFO] - 授信查询接口调用成功！
[2022-05-23 13:43:22,880] - [INFO] - 授信中！
[2022-05-23 13:43:25,884] - [INFO] - 授信结果查询
[2022-05-23 13:43:25,885] - [INFO] - ['http://10.1.14.117:27405/channel/apitest/TCJQ/CREDIT_INQUIRY']
[2022-05-23 13:43:25,885] - [INFO] - 请求报文：{'channelCustId': '202205231343196668406', 'creditReqNo': '202205231343198879484', 'creditApplyNo': '202205230000000006'}
[2022-05-23 13:43:25,929] - [INFO] - 响应报文：{'result': True, 'code': 200, 'msg': 'SUCCESS!', 'data': {'code': '0000', 'productId': '7014', 'body': {'channelCustId': '202205231343196668406', 'creditReqNo': '202205231343198879484', 'creditApplyNo': '202205230000000006', 'status': '00'}, 'message': '成功', 'channelId': 'ORANGE'}}
[2022-05-23 13:43:25,929] - [INFO] - 授信查询接口调用成功！
[2022-05-23 13:43:25,929] - [INFO] - 授信中！
[2022-05-23 13:43:28,935] - [INFO] - 授信结果查询
[2022-05-23 13:43:28,935] - [INFO] - ['http://10.1.14.117:27405/channel/apitest/TCJQ/CREDIT_INQUIRY']
[2022-05-23 13:43:28,936] - [INFO] - 请求报文：{'channelCustId': '202205231343196668406', 'creditReqNo': '202205231343198879484', 'creditApplyNo': '202205230000000006'}
[2022-05-23 13:43:28,980] - [INFO] - 响应报文：{'result': True, 'code': 200, 'msg': 'SUCCESS!', 'data': {'code': '0000', 'productId': '7014', 'body': {'channelCustId': '202205231343196668406', 'creditReqNo': '202205231343198879484', 'creditApplyNo': '202205230000000006', 'status': '00'}, 'message': '成功', 'channelId': 'ORANGE'}}
[2022-05-23 13:43:28,980] - [INFO] - 授信查询接口调用成功！
[2022-05-23 13:43:28,981] - [INFO] - 授信中！
[2022-05-23 13:43:31,983] - [INFO] - 授信结果查询
[2022-05-23 13:43:31,983] - [INFO] - ['http://10.1.14.117:27405/channel/apitest/TCJQ/CREDIT_INQUIRY']
[2022-05-23 13:43:31,984] - [INFO] - 请求报文：{'channelCustId': '202205231343196668406', 'creditReqNo': '202205231343198879484', 'creditApplyNo': '202205230000000006'}
[2022-05-23 13:43:32,030] - [INFO] - 响应报文：{'result': True, 'code': 200, 'msg': 'SUCCESS!', 'data': {'code': '0000', 'productId': '7014', 'body': {'channelCustId': '202205231343196668406', 'creditReqNo': '202205231343198879484', 'creditApplyNo': '202205230000000006', 'status': '00'}, 'message': '成功', 'channelId': 'ORANGE'}}
[2022-05-23 13:43:32,031] - [INFO] - 授信查询接口调用成功！
[2022-05-23 13:43:32,031] - [INFO] - 授信中！
[2022-05-23 13:43:35,035] - [INFO] - 授信结果查询
[2022-05-23 13:43:35,035] - [INFO] - ['http://10.1.14.117:27405/channel/apitest/TCJQ/CREDIT_INQUIRY']
[2022-05-23 13:43:35,036] - [INFO] - 请求报文：{'channelCustId': '202205231343196668406', 'creditReqNo': '202205231343198879484', 'creditApplyNo': '202205230000000006'}
[2022-05-23 13:43:35,103] - [INFO] - 响应报文：{'result': True, 'code': 200, 'msg': 'SUCCESS!', 'data': {'code': '0000', 'productId': '7014', 'body': {'creditDate': '2022/05/23', 'creditExpireDate': '2025/05/23', 'freezingDate': '', 'channelCustId': '202205231343196668406', 'creditReqNo': '202205231343198879484', 'creditApplyNo': '202205230000000006', 'creditState': '00', 'availAmount': 0.0, 'creditAmount': 0.0, 'status': '01'}, 'message': '成功', 'channelId': 'ORANGE'}}
[2022-05-23 13:43:35,103] - [INFO] - 授信查询接口调用成功！
[2022-05-23 13:43:35,104] - [INFO] - 授信通过！
[2022-05-23 13:43:35,104] - [INFO] - 更新客户信息表liveaddress
[2022-05-23 13:43:35,104] - [INFO] - update customer_info set liveaddress = '北京市市辖区东城区' where CERTID = '110000199508122102'
[2022-05-23 13:43:35,125] - [INFO] - 支用试算
[2022-05-23 13:43:35,125] - [INFO] - http://10.1.14.117:27405/channel/apitest/TCJQ/DISBURSE_TRIAL
[2022-05-23 13:43:35,126] - [INFO] - 请求报文：{'channelCustId': '202205231343196668406', 'periods': '6', 'name': '凤加毅', 'loanAmount': 2000, 'idNo': '110000199508122102', 'purpose': '00', 'idType': '00', 'addProvince': '110000', 'addCity': '110100', 'addDistrict': '110101', 'phone': '16605236796', 'addDetail': 'hahah', 'returnUrl': 'www.baidu.com'}
[2022-05-23 13:43:35,943] - [INFO] - 响应报文：{'result': True, 'code': 200, 'msg': 'SUCCESS!', 'data': {'code': '0000', 'productId': '7014', 'body': {'channelCustId': '202205231343196668406', 'repayPlanDetails': [{'principal': 329.06, 'period': 1, 'periodAmt': 360.37, 'premium': 20.98, 'interest': 10.33, 'repayDate': '2039/08/03'}, {'principal': 330.76, 'period': 2, 'periodAmt': 360.37, 'premium': 20.98, 'interest': 8.63, 'repayDate': '2039/09/03'}, {'principal': 332.47, 'period': 3, 'periodAmt': 360.37, 'premium': 20.98, 'interest': 6.92, 'repayDate': '2039/10/03'}, {'principal': 334.18, 'period': 4, 'periodAmt': 360.37, 'premium': 20.98, 'interest': 5.21, 'repayDate': '2039/11/03'}, {'principal': 335.91, 'period': 5, 'periodAmt': 360.37, 'premium': 20.98, 'interest': 3.48, 'repayDate': '2039/12/03'}, {'principal': 337.62, 'period': 6, 'periodAmt': 360.34, 'premium': 20.98, 'interest': 1.74, 'repayDate': '2040/01/03'}], 'capitalCode': 'FBBANK', 'status': '01'}, 'message': '成功', 'channelId': 'ORANGE'}}
[2022-05-23 13:43:35,943] - [INFO] - 本次试算资方为：FBBANK
[2022-05-23 13:43:35,943] - [INFO] - 支用试算成功！
[2022-05-23 13:43:35,944] - [INFO] - 支用接口
[2022-05-23 13:43:35,944] - [INFO] - http://10.1.14.117:27405/channel/apitest/TCJQ/DISBURSE
[2022-05-23 13:43:35,944] - [INFO] - 请求报文：{'channelCustId': '202205231343196668406', 'loanReqNo': '202205231343199944272', 'creditReqNo': '202205231343198879484', 'h5ReqApplyNo': '', 'loanAmount': 2000, 'periods': '6', 'purpose': '01', 'bankCard': '6214660523134388', 'bankCode': '308584000013', 'bankName': '建设银行', 'bankPhone': '16605236796', 'longitude': '121.551738', 'latitude': '31.224634', 'ip': '192.168.1.2', 'capitalCode': 'FBBANK', 'channelDetail': {'woolFlag': '1', 'phoneFlag': '1', 'phoneTelco': '1', 'compScore': '80', 'repayAbilityScore': '80', 'comsAmount': '4', 'finAmount': '2', 'redPacket': '2', 'phoneAreaName': '上海市', 'modelScore': '80', 'whiteListFlag': '0', 'loanGrade': 'A', 'registerTime': '2', 'realNameFlag': '1', 'realNameGrade': '1', 'transFlag': '1', 'custType': '', 'currLimit': 5000, 'currRemainLimit': 2000, 'currLimitOrg': 'DD', 'currLimitStartDate': '2021/05/31', 'currLimitEndDate': '2021/07/31', 'currTotalPrice': 28.11, 'firstLoanFlag': '1', 'unsettleLoanLimit': 1, 'settleLoanLimit': 1, 'lastLoanDate': '2021/04/21', 'loanAmount': 3000}, 'custType': '0'}
[2022-05-23 13:43:36,038] - [INFO] - 响应报文：{'result': True, 'code': 200, 'msg': 'SUCCESS!', 'data': {'code': '0000', 'productId': '7014', 'body': {'channelCustId': '202205231343196668406', 'loanReqNo': '202205231343199944272', 'loanApplyNo': '20220523000000003', 'status': '01'}, 'message': '成功', 'channelId': 'ORANGE'}}
[2022-05-23 13:43:36,039] - [INFO] - 支用接口调用成功！
[2022-05-23 13:43:36,039] - [INFO] - 受理成功，处理中!
[2022-05-23 13:43:36,039] - [INFO] - 
                    姓名：凤加毅
                    身份证号：110000199508122102
                    手机号：16605236796
                    借款金额:2000
                    借款期次:6
                    channelCustId：202205231343196668406
                    creditReqNo：202205231343198879484
                    loanReqNo:202205231343199944272
                    
[2022-05-23 13:45:47,694] - [INFO] - 授信申请
[2022-05-23 13:45:47,695] - [INFO] - [http://10.1.14.117:27405/channel/apitest/TCJQ/CREDIT_GRANTING]
[2022-05-23 13:45:47,695] - [INFO] - 请求报文：{'channelCustId': '202205231345476682679', 'creditReqNo': '202205231345478823009', 'name': '庞凯榕', 'spelling': 'ZHANGTIAN', 'sex': '01', 'nationality': '中国', 'nation': '汉族', 'birthday': '1985/06/02', 'idType': '00', 'idNo': '542224199306235049', 'idStartDate': '2016/01/18', 'idEndDate': '2036/01/18', 'idOffice': '北京市东城区', 'marriage': '01', 'children': '00', 'supplyPeople': 3, 'house': '00', 'addProvince': '130000', 'addCity': '130100', 'addDistrict': '130101', 'addDetail': '东大街东大院', 'industry': 'C', 'profession': '11', 'workplaceName': 'AAA单位', 'workTel': '13162314539', 'workProvince': '110000', 'workCity': '110000', 'workDistrict': '110101', 'workDetailAdd': '西大街西大院', 'workAge': 8, 'income': '03', 'education': '06', 'school': '北京大学', 'phone': '16605236090', 'email': 'email163@qq.com', 'contacts': [{'relation': '00', 'name': '张三', 'phoneNo': '15638530000'}, {'relation': '01', 'name': '李四', 'phoneNo': '15638539999'}], 'bankCard': '6214660523134588', 'bankName': '建设银行', 'bankPhone': '16605236090', 'applyProvince': '110000', 'applyCity': '110000', 'applyDistrict': '110101', 'loanAmount': 5000, 'periods': '6', 'purpose': '01', 'direction': '01', 'payType': '00', 'payMerchantNo': '26666', 'authFlag': '01', 'deviceDetail': {'deviceId': '10-45-5-486', 'mac': '3a:b6:c6:5d:2e:f9', 'longitude': '121.551738', 'latitude': '31.224634', 'gpsCity': '上海市', 'ip': '106.14.135.199', 'ipCity': '上海', 'os': 'android', 'docDate': '2019/09/12'}, 'channelDetail': {'citizenshipCheckResult': '1', 'bankCheckResult': '1', 'telcoCheckResult': '1', 'consumeTimes': '1', 'creditTimes': '1', 'consumeScene': '1', 'frontId': '11', 'reverseId': '11', 'faceId': '11', 'woolFlag': '1', 'phoneFlag': '1', 'phoneTelco': '1', 'compScore': '650', 'repayAbilityScore': '650', 'comsAmount': '1', 'finAmount': '1', 'redPacket': '1', 'phoneAreaName': '上海市', 'modelScore': '650', 'whiteListFlag': '0', 'sugAmount': '3000.00', 'sugBasis': '2', 'loanGrade': 'A', 'registerTime': '1', 'realNameFlag': '1', 'realNameGrade': '1', 'transFlag': '1', 'custType': '', 'currLimit': 5000, 'currRemainLimit': 2000, 'currLimitOrg': 'DD', 'currLimitStartDate': '2021/05/31', 'currLimitEndDate': '2021/07/31', 'currTotalPrice': 28.11, 'firstLoanFlag': '1', 'unsettleLoanLimit': 1, 'settleLoanLimit': 1, 'lastLoanDate': '2021/04/21', 'loanAmount': 3000}, 'custType': '0'}
[2022-05-23 13:45:47,795] - [INFO] - 响应报文：{'result': True, 'code': 200, 'msg': 'SUCCESS!', 'data': {'code': '0000', 'productId': '7014', 'body': {'channelCustId': '202205231345476682679', 'creditReqNo': '202205231345478823009', 'creditApplyNo': '202205230000000007', 'status': '01'}, 'message': '成功', 'channelId': 'ORANGE'}}
[2022-05-23 13:45:47,795] - [INFO] - 授信接口调用成功！
[2022-05-23 13:45:47,795] - [INFO] - 授信受理成功，处理中！
[2022-05-23 13:45:47,796] - [INFO] - 授信结果查询
[2022-05-23 13:45:47,796] - [INFO] - ['http://10.1.14.117:27405/channel/apitest/TCJQ/CREDIT_INQUIRY']
[2022-05-23 13:45:47,796] - [INFO] - 请求报文：{'channelCustId': '202205231345476682679', 'creditReqNo': '202205231345478823009', 'creditApplyNo': '202205230000000007'}
[2022-05-23 13:45:47,875] - [INFO] - 响应报文：{'result': True, 'code': 200, 'msg': 'SUCCESS!', 'data': {'code': '0000', 'productId': '7014', 'body': {'channelCustId': '202205231345476682679', 'creditReqNo': '202205231345478823009', 'creditApplyNo': '202205230000000007', 'status': '00'}, 'message': '成功', 'channelId': 'ORANGE'}}
[2022-05-23 13:45:47,875] - [INFO] - 授信查询接口调用成功！
[2022-05-23 13:45:47,875] - [INFO] - 授信中！
[2022-05-23 13:45:50,876] - [INFO] - 授信结果查询
[2022-05-23 13:45:50,876] - [INFO] - ['http://10.1.14.117:27405/channel/apitest/TCJQ/CREDIT_INQUIRY']
[2022-05-23 13:45:50,877] - [INFO] - 请求报文：{'channelCustId': '202205231345476682679', 'creditReqNo': '202205231345478823009', 'creditApplyNo': '202205230000000007'}
[2022-05-23 13:45:50,926] - [INFO] - 响应报文：{'result': True, 'code': 200, 'msg': 'SUCCESS!', 'data': {'code': '0000', 'productId': '7014', 'body': {'channelCustId': '202205231345476682679', 'creditReqNo': '202205231345478823009', 'creditApplyNo': '202205230000000007', 'status': '00'}, 'message': '成功', 'channelId': 'ORANGE'}}
[2022-05-23 13:45:50,926] - [INFO] - 授信查询接口调用成功！
[2022-05-23 13:45:50,926] - [INFO] - 授信中！
[2022-05-23 13:45:53,939] - [INFO] - 授信结果查询
[2022-05-23 13:45:53,939] - [INFO] - ['http://10.1.14.117:27405/channel/apitest/TCJQ/CREDIT_INQUIRY']
[2022-05-23 13:45:53,940] - [INFO] - 请求报文：{'channelCustId': '202205231345476682679', 'creditReqNo': '202205231345478823009', 'creditApplyNo': '202205230000000007'}
[2022-05-23 13:45:53,984] - [INFO] - 响应报文：{'result': True, 'code': 200, 'msg': 'SUCCESS!', 'data': {'code': '0000', 'productId': '7014', 'body': {'channelCustId': '202205231345476682679', 'creditReqNo': '202205231345478823009', 'creditApplyNo': '202205230000000007', 'status': '00'}, 'message': '成功', 'channelId': 'ORANGE'}}
[2022-05-23 13:45:53,984] - [INFO] - 授信查询接口调用成功！
[2022-05-23 13:45:53,985] - [INFO] - 授信中！
[2022-05-23 13:45:56,998] - [INFO] - 授信结果查询
[2022-05-23 13:45:56,998] - [INFO] - ['http://10.1.14.117:27405/channel/apitest/TCJQ/CREDIT_INQUIRY']
[2022-05-23 13:45:56,998] - [INFO] - 请求报文：{'channelCustId': '202205231345476682679', 'creditReqNo': '202205231345478823009', 'creditApplyNo': '202205230000000007'}
[2022-05-23 13:45:57,039] - [INFO] - 响应报文：{'result': True, 'code': 200, 'msg': 'SUCCESS!', 'data': {'code': '0000', 'productId': '7014', 'body': {'channelCustId': '202205231345476682679', 'creditReqNo': '202205231345478823009', 'creditApplyNo': '202205230000000007', 'status': '00'}, 'message': '成功', 'channelId': 'ORANGE'}}
[2022-05-23 13:45:57,039] - [INFO] - 授信查询接口调用成功！
[2022-05-23 13:45:57,039] - [INFO] - 授信中！
[2022-05-23 13:46:00,052] - [INFO] - 授信结果查询
[2022-05-23 13:46:00,052] - [INFO] - ['http://10.1.14.117:27405/channel/apitest/TCJQ/CREDIT_INQUIRY']
[2022-05-23 13:46:00,052] - [INFO] - 请求报文：{'channelCustId': '202205231345476682679', 'creditReqNo': '202205231345478823009', 'creditApplyNo': '202205230000000007'}
[2022-05-23 13:46:00,093] - [INFO] - 响应报文：{'result': True, 'code': 200, 'msg': 'SUCCESS!', 'data': {'code': '0000', 'productId': '7014', 'body': {'channelCustId': '202205231345476682679', 'creditReqNo': '202205231345478823009', 'creditApplyNo': '202205230000000007', 'status': '00'}, 'message': '成功', 'channelId': 'ORANGE'}}
[2022-05-23 13:46:00,094] - [INFO] - 授信查询接口调用成功！
[2022-05-23 13:46:00,094] - [INFO] - 授信中！
[2022-05-23 13:46:03,102] - [INFO] - 授信结果查询
[2022-05-23 13:46:03,102] - [INFO] - ['http://10.1.14.117:27405/channel/apitest/TCJQ/CREDIT_INQUIRY']
[2022-05-23 13:46:03,103] - [INFO] - 请求报文：{'channelCustId': '202205231345476682679', 'creditReqNo': '202205231345478823009', 'creditApplyNo': '202205230000000007'}
[2022-05-23 13:46:03,146] - [INFO] - 响应报文：{'result': True, 'code': 200, 'msg': 'SUCCESS!', 'data': {'code': '0000', 'productId': '7014', 'body': {'channelCustId': '202205231345476682679', 'creditReqNo': '202205231345478823009', 'creditApplyNo': '202205230000000007', 'status': '00'}, 'message': '成功', 'channelId': 'ORANGE'}}
[2022-05-23 13:46:03,146] - [INFO] - 授信查询接口调用成功！
[2022-05-23 13:46:03,146] - [INFO] - 授信中！
[2022-05-23 13:46:06,160] - [INFO] - 授信结果查询
[2022-05-23 13:46:06,160] - [INFO] - ['http://10.1.14.117:27405/channel/apitest/TCJQ/CREDIT_INQUIRY']
[2022-05-23 13:46:06,161] - [INFO] - 请求报文：{'channelCustId': '202205231345476682679', 'creditReqNo': '202205231345478823009', 'creditApplyNo': '202205230000000007'}
[2022-05-23 13:46:06,225] - [INFO] - 响应报文：{'result': True, 'code': 200, 'msg': 'SUCCESS!', 'data': {'code': '0000', 'productId': '7014', 'body': {'creditDate': '2022/05/23', 'creditExpireDate': '2025/05/23', 'freezingDate': '', 'channelCustId': '202205231345476682679', 'creditReqNo': '202205231345478823009', 'creditApplyNo': '202205230000000007', 'creditState': '00', 'availAmount': 5000.0, 'creditAmount': 5000.0, 'status': '01'}, 'message': '成功', 'channelId': 'ORANGE'}}
[2022-05-23 13:46:06,225] - [INFO] - 授信查询接口调用成功！
[2022-05-23 13:46:06,225] - [INFO] - 授信通过！
[2022-05-23 13:46:06,225] - [INFO] - 更新客户信息表liveaddress
[2022-05-23 13:46:06,226] - [INFO] - update customer_info set liveaddress = '北京市市辖区东城区' where CERTID = '542224199306235049'
[2022-05-23 13:46:06,253] - [INFO] - 支用试算
[2022-05-23 13:46:06,253] - [INFO] - http://10.1.14.117:27405/channel/apitest/TCJQ/DISBURSE_TRIAL
[2022-05-23 13:46:06,254] - [INFO] - 请求报文：{'channelCustId': '202205231345476682679', 'periods': '6', 'name': '庞凯榕', 'loanAmount': 2000, 'idNo': '542224199306235049', 'purpose': '00', 'idType': '00', 'addProvince': '110000', 'addCity': '110100', 'addDistrict': '110101', 'phone': '16605236090', 'addDetail': 'hahah', 'returnUrl': 'www.baidu.com'}
[2022-05-23 13:46:06,769] - [INFO] - 响应报文：{'result': True, 'code': 200, 'msg': 'SUCCESS!', 'data': {'code': '0000', 'productId': '7014', 'body': {'channelCustId': '202205231345476682679', 'repayPlanDetails': [{'principal': 329.06, 'period': 1, 'periodAmt': 360.37, 'premium': 20.98, 'interest': 10.33, 'repayDate': '2039/08/03'}, {'principal': 330.76, 'period': 2, 'periodAmt': 360.37, 'premium': 20.98, 'interest': 8.63, 'repayDate': '2039/09/03'}, {'principal': 332.47, 'period': 3, 'periodAmt': 360.37, 'premium': 20.98, 'interest': 6.92, 'repayDate': '2039/10/03'}, {'principal': 334.18, 'period': 4, 'periodAmt': 360.37, 'premium': 20.98, 'interest': 5.21, 'repayDate': '2039/11/03'}, {'principal': 335.91, 'period': 5, 'periodAmt': 360.37, 'premium': 20.98, 'interest': 3.48, 'repayDate': '2039/12/03'}, {'principal': 337.62, 'period': 6, 'periodAmt': 360.34, 'premium': 20.98, 'interest': 1.74, 'repayDate': '2040/01/03'}], 'capitalCode': 'FBBANK', 'status': '01'}, 'message': '成功', 'channelId': 'ORANGE'}}
[2022-05-23 13:46:06,770] - [INFO] - 本次试算资方为：FBBANK
[2022-05-23 13:46:06,770] - [INFO] - 支用试算成功！
[2022-05-23 13:46:06,770] - [INFO] - 支用接口
[2022-05-23 13:46:06,771] - [INFO] - http://10.1.14.117:27405/channel/apitest/TCJQ/DISBURSE
[2022-05-23 13:46:06,771] - [INFO] - 请求报文：{'channelCustId': '202205231345476682679', 'loanReqNo': '20220523134547995757', 'creditReqNo': '202205231345478823009', 'h5ReqApplyNo': '', 'loanAmount': 2000, 'periods': '6', 'purpose': '01', 'bankCard': '6214660523134588', 'bankCode': '308584000013', 'bankName': '建设银行', 'bankPhone': '16605236090', 'longitude': '121.551738', 'latitude': '31.224634', 'ip': '192.168.1.2', 'capitalCode': 'FBBANK', 'channelDetail': {'woolFlag': '1', 'phoneFlag': '1', 'phoneTelco': '1', 'compScore': '80', 'repayAbilityScore': '80', 'comsAmount': '4', 'finAmount': '2', 'redPacket': '2', 'phoneAreaName': '上海市', 'modelScore': '80', 'whiteListFlag': '0', 'loanGrade': 'A', 'registerTime': '2', 'realNameFlag': '1', 'realNameGrade': '1', 'transFlag': '1', 'custType': '', 'currLimit': 5000, 'currRemainLimit': 2000, 'currLimitOrg': 'DD', 'currLimitStartDate': '2021/05/31', 'currLimitEndDate': '2021/07/31', 'currTotalPrice': 28.11, 'firstLoanFlag': '1', 'unsettleLoanLimit': 1, 'settleLoanLimit': 1, 'lastLoanDate': '2021/04/21', 'loanAmount': 3000}, 'custType': '0'}
[2022-05-23 13:46:06,906] - [INFO] - 响应报文：{'result': True, 'code': 200, 'msg': 'SUCCESS!', 'data': {'code': '0000', 'productId': '7014', 'body': {'channelCustId': '202205231345476682679', 'loanReqNo': '20220523134547995757', 'loanApplyNo': '20220523000000004', 'status': '01'}, 'message': '成功', 'channelId': 'ORANGE'}}
[2022-05-23 13:46:06,906] - [INFO] - 支用接口调用成功！
[2022-05-23 13:46:06,906] - [INFO] - 受理成功，处理中!
[2022-05-23 13:46:06,906] - [INFO] - 
                    姓名：庞凯榕
                    身份证号：542224199306235049
                    手机号：16605236090
                    借款金额:2000
                    借款期次:6
                    channelCustId：202205231345476682679
                    creditReqNo：202205231345478823009
                    loanReqNo:20220523134547995757
                    
