[2022-04-15 10:14:42,960] - [INFO] - 授信申请
[2022-04-15 10:14:42,961] - [INFO] - [http://10.1.14.106:27405/channel/apitest/TCJQ/CREDIT_GRANTING]
[2022-04-15 10:14:42,962] - [INFO] - 请求报文：{'channelCustId': '202204151014426661574', 'creditReqNo': '202204151014428869924', 'name': '彭斌', 'spelling': 'ZHANGTIAN', 'sex': '01', 'nationality': '中国', 'nation': '汉族', 'birthday': '1985/06/02', 'idType': '00', 'idNo': '130104199504277830', 'idStartDate': '2016/01/18', 'idEndDate': '2036/01/18', 'idOffice': '北京市东城区', 'marriage': '01', 'children': '00', 'supplyPeople': 3, 'house': '00', 'addProvince': '130000', 'addCity': '130100', 'addDistrict': '130101', 'addDetail': '东大街东大院', 'industry': 'C', 'profession': '11', 'workplaceName': 'AAA单位', 'workTel': '13162314539', 'workProvince': '110000', 'workCity': '110000', 'workDistrict': '110101', 'workDetailAdd': '西大街西大院', 'workAge': 8, 'income': '03', 'education': '06', 'school': '北京大学', 'phone': '16604159494', 'email': 'email163@qq.com', 'contacts': [{'relation': '00', 'name': '张三', 'phoneNo': '15638530000'}, {'relation': '01', 'name': '李四', 'phoneNo': '15638539999'}], 'bankCard': '6214660415101488', 'bankName': '建设银行', 'bankPhone': '16604159494', 'applyProvince': '110000', 'applyCity': '110000', 'applyDistrict': '110101', 'loanAmount': 5000, 'periods': '3', 'purpose': '01', 'direction': '01', 'payType': '00', 'payMerchantNo': '26666', 'authFlag': '01', 'deviceDetail': {'deviceId': '10-45-5-486', 'mac': '3a:b6:c6:5d:2e:f9', 'longitude': '121.551738', 'latitude': '31.224634', 'gpsCity': '上海市', 'ip': '106.14.135.199', 'ipCity': '上海', 'os': 'android', 'docDate': '2019/09/12'}, 'channelDetail': {'citizenshipCheckResult': '1', 'bankCheckResult': '1', 'telcoCheckResult': '1', 'consumeTimes': '1', 'creditTimes': '1', 'consumeScene': '1', 'frontId': '11', 'reverseId': '11', 'faceId': '11', 'woolFlag': '1', 'phoneFlag': '1', 'phoneTelco': '1', 'compScore': '650', 'repayAbilityScore': '650', 'comsAmount': '1', 'finAmount': '1', 'redPacket': '1', 'phoneAreaName': '上海市', 'modelScore': '650', 'whiteListFlag': '0', 'sugAmount': '3000.00', 'sugBasis': '2', 'loanGrade': 'A', 'registerTime': '1', 'realNameFlag': '1', 'realNameGrade': '1', 'transFlag': '1', 'custType': '', 'currLimit': 5000, 'currRemainLimit': 2000, 'currLimitOrg': 'DD', 'currLimitStartDate': '2021/05/31', 'currLimitEndDate': '2021/07/31', 'currTotalPrice': 28.11, 'firstLoanFlag': '1', 'unsettleLoanLimit': 1, 'settleLoanLimit': 1, 'lastLoanDate': '2021/04/21', 'loanAmount': 3000}, 'custType': '0'}
[2022-04-15 10:14:47,448] - [INFO] - 响应报文：{'result': True, 'code': 200, 'msg': 'SUCCESS!', 'data': {'code': '0000', 'productId': '7014', 'body': {'channelCustId': '202204151014426661574', 'creditReqNo': '202204151014428869924', 'creditApplyNo': '202204150000000001', 'status': '01'}, 'message': '成功', 'channelId': 'ORANGE'}}
[2022-04-15 10:14:47,448] - [INFO] - 授信接口调用成功！
[2022-04-15 10:14:47,449] - [INFO] - 授信受理成功，处理中！
[2022-04-15 10:14:47,449] - [INFO] - 授信结果查询
[2022-04-15 10:14:47,449] - [INFO] - ['http://10.1.14.106:27405/channel/apitest/TCJQ/CREDIT_INQUIRY']
[2022-04-15 10:14:47,450] - [INFO] - 请求报文：{'channelCustId': '202204151014426661574', 'creditReqNo': '202204151014428869924', 'creditApplyNo': '202204150000000001'}
[2022-04-15 10:14:47,931] - [INFO] - 响应报文：{'result': True, 'code': 200, 'msg': 'SUCCESS!', 'data': {'code': '0000', 'productId': '7014', 'body': {'channelCustId': '202204151014426661574', 'creditReqNo': '202204151014428869924', 'creditApplyNo': '202204150000000001', 'status': '00'}, 'message': '成功', 'channelId': 'ORANGE'}}
[2022-04-15 10:14:47,931] - [INFO] - 授信查询接口调用成功！
[2022-04-15 10:14:47,931] - [INFO] - 授信中！
[2022-04-15 10:14:50,941] - [INFO] - 授信结果查询
[2022-04-15 10:14:50,941] - [INFO] - ['http://10.1.14.106:27405/channel/apitest/TCJQ/CREDIT_INQUIRY']
[2022-04-15 10:14:50,941] - [INFO] - 请求报文：{'channelCustId': '202204151014426661574', 'creditReqNo': '202204151014428869924', 'creditApplyNo': '202204150000000001'}
[2022-04-15 10:14:51,015] - [INFO] - 响应报文：{'result': True, 'code': 200, 'msg': 'SUCCESS!', 'data': {'code': '0000', 'productId': '7014', 'body': {'channelCustId': '202204151014426661574', 'creditReqNo': '202204151014428869924', 'creditApplyNo': '202204150000000001', 'status': '00'}, 'message': '成功', 'channelId': 'ORANGE'}}
[2022-04-15 10:14:51,015] - [INFO] - 授信查询接口调用成功！
[2022-04-15 10:14:51,015] - [INFO] - 授信中！
[2022-04-15 10:14:54,020] - [INFO] - 授信结果查询
[2022-04-15 10:14:54,020] - [INFO] - ['http://10.1.14.106:27405/channel/apitest/TCJQ/CREDIT_INQUIRY']
[2022-04-15 10:14:54,021] - [INFO] - 请求报文：{'channelCustId': '202204151014426661574', 'creditReqNo': '202204151014428869924', 'creditApplyNo': '202204150000000001'}
[2022-04-15 10:14:54,074] - [INFO] - 响应报文：{'result': True, 'code': 200, 'msg': 'SUCCESS!', 'data': {'code': '0000', 'productId': '7014', 'body': {'channelCustId': '202204151014426661574', 'creditReqNo': '202204151014428869924', 'creditApplyNo': '202204150000000001', 'status': '00'}, 'message': '成功', 'channelId': 'ORANGE'}}
[2022-04-15 10:14:54,074] - [INFO] - 授信查询接口调用成功！
[2022-04-15 10:14:54,075] - [INFO] - 授信中！
[2022-04-15 10:14:57,081] - [INFO] - 授信结果查询
[2022-04-15 10:14:57,081] - [INFO] - ['http://10.1.14.106:27405/channel/apitest/TCJQ/CREDIT_INQUIRY']
[2022-04-15 10:14:57,082] - [INFO] - 请求报文：{'channelCustId': '202204151014426661574', 'creditReqNo': '202204151014428869924', 'creditApplyNo': '202204150000000001'}
[2022-04-15 10:14:57,492] - [INFO] - 响应报文：{'result': True, 'code': 200, 'msg': 'SUCCESS!', 'data': {'code': '0000', 'productId': '7014', 'body': {'creditDate': '2022/04/15', 'creditExpireDate': '2025/04/15', 'freezingDate': '', 'channelCustId': '202204151014426661574', 'creditReqNo': '202204151014428869924', 'creditApplyNo': '202204150000000001', 'creditState': '00', 'availAmount': 5000.0, 'creditAmount': 5000.0, 'status': '01'}, 'message': '成功', 'channelId': 'ORANGE'}}
[2022-04-15 10:14:57,492] - [INFO] - 授信查询接口调用成功！
[2022-04-15 10:14:57,492] - [INFO] - 授信通过！
[2022-04-15 10:14:57,493] - [INFO] - 更新客户信息表liveaddress
[2022-04-15 10:14:57,493] - [INFO] - update customer_info set liveaddress = '北京市市辖区东城区' where CERTID = '130104199504277830'
[2022-04-15 10:14:57,523] - [INFO] - 支用试算
[2022-04-15 10:14:57,523] - [INFO] - http://10.1.14.106:27405/channel/apitest/TCJQ/DISBURSE_TRIAL
[2022-04-15 10:14:57,524] - [INFO] - 请求报文：{'channelCustId': '202204151014426661574', 'periods': '3', 'name': '彭斌', 'loanAmount': 1000, 'idNo': '130104199504277830', 'purpose': '00', 'idType': '00', 'addProvince': '110000', 'addCity': '110100', 'addDistrict': '110101', 'phone': '16604159494', 'addDetail': 'hahah', 'returnUrl': 'www.baidu.com'}
[2022-04-15 10:14:59,850] - [INFO] - 响应报文：{'result': True, 'code': 200, 'msg': 'SUCCESS!', 'data': {'code': '0000', 'productId': '7014', 'body': {'capitalUrl': 'http://124.239.138.231:8080/dadih5/sign/token/a52305ccfda9fe33e029e6cd127b5609', 'channelCustId': '202204151014426661574', 'repayPlanDetails': [{'principal': 331.7, 'period': 1, 'periodAmt': 348.91, 'premium': 10.16, 'interest': 7.05, 'repayDate': '2022/05/28'}, {'principal': 333.33, 'period': 2, 'periodAmt': 346.78, 'premium': 10.16, 'interest': 3.29, 'repayDate': '2022/06/28'}, {'principal': 334.97, 'period': 3, 'periodAmt': 346.78, 'premium': 10.16, 'interest': 1.65, 'repayDate': '2022/07/28'}], 'capitalCode': 'HBBank', 'h5ReqApplyNo': '20220415000000001', 'status': '01'}, 'message': '成功', 'channelId': 'ORANGE'}}
[2022-04-15 10:14:59,850] - [INFO] - 本次试算资方为：HBBank
[2022-04-15 10:15:02,853] - [INFO] - 支用试算
[2022-04-15 10:15:02,853] - [INFO] - http://10.1.14.106:27405/channel/apitest/TCJQ/DISBURSE_TRIAL
[2022-04-15 10:15:02,853] - [INFO] - 请求报文：{'channelCustId': '202204151014426661574', 'periods': '3', 'name': '彭斌', 'loanAmount': 1000, 'idNo': '130104199504277830', 'purpose': '00', 'idType': '00', 'addProvince': '110000', 'addCity': '110100', 'addDistrict': '110101', 'phone': '16604159494', 'addDetail': 'hahah', 'returnUrl': 'www.baidu.com'}
[2022-04-15 10:15:03,297] - [INFO] - 响应报文：{'result': True, 'code': 200, 'msg': 'SUCCESS!', 'data': {'code': '0000', 'productId': '7014', 'body': {'capitalUrl': 'http://124.239.138.231:8080/dadih5/sign/token/a87daa3869d6bf762e474ff7ca34ee29', 'channelCustId': '202204151014426661574', 'repayPlanDetails': [{'principal': 331.7, 'period': 1, 'periodAmt': 348.91, 'premium': 10.16, 'interest': 7.05, 'repayDate': '2022/05/28'}, {'principal': 333.33, 'period': 2, 'periodAmt': 346.78, 'premium': 10.16, 'interest': 3.29, 'repayDate': '2022/06/28'}, {'principal': 334.97, 'period': 3, 'periodAmt': 346.78, 'premium': 10.16, 'interest': 1.65, 'repayDate': '2022/07/28'}], 'capitalCode': 'HBBank', 'h5ReqApplyNo': '20220415000000002', 'status': '01'}, 'message': '成功', 'channelId': 'ORANGE'}}
[2022-04-15 10:15:03,297] - [INFO] - 本次试算资方为：HBBank
[2022-04-15 10:15:06,305] - [INFO] - 支用试算
[2022-04-15 10:15:06,305] - [INFO] - http://10.1.14.106:27405/channel/apitest/TCJQ/DISBURSE_TRIAL
[2022-04-15 10:15:06,305] - [INFO] - 请求报文：{'channelCustId': '202204151014426661574', 'periods': '3', 'name': '彭斌', 'loanAmount': 1000, 'idNo': '130104199504277830', 'purpose': '00', 'idType': '00', 'addProvince': '110000', 'addCity': '110100', 'addDistrict': '110101', 'phone': '16604159494', 'addDetail': 'hahah', 'returnUrl': 'www.baidu.com'}
[2022-04-15 10:22:12,265] - [INFO] - 授信申请
[2022-04-15 10:22:12,265] - [INFO] - [http://10.1.14.106:27405/channel/apitest/TCJQ/CREDIT_GRANTING]
[2022-04-15 10:22:12,266] - [INFO] - 请求报文：{'channelCustId': '202204151022126646712', 'creditReqNo': '20220415102212884208', 'name': '胡无琛', 'spelling': 'ZHANGTIAN', 'sex': '01', 'nationality': '中国', 'nation': '汉族', 'birthday': '1985/06/02', 'idType': '00', 'idNo': '210601199408109253', 'idStartDate': '2016/01/18', 'idEndDate': '2036/01/18', 'idOffice': '北京市东城区', 'marriage': '01', 'children': '00', 'supplyPeople': 3, 'house': '00', 'addProvince': '130000', 'addCity': '130100', 'addDistrict': '130101', 'addDetail': '东大街东大院', 'industry': 'C', 'profession': '11', 'workplaceName': 'AAA单位', 'workTel': '13162314539', 'workProvince': '110000', 'workCity': '110000', 'workDistrict': '110101', 'workDetailAdd': '西大街西大院', 'workAge': 8, 'income': '03', 'education': '06', 'school': '北京大学', 'phone': '16604152055', 'email': 'email163@qq.com', 'contacts': [{'relation': '00', 'name': '张三', 'phoneNo': '15638530000'}, {'relation': '01', 'name': '李四', 'phoneNo': '15638539999'}], 'bankCard': '6214660415102288', 'bankName': '建设银行', 'bankPhone': '16604152055', 'applyProvince': '110000', 'applyCity': '110000', 'applyDistrict': '110101', 'loanAmount': 5000, 'periods': '3', 'purpose': '01', 'direction': '01', 'payType': '00', 'payMerchantNo': '26666', 'authFlag': '01', 'deviceDetail': {'deviceId': '10-45-5-486', 'mac': '3a:b6:c6:5d:2e:f9', 'longitude': '121.551738', 'latitude': '31.224634', 'gpsCity': '上海市', 'ip': '106.14.135.199', 'ipCity': '上海', 'os': 'android', 'docDate': '2019/09/12'}, 'channelDetail': {'citizenshipCheckResult': '1', 'bankCheckResult': '1', 'telcoCheckResult': '1', 'consumeTimes': '1', 'creditTimes': '1', 'consumeScene': '1', 'frontId': '11', 'reverseId': '11', 'faceId': '11', 'woolFlag': '1', 'phoneFlag': '1', 'phoneTelco': '1', 'compScore': '650', 'repayAbilityScore': '650', 'comsAmount': '1', 'finAmount': '1', 'redPacket': '1', 'phoneAreaName': '上海市', 'modelScore': '650', 'whiteListFlag': '0', 'sugAmount': '3000.00', 'sugBasis': '2', 'loanGrade': 'A', 'registerTime': '1', 'realNameFlag': '1', 'realNameGrade': '1', 'transFlag': '1', 'custType': '', 'currLimit': 5000, 'currRemainLimit': 2000, 'currLimitOrg': 'DD', 'currLimitStartDate': '2021/05/31', 'currLimitEndDate': '2021/07/31', 'currTotalPrice': 28.11, 'firstLoanFlag': '1', 'unsettleLoanLimit': 1, 'settleLoanLimit': 1, 'lastLoanDate': '2021/04/21', 'loanAmount': 3000}, 'custType': '0'}
[2022-04-15 10:22:12,488] - [INFO] - 响应报文：{'result': True, 'code': 200, 'msg': 'SUCCESS!', 'data': {'code': '0000', 'productId': '7014', 'body': {'channelCustId': '202204151022126646712', 'creditReqNo': '20220415102212884208', 'creditApplyNo': '202204150000000002', 'status': '01'}, 'message': '成功', 'channelId': 'ORANGE'}}
[2022-04-15 10:22:12,489] - [INFO] - 授信接口调用成功！
[2022-04-15 10:22:12,489] - [INFO] - 授信受理成功，处理中！
[2022-04-15 10:22:12,489] - [INFO] - 授信结果查询
[2022-04-15 10:22:12,489] - [INFO] - ['http://10.1.14.106:27405/channel/apitest/TCJQ/CREDIT_INQUIRY']
[2022-04-15 10:22:12,490] - [INFO] - 请求报文：{'channelCustId': '202204151022126646712', 'creditReqNo': '20220415102212884208', 'creditApplyNo': '202204150000000002'}
[2022-04-15 10:22:12,560] - [INFO] - 响应报文：{'result': True, 'code': 200, 'msg': 'SUCCESS!', 'data': {'code': '0000', 'productId': '7014', 'body': {'channelCustId': '202204151022126646712', 'creditReqNo': '20220415102212884208', 'creditApplyNo': '202204150000000002', 'status': '00'}, 'message': '成功', 'channelId': 'ORANGE'}}
[2022-04-15 10:22:12,561] - [INFO] - 授信查询接口调用成功！
[2022-04-15 10:22:12,561] - [INFO] - 授信中！
[2022-04-15 10:22:15,563] - [INFO] - 授信结果查询
[2022-04-15 10:22:15,563] - [INFO] - ['http://10.1.14.106:27405/channel/apitest/TCJQ/CREDIT_INQUIRY']
[2022-04-15 10:22:15,564] - [INFO] - 请求报文：{'channelCustId': '202204151022126646712', 'creditReqNo': '20220415102212884208', 'creditApplyNo': '202204150000000002'}
[2022-04-15 10:22:15,630] - [INFO] - 响应报文：{'result': True, 'code': 200, 'msg': 'SUCCESS!', 'data': {'code': '0000', 'productId': '7014', 'body': {'channelCustId': '202204151022126646712', 'creditReqNo': '20220415102212884208', 'creditApplyNo': '202204150000000002', 'status': '00'}, 'message': '成功', 'channelId': 'ORANGE'}}
[2022-04-15 10:22:15,630] - [INFO] - 授信查询接口调用成功！
[2022-04-15 10:22:15,630] - [INFO] - 授信中！
[2022-04-15 10:22:18,637] - [INFO] - 授信结果查询
[2022-04-15 10:22:18,637] - [INFO] - ['http://10.1.14.106:27405/channel/apitest/TCJQ/CREDIT_INQUIRY']
[2022-04-15 10:22:18,638] - [INFO] - 请求报文：{'channelCustId': '202204151022126646712', 'creditReqNo': '20220415102212884208', 'creditApplyNo': '202204150000000002'}
[2022-04-15 10:22:18,729] - [INFO] - 响应报文：{'result': True, 'code': 200, 'msg': 'SUCCESS!', 'data': {'code': '0000', 'productId': '7014', 'body': {'creditDate': '2022/04/15', 'creditExpireDate': '2025/04/15', 'freezingDate': '', 'channelCustId': '202204151022126646712', 'creditReqNo': '20220415102212884208', 'creditApplyNo': '202204150000000002', 'creditState': '00', 'availAmount': 5000.0, 'creditAmount': 5000.0, 'status': '01'}, 'message': '成功', 'channelId': 'ORANGE'}}
[2022-04-15 10:22:18,729] - [INFO] - 授信查询接口调用成功！
[2022-04-15 10:22:18,729] - [INFO] - 授信通过！
[2022-04-15 10:22:18,729] - [INFO] - 更新客户信息表liveaddress
[2022-04-15 10:22:18,730] - [INFO] - update customer_info set liveaddress = '北京市市辖区东城区' where CERTID = '210601199408109253'
[2022-04-15 10:22:18,755] - [INFO] - 支用试算
[2022-04-15 10:22:18,755] - [INFO] - http://10.1.14.106:27405/channel/apitest/TCJQ/DISBURSE_TRIAL
[2022-04-15 10:22:18,756] - [INFO] - 请求报文：{'channelCustId': '202204151022126646712', 'periods': '3', 'name': '胡无琛', 'loanAmount': 1000, 'idNo': '210601199408109253', 'purpose': '00', 'idType': '00', 'addProvince': '110000', 'addCity': '110100', 'addDistrict': '110101', 'phone': '16604152055', 'addDetail': 'hahah', 'returnUrl': 'www.baidu.com'}
[2022-04-15 10:22:19,718] - [INFO] - 响应报文：{'result': True, 'code': 200, 'msg': 'SUCCESS!', 'data': {'code': '0000', 'productId': '7014', 'body': {'channelCustId': '202204151022126646712', 'repayPlanDetails': [{'principal': 331.61, 'period': 1, 'periodAmt': 346.75, 'premium': 9.97, 'interest': 5.17, 'repayDate': '2039/02/18'}, {'principal': 333.33, 'period': 2, 'periodAmt': 346.75, 'premium': 9.97, 'interest': 3.45, 'repayDate': '2039/03/18'}, {'principal': 335.06, 'period': 3, 'periodAmt': 346.76, 'premium': 9.97, 'interest': 1.73, 'repayDate': '2039/04/18'}], 'capitalCode': 'FBBANK', 'status': '01'}, 'message': '成功', 'channelId': 'ORANGE'}}
[2022-04-15 10:22:19,718] - [INFO] - 本次试算资方为：FBBANK
[2022-04-15 10:22:19,719] - [INFO] - 支用试算成功！
[2022-04-15 10:22:19,719] - [INFO] - 支用接口
[2022-04-15 10:22:19,719] - [INFO] - http://10.1.14.106:27405/channel/apitest/TCJQ/DISBURSE
[2022-04-15 10:22:19,719] - [INFO] - 请求报文：{'channelCustId': '202204151022126646712', 'loanReqNo': '202204151022129934734', 'creditReqNo': '20220415102212884208', 'h5ReqApplyNo': '', 'loanAmount': 1000, 'periods': '3', 'purpose': '01', 'bankCard': '6214660415102288', 'bankCode': '308584000013', 'bankName': '建设银行', 'bankPhone': '16604152055', 'longitude': '121.551738', 'latitude': '31.224634', 'ip': '192.168.1.2', 'capitalCode': 'FBBANK', 'channelDetail': {'woolFlag': '1', 'phoneFlag': '1', 'phoneTelco': '1', 'compScore': '80', 'repayAbilityScore': '80', 'comsAmount': '4', 'finAmount': '2', 'redPacket': '2', 'phoneAreaName': '上海市', 'modelScore': '80', 'whiteListFlag': '0', 'loanGrade': 'A', 'registerTime': '2', 'realNameFlag': '1', 'realNameGrade': '1', 'transFlag': '1', 'custType': '', 'currLimit': 5000, 'currRemainLimit': 2000, 'currLimitOrg': 'DD', 'currLimitStartDate': '2021/05/31', 'currLimitEndDate': '2021/07/31', 'currTotalPrice': 28.11, 'firstLoanFlag': '1', 'unsettleLoanLimit': 1, 'settleLoanLimit': 1, 'lastLoanDate': '2021/04/21', 'loanAmount': 3000}, 'custType': '0'}
[2022-04-15 10:22:20,320] - [INFO] - 响应报文：{'result': True, 'code': 200, 'msg': 'SUCCESS!', 'data': {'code': '0000', 'productId': '7014', 'body': {'channelCustId': '202204151022126646712', 'loanReqNo': '202204151022129934734', 'loanApplyNo': '20220415000000001', 'status': '01'}, 'message': '成功', 'channelId': 'ORANGE'}}
[2022-04-15 10:22:20,320] - [INFO] - 支用接口调用成功！
[2022-04-15 10:22:20,320] - [INFO] - 受理成功，处理中!
[2022-04-15 10:22:20,321] - [INFO] - 
                    姓名：胡无琛
                    身份证号：210601199408109253
                    手机号：16604152055
                    借款金额:1000
                    借款期次:3
                    channelCustId：202204151022126646712
                    creditReqNo：20220415102212884208
                    loanReqNo:202204151022129934734
                    
[2022-04-15 15:08:32,969] - [INFO] - 授信申请
[2022-04-15 15:08:32,969] - [INFO] - [http://10.1.14.106:27405/channel/apitest/TCJQ/CREDIT_GRANTING]
[2022-04-15 15:08:32,970] - [INFO] - 请求报文：{'channelCustId': '202204151508326677278', 'creditReqNo': '202204151508328852129', 'name': '伊娅', 'spelling': 'ZHANGTIAN', 'sex': '01', 'nationality': '中国', 'nation': '汉族', 'birthday': '1985/06/02', 'idType': '00', 'idNo': '510108199206173765', 'idStartDate': '2016/01/18', 'idEndDate': '2036/01/18', 'idOffice': '北京市东城区', 'marriage': '01', 'children': '00', 'supplyPeople': 3, 'house': '00', 'addProvince': '130000', 'addCity': '130100', 'addDistrict': '130101', 'addDetail': '东大街东大院', 'industry': 'C', 'profession': '11', 'workplaceName': 'AAA单位', 'workTel': '13162314539', 'workProvince': '110000', 'workCity': '110000', 'workDistrict': '110101', 'workDetailAdd': '西大街西大院', 'workAge': 8, 'income': '03', 'education': '06', 'school': '北京大学', 'phone': '16604156271', 'email': 'email163@qq.com', 'contacts': [{'relation': '00', 'name': '张三', 'phoneNo': '15638530000'}, {'relation': '01', 'name': '李四', 'phoneNo': '15638539999'}], 'bankCard': '6214660415150888', 'bankName': '建设银行', 'bankPhone': '16604156271', 'applyProvince': '110000', 'applyCity': '110000', 'applyDistrict': '110101', 'loanAmount': 5000, 'periods': '3', 'purpose': '01', 'direction': '01', 'payType': '00', 'payMerchantNo': '26666', 'authFlag': '01', 'deviceDetail': {'deviceId': '10-45-5-486', 'mac': '3a:b6:c6:5d:2e:f9', 'longitude': '121.551738', 'latitude': '31.224634', 'gpsCity': '上海市', 'ip': '106.14.135.199', 'ipCity': '上海', 'os': 'android', 'docDate': '2019/09/12'}, 'channelDetail': {'citizenshipCheckResult': '1', 'bankCheckResult': '1', 'telcoCheckResult': '1', 'consumeTimes': '1', 'creditTimes': '1', 'consumeScene': '1', 'frontId': '11', 'reverseId': '11', 'faceId': '11', 'woolFlag': '1', 'phoneFlag': '1', 'phoneTelco': '1', 'compScore': '650', 'repayAbilityScore': '650', 'comsAmount': '1', 'finAmount': '1', 'redPacket': '1', 'phoneAreaName': '上海市', 'modelScore': '650', 'whiteListFlag': '0', 'sugAmount': '3000.00', 'sugBasis': '2', 'loanGrade': 'A', 'registerTime': '1', 'realNameFlag': '1', 'realNameGrade': '1', 'transFlag': '1', 'custType': '', 'currLimit': 5000, 'currRemainLimit': 2000, 'currLimitOrg': 'DD', 'currLimitStartDate': '2021/05/31', 'currLimitEndDate': '2021/07/31', 'currTotalPrice': 28.11, 'firstLoanFlag': '1', 'unsettleLoanLimit': 1, 'settleLoanLimit': 1, 'lastLoanDate': '2021/04/21', 'loanAmount': 3000}, 'custType': '0'}
[2022-04-15 15:08:33,540] - [INFO] - 响应报文：{'result': True, 'code': 200, 'msg': 'SUCCESS!', 'data': {'code': '0000', 'productId': '7014', 'body': {'channelCustId': '202204151508326677278', 'creditReqNo': '202204151508328852129', 'creditApplyNo': '202204150000000008', 'status': '01'}, 'message': '成功', 'channelId': 'ORANGE'}}
[2022-04-15 15:08:33,540] - [INFO] - 授信接口调用成功！
[2022-04-15 15:08:33,540] - [INFO] - 授信受理成功，处理中！
[2022-04-15 15:08:33,541] - [INFO] - 授信结果查询
[2022-04-15 15:08:33,541] - [INFO] - ['http://10.1.14.106:27405/channel/apitest/TCJQ/CREDIT_INQUIRY']
[2022-04-15 15:08:33,541] - [INFO] - 请求报文：{'channelCustId': '202204151508326677278', 'creditReqNo': '202204151508328852129', 'creditApplyNo': '202204150000000008'}
[2022-04-15 15:08:33,815] - [INFO] - 响应报文：{'result': True, 'code': 200, 'msg': 'SUCCESS!', 'data': {'code': '0000', 'productId': '7014', 'body': {'channelCustId': '202204151508326677278', 'creditReqNo': '202204151508328852129', 'creditApplyNo': '202204150000000008', 'status': '00'}, 'message': '成功', 'channelId': 'ORANGE'}}
[2022-04-15 15:08:33,815] - [INFO] - 授信查询接口调用成功！
[2022-04-15 15:08:33,815] - [INFO] - 授信中！
[2022-04-15 15:08:36,826] - [INFO] - 授信结果查询
[2022-04-15 15:08:36,826] - [INFO] - ['http://10.1.14.106:27405/channel/apitest/TCJQ/CREDIT_INQUIRY']
[2022-04-15 15:08:36,827] - [INFO] - 请求报文：{'channelCustId': '202204151508326677278', 'creditReqNo': '202204151508328852129', 'creditApplyNo': '202204150000000008'}
[2022-04-15 15:08:36,872] - [INFO] - 响应报文：{'result': True, 'code': 200, 'msg': 'SUCCESS!', 'data': {'code': '0000', 'productId': '7014', 'body': {'channelCustId': '202204151508326677278', 'creditReqNo': '202204151508328852129', 'creditApplyNo': '202204150000000008', 'status': '00'}, 'message': '成功', 'channelId': 'ORANGE'}}
[2022-04-15 15:08:36,872] - [INFO] - 授信查询接口调用成功！
[2022-04-15 15:08:36,872] - [INFO] - 授信中！
[2022-04-15 15:08:39,876] - [INFO] - 授信结果查询
[2022-04-15 15:08:39,876] - [INFO] - ['http://10.1.14.106:27405/channel/apitest/TCJQ/CREDIT_INQUIRY']
[2022-04-15 15:08:39,877] - [INFO] - 请求报文：{'channelCustId': '202204151508326677278', 'creditReqNo': '202204151508328852129', 'creditApplyNo': '202204150000000008'}
[2022-04-15 15:08:39,932] - [INFO] - 响应报文：{'result': True, 'code': 200, 'msg': 'SUCCESS!', 'data': {'code': '0000', 'productId': '7014', 'body': {'channelCustId': '202204151508326677278', 'creditReqNo': '202204151508328852129', 'creditApplyNo': '202204150000000008', 'status': '00'}, 'message': '成功', 'channelId': 'ORANGE'}}
[2022-04-15 15:08:39,932] - [INFO] - 授信查询接口调用成功！
[2022-04-15 15:08:39,932] - [INFO] - 授信中！
[2022-04-15 15:08:42,939] - [INFO] - 授信结果查询
[2022-04-15 15:08:42,939] - [INFO] - ['http://10.1.14.106:27405/channel/apitest/TCJQ/CREDIT_INQUIRY']
[2022-04-15 15:08:42,940] - [INFO] - 请求报文：{'channelCustId': '202204151508326677278', 'creditReqNo': '202204151508328852129', 'creditApplyNo': '202204150000000008'}
[2022-04-15 15:08:43,269] - [INFO] - 响应报文：{'result': True, 'code': 200, 'msg': 'SUCCESS!', 'data': {'code': '0000', 'productId': '7014', 'body': {'creditDate': '2022/04/15', 'creditExpireDate': '2025/04/15', 'freezingDate': '', 'channelCustId': '202204151508326677278', 'creditReqNo': '202204151508328852129', 'creditApplyNo': '202204150000000008', 'creditState': '00', 'availAmount': 5000.0, 'creditAmount': 5000.0, 'status': '01'}, 'message': '成功', 'channelId': 'ORANGE'}}
[2022-04-15 15:08:43,270] - [INFO] - 授信查询接口调用成功！
[2022-04-15 15:08:43,270] - [INFO] - 授信通过！
[2022-04-15 15:08:43,270] - [INFO] - 更新客户信息表liveaddress
[2022-04-15 15:08:43,270] - [INFO] - update customer_info set liveaddress = '北京市市辖区东城区' where CERTID = '510108199206173765'
[2022-04-15 15:08:43,293] - [INFO] - 支用试算
[2022-04-15 15:08:43,293] - [INFO] - http://10.1.14.106:27405/channel/apitest/TCJQ/DISBURSE_TRIAL
[2022-04-15 15:08:43,294] - [INFO] - 请求报文：{'channelCustId': '202204151508326677278', 'periods': '3', 'name': '伊娅', 'loanAmount': 1000, 'idNo': '510108199206173765', 'purpose': '00', 'idType': '00', 'addProvince': '110000', 'addCity': '110100', 'addDistrict': '110101', 'phone': '16604156271', 'addDetail': 'hahah', 'returnUrl': 'www.baidu.com'}
[2022-04-15 15:08:43,957] - [INFO] - 响应报文：{'result': True, 'code': 200, 'msg': 'SUCCESS!', 'data': {'code': '0000', 'productId': '7014', 'body': {'channelCustId': '202204151508326677278', 'repayPlanDetails': [{'principal': 331.61, 'period': 1, 'periodAmt': 346.75, 'premium': 9.97, 'interest': 5.17, 'repayDate': '2039/02/18'}, {'principal': 333.33, 'period': 2, 'periodAmt': 346.75, 'premium': 9.97, 'interest': 3.45, 'repayDate': '2039/03/18'}, {'principal': 335.06, 'period': 3, 'periodAmt': 346.76, 'premium': 9.97, 'interest': 1.73, 'repayDate': '2039/04/18'}], 'capitalCode': 'FBBANK', 'status': '01'}, 'message': '成功', 'channelId': 'ORANGE'}}
[2022-04-15 15:08:43,958] - [INFO] - 本次试算资方为：FBBANK
[2022-04-15 15:08:43,958] - [INFO] - 支用试算成功！
[2022-04-15 15:08:43,958] - [INFO] - 支用接口
[2022-04-15 15:08:43,958] - [INFO] - http://10.1.14.106:27405/channel/apitest/TCJQ/DISBURSE
[2022-04-15 15:08:43,959] - [INFO] - 请求报文：{'channelCustId': '202204151508326677278', 'loanReqNo': '202204151508329930496', 'creditReqNo': '202204151508328852129', 'h5ReqApplyNo': '', 'loanAmount': 1000, 'periods': '3', 'purpose': '01', 'bankCard': '6214660415150888', 'bankCode': '308584000013', 'bankName': '建设银行', 'bankPhone': '16604156271', 'longitude': '121.551738', 'latitude': '31.224634', 'ip': '192.168.1.2', 'capitalCode': 'FBBANK', 'channelDetail': {'woolFlag': '1', 'phoneFlag': '1', 'phoneTelco': '1', 'compScore': '80', 'repayAbilityScore': '80', 'comsAmount': '4', 'finAmount': '2', 'redPacket': '2', 'phoneAreaName': '上海市', 'modelScore': '80', 'whiteListFlag': '0', 'loanGrade': 'A', 'registerTime': '2', 'realNameFlag': '1', 'realNameGrade': '1', 'transFlag': '1', 'custType': '', 'currLimit': 5000, 'currRemainLimit': 2000, 'currLimitOrg': 'DD', 'currLimitStartDate': '2021/05/31', 'currLimitEndDate': '2021/07/31', 'currTotalPrice': 28.11, 'firstLoanFlag': '1', 'unsettleLoanLimit': 1, 'settleLoanLimit': 1, 'lastLoanDate': '2021/04/21', 'loanAmount': 3000}, 'custType': '0'}
[2022-04-15 15:08:44,233] - [INFO] - 响应报文：{'result': True, 'code': 200, 'msg': 'SUCCESS!', 'data': {'code': '0000', 'productId': '7014', 'body': {'channelCustId': '202204151508326677278', 'loanReqNo': '202204151508329930496', 'loanApplyNo': '20220415000000008', 'status': '01'}, 'message': '成功', 'channelId': 'ORANGE'}}
[2022-04-15 15:08:44,234] - [INFO] - 支用接口调用成功！
[2022-04-15 15:08:44,234] - [INFO] - 受理成功，处理中!
[2022-04-15 15:08:44,234] - [INFO] - 
                    姓名：伊娅
                    身份证号：510108199206173765
                    手机号：16604156271
                    借款金额:1000
                    借款期次:3
                    channelCustId：202204151508326677278
                    creditReqNo：202204151508328852129
                    loanReqNo:202204151508329930496
                    
[2022-04-15 16:04:15,879] - [INFO] - 授信申请
[2022-04-15 16:04:15,879] - [INFO] - [http://10.1.14.117:27405/channel/apitest/TCJQ/CREDIT_GRANTING]
[2022-04-15 16:04:15,880] - [INFO] - 请求报文：{'channelCustId': '202204151604156636720', 'creditReqNo': '202204151604158828180', 'name': '黎易亚', 'spelling': 'ZHANGTIAN', 'sex': '01', 'nationality': '中国', 'nation': '汉族', 'birthday': '1985/06/02', 'idType': '00', 'idNo': '440603199007214330', 'idStartDate': '2016/01/18', 'idEndDate': '2036/01/18', 'idOffice': '北京市东城区', 'marriage': '01', 'children': '00', 'supplyPeople': 3, 'house': '00', 'addProvince': '130000', 'addCity': '130100', 'addDistrict': '130101', 'addDetail': '东大街东大院', 'industry': 'C', 'profession': '11', 'workplaceName': 'AAA单位', 'workTel': '13162314539', 'workProvince': '110000', 'workCity': '110000', 'workDistrict': '110101', 'workDetailAdd': '西大街西大院', 'workAge': 8, 'income': '03', 'education': '06', 'school': '北京大学', 'phone': '16604157896', 'email': 'email163@qq.com', 'contacts': [{'relation': '00', 'name': '张三', 'phoneNo': '15638530000'}, {'relation': '01', 'name': '李四', 'phoneNo': '15638539999'}], 'bankCard': '6214660415160488', 'bankName': '建设银行', 'bankPhone': '16604157896', 'applyProvince': '110000', 'applyCity': '110000', 'applyDistrict': '110101', 'loanAmount': 5000, 'periods': '3', 'purpose': '01', 'direction': '01', 'payType': '00', 'payMerchantNo': '26666', 'authFlag': '01', 'deviceDetail': {'deviceId': '10-45-5-486', 'mac': '3a:b6:c6:5d:2e:f9', 'longitude': '121.551738', 'latitude': '31.224634', 'gpsCity': '上海市', 'ip': '106.14.135.199', 'ipCity': '上海', 'os': 'android', 'docDate': '2019/09/12'}, 'channelDetail': {'citizenshipCheckResult': '1', 'bankCheckResult': '1', 'telcoCheckResult': '1', 'consumeTimes': '1', 'creditTimes': '1', 'consumeScene': '1', 'frontId': '11', 'reverseId': '11', 'faceId': '11', 'woolFlag': '1', 'phoneFlag': '1', 'phoneTelco': '1', 'compScore': '650', 'repayAbilityScore': '650', 'comsAmount': '1', 'finAmount': '1', 'redPacket': '1', 'phoneAreaName': '上海市', 'modelScore': '650', 'whiteListFlag': '0', 'sugAmount': '3000.00', 'sugBasis': '2', 'loanGrade': 'A', 'registerTime': '1', 'realNameFlag': '1', 'realNameGrade': '1', 'transFlag': '1', 'custType': '', 'currLimit': 5000, 'currRemainLimit': 2000, 'currLimitOrg': 'DD', 'currLimitStartDate': '2021/05/31', 'currLimitEndDate': '2021/07/31', 'currTotalPrice': 28.11, 'firstLoanFlag': '1', 'unsettleLoanLimit': 1, 'settleLoanLimit': 1, 'lastLoanDate': '2021/04/21', 'loanAmount': 3000}, 'custType': '0'}
[2022-04-15 16:04:20,529] - [INFO] - 响应报文：{'result': True, 'code': 200, 'msg': 'SUCCESS!', 'data': {'code': '0000', 'productId': '7014', 'body': {'channelCustId': '202204151604156636720', 'creditReqNo': '202204151604158828180', 'creditApplyNo': '202204150000000001', 'status': '01'}, 'message': '成功', 'channelId': 'ORANGE'}}
[2022-04-15 16:04:20,530] - [INFO] - 授信接口调用成功！
[2022-04-15 16:04:20,530] - [INFO] - 授信受理成功，处理中！
[2022-04-15 16:04:20,530] - [INFO] - 授信结果查询
[2022-04-15 16:04:20,531] - [INFO] - ['http://10.1.14.117:27405/channel/apitest/TCJQ/CREDIT_INQUIRY']
[2022-04-15 16:04:20,531] - [INFO] - 请求报文：{'channelCustId': '202204151604156636720', 'creditReqNo': '202204151604158828180', 'creditApplyNo': '202204150000000001'}
[2022-04-15 16:04:20,689] - [INFO] - 响应报文：{'result': True, 'code': 200, 'msg': 'SUCCESS!', 'data': {'code': '0000', 'productId': '7014', 'body': {'channelCustId': '202204151604156636720', 'creditReqNo': '202204151604158828180', 'creditApplyNo': '202204150000000001', 'status': '00'}, 'message': '成功', 'channelId': 'ORANGE'}}
[2022-04-15 16:04:20,690] - [INFO] - 授信查询接口调用成功！
[2022-04-15 16:04:20,690] - [INFO] - 授信中！
[2022-04-15 16:04:23,694] - [INFO] - 授信结果查询
[2022-04-15 16:04:23,694] - [INFO] - ['http://10.1.14.117:27405/channel/apitest/TCJQ/CREDIT_INQUIRY']
[2022-04-15 16:04:23,694] - [INFO] - 请求报文：{'channelCustId': '202204151604156636720', 'creditReqNo': '202204151604158828180', 'creditApplyNo': '202204150000000001'}
[2022-04-15 16:04:23,752] - [INFO] - 响应报文：{'result': True, 'code': 200, 'msg': 'SUCCESS!', 'data': {'code': '0000', 'productId': '7014', 'body': {'channelCustId': '202204151604156636720', 'creditReqNo': '202204151604158828180', 'creditApplyNo': '202204150000000001', 'status': '00'}, 'message': '成功', 'channelId': 'ORANGE'}}
[2022-04-15 16:04:23,753] - [INFO] - 授信查询接口调用成功！
[2022-04-15 16:04:23,753] - [INFO] - 授信中！
[2022-04-15 16:04:26,762] - [INFO] - 授信结果查询
[2022-04-15 16:04:26,762] - [INFO] - ['http://10.1.14.117:27405/channel/apitest/TCJQ/CREDIT_INQUIRY']
[2022-04-15 16:04:26,763] - [INFO] - 请求报文：{'channelCustId': '202204151604156636720', 'creditReqNo': '202204151604158828180', 'creditApplyNo': '202204150000000001'}
[2022-04-15 16:04:26,831] - [INFO] - 响应报文：{'result': True, 'code': 200, 'msg': 'SUCCESS!', 'data': {'code': '0000', 'productId': '7014', 'body': {'channelCustId': '202204151604156636720', 'creditReqNo': '202204151604158828180', 'creditApplyNo': '202204150000000001', 'status': '00'}, 'message': '成功', 'channelId': 'ORANGE'}}
[2022-04-15 16:04:26,832] - [INFO] - 授信查询接口调用成功！
[2022-04-15 16:04:26,832] - [INFO] - 授信中！
[2022-04-15 16:04:29,845] - [INFO] - 授信结果查询
[2022-04-15 16:04:29,845] - [INFO] - ['http://10.1.14.117:27405/channel/apitest/TCJQ/CREDIT_INQUIRY']
[2022-04-15 16:04:29,846] - [INFO] - 请求报文：{'channelCustId': '202204151604156636720', 'creditReqNo': '202204151604158828180', 'creditApplyNo': '202204150000000001'}
[2022-04-15 16:04:29,898] - [INFO] - 响应报文：{'result': True, 'code': 200, 'msg': 'SUCCESS!', 'data': {'code': '0000', 'productId': '7014', 'body': {'channelCustId': '202204151604156636720', 'creditReqNo': '202204151604158828180', 'creditApplyNo': '202204150000000001', 'status': '00'}, 'message': '成功', 'channelId': 'ORANGE'}}
[2022-04-15 16:04:29,898] - [INFO] - 授信查询接口调用成功！
[2022-04-15 16:04:29,898] - [INFO] - 授信中！
[2022-04-15 16:04:32,911] - [INFO] - 授信结果查询
[2022-04-15 16:04:32,911] - [INFO] - ['http://10.1.14.117:27405/channel/apitest/TCJQ/CREDIT_INQUIRY']
[2022-04-15 16:04:32,911] - [INFO] - 请求报文：{'channelCustId': '202204151604156636720', 'creditReqNo': '202204151604158828180', 'creditApplyNo': '202204150000000001'}
[2022-04-15 16:04:32,964] - [INFO] - 响应报文：{'result': True, 'code': 200, 'msg': 'SUCCESS!', 'data': {'code': '0000', 'productId': '7014', 'body': {'channelCustId': '202204151604156636720', 'creditReqNo': '202204151604158828180', 'creditApplyNo': '202204150000000001', 'status': '00'}, 'message': '成功', 'channelId': 'ORANGE'}}
[2022-04-15 16:04:32,964] - [INFO] - 授信查询接口调用成功！
[2022-04-15 16:04:32,964] - [INFO] - 授信中！
[2022-04-15 16:04:35,971] - [INFO] - 授信结果查询
[2022-04-15 16:04:35,971] - [INFO] - ['http://10.1.14.117:27405/channel/apitest/TCJQ/CREDIT_INQUIRY']
[2022-04-15 16:04:35,972] - [INFO] - 请求报文：{'channelCustId': '202204151604156636720', 'creditReqNo': '202204151604158828180', 'creditApplyNo': '202204150000000001'}
[2022-04-15 16:04:36,029] - [INFO] - 响应报文：{'result': True, 'code': 200, 'msg': 'SUCCESS!', 'data': {'code': '0000', 'productId': '7014', 'body': {'channelCustId': '202204151604156636720', 'creditReqNo': '202204151604158828180', 'creditApplyNo': '202204150000000001', 'status': '00'}, 'message': '成功', 'channelId': 'ORANGE'}}
[2022-04-15 16:04:36,029] - [INFO] - 授信查询接口调用成功！
[2022-04-15 16:04:36,029] - [INFO] - 授信中！
[2022-04-15 16:04:39,033] - [INFO] - 授信结果查询
[2022-04-15 16:04:39,033] - [INFO] - ['http://10.1.14.117:27405/channel/apitest/TCJQ/CREDIT_INQUIRY']
[2022-04-15 16:04:39,034] - [INFO] - 请求报文：{'channelCustId': '202204151604156636720', 'creditReqNo': '202204151604158828180', 'creditApplyNo': '202204150000000001'}
[2022-04-15 16:04:39,086] - [INFO] - 响应报文：{'result': True, 'code': 200, 'msg': 'SUCCESS!', 'data': {'code': '0000', 'productId': '7014', 'body': {'channelCustId': '202204151604156636720', 'creditReqNo': '202204151604158828180', 'creditApplyNo': '202204150000000001', 'status': '00'}, 'message': '成功', 'channelId': 'ORANGE'}}
[2022-04-15 16:04:39,086] - [INFO] - 授信查询接口调用成功！
[2022-04-15 16:04:39,087] - [INFO] - 授信中！
[2022-04-15 16:04:42,101] - [INFO] - 授信结果查询
[2022-04-15 16:04:42,101] - [INFO] - ['http://10.1.14.117:27405/channel/apitest/TCJQ/CREDIT_INQUIRY']
[2022-04-15 16:04:42,102] - [INFO] - 请求报文：{'channelCustId': '202204151604156636720', 'creditReqNo': '202204151604158828180', 'creditApplyNo': '202204150000000001'}
[2022-04-15 16:04:42,152] - [INFO] - 响应报文：{'result': True, 'code': 200, 'msg': 'SUCCESS!', 'data': {'code': '0000', 'productId': '7014', 'body': {'channelCustId': '202204151604156636720', 'creditReqNo': '202204151604158828180', 'creditApplyNo': '202204150000000001', 'status': '00'}, 'message': '成功', 'channelId': 'ORANGE'}}
[2022-04-15 16:04:42,152] - [INFO] - 授信查询接口调用成功！
[2022-04-15 16:04:42,152] - [INFO] - 授信中！
[2022-04-15 16:04:45,155] - [INFO] - 授信结果查询
[2022-04-15 16:04:45,155] - [INFO] - ['http://10.1.14.117:27405/channel/apitest/TCJQ/CREDIT_INQUIRY']
[2022-04-15 16:04:45,156] - [INFO] - 请求报文：{'channelCustId': '202204151604156636720', 'creditReqNo': '202204151604158828180', 'creditApplyNo': '202204150000000001'}
[2022-04-15 16:04:45,205] - [INFO] - 响应报文：{'result': True, 'code': 200, 'msg': 'SUCCESS!', 'data': {'code': '0000', 'productId': '7014', 'body': {'channelCustId': '202204151604156636720', 'creditReqNo': '202204151604158828180', 'creditApplyNo': '202204150000000001', 'status': '00'}, 'message': '成功', 'channelId': 'ORANGE'}}
[2022-04-15 16:04:45,205] - [INFO] - 授信查询接口调用成功！
[2022-04-15 16:04:45,205] - [INFO] - 授信中！
[2022-04-15 16:06:34,676] - [INFO] - 授信申请
[2022-04-15 16:06:34,676] - [INFO] - [http://10.1.14.117:27405/channel/apitest/TCJQ/CREDIT_GRANTING]
[2022-04-15 16:06:34,676] - [INFO] - 请求报文：{'channelCustId': '202204151606346626907', 'creditReqNo': '202204151606348817880', 'name': '冯羽', 'spelling': 'ZHANGTIAN', 'sex': '01', 'nationality': '中国', 'nation': '汉族', 'birthday': '1985/06/02', 'idType': '00', 'idNo': '445101199606083680', 'idStartDate': '2016/01/18', 'idEndDate': '2036/01/18', 'idOffice': '北京市东城区', 'marriage': '01', 'children': '00', 'supplyPeople': 3, 'house': '00', 'addProvince': '130000', 'addCity': '130100', 'addDistrict': '130101', 'addDetail': '东大街东大院', 'industry': 'C', 'profession': '11', 'workplaceName': 'AAA单位', 'workTel': '13162314539', 'workProvince': '110000', 'workCity': '110000', 'workDistrict': '110101', 'workDetailAdd': '西大街西大院', 'workAge': 8, 'income': '03', 'education': '06', 'school': '北京大学', 'phone': '16604153223', 'email': 'email163@qq.com', 'contacts': [{'relation': '00', 'name': '张三', 'phoneNo': '15638530000'}, {'relation': '01', 'name': '李四', 'phoneNo': '15638539999'}], 'bankCard': '6214660415160688', 'bankName': '建设银行', 'bankPhone': '16604153223', 'applyProvince': '110000', 'applyCity': '110000', 'applyDistrict': '110101', 'loanAmount': 5000, 'periods': '3', 'purpose': '01', 'direction': '01', 'payType': '00', 'payMerchantNo': '26666', 'authFlag': '01', 'deviceDetail': {'deviceId': '10-45-5-486', 'mac': '3a:b6:c6:5d:2e:f9', 'longitude': '121.551738', 'latitude': '31.224634', 'gpsCity': '上海市', 'ip': '106.14.135.199', 'ipCity': '上海', 'os': 'android', 'docDate': '2019/09/12'}, 'channelDetail': {'citizenshipCheckResult': '1', 'bankCheckResult': '1', 'telcoCheckResult': '1', 'consumeTimes': '1', 'creditTimes': '1', 'consumeScene': '1', 'frontId': '11', 'reverseId': '11', 'faceId': '11', 'woolFlag': '1', 'phoneFlag': '1', 'phoneTelco': '1', 'compScore': '650', 'repayAbilityScore': '650', 'comsAmount': '1', 'finAmount': '1', 'redPacket': '1', 'phoneAreaName': '上海市', 'modelScore': '650', 'whiteListFlag': '0', 'sugAmount': '3000.00', 'sugBasis': '2', 'loanGrade': 'A', 'registerTime': '1', 'realNameFlag': '1', 'realNameGrade': '1', 'transFlag': '1', 'custType': '', 'currLimit': 5000, 'currRemainLimit': 2000, 'currLimitOrg': 'DD', 'currLimitStartDate': '2021/05/31', 'currLimitEndDate': '2021/07/31', 'currTotalPrice': 28.11, 'firstLoanFlag': '1', 'unsettleLoanLimit': 1, 'settleLoanLimit': 1, 'lastLoanDate': '2021/04/21', 'loanAmount': 3000}, 'custType': '0'}
[2022-04-15 16:06:34,812] - [INFO] - 响应报文：{'result': True, 'code': 200, 'msg': 'SUCCESS!', 'data': {'code': '0000', 'productId': '7014', 'body': {'channelCustId': '202204151606346626907', 'creditReqNo': '202204151606348817880', 'creditApplyNo': '202204150000000002', 'status': '01'}, 'message': '成功', 'channelId': 'ORANGE'}}
[2022-04-15 16:06:34,812] - [INFO] - 授信接口调用成功！
[2022-04-15 16:06:34,813] - [INFO] - 授信受理成功，处理中！
[2022-04-15 16:06:34,813] - [INFO] - 授信结果查询
[2022-04-15 16:06:34,813] - [INFO] - ['http://10.1.14.117:27405/channel/apitest/TCJQ/CREDIT_INQUIRY']
[2022-04-15 16:06:34,814] - [INFO] - 请求报文：{'channelCustId': '202204151606346626907', 'creditReqNo': '202204151606348817880', 'creditApplyNo': '202204150000000002'}
[2022-04-15 16:06:34,872] - [INFO] - 响应报文：{'result': True, 'code': 200, 'msg': 'SUCCESS!', 'data': {'code': '0000', 'productId': '7014', 'body': {'channelCustId': '202204151606346626907', 'creditReqNo': '202204151606348817880', 'creditApplyNo': '202204150000000002', 'status': '00'}, 'message': '成功', 'channelId': 'ORANGE'}}
[2022-04-15 16:06:34,872] - [INFO] - 授信查询接口调用成功！
[2022-04-15 16:06:34,872] - [INFO] - 授信中！
