[2022-04-22 10:57:10,335] - [INFO] - 授信申请
[2022-04-22 10:57:10,336] - [INFO] - [http://10.1.14.117:27405/channel/apitest/TCJQ/CREDIT_GRANTING]
[2022-04-22 10:57:10,336] - [INFO] - 请求报文：{'channelCustId': '202204221057106674830', 'creditReqNo': '202204221057108829923', 'name': '国婉', 'spelling': 'ZHANGTIAN', 'sex': '01', 'nationality': '中国', 'nation': '汉族', 'birthday': '1985/06/02', 'idType': '00', 'idNo': '370205199405145927', 'idStartDate': '2016/01/18', 'idEndDate': '2036/01/18', 'idOffice': '北京市东城区', 'marriage': '01', 'children': '00', 'supplyPeople': 3, 'house': '00', 'addProvince': '130000', 'addCity': '130100', 'addDistrict': '130101', 'addDetail': '东大街东大院', 'industry': 'C', 'profession': '11', 'workplaceName': 'AAA单位', 'workTel': '13162314539', 'workProvince': '110000', 'workCity': '110000', 'workDistrict': '110101', 'workDetailAdd': '西大街西大院', 'workAge': 8, 'income': '03', 'education': '06', 'school': '北京大学', 'phone': '18581821572', 'email': 'email163@qq.com', 'contacts': [{'relation': '00', 'name': '张三', 'phoneNo': '15638530000'}, {'relation': '01', 'name': '李四', 'phoneNo': '15638539999'}], 'bankCard': '6214660422105788', 'bankName': '建设银行', 'bankPhone': '18581821572', 'applyProvince': '110000', 'applyCity': '110000', 'applyDistrict': '110101', 'loanAmount': 5000, 'periods': '3', 'purpose': '01', 'direction': '01', 'payType': '00', 'payMerchantNo': '26666', 'authFlag': '01', 'deviceDetail': {'deviceId': '10-45-5-486', 'mac': '3a:b6:c6:5d:2e:f9', 'longitude': '121.551738', 'latitude': '31.224634', 'gpsCity': '上海市', 'ip': '106.14.135.199', 'ipCity': '上海', 'os': 'android', 'docDate': '2019/09/12'}, 'channelDetail': {'citizenshipCheckResult': '1', 'bankCheckResult': '1', 'telcoCheckResult': '1', 'consumeTimes': '1', 'creditTimes': '1', 'consumeScene': '1', 'frontId': '11', 'reverseId': '11', 'faceId': '11', 'woolFlag': '1', 'phoneFlag': '1', 'phoneTelco': '1', 'compScore': '650', 'repayAbilityScore': '650', 'comsAmount': '1', 'finAmount': '1', 'redPacket': '1', 'phoneAreaName': '上海市', 'modelScore': '650', 'whiteListFlag': '0', 'sugAmount': '3000.00', 'sugBasis': '2', 'loanGrade': 'A', 'registerTime': '1', 'realNameFlag': '1', 'realNameGrade': '1', 'transFlag': '1', 'custType': '', 'currLimit': 5000, 'currRemainLimit': 2000, 'currLimitOrg': 'DD', 'currLimitStartDate': '2021/05/31', 'currLimitEndDate': '2021/07/31', 'currTotalPrice': 28.11, 'firstLoanFlag': '1', 'unsettleLoanLimit': 1, 'settleLoanLimit': 1, 'lastLoanDate': '2021/04/21', 'loanAmount': 3000}, 'custType': '0'}
[2022-04-22 10:57:11,474] - [INFO] - 响应报文：{'result': True, 'code': 200, 'msg': 'SUCCESS!', 'data': {'code': '0000', 'productId': '7014', 'body': {'channelCustId': '202204221057106674830', 'creditReqNo': '202204221057108829923', 'creditApplyNo': '202204220000000001', 'status': '01'}, 'message': '成功', 'channelId': 'ORANGE'}}
[2022-04-22 10:57:11,474] - [INFO] - 授信接口调用成功！
[2022-04-22 10:57:11,474] - [INFO] - 授信受理成功，处理中！
[2022-04-22 10:57:11,475] - [INFO] - 授信结果查询
[2022-04-22 10:57:11,475] - [INFO] - ['http://10.1.14.117:27405/channel/apitest/TCJQ/CREDIT_INQUIRY']
[2022-04-22 10:57:11,475] - [INFO] - 请求报文：{'channelCustId': '202204221057106674830', 'creditReqNo': '202204221057108829923', 'creditApplyNo': '202204220000000001'}
[2022-04-22 10:57:11,585] - [INFO] - 响应报文：{'result': True, 'code': 200, 'msg': 'SUCCESS!', 'data': {'code': '0000', 'productId': '7014', 'body': {'channelCustId': '202204221057106674830', 'creditReqNo': '202204221057108829923', 'creditApplyNo': '202204220000000001', 'status': '00'}, 'message': '成功', 'channelId': 'ORANGE'}}
[2022-04-22 10:57:11,585] - [INFO] - 授信查询接口调用成功！
[2022-04-22 10:57:11,585] - [INFO] - 授信中！
[2022-04-22 10:57:14,598] - [INFO] - 授信结果查询
[2022-04-22 10:57:14,598] - [INFO] - ['http://10.1.14.117:27405/channel/apitest/TCJQ/CREDIT_INQUIRY']
[2022-04-22 10:57:14,598] - [INFO] - 请求报文：{'channelCustId': '202204221057106674830', 'creditReqNo': '202204221057108829923', 'creditApplyNo': '202204220000000001'}
[2022-04-22 10:57:14,645] - [INFO] - 响应报文：{'result': True, 'code': 200, 'msg': 'SUCCESS!', 'data': {'code': '0000', 'productId': '7014', 'body': {'channelCustId': '202204221057106674830', 'creditReqNo': '202204221057108829923', 'creditApplyNo': '202204220000000001', 'status': '00'}, 'message': '成功', 'channelId': 'ORANGE'}}
[2022-04-22 10:57:14,646] - [INFO] - 授信查询接口调用成功！
[2022-04-22 10:57:14,646] - [INFO] - 授信中！
[2022-04-22 10:57:17,650] - [INFO] - 授信结果查询
[2022-04-22 10:57:17,650] - [INFO] - ['http://10.1.14.117:27405/channel/apitest/TCJQ/CREDIT_INQUIRY']
[2022-04-22 10:57:17,651] - [INFO] - 请求报文：{'channelCustId': '202204221057106674830', 'creditReqNo': '202204221057108829923', 'creditApplyNo': '202204220000000001'}
[2022-04-22 10:57:17,698] - [INFO] - 响应报文：{'result': True, 'code': 200, 'msg': 'SUCCESS!', 'data': {'code': '0000', 'productId': '7014', 'body': {'channelCustId': '202204221057106674830', 'creditReqNo': '202204221057108829923', 'creditApplyNo': '202204220000000001', 'status': '00'}, 'message': '成功', 'channelId': 'ORANGE'}}
[2022-04-22 10:57:17,699] - [INFO] - 授信查询接口调用成功！
[2022-04-22 10:57:17,699] - [INFO] - 授信中！
[2022-04-22 10:57:20,707] - [INFO] - 授信结果查询
[2022-04-22 10:57:20,707] - [INFO] - ['http://10.1.14.117:27405/channel/apitest/TCJQ/CREDIT_INQUIRY']
[2022-04-22 10:57:20,708] - [INFO] - 请求报文：{'channelCustId': '202204221057106674830', 'creditReqNo': '202204221057108829923', 'creditApplyNo': '202204220000000001'}
[2022-04-22 10:57:20,871] - [INFO] - 响应报文：{'result': True, 'code': 200, 'msg': 'SUCCESS!', 'data': {'code': '0000', 'productId': '7014', 'body': {'creditDate': '2022/04/22', 'creditExpireDate': '2025/04/22', 'freezingDate': '', 'channelCustId': '202204221057106674830', 'creditReqNo': '202204221057108829923', 'creditApplyNo': '202204220000000001', 'creditState': '00', 'availAmount': 5000.0, 'creditAmount': 5000.0, 'status': '01'}, 'message': '成功', 'channelId': 'ORANGE'}}
[2022-04-22 10:57:20,871] - [INFO] - 授信查询接口调用成功！
[2022-04-22 10:57:20,871] - [INFO] - 授信通过！
[2022-04-22 10:57:20,871] - [INFO] - 更新客户信息表liveaddress
[2022-04-22 10:57:20,872] - [INFO] - update customer_info set liveaddress = '北京市市辖区东城区' where CERTID = '370205199405145927'
[2022-04-22 10:57:21,152] - [INFO] - 支用试算
[2022-04-22 10:57:21,152] - [INFO] - http://10.1.14.117:27405/channel/apitest/TCJQ/DISBURSE_TRIAL
[2022-04-22 10:57:21,153] - [INFO] - 请求报文：{'channelCustId': '202204221057106674830', 'periods': '3', 'name': '国婉', 'loanAmount': 1000, 'idNo': '370205199405145927', 'purpose': '00', 'idType': '00', 'addProvince': '130000', 'addCity': '130100', 'addDistrict': '130101', 'phone': '18581821572', 'addDetail': 'hahah', 'returnUrl': 'www.baidu.com'}
[2022-04-22 10:57:46,201] - [INFO] - 响应报文：{'result': True, 'code': 200, 'msg': 'SUCCESS!', 'data': {'code': '0000', 'productId': '7014', 'body': {'errorCode': '-1', 'repayPlanDetails': [], 'errorMsg': '获取H5链接失败', 'status': '00'}, 'message': '成功', 'channelId': 'ORANGE'}}
[2022-04-22 10:57:46,201] - [ERROR] - 甜橙支用试算接口响应异常！
[2022-04-22 10:57:57,521] - [INFO] - 授信申请
[2022-04-22 10:57:57,522] - [INFO] - [http://10.1.14.106:27405/channel/apitest/TCJQ/CREDIT_GRANTING]
[2022-04-22 10:57:57,522] - [INFO] - 请求报文：{'channelCustId': '202204221057576677698', 'creditReqNo': '202204221057578814804', 'name': '茅菊', 'spelling': 'ZHANGTIAN', 'sex': '01', 'nationality': '中国', 'nation': '汉族', 'birthday': '1985/06/02', 'idType': '00', 'idNo': '152626199310309719', 'idStartDate': '2016/01/18', 'idEndDate': '2036/01/18', 'idOffice': '北京市东城区', 'marriage': '01', 'children': '00', 'supplyPeople': 3, 'house': '00', 'addProvince': '130000', 'addCity': '130100', 'addDistrict': '130101', 'addDetail': '东大街东大院', 'industry': 'C', 'profession': '11', 'workplaceName': 'AAA单位', 'workTel': '13162314539', 'workProvince': '110000', 'workCity': '110000', 'workDistrict': '110101', 'workDetailAdd': '西大街西大院', 'workAge': 8, 'income': '03', 'education': '06', 'school': '北京大学', 'phone': '18581821572', 'email': 'email163@qq.com', 'contacts': [{'relation': '00', 'name': '张三', 'phoneNo': '15638530000'}, {'relation': '01', 'name': '李四', 'phoneNo': '15638539999'}], 'bankCard': '6214660422105788', 'bankName': '建设银行', 'bankPhone': '18581821572', 'applyProvince': '110000', 'applyCity': '110000', 'applyDistrict': '110101', 'loanAmount': 5000, 'periods': '3', 'purpose': '01', 'direction': '01', 'payType': '00', 'payMerchantNo': '26666', 'authFlag': '01', 'deviceDetail': {'deviceId': '10-45-5-486', 'mac': '3a:b6:c6:5d:2e:f9', 'longitude': '121.551738', 'latitude': '31.224634', 'gpsCity': '上海市', 'ip': '106.14.135.199', 'ipCity': '上海', 'os': 'android', 'docDate': '2019/09/12'}, 'channelDetail': {'citizenshipCheckResult': '1', 'bankCheckResult': '1', 'telcoCheckResult': '1', 'consumeTimes': '1', 'creditTimes': '1', 'consumeScene': '1', 'frontId': '11', 'reverseId': '11', 'faceId': '11', 'woolFlag': '1', 'phoneFlag': '1', 'phoneTelco': '1', 'compScore': '650', 'repayAbilityScore': '650', 'comsAmount': '1', 'finAmount': '1', 'redPacket': '1', 'phoneAreaName': '上海市', 'modelScore': '650', 'whiteListFlag': '0', 'sugAmount': '3000.00', 'sugBasis': '2', 'loanGrade': 'A', 'registerTime': '1', 'realNameFlag': '1', 'realNameGrade': '1', 'transFlag': '1', 'custType': '', 'currLimit': 5000, 'currRemainLimit': 2000, 'currLimitOrg': 'DD', 'currLimitStartDate': '2021/05/31', 'currLimitEndDate': '2021/07/31', 'currTotalPrice': 28.11, 'firstLoanFlag': '1', 'unsettleLoanLimit': 1, 'settleLoanLimit': 1, 'lastLoanDate': '2021/04/21', 'loanAmount': 3000}, 'custType': '0'}
[2022-04-22 10:57:58,232] - [INFO] - 响应报文：{'result': True, 'code': 200, 'msg': 'SUCCESS!', 'data': {'code': '0000', 'productId': '7014', 'body': {'channelCustId': '202204221057576677698', 'creditReqNo': '202204221057578814804', 'creditApplyNo': '202204220000002001', 'status': '01'}, 'message': '成功', 'channelId': 'ORANGE'}}
[2022-04-22 10:57:58,232] - [INFO] - 授信接口调用成功！
[2022-04-22 10:57:58,232] - [INFO] - 授信受理成功，处理中！
[2022-04-22 10:57:58,232] - [INFO] - 授信结果查询
[2022-04-22 10:57:58,233] - [INFO] - ['http://10.1.14.106:27405/channel/apitest/TCJQ/CREDIT_INQUIRY']
[2022-04-22 10:57:58,233] - [INFO] - 请求报文：{'channelCustId': '202204221057576677698', 'creditReqNo': '202204221057578814804', 'creditApplyNo': '202204220000002001'}
[2022-04-22 10:57:58,374] - [INFO] - 响应报文：{'result': True, 'code': 200, 'msg': 'SUCCESS!', 'data': {'code': '0000', 'productId': '7014', 'body': {'channelCustId': '202204221057576677698', 'creditReqNo': '202204221057578814804', 'creditApplyNo': '202204220000002001', 'status': '00'}, 'message': '成功', 'channelId': 'ORANGE'}}
[2022-04-22 10:57:58,374] - [INFO] - 授信查询接口调用成功！
[2022-04-22 10:57:58,374] - [INFO] - 授信中！
[2022-04-22 10:58:01,381] - [INFO] - 授信结果查询
[2022-04-22 10:58:01,381] - [INFO] - ['http://10.1.14.106:27405/channel/apitest/TCJQ/CREDIT_INQUIRY']
[2022-04-22 10:58:01,381] - [INFO] - 请求报文：{'channelCustId': '202204221057576677698', 'creditReqNo': '202204221057578814804', 'creditApplyNo': '202204220000002001'}
[2022-04-22 10:58:01,434] - [INFO] - 响应报文：{'result': True, 'code': 200, 'msg': 'SUCCESS!', 'data': {'code': '0000', 'productId': '7014', 'body': {'channelCustId': '202204221057576677698', 'creditReqNo': '202204221057578814804', 'creditApplyNo': '202204220000002001', 'status': '00'}, 'message': '成功', 'channelId': 'ORANGE'}}
[2022-04-22 10:58:01,434] - [INFO] - 授信查询接口调用成功！
[2022-04-22 10:58:01,435] - [INFO] - 授信中！
[2022-04-22 10:58:04,450] - [INFO] - 授信结果查询
[2022-04-22 10:58:04,450] - [INFO] - ['http://10.1.14.106:27405/channel/apitest/TCJQ/CREDIT_INQUIRY']
[2022-04-22 10:58:04,451] - [INFO] - 请求报文：{'channelCustId': '202204221057576677698', 'creditReqNo': '202204221057578814804', 'creditApplyNo': '202204220000002001'}
[2022-04-22 10:58:04,589] - [INFO] - 响应报文：{'result': True, 'code': 200, 'msg': 'SUCCESS!', 'data': {'code': '0000', 'productId': '7014', 'body': {'creditDate': '2022/04/22', 'creditExpireDate': '2025/04/22', 'freezingDate': '', 'channelCustId': '202204221057576677698', 'creditReqNo': '202204221057578814804', 'creditApplyNo': '202204220000002001', 'creditState': '00', 'availAmount': 5000.0, 'creditAmount': 5000.0, 'status': '01'}, 'message': '成功', 'channelId': 'ORANGE'}}
[2022-04-22 10:58:04,589] - [INFO] - 授信查询接口调用成功！
[2022-04-22 10:58:04,589] - [INFO] - 授信通过！
[2022-04-22 10:58:04,590] - [INFO] - 更新客户信息表liveaddress
[2022-04-22 10:58:04,590] - [INFO] - update customer_info set liveaddress = '北京市市辖区东城区' where CERTID = '152626199310309719'
[2022-04-22 10:58:04,615] - [INFO] - 支用试算
[2022-04-22 10:58:04,615] - [INFO] - http://10.1.14.106:27405/channel/apitest/TCJQ/DISBURSE_TRIAL
[2022-04-22 10:58:04,616] - [INFO] - 请求报文：{'channelCustId': '202204221057576677698', 'periods': '3', 'name': '茅菊', 'loanAmount': 1000, 'idNo': '152626199310309719', 'purpose': '00', 'idType': '00', 'addProvince': '130000', 'addCity': '130100', 'addDistrict': '130101', 'phone': '18581821572', 'addDetail': 'hahah', 'returnUrl': 'www.baidu.com'}
[2022-04-22 10:58:05,613] - [INFO] - 响应报文：{'result': True, 'code': 200, 'msg': 'SUCCESS!', 'data': {'code': '0000', 'productId': '7014', 'body': {'channelCustId': '202204221057576677698', 'repayPlanDetails': [{'principal': 331.61, 'period': 1, 'periodAmt': 348.61, 'premium': 11.83, 'interest': 5.17, 'repayDate': '2039/03/21'}, {'principal': 333.33, 'period': 2, 'periodAmt': 348.61, 'premium': 11.83, 'interest': 3.45, 'repayDate': '2039/04/21'}, {'principal': 335.06, 'period': 3, 'periodAmt': 348.62, 'premium': 11.83, 'interest': 1.73, 'repayDate': '2039/05/21'}], 'capitalCode': 'FBBANK', 'status': '01'}, 'message': '成功', 'channelId': 'ORANGE'}}
[2022-04-22 10:58:05,613] - [INFO] - 本次试算资方为：FBBANK
[2022-04-22 10:58:08,621] - [INFO] - 支用试算
[2022-04-22 10:58:08,621] - [INFO] - http://10.1.14.106:27405/channel/apitest/TCJQ/DISBURSE_TRIAL
[2022-04-22 10:58:08,621] - [INFO] - 请求报文：{'channelCustId': '202204221057576677698', 'periods': '3', 'name': '茅菊', 'loanAmount': 1000, 'idNo': '152626199310309719', 'purpose': '00', 'idType': '00', 'addProvince': '130000', 'addCity': '130100', 'addDistrict': '130101', 'phone': '18581821572', 'addDetail': 'hahah', 'returnUrl': 'www.baidu.com'}
[2022-04-22 10:58:09,216] - [INFO] - 响应报文：{'result': True, 'code': 200, 'msg': 'SUCCESS!', 'data': {'code': '0000', 'productId': '7014', 'body': {'channelCustId': '202204221057576677698', 'repayPlanDetails': [{'principal': 331.61, 'period': 1, 'periodAmt': 348.61, 'premium': 11.83, 'interest': 5.17, 'repayDate': '2039/03/21'}, {'principal': 333.33, 'period': 2, 'periodAmt': 348.61, 'premium': 11.83, 'interest': 3.45, 'repayDate': '2039/04/21'}, {'principal': 335.06, 'period': 3, 'periodAmt': 348.62, 'premium': 11.83, 'interest': 1.73, 'repayDate': '2039/05/21'}], 'capitalCode': 'FBBANK', 'status': '01'}, 'message': '成功', 'channelId': 'ORANGE'}}
[2022-04-22 10:58:09,216] - [INFO] - 本次试算资方为：FBBANK
