[2022-04-14 10:11:40,331] - [INFO] - 授信申请
[2022-04-14 10:11:40,332] - [INFO] - [http://10.1.14.106:27405/channel/apitest/TCJQ/CREDIT_GRANTING]
[2022-04-14 10:11:40,332] - [INFO] - 请求报文：{'channelCustId': '202204141011406677849', 'creditReqNo': '202204141011408890801', 'name': '元寒', 'spelling': 'ZHANGTIAN', 'sex': '01', 'nationality': '中国', 'nation': '汉族', 'birthday': '1985/06/02', 'idType': '00', 'idNo': '450204199010217870', 'idStartDate': '2016/01/18', 'idEndDate': '2036/01/18', 'idOffice': '北京市东城区', 'marriage': '01', 'children': '00', 'supplyPeople': 3, 'house': '00', 'addProvince': '130000', 'addCity': '130100', 'addDistrict': '130101', 'addDetail': '东大街东大院', 'industry': 'C', 'profession': '11', 'workplaceName': 'AAA单位', 'workTel': '13162314539', 'workProvince': '110000', 'workCity': '110000', 'workDistrict': '110101', 'workDetailAdd': '西大街西大院', 'workAge': 8, 'income': '03', 'education': '06', 'school': '北京大学', 'phone': '18581821572', 'email': 'email163@qq.com', 'contacts': [{'relation': '00', 'name': '张三', 'phoneNo': '15638530000'}, {'relation': '01', 'name': '李四', 'phoneNo': '15638539999'}], 'bankCard': '6214660414101188', 'bankName': '建设银行', 'bankPhone': '18581821572', 'applyProvince': '110000', 'applyCity': '110000', 'applyDistrict': '110101', 'loanAmount': 5000, 'periods': '3', 'purpose': '01', 'direction': '01', 'payType': '00', 'payMerchantNo': '26666', 'authFlag': '01', 'deviceDetail': {'deviceId': '10-45-5-486', 'mac': '3a:b6:c6:5d:2e:f9', 'longitude': '121.551738', 'latitude': '31.224634', 'gpsCity': '上海市', 'ip': '106.14.135.199', 'ipCity': '上海', 'os': 'android', 'docDate': '2019/09/12'}, 'channelDetail': {'citizenshipCheckResult': '1', 'bankCheckResult': '1', 'telcoCheckResult': '1', 'consumeTimes': '1', 'creditTimes': '1', 'consumeScene': '1', 'frontId': '11', 'reverseId': '11', 'faceId': '11', 'woolFlag': '1', 'phoneFlag': '1', 'phoneTelco': '1', 'compScore': '650', 'repayAbilityScore': '650', 'comsAmount': '1', 'finAmount': '1', 'redPacket': '1', 'phoneAreaName': '上海市', 'modelScore': '650', 'whiteListFlag': '0', 'sugAmount': '3000.00', 'sugBasis': '2', 'loanGrade': 'A', 'registerTime': '1', 'realNameFlag': '1', 'realNameGrade': '1', 'transFlag': '1', 'custType': '', 'currLimit': 5000, 'currRemainLimit': 2000, 'currLimitOrg': 'DD', 'currLimitStartDate': '2021/05/31', 'currLimitEndDate': '2021/07/31', 'currTotalPrice': 28.11, 'firstLoanFlag': '1', 'unsettleLoanLimit': 1, 'settleLoanLimit': 1, 'lastLoanDate': '2021/04/21', 'loanAmount': 3000}, 'custType': '0'}
[2022-04-14 10:11:42,670] - [INFO] - 响应报文：{'result': True, 'code': 200, 'msg': 'SUCCESS!', 'data': {'code': '0000', 'productId': '7014', 'body': {'channelCustId': '202204141011406677849', 'creditReqNo': '202204141011408890801', 'creditApplyNo': '202204140000000001', 'status': '01'}, 'message': '成功', 'channelId': 'ORANGE'}}
[2022-04-14 10:11:42,671] - [INFO] - 授信接口调用成功！
[2022-04-14 10:11:42,671] - [INFO] - 授信受理成功，处理中！
[2022-04-14 10:11:42,671] - [INFO] - 授信结果查询
[2022-04-14 10:11:42,671] - [INFO] - ['http://10.1.14.106:27405/channel/apitest/TCJQ/CREDIT_INQUIRY']
[2022-04-14 10:11:42,672] - [INFO] - 请求报文：{'channelCustId': '202204141011406677849', 'creditReqNo': '202204141011408890801', 'creditApplyNo': '202204140000000001'}
[2022-04-14 10:11:42,854] - [INFO] - 响应报文：{'result': True, 'code': 200, 'msg': 'SUCCESS!', 'data': {'code': '0000', 'productId': '7014', 'body': {'channelCustId': '202204141011406677849', 'creditReqNo': '202204141011408890801', 'creditApplyNo': '202204140000000001', 'status': '00'}, 'message': '成功', 'channelId': 'ORANGE'}}
[2022-04-14 10:11:42,855] - [INFO] - 授信查询接口调用成功！
[2022-04-14 10:11:42,855] - [INFO] - 授信中！
[2022-04-14 10:11:45,867] - [INFO] - 授信结果查询
[2022-04-14 10:11:45,868] - [INFO] - ['http://10.1.14.106:27405/channel/apitest/TCJQ/CREDIT_INQUIRY']
[2022-04-14 10:11:45,869] - [INFO] - 请求报文：{'channelCustId': '202204141011406677849', 'creditReqNo': '202204141011408890801', 'creditApplyNo': '202204140000000001'}
[2022-04-14 10:11:45,940] - [INFO] - 响应报文：{'result': True, 'code': 200, 'msg': 'SUCCESS!', 'data': {'code': '0000', 'productId': '7014', 'body': {'channelCustId': '202204141011406677849', 'creditReqNo': '202204141011408890801', 'creditApplyNo': '202204140000000001', 'status': '00'}, 'message': '成功', 'channelId': 'ORANGE'}}
[2022-04-14 10:11:45,940] - [INFO] - 授信查询接口调用成功！
[2022-04-14 10:11:45,941] - [INFO] - 授信中！
[2022-04-14 10:11:48,954] - [INFO] - 授信结果查询
[2022-04-14 10:11:48,954] - [INFO] - ['http://10.1.14.106:27405/channel/apitest/TCJQ/CREDIT_INQUIRY']
[2022-04-14 10:11:48,955] - [INFO] - 请求报文：{'channelCustId': '202204141011406677849', 'creditReqNo': '202204141011408890801', 'creditApplyNo': '202204140000000001'}
[2022-04-14 10:11:49,007] - [INFO] - 响应报文：{'result': True, 'code': 200, 'msg': 'SUCCESS!', 'data': {'code': '0000', 'productId': '7014', 'body': {'channelCustId': '202204141011406677849', 'creditReqNo': '202204141011408890801', 'creditApplyNo': '202204140000000001', 'status': '00'}, 'message': '成功', 'channelId': 'ORANGE'}}
[2022-04-14 10:11:49,007] - [INFO] - 授信查询接口调用成功！
[2022-04-14 10:11:49,007] - [INFO] - 授信中！
[2022-04-14 10:11:52,007] - [INFO] - 授信结果查询
[2022-04-14 10:11:52,007] - [INFO] - ['http://10.1.14.106:27405/channel/apitest/TCJQ/CREDIT_INQUIRY']
[2022-04-14 10:11:52,008] - [INFO] - 请求报文：{'channelCustId': '202204141011406677849', 'creditReqNo': '202204141011408890801', 'creditApplyNo': '202204140000000001'}
[2022-04-14 10:11:52,453] - [INFO] - 响应报文：{'result': True, 'code': 200, 'msg': 'SUCCESS!', 'data': {'code': '0000', 'productId': '7014', 'body': {'creditDate': '2022/04/14', 'creditExpireDate': '2025/04/14', 'freezingDate': '', 'channelCustId': '202204141011406677849', 'creditReqNo': '202204141011408890801', 'creditApplyNo': '202204140000000001', 'creditState': '00', 'availAmount': 5000.0, 'creditAmount': 5000.0, 'status': '01'}, 'message': '成功', 'channelId': 'ORANGE'}}
[2022-04-14 10:11:52,453] - [INFO] - 授信查询接口调用成功！
[2022-04-14 10:11:52,453] - [INFO] - 授信通过！
[2022-04-14 10:11:52,453] - [INFO] - 更新客户信息表liveaddress
[2022-04-14 10:11:52,454] - [INFO] - update customer_info set liveaddress = '北京市市辖区东城区' where CERTID = '450204199010217870'
[2022-04-14 10:11:52,485] - [INFO] - 支用试算
[2022-04-14 10:11:52,485] - [INFO] - http://10.1.14.106:27405/channel/apitest/TCJQ/DISBURSE_TRIAL
[2022-04-14 10:11:52,485] - [INFO] - 请求报文：{'channelCustId': '202204141011406677849', 'periods': '3', 'name': '元寒', 'loanAmount': 1000, 'idNo': '450204199010217870', 'purpose': '00', 'idType': '00', 'addProvince': '130000', 'addCity': '130100', 'addDistrict': '130101', 'phone': '18581821572', 'addDetail': 'hahah', 'returnUrl': 'www.baidu.com'}
[2022-04-14 10:11:55,466] - [INFO] - 响应报文：{'result': True, 'code': 200, 'msg': 'SUCCESS!', 'data': {'code': '0000', 'productId': '7014', 'body': {'capitalUrl': 'http://124.239.138.231:8080/dadih5/sign/token/17050ac3cb32f433bd53e3eedcdff380', 'channelCustId': '202204141011406677849', 'repayPlanDetails': [{'principal': 331.7, 'period': 1, 'periodAmt': 349.07, 'premium': 10.16, 'interest': 7.21, 'repayDate': '2022/05/28'}, {'principal': 333.33, 'period': 2, 'periodAmt': 346.78, 'premium': 10.16, 'interest': 3.29, 'repayDate': '2022/06/28'}, {'principal': 334.97, 'period': 3, 'periodAmt': 346.78, 'premium': 10.16, 'interest': 1.65, 'repayDate': '2022/07/28'}], 'capitalCode': 'HBBank', 'h5ReqApplyNo': '20220414000000001', 'status': '01'}, 'message': '成功', 'channelId': 'ORANGE'}}
[2022-04-14 10:11:55,466] - [INFO] - 本次试算资方为：HBBank
[2022-04-14 10:11:55,467] - [INFO] - 支用试算成功！
[2022-04-14 10:11:55,467] - [INFO] - 支用接口
[2022-04-14 10:11:55,467] - [INFO] - http://10.1.14.106:27405/channel/apitest/TCJQ/DISBURSE
[2022-04-14 10:11:55,468] - [INFO] - 请求报文：{'channelCustId': '202204141011406677849', 'loanReqNo': '202204141011409957346', 'creditReqNo': '202204141011408890801', 'h5ReqApplyNo': '20220414000000001', 'loanAmount': 1000, 'periods': '3', 'purpose': '01', 'bankCard': '6214660414101188', 'bankCode': '308584000013', 'bankName': '建设银行', 'bankPhone': '18581821572', 'longitude': '121.551738', 'latitude': '31.224634', 'ip': '192.168.1.2', 'capitalCode': 'HBBank', 'channelDetail': {'woolFlag': '1', 'phoneFlag': '1', 'phoneTelco': '1', 'compScore': '80', 'repayAbilityScore': '80', 'comsAmount': '4', 'finAmount': '2', 'redPacket': '2', 'phoneAreaName': '上海市', 'modelScore': '80', 'whiteListFlag': '0', 'loanGrade': 'A', 'registerTime': '2', 'realNameFlag': '1', 'realNameGrade': '1', 'transFlag': '1', 'custType': '', 'currLimit': 5000, 'currRemainLimit': 2000, 'currLimitOrg': 'DD', 'currLimitStartDate': '2021/05/31', 'currLimitEndDate': '2021/07/31', 'currTotalPrice': 28.11, 'firstLoanFlag': '1', 'unsettleLoanLimit': 1, 'settleLoanLimit': 1, 'lastLoanDate': '2021/04/21', 'loanAmount': 3000}, 'custType': '0'}
[2022-04-14 10:11:55,924] - [INFO] - 响应报文：{'result': True, 'code': 200, 'msg': 'SUCCESS!', 'data': {'code': '0000', 'productId': '7014', 'body': {'channelCustId': '202204141011406677849', 'loanReqNo': '202204141011409957346', 'loanApplyNo': '20220414000000001', 'status': '01'}, 'message': '成功', 'channelId': 'ORANGE'}}
[2022-04-14 10:11:55,924] - [INFO] - 支用接口调用成功！
[2022-04-14 10:11:55,924] - [INFO] - 受理成功，处理中!
[2022-04-14 10:11:55,925] - [INFO] - 
                    姓名：元寒
                    身份证号：450204199010217870
                    手机号：18581821572
                    借款金额:1000
                    借款期次:3
                    channelCustId：202204141011406677849
                    creditReqNo：202204141011408890801
                    loanReqNo:202204141011409957346
                    
[2022-04-14 14:47:09,498] - [INFO] - 授信申请
[2022-04-14 14:47:09,498] - [INFO] - [http://10.1.14.106:27405/channel/apitest/TCJQ/CREDIT_GRANTING]
[2022-04-14 14:47:09,498] - [INFO] - 请求报文：{'channelCustId': '202204141447096643435', 'creditReqNo': '202204141447098822252', 'name': '孙世', 'spelling': 'ZHANGTIAN', 'sex': '01', 'nationality': '中国', 'nation': '汉族', 'birthday': '1985/06/02', 'idType': '00', 'idNo': '130726199007015830', 'idStartDate': '2016/01/18', 'idEndDate': '2036/01/18', 'idOffice': '北京市东城区', 'marriage': '01', 'children': '00', 'supplyPeople': 3, 'house': '00', 'addProvince': '130000', 'addCity': '130100', 'addDistrict': '130101', 'addDetail': '东大街东大院', 'industry': 'C', 'profession': '11', 'workplaceName': 'AAA单位', 'workTel': '13162314539', 'workProvince': '110000', 'workCity': '110000', 'workDistrict': '110101', 'workDetailAdd': '西大街西大院', 'workAge': 8, 'income': '03', 'education': '06', 'school': '北京大学', 'phone': '18581821572', 'email': 'email163@qq.com', 'contacts': [{'relation': '00', 'name': '张三', 'phoneNo': '15638530000'}, {'relation': '01', 'name': '李四', 'phoneNo': '15638539999'}], 'bankCard': '6214660414144788', 'bankName': '建设银行', 'bankPhone': '18581821572', 'applyProvince': '110000', 'applyCity': '110000', 'applyDistrict': '110101', 'loanAmount': 5000, 'periods': '3', 'purpose': '01', 'direction': '01', 'payType': '00', 'payMerchantNo': '26666', 'authFlag': '01', 'deviceDetail': {'deviceId': '10-45-5-486', 'mac': '3a:b6:c6:5d:2e:f9', 'longitude': '121.551738', 'latitude': '31.224634', 'gpsCity': '上海市', 'ip': '106.14.135.199', 'ipCity': '上海', 'os': 'android', 'docDate': '2019/09/12'}, 'channelDetail': {'citizenshipCheckResult': '1', 'bankCheckResult': '1', 'telcoCheckResult': '1', 'consumeTimes': '1', 'creditTimes': '1', 'consumeScene': '1', 'frontId': '11', 'reverseId': '11', 'faceId': '11', 'woolFlag': '1', 'phoneFlag': '1', 'phoneTelco': '1', 'compScore': '650', 'repayAbilityScore': '650', 'comsAmount': '1', 'finAmount': '1', 'redPacket': '1', 'phoneAreaName': '上海市', 'modelScore': '650', 'whiteListFlag': '0', 'sugAmount': '3000.00', 'sugBasis': '2', 'loanGrade': 'A', 'registerTime': '1', 'realNameFlag': '1', 'realNameGrade': '1', 'transFlag': '1', 'custType': '', 'currLimit': 5000, 'currRemainLimit': 2000, 'currLimitOrg': 'DD', 'currLimitStartDate': '2021/05/31', 'currLimitEndDate': '2021/07/31', 'currTotalPrice': 28.11, 'firstLoanFlag': '1', 'unsettleLoanLimit': 1, 'settleLoanLimit': 1, 'lastLoanDate': '2021/04/21', 'loanAmount': 3000}, 'custType': '0'}
[2022-04-14 14:47:09,811] - [INFO] - 响应报文：{'result': True, 'code': 200, 'msg': 'SUCCESS!', 'data': {'code': '0000', 'productId': '7014', 'body': {'channelCustId': '202204141447096643435', 'creditReqNo': '202204141447098822252', 'creditApplyNo': '202204140000000003', 'status': '01'}, 'message': '成功', 'channelId': 'ORANGE'}}
[2022-04-14 14:47:09,811] - [INFO] - 授信接口调用成功！
[2022-04-14 14:47:09,811] - [INFO] - 授信受理成功，处理中！
[2022-04-14 14:47:09,811] - [INFO] - 授信结果查询
[2022-04-14 14:47:09,811] - [INFO] - ['http://10.1.14.106:27405/channel/apitest/TCJQ/CREDIT_INQUIRY']
[2022-04-14 14:47:09,811] - [INFO] - 请求报文：{'channelCustId': '202204141447096643435', 'creditReqNo': '202204141447098822252', 'creditApplyNo': '202204140000000003'}
[2022-04-14 14:47:09,937] - [INFO] - 响应报文：{'result': True, 'code': 200, 'msg': 'SUCCESS!', 'data': {'code': '0000', 'productId': '7014', 'body': {'channelCustId': '202204141447096643435', 'creditReqNo': '202204141447098822252', 'creditApplyNo': '202204140000000003', 'status': '00'}, 'message': '成功', 'channelId': 'ORANGE'}}
[2022-04-14 14:47:09,937] - [INFO] - 授信查询接口调用成功！
[2022-04-14 14:47:09,937] - [INFO] - 授信中！
[2022-04-14 14:47:12,948] - [INFO] - 授信结果查询
[2022-04-14 14:47:12,948] - [INFO] - ['http://10.1.14.106:27405/channel/apitest/TCJQ/CREDIT_INQUIRY']
[2022-04-14 14:47:12,948] - [INFO] - 请求报文：{'channelCustId': '202204141447096643435', 'creditReqNo': '202204141447098822252', 'creditApplyNo': '202204140000000003'}
[2022-04-14 14:47:13,011] - [INFO] - 响应报文：{'result': True, 'code': 200, 'msg': 'SUCCESS!', 'data': {'code': '0000', 'productId': '7014', 'body': {'channelCustId': '202204141447096643435', 'creditReqNo': '202204141447098822252', 'creditApplyNo': '202204140000000003', 'status': '00'}, 'message': '成功', 'channelId': 'ORANGE'}}
[2022-04-14 14:47:13,011] - [INFO] - 授信查询接口调用成功！
[2022-04-14 14:47:13,011] - [INFO] - 授信中！
[2022-04-14 14:47:16,012] - [INFO] - 授信结果查询
[2022-04-14 14:47:16,012] - [INFO] - ['http://10.1.14.106:27405/channel/apitest/TCJQ/CREDIT_INQUIRY']
[2022-04-14 14:47:16,012] - [INFO] - 请求报文：{'channelCustId': '202204141447096643435', 'creditReqNo': '202204141447098822252', 'creditApplyNo': '202204140000000003'}
[2022-04-14 14:47:16,330] - [INFO] - 响应报文：{'result': True, 'code': 200, 'msg': 'SUCCESS!', 'data': {'code': '0000', 'productId': '7014', 'body': {'creditDate': '2022/04/14', 'creditExpireDate': '2025/04/14', 'freezingDate': '', 'channelCustId': '202204141447096643435', 'creditReqNo': '202204141447098822252', 'creditApplyNo': '202204140000000003', 'creditState': '00', 'availAmount': 5000.0, 'creditAmount': 5000.0, 'status': '01'}, 'message': '成功', 'channelId': 'ORANGE'}}
[2022-04-14 14:47:16,330] - [INFO] - 授信查询接口调用成功！
[2022-04-14 14:47:16,330] - [INFO] - 授信通过！
[2022-04-14 14:47:16,330] - [INFO] - 更新客户信息表liveaddress
[2022-04-14 14:47:16,330] - [INFO] - update customer_info set liveaddress = '北京市市辖区东城区' where CERTID = '130726199007015830'
[2022-04-14 14:47:16,361] - [INFO] - 支用试算
[2022-04-14 14:47:16,361] - [INFO] - http://10.1.14.106:27405/channel/apitest/TCJQ/DISBURSE_TRIAL
[2022-04-14 14:47:16,361] - [INFO] - 请求报文：{'channelCustId': '202204141447096643435', 'periods': '3', 'name': '孙世', 'loanAmount': 1000, 'idNo': '130726199007015830', 'purpose': '00', 'idType': '00', 'addProvince': '130000', 'addCity': '130100', 'addDistrict': '130101', 'phone': '18581821572', 'addDetail': 'hahah', 'returnUrl': 'www.baidu.com'}
[2022-04-14 14:47:17,211] - [INFO] - 响应报文：{'result': True, 'code': 200, 'msg': 'SUCCESS!', 'data': {'code': '0000', 'productId': '7014', 'body': {'capitalUrl': 'http://124.239.138.231:8080/dadih5/sign/token/27a587c9f639f7c46d4a41a82ab59bda', 'channelCustId': '202204141447096643435', 'repayPlanDetails': [{'principal': 331.7, 'period': 1, 'periodAmt': 349.07, 'premium': 10.16, 'interest': 7.21, 'repayDate': '2022/05/28'}, {'principal': 333.33, 'period': 2, 'periodAmt': 346.78, 'premium': 10.16, 'interest': 3.29, 'repayDate': '2022/06/28'}, {'principal': 334.97, 'period': 3, 'periodAmt': 346.78, 'premium': 10.16, 'interest': 1.65, 'repayDate': '2022/07/28'}], 'capitalCode': 'HBBank', 'h5ReqApplyNo': '20220414000000003', 'status': '01'}, 'message': '成功', 'channelId': 'ORANGE'}}
[2022-04-14 14:47:17,211] - [INFO] - 本次试算资方为：HBBank
[2022-04-14 14:47:17,211] - [INFO] - 支用试算成功！
[2022-04-14 14:47:17,211] - [INFO] - 支用接口
[2022-04-14 14:47:17,211] - [INFO] - http://10.1.14.106:27405/channel/apitest/TCJQ/DISBURSE
[2022-04-14 14:47:17,211] - [INFO] - 请求报文：{'channelCustId': '202204141447096643435', 'loanReqNo': '202204141447099982180', 'creditReqNo': '202204141447098822252', 'h5ReqApplyNo': '20220414000000003', 'loanAmount': 1000, 'periods': '3', 'purpose': '01', 'bankCard': '6214660414144788', 'bankCode': '308584000013', 'bankName': '建设银行', 'bankPhone': '18581821572', 'longitude': '121.551738', 'latitude': '31.224634', 'ip': '192.168.1.2', 'capitalCode': 'HBBank', 'channelDetail': {'woolFlag': '1', 'phoneFlag': '1', 'phoneTelco': '1', 'compScore': '80', 'repayAbilityScore': '80', 'comsAmount': '4', 'finAmount': '2', 'redPacket': '2', 'phoneAreaName': '上海市', 'modelScore': '80', 'whiteListFlag': '0', 'loanGrade': 'A', 'registerTime': '2', 'realNameFlag': '1', 'realNameGrade': '1', 'transFlag': '1', 'custType': '', 'currLimit': 5000, 'currRemainLimit': 2000, 'currLimitOrg': 'DD', 'currLimitStartDate': '2021/05/31', 'currLimitEndDate': '2021/07/31', 'currTotalPrice': 28.11, 'firstLoanFlag': '1', 'unsettleLoanLimit': 1, 'settleLoanLimit': 1, 'lastLoanDate': '2021/04/21', 'loanAmount': 3000}, 'custType': '0'}
[2022-04-14 14:47:17,513] - [INFO] - 响应报文：{'result': True, 'code': 200, 'msg': 'SUCCESS!', 'data': {'code': '0000', 'productId': '7014', 'body': {'channelCustId': '202204141447096643435', 'loanReqNo': '202204141447099982180', 'loanApplyNo': '20220414000000002', 'status': '01'}, 'message': '成功', 'channelId': 'ORANGE'}}
[2022-04-14 14:47:17,513] - [INFO] - 支用接口调用成功！
[2022-04-14 14:47:17,513] - [INFO] - 受理成功，处理中!
[2022-04-14 14:47:17,513] - [INFO] - 
                    姓名：孙世
                    身份证号：130726199007015830
                    手机号：18581821572
                    借款金额:1000
                    借款期次:3
                    channelCustId：202204141447096643435
                    creditReqNo：202204141447098822252
                    loanReqNo:202204141447099982180
                    
[2022-04-14 18:55:50,054] - [INFO] - 授信申请
[2022-04-14 18:55:50,054] - [INFO] - [http://10.1.14.106:27405/channel/apitest/TCJQ/CREDIT_GRANTING]
[2022-04-14 18:55:50,054] - [INFO] - 请求报文：{'channelCustId': '202204141855506696004', 'creditReqNo': '202204141855508878963', 'name': '逄盛', 'spelling': 'ZHANGTIAN', 'sex': '01', 'nationality': '中国', 'nation': '汉族', 'birthday': '1985/06/02', 'idType': '00', 'idNo': '220700199310101932', 'idStartDate': '2016/01/18', 'idEndDate': '2036/01/18', 'idOffice': '北京市东城区', 'marriage': '01', 'children': '00', 'supplyPeople': 3, 'house': '00', 'addProvince': '130000', 'addCity': '130100', 'addDistrict': '130101', 'addDetail': '东大街东大院', 'industry': 'C', 'profession': '11', 'workplaceName': 'AAA单位', 'workTel': '13162314539', 'workProvince': '110000', 'workCity': '110000', 'workDistrict': '110101', 'workDetailAdd': '西大街西大院', 'workAge': 8, 'income': '03', 'education': '06', 'school': '北京大学', 'phone': '18581821572', 'email': 'email163@qq.com', 'contacts': [{'relation': '00', 'name': '张三', 'phoneNo': '15638530000'}, {'relation': '01', 'name': '李四', 'phoneNo': '15638539999'}], 'bankCard': '6214660414185588', 'bankName': '建设银行', 'bankPhone': '18581821572', 'applyProvince': '110000', 'applyCity': '110000', 'applyDistrict': '110101', 'loanAmount': 5000, 'periods': '3', 'purpose': '01', 'direction': '01', 'payType': '00', 'payMerchantNo': '26666', 'authFlag': '01', 'deviceDetail': {'deviceId': '10-45-5-486', 'mac': '3a:b6:c6:5d:2e:f9', 'longitude': '121.551738', 'latitude': '31.224634', 'gpsCity': '上海市', 'ip': '106.14.135.199', 'ipCity': '上海', 'os': 'android', 'docDate': '2019/09/12'}, 'channelDetail': {'citizenshipCheckResult': '1', 'bankCheckResult': '1', 'telcoCheckResult': '1', 'consumeTimes': '1', 'creditTimes': '1', 'consumeScene': '1', 'frontId': '11', 'reverseId': '11', 'faceId': '11', 'woolFlag': '1', 'phoneFlag': '1', 'phoneTelco': '1', 'compScore': '650', 'repayAbilityScore': '650', 'comsAmount': '1', 'finAmount': '1', 'redPacket': '1', 'phoneAreaName': '上海市', 'modelScore': '650', 'whiteListFlag': '0', 'sugAmount': '3000.00', 'sugBasis': '2', 'loanGrade': 'A', 'registerTime': '1', 'realNameFlag': '1', 'realNameGrade': '1', 'transFlag': '1', 'custType': '', 'currLimit': 5000, 'currRemainLimit': 2000, 'currLimitOrg': 'DD', 'currLimitStartDate': '2021/05/31', 'currLimitEndDate': '2021/07/31', 'currTotalPrice': 28.11, 'firstLoanFlag': '1', 'unsettleLoanLimit': 1, 'settleLoanLimit': 1, 'lastLoanDate': '2021/04/21', 'loanAmount': 3000}, 'custType': '0'}
[2022-04-14 18:55:50,963] - [INFO] - 响应报文：{'result': True, 'code': 200, 'msg': 'SUCCESS!', 'data': {'code': '0000', 'productId': '7014', 'body': {'channelCustId': '202204141855506696004', 'creditReqNo': '202204141855508878963', 'creditApplyNo': '202204140000000004', 'status': '01'}, 'message': '成功', 'channelId': 'ORANGE'}}
[2022-04-14 18:55:50,963] - [INFO] - 授信接口调用成功！
[2022-04-14 18:55:50,963] - [INFO] - 授信受理成功，处理中！
[2022-04-14 18:55:50,963] - [INFO] - 授信结果查询
[2022-04-14 18:55:50,963] - [INFO] - ['http://10.1.14.106:27405/channel/apitest/TCJQ/CREDIT_INQUIRY']
[2022-04-14 18:55:50,963] - [INFO] - 请求报文：{'channelCustId': '202204141855506696004', 'creditReqNo': '202204141855508878963', 'creditApplyNo': '202204140000000004'}
[2022-04-14 18:55:51,306] - [INFO] - 响应报文：{'result': True, 'code': 200, 'msg': 'SUCCESS!', 'data': {'code': '0000', 'productId': '7014', 'body': {'channelCustId': '202204141855506696004', 'creditReqNo': '202204141855508878963', 'creditApplyNo': '202204140000000004', 'status': '00'}, 'message': '成功', 'channelId': 'ORANGE'}}
[2022-04-14 18:55:51,306] - [INFO] - 授信查询接口调用成功！
[2022-04-14 18:55:51,306] - [INFO] - 授信中！
[2022-04-14 18:55:54,320] - [INFO] - 授信结果查询
[2022-04-14 18:55:54,320] - [INFO] - ['http://10.1.14.106:27405/channel/apitest/TCJQ/CREDIT_INQUIRY']
[2022-04-14 18:55:54,321] - [INFO] - 请求报文：{'channelCustId': '202204141855506696004', 'creditReqNo': '202204141855508878963', 'creditApplyNo': '202204140000000004'}
[2022-04-14 18:55:54,381] - [INFO] - 响应报文：{'result': True, 'code': 200, 'msg': 'SUCCESS!', 'data': {'code': '0000', 'productId': '7014', 'body': {'channelCustId': '202204141855506696004', 'creditReqNo': '202204141855508878963', 'creditApplyNo': '202204140000000004', 'status': '00'}, 'message': '成功', 'channelId': 'ORANGE'}}
[2022-04-14 18:55:54,381] - [INFO] - 授信查询接口调用成功！
[2022-04-14 18:55:54,381] - [INFO] - 授信中！
[2022-04-14 18:55:57,390] - [INFO] - 授信结果查询
[2022-04-14 18:55:57,391] - [INFO] - ['http://10.1.14.106:27405/channel/apitest/TCJQ/CREDIT_INQUIRY']
[2022-04-14 18:55:57,391] - [INFO] - 请求报文：{'channelCustId': '202204141855506696004', 'creditReqNo': '202204141855508878963', 'creditApplyNo': '202204140000000004'}
[2022-04-14 18:55:57,444] - [INFO] - 响应报文：{'result': True, 'code': 200, 'msg': 'SUCCESS!', 'data': {'code': '0000', 'productId': '7014', 'body': {'channelCustId': '202204141855506696004', 'creditReqNo': '202204141855508878963', 'creditApplyNo': '202204140000000004', 'status': '00'}, 'message': '成功', 'channelId': 'ORANGE'}}
[2022-04-14 18:55:57,444] - [INFO] - 授信查询接口调用成功！
[2022-04-14 18:55:57,444] - [INFO] - 授信中！
[2022-04-14 18:56:00,460] - [INFO] - 授信结果查询
[2022-04-14 18:56:00,460] - [INFO] - ['http://10.1.14.106:27405/channel/apitest/TCJQ/CREDIT_INQUIRY']
[2022-04-14 18:56:00,461] - [INFO] - 请求报文：{'channelCustId': '202204141855506696004', 'creditReqNo': '202204141855508878963', 'creditApplyNo': '202204140000000004'}
[2022-04-14 18:56:00,514] - [INFO] - 响应报文：{'result': True, 'code': 200, 'msg': 'SUCCESS!', 'data': {'code': '0000', 'productId': '7014', 'body': {'channelCustId': '202204141855506696004', 'creditReqNo': '202204141855508878963', 'creditApplyNo': '202204140000000004', 'status': '00'}, 'message': '成功', 'channelId': 'ORANGE'}}
[2022-04-14 18:56:00,514] - [INFO] - 授信查询接口调用成功！
[2022-04-14 18:56:00,514] - [INFO] - 授信中！
[2022-04-14 18:56:03,524] - [INFO] - 授信结果查询
[2022-04-14 18:56:03,524] - [INFO] - ['http://10.1.14.106:27405/channel/apitest/TCJQ/CREDIT_INQUIRY']
[2022-04-14 18:56:03,524] - [INFO] - 请求报文：{'channelCustId': '202204141855506696004', 'creditReqNo': '202204141855508878963', 'creditApplyNo': '202204140000000004'}
[2022-04-14 18:56:03,830] - [INFO] - 响应报文：{'result': True, 'code': 200, 'msg': 'SUCCESS!', 'data': {'code': '0000', 'productId': '7014', 'body': {'creditDate': '2022/04/14', 'creditExpireDate': '2025/04/14', 'freezingDate': '', 'channelCustId': '202204141855506696004', 'creditReqNo': '202204141855508878963', 'creditApplyNo': '202204140000000004', 'creditState': '00', 'availAmount': 5000.0, 'creditAmount': 5000.0, 'status': '01'}, 'message': '成功', 'channelId': 'ORANGE'}}
[2022-04-14 18:56:03,830] - [INFO] - 授信查询接口调用成功！
[2022-04-14 18:56:03,831] - [INFO] - 授信通过！
[2022-04-14 18:56:03,831] - [INFO] - 更新客户信息表liveaddress
[2022-04-14 18:56:03,831] - [INFO] - update customer_info set liveaddress = '北京市市辖区东城区' where CERTID = '220700199310101932'
[2022-04-14 18:56:03,851] - [INFO] - 支用试算
[2022-04-14 18:56:03,851] - [INFO] - http://10.1.14.106:27405/channel/apitest/TCJQ/DISBURSE_TRIAL
[2022-04-14 18:56:03,851] - [INFO] - 请求报文：{'channelCustId': '202204141855506696004', 'periods': '3', 'name': '逄盛', 'loanAmount': 1000, 'idNo': '220700199310101932', 'purpose': '00', 'idType': '00', 'addProvince': '130000', 'addCity': '130100', 'addDistrict': '130101', 'phone': '18581821572', 'addDetail': 'hahah', 'returnUrl': 'www.baidu.com'}
[2022-04-14 18:56:04,871] - [INFO] - 响应报文：{'result': True, 'code': 200, 'msg': 'SUCCESS!', 'data': {'code': '0000', 'productId': '7014', 'body': {'capitalUrl': 'http://124.239.138.231:8080/dadih5/sign/token/3c7ba8d489cae419527d2100da0219c9', 'channelCustId': '202204141855506696004', 'repayPlanDetails': [{'principal': 331.7, 'period': 1, 'periodAmt': 349.07, 'premium': 10.16, 'interest': 7.21, 'repayDate': '2022/05/28'}, {'principal': 333.33, 'period': 2, 'periodAmt': 346.78, 'premium': 10.16, 'interest': 3.29, 'repayDate': '2022/06/28'}, {'principal': 334.97, 'period': 3, 'periodAmt': 346.78, 'premium': 10.16, 'interest': 1.65, 'repayDate': '2022/07/28'}], 'capitalCode': 'HBBank', 'h5ReqApplyNo': '20220414000000004', 'status': '01'}, 'message': '成功', 'channelId': 'ORANGE'}}
[2022-04-14 18:56:04,871] - [INFO] - 本次试算资方为：HBBank
[2022-04-14 18:56:04,871] - [INFO] - 支用试算成功！
[2022-04-14 18:56:04,871] - [INFO] - 支用接口
[2022-04-14 18:56:04,871] - [INFO] - http://10.1.14.106:27405/channel/apitest/TCJQ/DISBURSE
[2022-04-14 18:56:04,871] - [INFO] - 请求报文：{'channelCustId': '202204141855506696004', 'loanReqNo': '202204141855509970475', 'creditReqNo': '202204141855508878963', 'h5ReqApplyNo': '20220414000000004', 'loanAmount': 1000, 'periods': '3', 'purpose': '01', 'bankCard': '6214660414185588', 'bankCode': '308584000013', 'bankName': '建设银行', 'bankPhone': '18581821572', 'longitude': '121.551738', 'latitude': '31.224634', 'ip': '192.168.1.2', 'capitalCode': 'HBBank', 'channelDetail': {'woolFlag': '1', 'phoneFlag': '1', 'phoneTelco': '1', 'compScore': '80', 'repayAbilityScore': '80', 'comsAmount': '4', 'finAmount': '2', 'redPacket': '2', 'phoneAreaName': '上海市', 'modelScore': '80', 'whiteListFlag': '0', 'loanGrade': 'A', 'registerTime': '2', 'realNameFlag': '1', 'realNameGrade': '1', 'transFlag': '1', 'custType': '', 'currLimit': 5000, 'currRemainLimit': 2000, 'currLimitOrg': 'DD', 'currLimitStartDate': '2021/05/31', 'currLimitEndDate': '2021/07/31', 'currTotalPrice': 28.11, 'firstLoanFlag': '1', 'unsettleLoanLimit': 1, 'settleLoanLimit': 1, 'lastLoanDate': '2021/04/21', 'loanAmount': 3000}, 'custType': '0'}
[2022-04-14 18:56:05,311] - [INFO] - 响应报文：{'result': True, 'code': 200, 'msg': 'SUCCESS!', 'data': {'code': '0000', 'productId': '7014', 'body': {'channelCustId': '202204141855506696004', 'loanReqNo': '202204141855509970475', 'loanApplyNo': '20220414000000003', 'status': '01'}, 'message': '成功', 'channelId': 'ORANGE'}}
[2022-04-14 18:56:05,311] - [INFO] - 支用接口调用成功！
[2022-04-14 18:56:05,311] - [INFO] - 受理成功，处理中!
[2022-04-14 18:56:05,311] - [INFO] - 
                    姓名：逄盛
                    身份证号：220700199310101932
                    手机号：18581821572
                    借款金额:1000
                    借款期次:3
                    channelCustId：202204141855506696004
                    creditReqNo：202204141855508878963
                    loanReqNo:202204141855509970475
                    
[2022-04-14 18:57:48,661] - [INFO] - 授信申请
[2022-04-14 18:57:48,667] - [INFO] - [http://10.1.14.106:27405/channel/apitest/TCJQ/CREDIT_GRANTING]
[2022-04-14 18:57:48,667] - [INFO] - 请求报文：{'channelCustId': '202204141857486649389', 'creditReqNo': '202204141857488831899', 'name': '戚云', 'spelling': 'ZHANGTIAN', 'sex': '01', 'nationality': '中国', 'nation': '汉族', 'birthday': '1985/06/02', 'idType': '00', 'idNo': '610111199507109793', 'idStartDate': '2016/01/18', 'idEndDate': '2036/01/18', 'idOffice': '北京市东城区', 'marriage': '01', 'children': '00', 'supplyPeople': 3, 'house': '00', 'addProvince': '130000', 'addCity': '130100', 'addDistrict': '130101', 'addDetail': '东大街东大院', 'industry': 'C', 'profession': '11', 'workplaceName': 'AAA单位', 'workTel': '13162314539', 'workProvince': '110000', 'workCity': '110000', 'workDistrict': '110101', 'workDetailAdd': '西大街西大院', 'workAge': 8, 'income': '03', 'education': '06', 'school': '北京大学', 'phone': '18581821572', 'email': 'email163@qq.com', 'contacts': [{'relation': '00', 'name': '张三', 'phoneNo': '15638530000'}, {'relation': '01', 'name': '李四', 'phoneNo': '15638539999'}], 'bankCard': '6214660414185788', 'bankName': '建设银行', 'bankPhone': '18581821572', 'applyProvince': '110000', 'applyCity': '110000', 'applyDistrict': '110101', 'loanAmount': 5000, 'periods': '3', 'purpose': '01', 'direction': '01', 'payType': '00', 'payMerchantNo': '26666', 'authFlag': '01', 'deviceDetail': {'deviceId': '10-45-5-486', 'mac': '3a:b6:c6:5d:2e:f9', 'longitude': '121.551738', 'latitude': '31.224634', 'gpsCity': '上海市', 'ip': '106.14.135.199', 'ipCity': '上海', 'os': 'android', 'docDate': '2019/09/12'}, 'channelDetail': {'citizenshipCheckResult': '1', 'bankCheckResult': '1', 'telcoCheckResult': '1', 'consumeTimes': '1', 'creditTimes': '1', 'consumeScene': '1', 'frontId': '11', 'reverseId': '11', 'faceId': '11', 'woolFlag': '1', 'phoneFlag': '1', 'phoneTelco': '1', 'compScore': '650', 'repayAbilityScore': '650', 'comsAmount': '1', 'finAmount': '1', 'redPacket': '1', 'phoneAreaName': '上海市', 'modelScore': '650', 'whiteListFlag': '0', 'sugAmount': '3000.00', 'sugBasis': '2', 'loanGrade': 'A', 'registerTime': '1', 'realNameFlag': '1', 'realNameGrade': '1', 'transFlag': '1', 'custType': '', 'currLimit': 5000, 'currRemainLimit': 2000, 'currLimitOrg': 'DD', 'currLimitStartDate': '2021/05/31', 'currLimitEndDate': '2021/07/31', 'currTotalPrice': 28.11, 'firstLoanFlag': '1', 'unsettleLoanLimit': 1, 'settleLoanLimit': 1, 'lastLoanDate': '2021/04/21', 'loanAmount': 3000}, 'custType': '0'}
[2022-04-14 18:57:48,823] - [INFO] - 响应报文：{'result': True, 'code': 200, 'msg': 'SUCCESS!', 'data': {'code': '0000', 'productId': '7014', 'body': {'channelCustId': '202204141857486649389', 'creditReqNo': '202204141857488831899', 'creditApplyNo': '202204140000000005', 'status': '01'}, 'message': '成功', 'channelId': 'ORANGE'}}
[2022-04-14 18:57:48,823] - [INFO] - 授信接口调用成功！
[2022-04-14 18:57:48,823] - [INFO] - 授信受理成功，处理中！
[2022-04-14 18:57:48,823] - [INFO] - 授信结果查询
[2022-04-14 18:57:48,823] - [INFO] - ['http://10.1.14.106:27405/channel/apitest/TCJQ/CREDIT_INQUIRY']
[2022-04-14 18:57:48,823] - [INFO] - 请求报文：{'channelCustId': '202204141857486649389', 'creditReqNo': '202204141857488831899', 'creditApplyNo': '202204140000000005'}
[2022-04-14 18:57:48,884] - [INFO] - 响应报文：{'result': True, 'code': 200, 'msg': 'SUCCESS!', 'data': {'code': '0000', 'productId': '7014', 'body': {'channelCustId': '202204141857486649389', 'creditReqNo': '202204141857488831899', 'creditApplyNo': '202204140000000005', 'status': '00'}, 'message': '成功', 'channelId': 'ORANGE'}}
[2022-04-14 18:57:48,884] - [INFO] - 授信查询接口调用成功！
[2022-04-14 18:57:48,884] - [INFO] - 授信中！
[2022-04-14 18:57:51,890] - [INFO] - 授信结果查询
[2022-04-14 18:57:51,891] - [INFO] - ['http://10.1.14.106:27405/channel/apitest/TCJQ/CREDIT_INQUIRY']
[2022-04-14 18:57:51,891] - [INFO] - 请求报文：{'channelCustId': '202204141857486649389', 'creditReqNo': '202204141857488831899', 'creditApplyNo': '202204140000000005'}
[2022-04-14 18:57:51,940] - [INFO] - 响应报文：{'result': True, 'code': 200, 'msg': 'SUCCESS!', 'data': {'code': '0000', 'productId': '7014', 'body': {'channelCustId': '202204141857486649389', 'creditReqNo': '202204141857488831899', 'creditApplyNo': '202204140000000005', 'status': '00'}, 'message': '成功', 'channelId': 'ORANGE'}}
[2022-04-14 18:57:51,941] - [INFO] - 授信查询接口调用成功！
[2022-04-14 18:57:51,941] - [INFO] - 授信中！
[2022-04-14 18:57:54,960] - [INFO] - 授信结果查询
[2022-04-14 18:57:54,960] - [INFO] - ['http://10.1.14.106:27405/channel/apitest/TCJQ/CREDIT_INQUIRY']
[2022-04-14 18:57:54,961] - [INFO] - 请求报文：{'channelCustId': '202204141857486649389', 'creditReqNo': '202204141857488831899', 'creditApplyNo': '202204140000000005'}
[2022-04-14 18:57:55,021] - [INFO] - 响应报文：{'result': True, 'code': 200, 'msg': 'SUCCESS!', 'data': {'code': '0000', 'productId': '7014', 'body': {'creditDate': '2022/04/14', 'creditExpireDate': '2025/04/14', 'freezingDate': '', 'channelCustId': '202204141857486649389', 'creditReqNo': '202204141857488831899', 'creditApplyNo': '202204140000000005', 'creditState': '00', 'availAmount': 5000.0, 'creditAmount': 5000.0, 'status': '01'}, 'message': '成功', 'channelId': 'ORANGE'}}
[2022-04-14 18:57:55,021] - [INFO] - 授信查询接口调用成功！
[2022-04-14 18:57:55,021] - [INFO] - 授信通过！
[2022-04-14 18:57:55,021] - [INFO] - 更新客户信息表liveaddress
[2022-04-14 18:57:55,021] - [INFO] - update customer_info set liveaddress = '北京市市辖区东城区' where CERTID = '610111199507109793'
[2022-04-14 18:57:55,061] - [INFO] - 支用试算
[2022-04-14 18:57:55,061] - [INFO] - http://10.1.14.106:27405/channel/apitest/TCJQ/DISBURSE_TRIAL
[2022-04-14 18:57:55,061] - [INFO] - 请求报文：{'channelCustId': '202204141857486649389', 'periods': '3', 'name': '戚云', 'loanAmount': 1000, 'idNo': '610111199507109793', 'purpose': '00', 'idType': '00', 'addProvince': '130000', 'addCity': '130100', 'addDistrict': '130101', 'phone': '18581821572', 'addDetail': 'hahah', 'returnUrl': 'www.baidu.com'}
[2022-04-14 18:57:55,731] - [INFO] - 响应报文：{'result': True, 'code': 200, 'msg': 'SUCCESS!', 'data': {'code': '0000', 'productId': '7014', 'body': {'capitalUrl': 'http://124.239.138.231:8080/dadih5/sign/token/00c74a23bcef68e6acb8ae5c2f8e6be0', 'channelCustId': '202204141857486649389', 'repayPlanDetails': [{'principal': 331.7, 'period': 1, 'periodAmt': 349.07, 'premium': 10.16, 'interest': 7.21, 'repayDate': '2022/05/28'}, {'principal': 333.33, 'period': 2, 'periodAmt': 346.78, 'premium': 10.16, 'interest': 3.29, 'repayDate': '2022/06/28'}, {'principal': 334.97, 'period': 3, 'periodAmt': 346.78, 'premium': 10.16, 'interest': 1.65, 'repayDate': '2022/07/28'}], 'capitalCode': 'HBBank', 'h5ReqApplyNo': '20220414000000005', 'status': '01'}, 'message': '成功', 'channelId': 'ORANGE'}}
[2022-04-14 18:57:55,731] - [INFO] - 本次试算资方为：HBBank
[2022-04-14 18:57:55,731] - [INFO] - 支用试算成功！
[2022-04-14 18:57:55,734] - [INFO] - 支用接口
[2022-04-14 18:57:55,734] - [INFO] - http://10.1.14.106:27405/channel/apitest/TCJQ/DISBURSE
[2022-04-14 18:57:55,734] - [INFO] - 请求报文：{'channelCustId': '202204141857486649389', 'loanReqNo': '202204141857489969295', 'creditReqNo': '202204141857488831899', 'h5ReqApplyNo': '20220414000000005', 'loanAmount': 1000, 'periods': '3', 'purpose': '01', 'bankCard': '6214660414185788', 'bankCode': '308584000013', 'bankName': '建设银行', 'bankPhone': '18581821572', 'longitude': '121.551738', 'latitude': '31.224634', 'ip': '192.168.1.2', 'capitalCode': 'HBBank', 'channelDetail': {'woolFlag': '1', 'phoneFlag': '1', 'phoneTelco': '1', 'compScore': '80', 'repayAbilityScore': '80', 'comsAmount': '4', 'finAmount': '2', 'redPacket': '2', 'phoneAreaName': '上海市', 'modelScore': '80', 'whiteListFlag': '0', 'loanGrade': 'A', 'registerTime': '2', 'realNameFlag': '1', 'realNameGrade': '1', 'transFlag': '1', 'custType': '', 'currLimit': 5000, 'currRemainLimit': 2000, 'currLimitOrg': 'DD', 'currLimitStartDate': '2021/05/31', 'currLimitEndDate': '2021/07/31', 'currTotalPrice': 28.11, 'firstLoanFlag': '1', 'unsettleLoanLimit': 1, 'settleLoanLimit': 1, 'lastLoanDate': '2021/04/21', 'loanAmount': 3000}, 'custType': '0'}
[2022-04-14 18:57:55,851] - [INFO] - 响应报文：{'result': True, 'code': 200, 'msg': 'SUCCESS!', 'data': {'code': '0000', 'productId': '7014', 'body': {'channelCustId': '202204141857486649389', 'loanReqNo': '202204141857489969295', 'loanApplyNo': '20220414000000004', 'status': '01'}, 'message': '成功', 'channelId': 'ORANGE'}}
[2022-04-14 18:57:55,851] - [INFO] - 支用接口调用成功！
[2022-04-14 18:57:55,851] - [INFO] - 受理成功，处理中!
[2022-04-14 18:57:55,851] - [INFO] - 
                    姓名：戚云
                    身份证号：610111199507109793
                    手机号：18581821572
                    借款金额:1000
                    借款期次:3
                    channelCustId：202204141857486649389
                    creditReqNo：202204141857488831899
                    loanReqNo:202204141857489969295
                    
