[2022-04-13 14:25:58,198] - [INFO] - 授信申请
[2022-04-13 14:25:58,198] - [INFO] - [http://10.1.14.106:27405/channel/apitest/TCJQ/CREDIT_GRANTING]
[2022-04-13 14:25:58,198] - [INFO] - 请求报文：{'channelCustId': '202204131425586653678', 'creditReqNo': '202204131425588884609', 'name': '邴马和', 'spelling': 'ZHANGTIAN', 'sex': '01', 'nationality': '中国', 'nation': '汉族', 'birthday': '1985/06/02', 'idType': '00', 'idNo': '441223199705265025', 'idStartDate': '2016/01/18', 'idEndDate': '2036/01/18', 'idOffice': '北京市东城区', 'marriage': '01', 'children': '00', 'supplyPeople': 3, 'house': '00', 'addProvince': '130000', 'addCity': '130100', 'addDistrict': '130101', 'addDetail': '东大街东大院', 'industry': 'C', 'profession': '11', 'workplaceName': 'AAA单位', 'workTel': '13162314539', 'workProvince': '110000', 'workCity': '110000', 'workDistrict': '110101', 'workDetailAdd': '西大街西大院', 'workAge': 8, 'income': '03', 'education': '06', 'school': '北京大学', 'phone': '18581821572', 'email': 'email163@qq.com', 'contacts': [{'relation': '00', 'name': '张三', 'phoneNo': '15638530000'}, {'relation': '01', 'name': '李四', 'phoneNo': '15638539999'}], 'bankCard': '6214660413142588', 'bankName': '建设银行', 'bankPhone': '18581821572', 'applyProvince': '110000', 'applyCity': '110000', 'applyDistrict': '110101', 'loanAmount': 5000, 'periods': '3', 'purpose': '01', 'direction': '01', 'payType': '00', 'payMerchantNo': '26666', 'authFlag': '01', 'deviceDetail': {'deviceId': '10-45-5-486', 'mac': '3a:b6:c6:5d:2e:f9', 'longitude': '121.551738', 'latitude': '31.224634', 'gpsCity': '上海市', 'ip': '106.14.135.199', 'ipCity': '上海', 'os': 'android', 'docDate': '2019/09/12'}, 'channelDetail': {'citizenshipCheckResult': '1', 'bankCheckResult': '1', 'telcoCheckResult': '1', 'consumeTimes': '1', 'creditTimes': '1', 'consumeScene': '1', 'frontId': '11', 'reverseId': '11', 'faceId': '11', 'woolFlag': '1', 'phoneFlag': '1', 'phoneTelco': '1', 'compScore': '650', 'repayAbilityScore': '650', 'comsAmount': '1', 'finAmount': '1', 'redPacket': '1', 'phoneAreaName': '上海市', 'modelScore': '650', 'whiteListFlag': '0', 'sugAmount': '3000.00', 'sugBasis': '2', 'loanGrade': 'A', 'registerTime': '1', 'realNameFlag': '1', 'realNameGrade': '1', 'transFlag': '1', 'custType': '', 'currLimit': 5000, 'currRemainLimit': 2000, 'currLimitOrg': 'DD', 'currLimitStartDate': '2021/05/31', 'currLimitEndDate': '2021/07/31', 'currTotalPrice': 28.11, 'firstLoanFlag': '1', 'unsettleLoanLimit': 1, 'settleLoanLimit': 1, 'lastLoanDate': '2021/04/21', 'loanAmount': 3000}, 'custType': '0'}
[2022-04-13 14:25:58,817] - [INFO] - 响应报文：{'result': True, 'code': 200, 'msg': 'SUCCESS!', 'data': {'code': '0000', 'productId': '7014', 'body': {'channelCustId': '202204131425586653678', 'creditReqNo': '202204131425588884609', 'creditApplyNo': '202204130000000001', 'status': '01'}, 'message': '成功', 'channelId': 'ORANGE'}}
[2022-04-13 14:25:58,817] - [INFO] - 授信接口调用成功！
[2022-04-13 14:25:58,817] - [INFO] - 授信受理成功，处理中！
[2022-04-13 14:25:58,817] - [INFO] - 授信结果查询
[2022-04-13 14:25:58,817] - [INFO] - ['http://10.1.14.106:27405/channel/apitest/TCJQ/CREDIT_INQUIRY']
[2022-04-13 14:25:58,827] - [INFO] - 请求报文：{'channelCustId': '202204131425586653678', 'creditReqNo': '202204131425588884609', 'creditApplyNo': '202204130000000001'}
[2022-04-13 14:25:58,908] - [INFO] - 响应报文：{'result': True, 'code': 200, 'msg': 'SUCCESS!', 'data': {'code': '0000', 'productId': '7014', 'body': {'channelCustId': '202204131425586653678', 'creditReqNo': '202204131425588884609', 'creditApplyNo': '202204130000000001', 'status': '00'}, 'message': '成功', 'channelId': 'ORANGE'}}
[2022-04-13 14:25:58,908] - [INFO] - 授信查询接口调用成功！
[2022-04-13 14:25:58,908] - [INFO] - 授信中！
[2022-04-13 14:26:01,917] - [INFO] - 授信结果查询
[2022-04-13 14:26:01,917] - [INFO] - ['http://10.1.14.106:27405/channel/apitest/TCJQ/CREDIT_INQUIRY']
[2022-04-13 14:26:01,917] - [INFO] - 请求报文：{'channelCustId': '202204131425586653678', 'creditReqNo': '202204131425588884609', 'creditApplyNo': '202204130000000001'}
[2022-04-13 14:26:01,977] - [INFO] - 响应报文：{'result': True, 'code': 200, 'msg': 'SUCCESS!', 'data': {'code': '0000', 'productId': '7014', 'body': {'channelCustId': '202204131425586653678', 'creditReqNo': '202204131425588884609', 'creditApplyNo': '202204130000000001', 'status': '00'}, 'message': '成功', 'channelId': 'ORANGE'}}
[2022-04-13 14:26:01,977] - [INFO] - 授信查询接口调用成功！
[2022-04-13 14:26:01,977] - [INFO] - 授信中！
[2022-04-13 14:26:04,989] - [INFO] - 授信结果查询
[2022-04-13 14:26:04,989] - [INFO] - ['http://10.1.14.106:27405/channel/apitest/TCJQ/CREDIT_INQUIRY']
[2022-04-13 14:26:04,989] - [INFO] - 请求报文：{'channelCustId': '202204131425586653678', 'creditReqNo': '202204131425588884609', 'creditApplyNo': '202204130000000001'}
[2022-04-13 14:26:05,037] - [INFO] - 响应报文：{'result': True, 'code': 200, 'msg': 'SUCCESS!', 'data': {'code': '0000', 'productId': '7014', 'body': {'channelCustId': '202204131425586653678', 'creditReqNo': '202204131425588884609', 'creditApplyNo': '202204130000000001', 'status': '00'}, 'message': '成功', 'channelId': 'ORANGE'}}
[2022-04-13 14:26:05,037] - [INFO] - 授信查询接口调用成功！
[2022-04-13 14:26:05,037] - [INFO] - 授信中！
[2022-04-13 14:26:08,056] - [INFO] - 授信结果查询
[2022-04-13 14:26:08,056] - [INFO] - ['http://10.1.14.106:27405/channel/apitest/TCJQ/CREDIT_INQUIRY']
[2022-04-13 14:26:08,057] - [INFO] - 请求报文：{'channelCustId': '202204131425586653678', 'creditReqNo': '202204131425588884609', 'creditApplyNo': '202204130000000001'}
[2022-04-13 14:26:08,108] - [INFO] - 响应报文：{'result': True, 'code': 200, 'msg': 'SUCCESS!', 'data': {'code': '0000', 'productId': '7014', 'body': {'channelCustId': '202204131425586653678', 'creditReqNo': '202204131425588884609', 'creditApplyNo': '202204130000000001', 'status': '00'}, 'message': '成功', 'channelId': 'ORANGE'}}
[2022-04-13 14:26:08,108] - [INFO] - 授信查询接口调用成功！
[2022-04-13 14:26:08,108] - [INFO] - 授信中！
[2022-04-13 14:26:11,109] - [INFO] - 授信结果查询
[2022-04-13 14:26:11,109] - [INFO] - ['http://10.1.14.106:27405/channel/apitest/TCJQ/CREDIT_INQUIRY']
[2022-04-13 14:26:11,109] - [INFO] - 请求报文：{'channelCustId': '202204131425586653678', 'creditReqNo': '202204131425588884609', 'creditApplyNo': '202204130000000001'}
[2022-04-13 14:26:11,480] - [INFO] - 响应报文：{'result': True, 'code': 200, 'msg': 'SUCCESS!', 'data': {'code': '0000', 'productId': '7014', 'body': {'creditDate': '2022/04/13', 'creditExpireDate': '2025/04/13', 'freezingDate': '', 'channelCustId': '202204131425586653678', 'creditReqNo': '202204131425588884609', 'creditApplyNo': '202204130000000001', 'creditState': '00', 'availAmount': 5000.0, 'creditAmount': 5000.0, 'status': '01'}, 'message': '成功', 'channelId': 'ORANGE'}}
[2022-04-13 14:26:11,480] - [INFO] - 授信查询接口调用成功！
[2022-04-13 14:26:11,480] - [INFO] - 授信通过！
[2022-04-13 14:26:11,480] - [INFO] - 更新客户信息表liveaddress
[2022-04-13 14:26:11,486] - [INFO] - update customer_info set liveaddress = '北京市市辖区东城区' where CERTID = '441223199705265025'
[2022-04-13 14:26:11,520] - [INFO] - 支用试算
[2022-04-13 14:26:11,520] - [INFO] - http://10.1.14.106:27405/channel/apitest/TCJQ/DISBURSE_TRIAL
[2022-04-13 14:26:11,520] - [INFO] - 请求报文：{'channelCustId': '202204131425586653678', 'periods': '3', 'name': '邴马和', 'loanAmount': 1000, 'idNo': '441223199705265025', 'purpose': '00', 'idType': '00', 'addProvince': '130000', 'addCity': '130100', 'addDistrict': '130101', 'phone': '18581821572', 'addDetail': 'hahah', 'returnUrl': 'www.baidu.com'}
[2022-04-13 14:26:13,127] - [INFO] - 响应报文：{'result': True, 'code': 200, 'msg': 'SUCCESS!', 'data': {'code': '0000', 'productId': '7014', 'body': {'capitalUrl': 'http://124.239.138.231:8080/dadih5/sign/token/e43a8e41284aa8bddcd604e20ae86578', 'channelCustId': '202204131425586653678', 'repayPlanDetails': [{'principal': 331.7, 'period': 1, 'periodAmt': 349.24, 'premium': 10.16, 'interest': 7.38, 'repayDate': '2022/05/28'}, {'principal': 333.33, 'period': 2, 'periodAmt': 346.78, 'premium': 10.16, 'interest': 3.29, 'repayDate': '2022/06/28'}, {'principal': 334.97, 'period': 3, 'periodAmt': 346.78, 'premium': 10.16, 'interest': 1.65, 'repayDate': '2022/07/28'}], 'capitalCode': 'HBBank', 'h5ReqApplyNo': '20220413000000001', 'status': '01'}, 'message': '成功', 'channelId': 'ORANGE'}}
[2022-04-13 14:26:13,127] - [INFO] - 本次试算资方为：HBBank
[2022-04-13 14:26:13,127] - [INFO] - 支用试算成功！
[2022-04-13 14:26:13,127] - [INFO] - 支用接口
[2022-04-13 14:26:13,127] - [INFO] - http://10.1.14.106:27405/channel/apitest/TCJQ/DISBURSE
[2022-04-13 14:26:13,136] - [INFO] - 请求报文：{'channelCustId': '202204131425586653678', 'loanReqNo': '202204131425589963735', 'creditReqNo': '202204131425588884609', 'h5ReqApplyNo': '20220413000000001', 'loanAmount': 1000, 'periods': '3', 'purpose': '01', 'bankCard': '6214660413142588', 'bankCode': '308584000013', 'bankName': '建设银行', 'bankPhone': '18581821572', 'longitude': '121.551738', 'latitude': '31.224634', 'ip': '192.168.1.2', 'capitalCode': 'HBBank', 'channelDetail': {'woolFlag': '1', 'phoneFlag': '1', 'phoneTelco': '1', 'compScore': '80', 'repayAbilityScore': '80', 'comsAmount': '4', 'finAmount': '2', 'redPacket': '2', 'phoneAreaName': '上海市', 'modelScore': '80', 'whiteListFlag': '0', 'loanGrade': 'A', 'registerTime': '2', 'realNameFlag': '1', 'realNameGrade': '1', 'transFlag': '1', 'custType': '', 'currLimit': 5000, 'currRemainLimit': 2000, 'currLimitOrg': 'DD', 'currLimitStartDate': '2021/05/31', 'currLimitEndDate': '2021/07/31', 'currTotalPrice': 28.11, 'firstLoanFlag': '1', 'unsettleLoanLimit': 1, 'settleLoanLimit': 1, 'lastLoanDate': '2021/04/21', 'loanAmount': 3000}, 'custType': '0'}
[2022-04-13 14:26:13,367] - [INFO] - 响应报文：{'result': True, 'code': 200, 'msg': 'SUCCESS!', 'data': {'code': '0000', 'productId': '7014', 'body': {'channelCustId': '202204131425586653678', 'loanReqNo': '202204131425589963735', 'loanApplyNo': '20220413000000001', 'status': '01'}, 'message': '成功', 'channelId': 'ORANGE'}}
[2022-04-13 14:26:13,367] - [INFO] - 支用接口调用成功！
[2022-04-13 14:26:13,377] - [INFO] - 受理成功，处理中!
[2022-04-13 14:26:13,377] - [INFO] - 
                    姓名：邴马和
                    身份证号：441223199705265025
                    手机号：18581821572
                    借款金额:1000
                    借款期次:3
                    channelCustId：202204131425586653678
                    creditReqNo：202204131425588884609
                    loanReqNo:202204131425589963735
                    
[2022-04-13 14:30:10,247] - [INFO] - 授信申请
[2022-04-13 14:30:10,247] - [INFO] - [http://10.1.14.106:27405/channel/apitest/TCJQ/CREDIT_GRANTING]
[2022-04-13 14:30:10,256] - [INFO] - 请求报文：{'channelCustId': '202204131430106655627', 'creditReqNo': '202204131430108883148', 'name': '燕忠茂', 'spelling': 'ZHANGTIAN', 'sex': '01', 'nationality': '中国', 'nation': '汉族', 'birthday': '1985/06/02', 'idType': '00', 'idNo': '130724199402254695', 'idStartDate': '2016/01/18', 'idEndDate': '2036/01/18', 'idOffice': '北京市东城区', 'marriage': '01', 'children': '00', 'supplyPeople': 3, 'house': '00', 'addProvince': '130000', 'addCity': '130100', 'addDistrict': '130101', 'addDetail': '东大街东大院', 'industry': 'C', 'profession': '11', 'workplaceName': 'AAA单位', 'workTel': '13162314539', 'workProvince': '110000', 'workCity': '110000', 'workDistrict': '110101', 'workDetailAdd': '西大街西大院', 'workAge': 8, 'income': '03', 'education': '06', 'school': '北京大学', 'phone': '18581821572', 'email': 'email163@qq.com', 'contacts': [{'relation': '00', 'name': '张三', 'phoneNo': '15638530000'}, {'relation': '01', 'name': '李四', 'phoneNo': '15638539999'}], 'bankCard': '6214660413143088', 'bankName': '建设银行', 'bankPhone': '18581821572', 'applyProvince': '110000', 'applyCity': '110000', 'applyDistrict': '110101', 'loanAmount': 5000, 'periods': '3', 'purpose': '01', 'direction': '01', 'payType': '00', 'payMerchantNo': '26666', 'authFlag': '01', 'deviceDetail': {'deviceId': '10-45-5-486', 'mac': '3a:b6:c6:5d:2e:f9', 'longitude': '121.551738', 'latitude': '31.224634', 'gpsCity': '上海市', 'ip': '106.14.135.199', 'ipCity': '上海', 'os': 'android', 'docDate': '2019/09/12'}, 'channelDetail': {'citizenshipCheckResult': '1', 'bankCheckResult': '1', 'telcoCheckResult': '1', 'consumeTimes': '1', 'creditTimes': '1', 'consumeScene': '1', 'frontId': '11', 'reverseId': '11', 'faceId': '11', 'woolFlag': '1', 'phoneFlag': '1', 'phoneTelco': '1', 'compScore': '650', 'repayAbilityScore': '650', 'comsAmount': '1', 'finAmount': '1', 'redPacket': '1', 'phoneAreaName': '上海市', 'modelScore': '650', 'whiteListFlag': '0', 'sugAmount': '3000.00', 'sugBasis': '2', 'loanGrade': 'A', 'registerTime': '1', 'realNameFlag': '1', 'realNameGrade': '1', 'transFlag': '1', 'custType': '', 'currLimit': 5000, 'currRemainLimit': 2000, 'currLimitOrg': 'DD', 'currLimitStartDate': '2021/05/31', 'currLimitEndDate': '2021/07/31', 'currTotalPrice': 28.11, 'firstLoanFlag': '1', 'unsettleLoanLimit': 1, 'settleLoanLimit': 1, 'lastLoanDate': '2021/04/21', 'loanAmount': 3000}, 'custType': '0'}
[2022-04-13 14:30:10,398] - [INFO] - 响应报文：{'result': True, 'code': 200, 'msg': 'SUCCESS!', 'data': {'code': '0000', 'productId': '7014', 'body': {'channelCustId': '202204131430106655627', 'creditReqNo': '202204131430108883148', 'creditApplyNo': '202204130000000002', 'status': '01'}, 'message': '成功', 'channelId': 'ORANGE'}}
[2022-04-13 14:30:10,398] - [INFO] - 授信接口调用成功！
[2022-04-13 14:30:10,398] - [INFO] - 授信受理成功，处理中！
[2022-04-13 14:30:10,398] - [INFO] - 授信结果查询
[2022-04-13 14:30:10,398] - [INFO] - ['http://10.1.14.106:27405/channel/apitest/TCJQ/CREDIT_INQUIRY']
[2022-04-13 14:30:10,398] - [INFO] - 请求报文：{'channelCustId': '202204131430106655627', 'creditReqNo': '202204131430108883148', 'creditApplyNo': '202204130000000002'}
[2022-04-13 14:30:10,458] - [INFO] - 响应报文：{'result': True, 'code': 200, 'msg': 'SUCCESS!', 'data': {'code': '0000', 'productId': '7014', 'body': {'channelCustId': '202204131430106655627', 'creditReqNo': '202204131430108883148', 'creditApplyNo': '202204130000000002', 'status': '00'}, 'message': '成功', 'channelId': 'ORANGE'}}
[2022-04-13 14:30:10,458] - [INFO] - 授信查询接口调用成功！
[2022-04-13 14:30:10,458] - [INFO] - 授信中！
[2022-04-13 14:30:13,476] - [INFO] - 授信结果查询
[2022-04-13 14:30:13,476] - [INFO] - ['http://10.1.14.106:27405/channel/apitest/TCJQ/CREDIT_INQUIRY']
[2022-04-13 14:30:13,477] - [INFO] - 请求报文：{'channelCustId': '202204131430106655627', 'creditReqNo': '202204131430108883148', 'creditApplyNo': '202204130000000002'}
[2022-04-13 14:30:13,517] - [INFO] - 响应报文：{'result': True, 'code': 200, 'msg': 'SUCCESS!', 'data': {'code': '0000', 'productId': '7014', 'body': {'channelCustId': '202204131430106655627', 'creditReqNo': '202204131430108883148', 'creditApplyNo': '202204130000000002', 'status': '00'}, 'message': '成功', 'channelId': 'ORANGE'}}
[2022-04-13 14:30:13,517] - [INFO] - 授信查询接口调用成功！
[2022-04-13 14:30:13,517] - [INFO] - 授信中！
[2022-04-13 14:30:16,532] - [INFO] - 授信结果查询
[2022-04-13 14:30:16,532] - [INFO] - ['http://10.1.14.106:27405/channel/apitest/TCJQ/CREDIT_INQUIRY']
[2022-04-13 14:30:16,532] - [INFO] - 请求报文：{'channelCustId': '202204131430106655627', 'creditReqNo': '202204131430108883148', 'creditApplyNo': '202204130000000002'}
[2022-04-13 14:30:16,601] - [INFO] - 响应报文：{'result': True, 'code': 200, 'msg': 'SUCCESS!', 'data': {'code': '0000', 'productId': '7014', 'body': {'creditDate': '2022/04/13', 'creditExpireDate': '2025/04/13', 'freezingDate': '', 'channelCustId': '202204131430106655627', 'creditReqNo': '202204131430108883148', 'creditApplyNo': '202204130000000002', 'creditState': '00', 'availAmount': 5000.0, 'creditAmount': 5000.0, 'status': '01'}, 'message': '成功', 'channelId': 'ORANGE'}}
[2022-04-13 14:30:16,601] - [INFO] - 授信查询接口调用成功！
[2022-04-13 14:30:16,601] - [INFO] - 授信通过！
[2022-04-13 14:30:16,601] - [INFO] - 更新客户信息表liveaddress
[2022-04-13 14:30:16,601] - [INFO] - update customer_info set liveaddress = '北京市市辖区东城区' where CERTID = '130724199402254695'
[2022-04-13 14:30:16,647] - [INFO] - 支用试算
[2022-04-13 14:30:16,647] - [INFO] - http://10.1.14.106:27405/channel/apitest/TCJQ/DISBURSE_TRIAL
[2022-04-13 14:30:16,647] - [INFO] - 请求报文：{'channelCustId': '202204131430106655627', 'periods': '3', 'name': '燕忠茂', 'loanAmount': 1000, 'idNo': '130724199402254695', 'purpose': '00', 'idType': '00', 'addProvince': '130000', 'addCity': '130100', 'addDistrict': '130101', 'phone': '18581821572', 'addDetail': 'hahah', 'returnUrl': 'www.baidu.com'}
[2022-04-13 14:30:17,410] - [INFO] - 响应报文：{'result': True, 'code': 200, 'msg': 'SUCCESS!', 'data': {'code': '0000', 'productId': '7014', 'body': {'capitalUrl': 'http://124.239.138.231:8080/dadih5/sign/token/84f3955514a191f60cb58f5075d282f0', 'channelCustId': '202204131430106655627', 'repayPlanDetails': [{'principal': 331.7, 'period': 1, 'periodAmt': 349.24, 'premium': 10.16, 'interest': 7.38, 'repayDate': '2022/05/28'}, {'principal': 333.33, 'period': 2, 'periodAmt': 346.78, 'premium': 10.16, 'interest': 3.29, 'repayDate': '2022/06/28'}, {'principal': 334.97, 'period': 3, 'periodAmt': 346.78, 'premium': 10.16, 'interest': 1.65, 'repayDate': '2022/07/28'}], 'capitalCode': 'HBBank', 'h5ReqApplyNo': '20220413000000002', 'status': '01'}, 'message': '成功', 'channelId': 'ORANGE'}}
[2022-04-13 14:30:17,410] - [INFO] - 本次试算资方为：HBBank
[2022-04-13 14:30:17,410] - [INFO] - 支用试算成功！
[2022-04-13 14:30:17,410] - [INFO] - 支用接口
[2022-04-13 14:30:17,410] - [INFO] - http://10.1.14.106:27405/channel/apitest/TCJQ/DISBURSE
[2022-04-13 14:30:17,410] - [INFO] - 请求报文：{'channelCustId': '202204131430106655627', 'loanReqNo': '202204131430109988675', 'creditReqNo': '202204131430108883148', 'h5ReqApplyNo': '20220413000000002', 'loanAmount': 1000, 'periods': '3', 'purpose': '01', 'bankCard': '6214660413143088', 'bankCode': '308584000013', 'bankName': '建设银行', 'bankPhone': '18581821572', 'longitude': '121.551738', 'latitude': '31.224634', 'ip': '192.168.1.2', 'capitalCode': 'HBBank', 'channelDetail': {'woolFlag': '1', 'phoneFlag': '1', 'phoneTelco': '1', 'compScore': '80', 'repayAbilityScore': '80', 'comsAmount': '4', 'finAmount': '2', 'redPacket': '2', 'phoneAreaName': '上海市', 'modelScore': '80', 'whiteListFlag': '0', 'loanGrade': 'A', 'registerTime': '2', 'realNameFlag': '1', 'realNameGrade': '1', 'transFlag': '1', 'custType': '', 'currLimit': 5000, 'currRemainLimit': 2000, 'currLimitOrg': 'DD', 'currLimitStartDate': '2021/05/31', 'currLimitEndDate': '2021/07/31', 'currTotalPrice': 28.11, 'firstLoanFlag': '1', 'unsettleLoanLimit': 1, 'settleLoanLimit': 1, 'lastLoanDate': '2021/04/21', 'loanAmount': 3000}, 'custType': '0'}
[2022-04-13 14:30:17,516] - [INFO] - 响应报文：{'result': True, 'code': 200, 'msg': 'SUCCESS!', 'data': {'code': '0000', 'productId': '7014', 'body': {'channelCustId': '202204131430106655627', 'loanReqNo': '202204131430109988675', 'loanApplyNo': '20220413000000002', 'status': '01'}, 'message': '成功', 'channelId': 'ORANGE'}}
[2022-04-13 14:30:17,516] - [INFO] - 支用接口调用成功！
[2022-04-13 14:30:17,517] - [INFO] - 受理成功，处理中!
[2022-04-13 14:30:17,517] - [INFO] - 
                    姓名：燕忠茂
                    身份证号：130724199402254695
                    手机号：18581821572
                    借款金额:1000
                    借款期次:3
                    channelCustId：202204131430106655627
                    creditReqNo：202204131430108883148
                    loanReqNo:202204131430109988675
                    
[2022-04-13 14:31:38,927] - [INFO] - 授信申请
[2022-04-13 14:31:38,927] - [INFO] - [http://10.1.14.106:27405/channel/apitest/TCJQ/CREDIT_GRANTING]
[2022-04-13 14:31:38,927] - [INFO] - 请求报文：{'channelCustId': '20220413143138666265', 'creditReqNo': '202204131431388895914', 'name': '冉露', 'spelling': 'ZHANGTIAN', 'sex': '01', 'nationality': '中国', 'nation': '汉族', 'birthday': '1985/06/02', 'idType': '00', 'idNo': '350400199401268589', 'idStartDate': '2016/01/18', 'idEndDate': '2036/01/18', 'idOffice': '北京市东城区', 'marriage': '01', 'children': '00', 'supplyPeople': 3, 'house': '00', 'addProvince': '130000', 'addCity': '130100', 'addDistrict': '130101', 'addDetail': '东大街东大院', 'industry': 'C', 'profession': '11', 'workplaceName': 'AAA单位', 'workTel': '13162314539', 'workProvince': '110000', 'workCity': '110000', 'workDistrict': '110101', 'workDetailAdd': '西大街西大院', 'workAge': 8, 'income': '03', 'education': '06', 'school': '北京大学', 'phone': '18581821572', 'email': 'email163@qq.com', 'contacts': [{'relation': '00', 'name': '张三', 'phoneNo': '15638530000'}, {'relation': '01', 'name': '李四', 'phoneNo': '15638539999'}], 'bankCard': '6214660413143188', 'bankName': '建设银行', 'bankPhone': '18581821572', 'applyProvince': '110000', 'applyCity': '110000', 'applyDistrict': '110101', 'loanAmount': 5000, 'periods': '3', 'purpose': '01', 'direction': '01', 'payType': '00', 'payMerchantNo': '26666', 'authFlag': '01', 'deviceDetail': {'deviceId': '10-45-5-486', 'mac': '3a:b6:c6:5d:2e:f9', 'longitude': '121.551738', 'latitude': '31.224634', 'gpsCity': '上海市', 'ip': '106.14.135.199', 'ipCity': '上海', 'os': 'android', 'docDate': '2019/09/12'}, 'channelDetail': {'citizenshipCheckResult': '1', 'bankCheckResult': '1', 'telcoCheckResult': '1', 'consumeTimes': '1', 'creditTimes': '1', 'consumeScene': '1', 'frontId': '11', 'reverseId': '11', 'faceId': '11', 'woolFlag': '1', 'phoneFlag': '1', 'phoneTelco': '1', 'compScore': '650', 'repayAbilityScore': '650', 'comsAmount': '1', 'finAmount': '1', 'redPacket': '1', 'phoneAreaName': '上海市', 'modelScore': '650', 'whiteListFlag': '0', 'sugAmount': '3000.00', 'sugBasis': '2', 'loanGrade': 'A', 'registerTime': '1', 'realNameFlag': '1', 'realNameGrade': '1', 'transFlag': '1', 'custType': '', 'currLimit': 5000, 'currRemainLimit': 2000, 'currLimitOrg': 'DD', 'currLimitStartDate': '2021/05/31', 'currLimitEndDate': '2021/07/31', 'currTotalPrice': 28.11, 'firstLoanFlag': '1', 'unsettleLoanLimit': 1, 'settleLoanLimit': 1, 'lastLoanDate': '2021/04/21', 'loanAmount': 3000}, 'custType': '0'}
[2022-04-13 14:31:39,070] - [INFO] - 响应报文：{'result': True, 'code': 200, 'msg': 'SUCCESS!', 'data': {'code': '0000', 'productId': '7014', 'body': {'channelCustId': '20220413143138666265', 'creditReqNo': '202204131431388895914', 'creditApplyNo': '202204130000000003', 'status': '01'}, 'message': '成功', 'channelId': 'ORANGE'}}
[2022-04-13 14:31:39,070] - [INFO] - 授信接口调用成功！
[2022-04-13 14:31:39,070] - [INFO] - 授信受理成功，处理中！
[2022-04-13 14:31:39,076] - [INFO] - 授信结果查询
[2022-04-13 14:31:39,076] - [INFO] - ['http://10.1.14.106:27405/channel/apitest/TCJQ/CREDIT_INQUIRY']
[2022-04-13 14:31:39,076] - [INFO] - 请求报文：{'channelCustId': '20220413143138666265', 'creditReqNo': '202204131431388895914', 'creditApplyNo': '202204130000000003'}
[2022-04-13 14:31:39,177] - [INFO] - 响应报文：{'result': True, 'code': 200, 'msg': 'SUCCESS!', 'data': {'code': '0000', 'productId': '7014', 'body': {'channelCustId': '20220413143138666265', 'creditReqNo': '202204131431388895914', 'creditApplyNo': '202204130000000003', 'status': '00'}, 'message': '成功', 'channelId': 'ORANGE'}}
[2022-04-13 14:31:39,177] - [INFO] - 授信查询接口调用成功！
[2022-04-13 14:31:39,177] - [INFO] - 授信中！
[2022-04-13 14:31:42,186] - [INFO] - 授信结果查询
[2022-04-13 14:31:42,186] - [INFO] - ['http://10.1.14.106:27405/channel/apitest/TCJQ/CREDIT_INQUIRY']
[2022-04-13 14:31:42,186] - [INFO] - 请求报文：{'channelCustId': '20220413143138666265', 'creditReqNo': '202204131431388895914', 'creditApplyNo': '202204130000000003'}
[2022-04-13 14:31:42,231] - [INFO] - 响应报文：{'result': True, 'code': 200, 'msg': 'SUCCESS!', 'data': {'code': '0000', 'productId': '7014', 'body': {'channelCustId': '20220413143138666265', 'creditReqNo': '202204131431388895914', 'creditApplyNo': '202204130000000003', 'status': '00'}, 'message': '成功', 'channelId': 'ORANGE'}}
[2022-04-13 14:31:42,231] - [INFO] - 授信查询接口调用成功！
[2022-04-13 14:31:42,231] - [INFO] - 授信中！
[2022-04-13 14:31:45,236] - [INFO] - 授信结果查询
[2022-04-13 14:31:45,236] - [INFO] - ['http://10.1.14.106:27405/channel/apitest/TCJQ/CREDIT_INQUIRY']
[2022-04-13 14:31:45,236] - [INFO] - 请求报文：{'channelCustId': '20220413143138666265', 'creditReqNo': '202204131431388895914', 'creditApplyNo': '202204130000000003'}
[2022-04-13 14:31:45,288] - [INFO] - 响应报文：{'result': True, 'code': 200, 'msg': 'SUCCESS!', 'data': {'code': '0000', 'productId': '7014', 'body': {'creditDate': '2022/04/13', 'creditExpireDate': '2025/04/13', 'freezingDate': '', 'channelCustId': '20220413143138666265', 'creditReqNo': '202204131431388895914', 'creditApplyNo': '202204130000000003', 'creditState': '00', 'availAmount': 5000.0, 'creditAmount': 5000.0, 'status': '01'}, 'message': '成功', 'channelId': 'ORANGE'}}
[2022-04-13 14:31:45,288] - [INFO] - 授信查询接口调用成功！
[2022-04-13 14:31:45,288] - [INFO] - 授信通过！
[2022-04-13 14:31:45,288] - [INFO] - 更新客户信息表liveaddress
[2022-04-13 14:31:45,288] - [INFO] - update customer_info set liveaddress = '北京市市辖区东城区' where CERTID = '350400199401268589'
[2022-04-13 14:31:45,317] - [INFO] - 支用试算
[2022-04-13 14:31:45,317] - [INFO] - http://10.1.14.106:27405/channel/apitest/TCJQ/DISBURSE_TRIAL
[2022-04-13 14:31:45,317] - [INFO] - 请求报文：{'channelCustId': '20220413143138666265', 'periods': '3', 'name': '冉露', 'loanAmount': 1000, 'idNo': '350400199401268589', 'purpose': '00', 'idType': '00', 'addProvince': '130000', 'addCity': '130100', 'addDistrict': '130101', 'phone': '18581821572', 'addDetail': 'hahah', 'returnUrl': 'www.baidu.com'}
[2022-04-13 14:31:45,918] - [INFO] - 响应报文：{'result': True, 'code': 200, 'msg': 'SUCCESS!', 'data': {'code': '0000', 'productId': '7014', 'body': {'capitalUrl': 'http://124.239.138.231:8080/dadih5/sign/token/ea73185f40a5104e37b8b311e31b7a1b', 'channelCustId': '20220413143138666265', 'repayPlanDetails': [{'principal': 331.7, 'period': 1, 'periodAmt': 349.24, 'premium': 10.16, 'interest': 7.38, 'repayDate': '2022/05/28'}, {'principal': 333.33, 'period': 2, 'periodAmt': 346.78, 'premium': 10.16, 'interest': 3.29, 'repayDate': '2022/06/28'}, {'principal': 334.97, 'period': 3, 'periodAmt': 346.78, 'premium': 10.16, 'interest': 1.65, 'repayDate': '2022/07/28'}], 'capitalCode': 'HBBank', 'h5ReqApplyNo': '20220413000000003', 'status': '01'}, 'message': '成功', 'channelId': 'ORANGE'}}
[2022-04-13 14:31:45,918] - [INFO] - 本次试算资方为：HBBank
[2022-04-13 14:31:45,918] - [INFO] - 支用试算成功！
[2022-04-13 14:31:45,918] - [INFO] - 支用接口
[2022-04-13 14:31:45,921] - [INFO] - http://10.1.14.106:27405/channel/apitest/TCJQ/DISBURSE
[2022-04-13 14:31:45,921] - [INFO] - 请求报文：{'channelCustId': '20220413143138666265', 'loanReqNo': '2022041314313899346', 'creditReqNo': '202204131431388895914', 'h5ReqApplyNo': '20220413000000003', 'loanAmount': 1000, 'periods': '3', 'purpose': '01', 'bankCard': '6214660413143188', 'bankCode': '308584000013', 'bankName': '建设银行', 'bankPhone': '18581821572', 'longitude': '121.551738', 'latitude': '31.224634', 'ip': '192.168.1.2', 'capitalCode': 'HBBank', 'channelDetail': {'woolFlag': '1', 'phoneFlag': '1', 'phoneTelco': '1', 'compScore': '80', 'repayAbilityScore': '80', 'comsAmount': '4', 'finAmount': '2', 'redPacket': '2', 'phoneAreaName': '上海市', 'modelScore': '80', 'whiteListFlag': '0', 'loanGrade': 'A', 'registerTime': '2', 'realNameFlag': '1', 'realNameGrade': '1', 'transFlag': '1', 'custType': '', 'currLimit': 5000, 'currRemainLimit': 2000, 'currLimitOrg': 'DD', 'currLimitStartDate': '2021/05/31', 'currLimitEndDate': '2021/07/31', 'currTotalPrice': 28.11, 'firstLoanFlag': '1', 'unsettleLoanLimit': 1, 'settleLoanLimit': 1, 'lastLoanDate': '2021/04/21', 'loanAmount': 3000}, 'custType': '0'}
[2022-04-13 14:31:46,086] - [INFO] - 响应报文：{'result': True, 'code': 200, 'msg': 'SUCCESS!', 'data': {'code': '0000', 'productId': '7014', 'body': {'channelCustId': '20220413143138666265', 'loanReqNo': '2022041314313899346', 'loanApplyNo': '20220413000000003', 'status': '01'}, 'message': '成功', 'channelId': 'ORANGE'}}
[2022-04-13 14:31:46,086] - [INFO] - 支用接口调用成功！
[2022-04-13 14:31:46,087] - [INFO] - 受理成功，处理中!
[2022-04-13 14:31:46,087] - [INFO] - 
                    姓名：冉露
                    身份证号：350400199401268589
                    手机号：18581821572
                    借款金额:1000
                    借款期次:3
                    channelCustId：20220413143138666265
                    creditReqNo：202204131431388895914
                    loanReqNo:2022041314313899346
                    
