[2022-04-29 11:43:55,821] - [INFO] - ------开始执行------
[2022-04-29 11:43:56,708] - [INFO] - 借据号：787-503008283301607575，正常本金：2714.9300000000003，逾期本金：3989.59，本金：6704.52，利息：99.24，罚息：3.64，总和：6807.4
[2022-04-29 11:43:56,708] - [INFO] - 更新acct_loan表逾期金额（2714.9300000000003）和正常金额（3989.59）
[2022-04-29 11:43:56,730] - [INFO] - ------更新成功------
[2022-04-29 11:43:56,769] - [INFO] - 将数据插入acct_file_task_detail表
[2022-04-29 11:43:56,796] - [INFO] - ------插入成功------
[2022-04-29 11:43:56,819] - [INFO] - TASK_ID:460100011309433
[2022-04-29 11:43:56,820] - [INFO] - 索赔日：20310116
[2022-04-29 11:43:56,850] - [INFO] - 理赔申请文件生成成功
[2022-04-29 14:17:25,605] - [INFO] - ------开始执行------
[2022-04-29 14:17:25,959] - [INFO] - 借据号：787-503904153301878649，正常本金：1511.6，逾期本金：1488.4，本金：3000，利息：43.79，罚息：0，总和：3043.79
[2022-04-29 14:17:25,959] - [INFO] - 更新acct_loan表逾期金额（1511.6）和正常金额（1488.4）
[2022-04-29 14:17:25,980] - [INFO] - ------更新成功------
[2022-04-29 14:17:26,010] - [INFO] - 将数据插入acct_file_task_detail表
[2022-04-29 14:17:26,036] - [INFO] - ------插入成功------
[2022-04-29 14:17:26,058] - [INFO] - TASK_ID:460100011308810
[2022-04-29 14:17:26,058] - [INFO] - 索赔日：20390803
[2022-04-29 14:17:26,146] - [INFO] - 借据号：787-503904153301878650，正常本金：1511.6，逾期本金：1488.4，本金：3000，利息：43.79，罚息：0，总和：3043.79
[2022-04-29 14:17:26,147] - [INFO] - 更新acct_loan表逾期金额（1511.6）和正常金额（1488.4）
[2022-04-29 14:17:26,168] - [INFO] - ------更新成功------
[2022-04-29 14:17:26,199] - [INFO] - 将数据插入acct_file_task_detail表
[2022-04-29 14:17:26,219] - [INFO] - ------插入成功------
[2022-04-29 14:17:26,219] - [INFO] - TASK_ID:460100011308810
[2022-04-29 14:17:26,219] - [INFO] - 索赔日：20390803
[2022-04-29 14:17:26,308] - [INFO] - 借据号：787-503904153301878159，正常本金：1511.6，逾期本金：1488.4，本金：3000，利息：43.79，罚息：0，总和：3043.79
[2022-04-29 14:17:26,308] - [INFO] - 更新acct_loan表逾期金额（1511.6）和正常金额（1488.4）
[2022-04-29 14:17:26,329] - [INFO] - ------更新成功------
[2022-04-29 14:17:26,362] - [INFO] - 将数据插入acct_file_task_detail表
[2022-04-29 14:17:26,384] - [INFO] - ------插入成功------
[2022-04-29 14:17:26,385] - [INFO] - TASK_ID:460100011308810
[2022-04-29 14:17:26,385] - [INFO] - 索赔日：20390803
[2022-04-29 14:17:26,469] - [INFO] - 借据号：787-503904153301878642，正常本金：1511.6，逾期本金：1488.4，本金：3000，利息：43.79，罚息：0，总和：3043.79
[2022-04-29 14:17:26,470] - [INFO] - 更新acct_loan表逾期金额（1511.6）和正常金额（1488.4）
[2022-04-29 14:17:26,492] - [INFO] - ------更新成功------
[2022-04-29 14:17:26,525] - [INFO] - 将数据插入acct_file_task_detail表
[2022-04-29 14:17:26,546] - [INFO] - ------插入成功------
[2022-04-29 14:17:26,546] - [INFO] - TASK_ID:460100011308810
[2022-04-29 14:17:26,546] - [INFO] - 索赔日：20390803
[2022-04-29 14:17:26,629] - [INFO] - 借据号：787-503904153301878203，正常本金：1511.6，逾期本金：1488.4，本金：3000，利息：43.79，罚息：0，总和：3043.79
[2022-04-29 14:17:26,630] - [INFO] - 更新acct_loan表逾期金额（1511.6）和正常金额（1488.4）
[2022-04-29 14:17:26,648] - [INFO] - ------更新成功------
[2022-04-29 14:17:26,679] - [INFO] - 将数据插入acct_file_task_detail表
[2022-04-29 14:17:26,698] - [INFO] - ------插入成功------
[2022-04-29 14:17:26,699] - [INFO] - TASK_ID:460100011308810
[2022-04-29 14:17:26,699] - [INFO] - 索赔日：20390803
[2022-04-29 14:17:26,785] - [INFO] - 借据号：787-503904153301878640，正常本金：1511.6，逾期本金：1488.4，本金：3000，利息：43.79，罚息：0，总和：3043.79
[2022-04-29 14:17:26,785] - [INFO] - 更新acct_loan表逾期金额（1511.6）和正常金额（1488.4）
[2022-04-29 14:17:26,805] - [INFO] - ------更新成功------
[2022-04-29 14:17:26,835] - [INFO] - 将数据插入acct_file_task_detail表
[2022-04-29 14:17:26,852] - [INFO] - ------插入成功------
[2022-04-29 14:17:26,852] - [INFO] - TASK_ID:460100011308810
[2022-04-29 14:17:26,852] - [INFO] - 索赔日：20390803
[2022-04-29 14:17:26,928] - [INFO] - 借据号：787-503904153301878644，正常本金：1511.6，逾期本金：1488.4，本金：3000，利息：43.79，罚息：0，总和：3043.79
[2022-04-29 14:17:26,929] - [INFO] - 更新acct_loan表逾期金额（1511.6）和正常金额（1488.4）
[2022-04-29 14:17:26,949] - [INFO] - ------更新成功------
[2022-04-29 14:17:26,977] - [INFO] - 将数据插入acct_file_task_detail表
[2022-04-29 14:17:26,996] - [INFO] - ------插入成功------
[2022-04-29 14:17:26,996] - [INFO] - TASK_ID:460100011308810
[2022-04-29 14:17:26,996] - [INFO] - 索赔日：20390803
[2022-04-29 14:17:27,022] - [INFO] - 理赔申请文件生成成功
[2022-04-29 14:36:59,905] - [INFO] - 授信申请
[2022-04-29 14:36:59,905] - [INFO] - [http://10.1.14.106:27405/channel/apitest/TCJQ/CREDIT_GRANTING]
[2022-04-29 14:36:59,905] - [INFO] - 请求报文：{'channelCustId': '202204291436596699464', 'creditReqNo': '202204291436598861442', 'name': '逄无妍', 'spelling': 'ZHANGTIAN', 'sex': '01', 'nationality': '中国', 'nation': '汉族', 'birthday': '1985/06/02', 'idType': '00', 'idNo': '230129199605123268', 'idStartDate': '2016/01/18', 'idEndDate': '2036/01/18', 'idOffice': '北京市东城区', 'marriage': '01', 'children': '00', 'supplyPeople': 3, 'house': '00', 'addProvince': '130000', 'addCity': '130100', 'addDistrict': '130101', 'addDetail': '东大街东大院', 'industry': 'C', 'profession': '11', 'workplaceName': 'AAA单位', 'workTel': '13162314539', 'workProvince': '110000', 'workCity': '110000', 'workDistrict': '110101', 'workDetailAdd': '西大街西大院', 'workAge': 8, 'income': '03', 'education': '06', 'school': '北京大学', 'phone': '16604296680', 'email': 'email163@qq.com', 'contacts': [{'relation': '00', 'name': '张三', 'phoneNo': '15638530000'}, {'relation': '01', 'name': '李四', 'phoneNo': '15638539999'}], 'bankCard': '6214660429143688', 'bankName': '建设银行', 'bankPhone': '16604296680', 'applyProvince': '110000', 'applyCity': '110000', 'applyDistrict': '110101', 'loanAmount': 5000, 'periods': '3', 'purpose': '01', 'direction': '01', 'payType': '00', 'payMerchantNo': '26666', 'authFlag': '01', 'deviceDetail': {'deviceId': '10-45-5-486', 'mac': '3a:b6:c6:5d:2e:f9', 'longitude': '121.551738', 'latitude': '31.224634', 'gpsCity': '上海市', 'ip': '106.14.135.199', 'ipCity': '上海', 'os': 'android', 'docDate': '2019/09/12'}, 'channelDetail': {'citizenshipCheckResult': '1', 'bankCheckResult': '1', 'telcoCheckResult': '1', 'consumeTimes': '1', 'creditTimes': '1', 'consumeScene': '1', 'frontId': '11', 'reverseId': '11', 'faceId': '11', 'woolFlag': '1', 'phoneFlag': '1', 'phoneTelco': '1', 'compScore': '650', 'repayAbilityScore': '650', 'comsAmount': '1', 'finAmount': '1', 'redPacket': '1', 'phoneAreaName': '上海市', 'modelScore': '650', 'whiteListFlag': '0', 'sugAmount': '3000.00', 'sugBasis': '2', 'loanGrade': 'A', 'registerTime': '1', 'realNameFlag': '1', 'realNameGrade': '1', 'transFlag': '1', 'custType': '', 'currLimit': 5000, 'currRemainLimit': 2000, 'currLimitOrg': 'DD', 'currLimitStartDate': '2021/05/31', 'currLimitEndDate': '2021/07/31', 'currTotalPrice': 28.11, 'firstLoanFlag': '1', 'unsettleLoanLimit': 1, 'settleLoanLimit': 1, 'lastLoanDate': '2021/04/21', 'loanAmount': 3000}, 'custType': '0'}
[2022-04-29 14:37:00,176] - [INFO] - 响应报文：{'result': True, 'code': 200, 'msg': 'SUCCESS!', 'data': {'code': '0000', 'productId': '7014', 'body': {'channelCustId': '202204291436596699464', 'creditReqNo': '202204291436598861442', 'creditApplyNo': '202204290000002007', 'status': '01'}, 'message': '成功', 'channelId': 'ORANGE'}}
[2022-04-29 14:37:00,176] - [INFO] - 授信接口调用成功！
[2022-04-29 14:37:00,176] - [INFO] - 授信受理成功，处理中！
[2022-04-29 14:37:00,177] - [INFO] - 授信结果查询
[2022-04-29 14:37:00,177] - [INFO] - ['http://10.1.14.106:27405/channel/apitest/TCJQ/CREDIT_INQUIRY']
[2022-04-29 14:37:00,177] - [INFO] - 请求报文：{'channelCustId': '202204291436596699464', 'creditReqNo': '202204291436598861442', 'creditApplyNo': '202204290000002007'}
[2022-04-29 14:37:00,277] - [INFO] - 响应报文：{'result': True, 'code': 200, 'msg': 'SUCCESS!', 'data': {'code': '0000', 'productId': '7014', 'body': {'channelCustId': '202204291436596699464', 'creditReqNo': '202204291436598861442', 'creditApplyNo': '202204290000002007', 'status': '00'}, 'message': '成功', 'channelId': 'ORANGE'}}
[2022-04-29 14:37:00,278] - [INFO] - 授信查询接口调用成功！
[2022-04-29 14:37:00,278] - [INFO] - 授信中！
[2022-04-29 14:37:03,285] - [INFO] - 授信结果查询
[2022-04-29 14:37:03,285] - [INFO] - ['http://10.1.14.106:27405/channel/apitest/TCJQ/CREDIT_INQUIRY']
[2022-04-29 14:37:03,285] - [INFO] - 请求报文：{'channelCustId': '202204291436596699464', 'creditReqNo': '202204291436598861442', 'creditApplyNo': '202204290000002007'}
[2022-04-29 14:37:03,344] - [INFO] - 响应报文：{'result': True, 'code': 200, 'msg': 'SUCCESS!', 'data': {'code': '0000', 'productId': '7014', 'body': {'channelCustId': '202204291436596699464', 'creditReqNo': '202204291436598861442', 'creditApplyNo': '202204290000002007', 'status': '00'}, 'message': '成功', 'channelId': 'ORANGE'}}
[2022-04-29 14:37:03,344] - [INFO] - 授信查询接口调用成功！
[2022-04-29 14:37:03,344] - [INFO] - 授信中！
[2022-04-29 14:37:06,358] - [INFO] - 授信结果查询
[2022-04-29 14:37:06,359] - [INFO] - ['http://10.1.14.106:27405/channel/apitest/TCJQ/CREDIT_INQUIRY']
[2022-04-29 14:37:06,359] - [INFO] - 请求报文：{'channelCustId': '202204291436596699464', 'creditReqNo': '202204291436598861442', 'creditApplyNo': '202204290000002007'}
[2022-04-29 14:37:06,481] - [INFO] - 响应报文：{'result': True, 'code': 200, 'msg': 'SUCCESS!', 'data': {'code': '0000', 'productId': '7014', 'body': {'creditDate': '2022/04/29', 'creditExpireDate': '2025/04/29', 'freezingDate': '', 'channelCustId': '202204291436596699464', 'creditReqNo': '202204291436598861442', 'creditApplyNo': '202204290000002007', 'creditState': '00', 'availAmount': 5000.0, 'creditAmount': 5000.0, 'status': '01'}, 'message': '成功', 'channelId': 'ORANGE'}}
[2022-04-29 14:37:06,481] - [INFO] - 授信查询接口调用成功！
[2022-04-29 14:37:06,481] - [INFO] - 授信通过！
[2022-04-29 14:37:06,482] - [INFO] - 更新客户信息表liveaddress
[2022-04-29 14:37:06,482] - [INFO] - update customer_info set liveaddress = '北京市市辖区东城区' where CERTID = '230129199605123268'
[2022-04-29 14:37:06,504] - [INFO] - 支用试算
[2022-04-29 14:37:06,504] - [INFO] - http://10.1.14.106:27405/channel/apitest/TCJQ/DISBURSE_TRIAL
[2022-04-29 14:37:06,505] - [INFO] - 请求报文：{'channelCustId': '202204291436596699464', 'periods': '3', 'name': '逄无妍', 'loanAmount': 1000, 'idNo': '230129199605123268', 'purpose': '00', 'idType': '00', 'addProvince': '110000', 'addCity': '110100', 'addDistrict': '110101', 'phone': '16604296680', 'addDetail': 'hahah', 'returnUrl': 'www.baidu.com'}
[2022-04-29 14:37:07,237] - [INFO] - 响应报文：{'result': True, 'code': 200, 'msg': 'SUCCESS!', 'data': {'code': '0000', 'productId': '7014', 'body': {'channelCustId': '202204291436596699464', 'repayPlanDetails': [{'principal': 331.61, 'period': 1, 'periodAmt': 348.61, 'premium': 11.83, 'interest': 5.17, 'repayDate': '2039/05/28'}, {'principal': 333.33, 'period': 2, 'periodAmt': 348.61, 'premium': 11.83, 'interest': 3.45, 'repayDate': '2039/06/28'}, {'principal': 335.06, 'period': 3, 'periodAmt': 348.62, 'premium': 11.83, 'interest': 1.73, 'repayDate': '2039/07/28'}], 'capitalCode': 'FBBANK', 'status': '01'}, 'message': '成功', 'channelId': 'ORANGE'}}
[2022-04-29 14:37:07,238] - [INFO] - 本次试算资方为：FBBANK
[2022-04-29 14:37:07,238] - [INFO] - 支用试算成功！
[2022-04-29 14:37:07,239] - [INFO] - 支用接口
[2022-04-29 14:37:07,239] - [INFO] - http://10.1.14.106:27405/channel/apitest/TCJQ/DISBURSE
[2022-04-29 14:37:07,239] - [INFO] - 请求报文：{'channelCustId': '202204291436596699464', 'loanReqNo': '202204291436599957043', 'creditReqNo': '202204291436598861442', 'h5ReqApplyNo': '', 'loanAmount': 1000, 'periods': '3', 'purpose': '01', 'bankCard': '6214660429143688', 'bankCode': '308584000013', 'bankName': '建设银行', 'bankPhone': '16604296680', 'longitude': '121.551738', 'latitude': '31.224634', 'ip': '192.168.1.2', 'capitalCode': 'FBBANK', 'channelDetail': {'woolFlag': '1', 'phoneFlag': '1', 'phoneTelco': '1', 'compScore': '80', 'repayAbilityScore': '80', 'comsAmount': '4', 'finAmount': '2', 'redPacket': '2', 'phoneAreaName': '上海市', 'modelScore': '80', 'whiteListFlag': '0', 'loanGrade': 'A', 'registerTime': '2', 'realNameFlag': '1', 'realNameGrade': '1', 'transFlag': '1', 'custType': '', 'currLimit': 5000, 'currRemainLimit': 2000, 'currLimitOrg': 'DD', 'currLimitStartDate': '2021/05/31', 'currLimitEndDate': '2021/07/31', 'currTotalPrice': 28.11, 'firstLoanFlag': '1', 'unsettleLoanLimit': 1, 'settleLoanLimit': 1, 'lastLoanDate': '2021/04/21', 'loanAmount': 3000}, 'custType': '0'}
[2022-04-29 14:37:07,409] - [INFO] - 响应报文：{'result': True, 'code': 200, 'msg': 'SUCCESS!', 'data': {'code': '0000', 'productId': '7014', 'body': {'channelCustId': '202204291436596699464', 'loanReqNo': '202204291436599957043', 'loanApplyNo': '20220429000002001', 'status': '01'}, 'message': '成功', 'channelId': 'ORANGE'}}
[2022-04-29 14:37:07,410] - [INFO] - 支用接口调用成功！
[2022-04-29 14:37:07,410] - [INFO] - 受理成功，处理中!
[2022-04-29 14:37:07,410] - [INFO] - 
                    姓名：逄无妍
                    身份证号：230129199605123268
                    手机号：16604296680
                    借款金额:1000
                    借款期次:3
                    channelCustId：202204291436596699464
                    creditReqNo：202204291436598861442
                    loanReqNo:202204291436599957043
                    
