[2022-04-08 10:19:17,848] - [INFO] - 授信申请
[2022-04-08 10:19:17,849] - [INFO] - [http://10.1.14.106:27405/channel/apitest/TCJQ/CREDIT_GRANTING]
[2022-04-08 10:19:17,849] - [INFO] - 请求报文：{'channelCustId': '202204081019176669953', 'creditReqNo': '202204081019178856554', 'name': '袁九萍', 'spelling': 'ZHANGTIAN', 'sex': '01', 'nationality': '中国', 'nation': '汉族', 'birthday': '1985/06/02', 'idType': '00', 'idNo': '320511199210064435', 'idStartDate': '2016/01/18', 'idEndDate': '2036/01/18', 'idOffice': '北京市东城区', 'marriage': '01', 'children': '00', 'supplyPeople': 3, 'house': '00', 'addProvince': '130000', 'addCity': '130100', 'addDistrict': '130101', 'addDetail': '东大街东大院', 'industry': 'C', 'profession': '11', 'workplaceName': 'AAA单位', 'workTel': '13162314539', 'workProvince': '110000', 'workCity': '110000', 'workDistrict': '110101', 'workDetailAdd': '西大街西大院', 'workAge': 8, 'income': '03', 'education': '06', 'school': '北京大学', 'phone': '18581821572', 'email': 'email163@qq.com', 'contacts': [{'relation': '00', 'name': '张三', 'phoneNo': '15638530000'}, {'relation': '01', 'name': '李四', 'phoneNo': '15638539999'}], 'bankCard': '6214660408101988', 'bankName': '建设银行', 'bankPhone': '18581821572', 'applyProvince': '110000', 'applyCity': '110000', 'applyDistrict': '110101', 'loanAmount': 5000, 'periods': '6', 'purpose': '01', 'direction': '01', 'payType': '00', 'payMerchantNo': '26666', 'authFlag': '01', 'deviceDetail': {'deviceId': '10-45-5-486', 'mac': '3a:b6:c6:5d:2e:f9', 'longitude': '121.551738', 'latitude': '31.224634', 'gpsCity': '上海市', 'ip': '106.14.135.199', 'ipCity': '上海', 'os': 'android', 'docDate': '2019/09/12'}, 'channelDetail': {'citizenshipCheckResult': '1', 'bankCheckResult': '1', 'telcoCheckResult': '1', 'consumeTimes': '1', 'creditTimes': '1', 'consumeScene': '1', 'frontId': '11', 'reverseId': '11', 'faceId': '11', 'woolFlag': '1', 'phoneFlag': '1', 'phoneTelco': '1', 'compScore': '650', 'repayAbilityScore': '650', 'comsAmount': '1', 'finAmount': '1', 'redPacket': '1', 'phoneAreaName': '上海市', 'modelScore': '650', 'whiteListFlag': '0', 'sugAmount': '3000.00', 'sugBasis': '2', 'loanGrade': 'A', 'registerTime': '1', 'realNameFlag': '1', 'realNameGrade': '1', 'transFlag': '1', 'custType': '', 'currLimit': 5000, 'currRemainLimit': 2000, 'currLimitOrg': 'DD', 'currLimitStartDate': '2021/05/31', 'currLimitEndDate': '2021/07/31', 'currTotalPrice': 28.11, 'firstLoanFlag': '1', 'unsettleLoanLimit': 1, 'settleLoanLimit': 1, 'lastLoanDate': '2021/04/21', 'loanAmount': 3000}, 'custType': '0'}
[2022-04-08 10:19:18,373] - [INFO] - 响应报文：{'result': True, 'code': 200, 'msg': 'SUCCESS!', 'data': {'code': '0000', 'productId': '7014', 'body': {'channelCustId': '202204081019176669953', 'creditReqNo': '202204081019178856554', 'creditApplyNo': '202204080000000001', 'status': '01'}, 'message': '成功', 'channelId': 'ORANGE'}}
[2022-04-08 10:19:18,374] - [INFO] - 授信接口调用成功！
[2022-04-08 10:19:18,374] - [INFO] - 授信受理成功，处理中！
[2022-04-08 10:19:18,375] - [INFO] - 授信结果查询
[2022-04-08 10:19:18,375] - [INFO] - ['http://10.1.14.106:27405/channel/apitest/TCJQ/CREDIT_INQUIRY']
[2022-04-08 10:19:18,376] - [INFO] - 请求报文：{'channelCustId': '202204081019176669953', 'creditReqNo': '202204081019178856554', 'creditApplyNo': '202204080000000001'}
[2022-04-08 10:19:18,488] - [INFO] - 响应报文：{'result': True, 'code': 200, 'msg': 'SUCCESS!', 'data': {'code': '0000', 'productId': '7014', 'body': {'channelCustId': '202204081019176669953', 'creditReqNo': '202204081019178856554', 'creditApplyNo': '202204080000000001', 'status': '00'}, 'message': '成功', 'channelId': 'ORANGE'}}
[2022-04-08 10:19:18,489] - [INFO] - 授信查询接口调用成功！
[2022-04-08 10:19:18,489] - [INFO] - 授信中！
[2022-04-08 10:19:21,505] - [INFO] - 授信结果查询
[2022-04-08 10:19:21,505] - [INFO] - ['http://10.1.14.106:27405/channel/apitest/TCJQ/CREDIT_INQUIRY']
[2022-04-08 10:19:21,506] - [INFO] - 请求报文：{'channelCustId': '202204081019176669953', 'creditReqNo': '202204081019178856554', 'creditApplyNo': '202204080000000001'}
[2022-04-08 10:19:21,574] - [INFO] - 响应报文：{'result': True, 'code': 200, 'msg': 'SUCCESS!', 'data': {'code': '0000', 'productId': '7014', 'body': {'channelCustId': '202204081019176669953', 'creditReqNo': '202204081019178856554', 'creditApplyNo': '202204080000000001', 'status': '00'}, 'message': '成功', 'channelId': 'ORANGE'}}
[2022-04-08 10:19:21,575] - [INFO] - 授信查询接口调用成功！
[2022-04-08 10:19:21,575] - [INFO] - 授信中！
[2022-04-08 10:19:24,579] - [INFO] - 授信结果查询
[2022-04-08 10:19:24,579] - [INFO] - ['http://10.1.14.106:27405/channel/apitest/TCJQ/CREDIT_INQUIRY']
[2022-04-08 10:19:24,580] - [INFO] - 请求报文：{'channelCustId': '202204081019176669953', 'creditReqNo': '202204081019178856554', 'creditApplyNo': '202204080000000001'}
[2022-04-08 10:19:24,624] - [INFO] - 响应报文：{'result': True, 'code': 200, 'msg': 'SUCCESS!', 'data': {'code': '0000', 'productId': '7014', 'body': {'channelCustId': '202204081019176669953', 'creditReqNo': '202204081019178856554', 'creditApplyNo': '202204080000000001', 'status': '00'}, 'message': '成功', 'channelId': 'ORANGE'}}
[2022-04-08 10:19:24,625] - [INFO] - 授信查询接口调用成功！
[2022-04-08 10:19:24,625] - [INFO] - 授信中！
[2022-04-08 10:19:27,627] - [INFO] - 授信结果查询
[2022-04-08 10:19:27,627] - [INFO] - ['http://10.1.14.106:27405/channel/apitest/TCJQ/CREDIT_INQUIRY']
[2022-04-08 10:19:27,628] - [INFO] - 请求报文：{'channelCustId': '202204081019176669953', 'creditReqNo': '202204081019178856554', 'creditApplyNo': '202204080000000001'}
[2022-04-08 10:19:27,674] - [INFO] - 响应报文：{'result': True, 'code': 200, 'msg': 'SUCCESS!', 'data': {'code': '0000', 'productId': '7014', 'body': {'channelCustId': '202204081019176669953', 'creditReqNo': '202204081019178856554', 'creditApplyNo': '202204080000000001', 'status': '00'}, 'message': '成功', 'channelId': 'ORANGE'}}
[2022-04-08 10:19:27,675] - [INFO] - 授信查询接口调用成功！
[2022-04-08 10:19:27,675] - [INFO] - 授信中！
[2022-04-08 10:19:30,684] - [INFO] - 授信结果查询
[2022-04-08 10:19:30,684] - [INFO] - ['http://10.1.14.106:27405/channel/apitest/TCJQ/CREDIT_INQUIRY']
[2022-04-08 10:19:30,685] - [INFO] - 请求报文：{'channelCustId': '202204081019176669953', 'creditReqNo': '202204081019178856554', 'creditApplyNo': '202204080000000001'}
[2022-04-08 10:19:30,730] - [INFO] - 响应报文：{'result': True, 'code': 200, 'msg': 'SUCCESS!', 'data': {'code': '0000', 'productId': '7014', 'body': {'channelCustId': '202204081019176669953', 'creditReqNo': '202204081019178856554', 'creditApplyNo': '202204080000000001', 'status': '00'}, 'message': '成功', 'channelId': 'ORANGE'}}
[2022-04-08 10:19:30,730] - [INFO] - 授信查询接口调用成功！
[2022-04-08 10:19:30,730] - [INFO] - 授信中！
[2022-04-08 10:19:33,742] - [INFO] - 授信结果查询
[2022-04-08 10:19:33,742] - [INFO] - ['http://10.1.14.106:27405/channel/apitest/TCJQ/CREDIT_INQUIRY']
[2022-04-08 10:19:33,742] - [INFO] - 请求报文：{'channelCustId': '202204081019176669953', 'creditReqNo': '202204081019178856554', 'creditApplyNo': '202204080000000001'}
[2022-04-08 10:19:34,069] - [INFO] - 响应报文：{'result': True, 'code': 200, 'msg': 'SUCCESS!', 'data': {'code': '0000', 'productId': '7014', 'body': {'creditDate': '2022/04/08', 'creditExpireDate': '2025/04/08', 'freezingDate': '', 'channelCustId': '202204081019176669953', 'creditReqNo': '202204081019178856554', 'creditApplyNo': '202204080000000001', 'creditState': '00', 'availAmount': 5000.0, 'creditAmount': 5000.0, 'status': '01'}, 'message': '成功', 'channelId': 'ORANGE'}}
[2022-04-08 10:19:34,069] - [INFO] - 授信查询接口调用成功！
[2022-04-08 10:19:34,069] - [INFO] - 授信通过！
[2022-04-08 10:19:34,070] - [INFO] - 更新客户信息表liveaddress
[2022-04-08 10:19:34,070] - [INFO] - update customer_info set liveaddress = '北京市市辖区东城区' where CERTID = '320511199210064435'
[2022-04-08 10:19:34,098] - [INFO] - 支用试算
[2022-04-08 10:19:34,098] - [INFO] - http://10.1.14.106:27405/channel/apitest/TCJQ/DISBURSE_TRIAL
[2022-04-08 10:19:34,098] - [INFO] - 请求报文：{'channelCustId': '202204081019176669953', 'periods': '6', 'name': '袁九萍', 'loanAmount': 1000, 'idNo': '320511199210064435', 'purpose': '00', 'idType': '00', 'addProvince': '130000', 'addCity': '130100', 'addDistrict': '130101', 'phone': '18581821572', 'addDetail': 'hahah', 'returnUrl': 'www.baidu.com'}
[2022-04-08 10:19:36,766] - [INFO] - 响应报文：{'result': True, 'code': 200, 'msg': 'SUCCESS!', 'data': {'code': '0000', 'productId': '7014', 'body': {'capitalUrl': 'http://124.239.138.231:8080/dadih5/sign/token/d7669780a97ac5886ceb13b4e5d58ecf', 'channelCustId': '202204081019176669953', 'repayPlanDetails': [{'principal': 164.63, 'period': 1, 'periodAmt': 178.71, 'premium': 9.0, 'interest': 5.08, 'repayDate': '2022/05/09'}, {'principal': 165.44, 'period': 2, 'periodAmt': 178.55, 'premium': 9.0, 'interest': 4.11, 'repayDate': '2022/06/09'}, {'principal': 166.26, 'period': 3, 'periodAmt': 178.55, 'premium': 9.0, 'interest': 3.29, 'repayDate': '2022/07/09'}, {'principal': 167.07, 'period': 4, 'periodAmt': 178.55, 'premium': 9.0, 'interest': 2.48, 'repayDate': '2022/08/09'}, {'principal': 167.9, 'period': 5, 'periodAmt': 178.55, 'premium': 9.0, 'interest': 1.65, 'repayDate': '2022/09/09'}, {'principal': 168.7, 'period': 6, 'periodAmt': 178.53, 'premium': 9.0, 'interest': 0.83, 'repayDate': '2022/10/09'}], 'capitalCode': 'HBBank', 'h5ReqApplyNo': '20220408000000001', 'status': '01'}, 'message': '成功', 'channelId': 'ORANGE'}}
[2022-04-08 10:19:36,766] - [INFO] - 本次试算资方为：HBBank
[2022-04-08 10:19:36,766] - [INFO] - 支用试算成功！
[2022-04-08 10:19:36,767] - [INFO] - 支用接口
[2022-04-08 10:19:36,767] - [INFO] - http://10.1.14.106:27405/channel/apitest/TCJQ/DISBURSE
[2022-04-08 10:19:36,767] - [INFO] - 请求报文：{'channelCustId': '202204081019176669953', 'loanReqNo': '202204081019179923042', 'creditReqNo': '202204081019178856554', 'h5ReqApplyNo': '20220408000000001', 'loanAmount': 1000, 'periods': '6', 'purpose': '01', 'bankCard': '6214660408101988', 'bankCode': '308584000013', 'bankName': '建设银行', 'bankPhone': '18581821572', 'longitude': '121.551738', 'latitude': '31.224634', 'ip': '192.168.1.2', 'capitalCode': 'HBBank', 'channelDetail': {'woolFlag': '1', 'phoneFlag': '1', 'phoneTelco': '1', 'compScore': '80', 'repayAbilityScore': '80', 'comsAmount': '4', 'finAmount': '2', 'redPacket': '2', 'phoneAreaName': '上海市', 'modelScore': '80', 'whiteListFlag': '0', 'loanGrade': 'A', 'registerTime': '2', 'realNameFlag': '1', 'realNameGrade': '1', 'transFlag': '1', 'custType': '', 'currLimit': 5000, 'currRemainLimit': 2000, 'currLimitOrg': 'DD', 'currLimitStartDate': '2021/05/31', 'currLimitEndDate': '2021/07/31', 'currTotalPrice': 28.11, 'firstLoanFlag': '1', 'unsettleLoanLimit': 1, 'settleLoanLimit': 1, 'lastLoanDate': '2021/04/21', 'loanAmount': 3000}, 'custType': '0'}
[2022-04-08 10:19:36,870] - [INFO] - 响应报文：{'result': True, 'code': 200, 'msg': 'SUCCESS!', 'data': {'code': '0000', 'productId': '7014', 'body': {'channelCustId': '202204081019176669953', 'loanReqNo': '202204081019179923042', 'loanApplyNo': '20220408000000002', 'status': '01'}, 'message': '成功', 'channelId': 'ORANGE'}}
[2022-04-08 10:19:36,870] - [INFO] - 支用接口调用成功！
[2022-04-08 10:19:36,870] - [INFO] - 受理成功，处理中!
[2022-04-08 10:19:36,870] - [INFO] - 
                    姓名：袁九萍
                    身份证号：320511199210064435
                    手机号：18581821572
                    借款金额:1000
                    借款期次:6
                    channelCustId：202204081019176669953
                    creditReqNo：202204081019178856554
                    loanReqNo:202204081019179923042
                    
