[2022-01-11 09:32:33,040] - [INFO] - ------开始执行------
[2022-01-11 09:32:35,175] - [INFO] - 改账务系统时间 2037/04/16
[2022-01-11 09:32:35,177] - [INFO] - 请求报文：{'date': '2037/04/16'}
[2022-01-11 09:32:35,226] - [INFO] - 响应报文：{'code': '0', 'message': '业务成功', 'data': '2037/04/16 09:32:35'}
[2022-01-11 09:32:35,227] - [INFO] - 改线上核心系统时间 2037/04/16
[2022-01-11 09:32:35,227] - [INFO] - 执行sql UPDATE system_setup SET businessdate = '2037/04/16' ,batchdate = '2037/04/16'
[2022-01-11 09:32:35,271] - [INFO] - 更新成功！
[2022-01-11 09:32:35,282] - [INFO] - 借据为逾期状态！
[2022-01-11 09:32:35,301] - [INFO] - 还款金额：1082.1
[2022-01-11 09:32:35,302] - [INFO] - 拍拍还款通知接口
[2022-01-11 09:32:35,302] - [INFO] - [http://10.1.14.106:27405/channel/apitest/PPDAI/PAYMENT_NOTICE]
[2022-01-11 09:32:35,303] - [INFO] - 请求报文：{'channelCustId': None, 'repayReqNo': '20220111093235771197', 'loanNo': '787-503612163301827043', 'repayPeriod': 1, 'repayAmt': 1082.1, 'repayType': '00', 'operateType': '00', 'payChannel': '01', 'transTime': '2037/04/16 13:14:00', 'repayTime': '2037/04/16 13:14:00', 'adRepayAmt': 0, 'adRepayChannel': '01'}
[2022-01-11 09:32:36,635] - [INFO] - 响应报文：{'result': True, 'code': 200, 'msg': 'SUCCESS!', 'data': {'channelCustId': '', 'errorCode': '', 'errorMsg': '', 'loanNo': '787-503612163301827043', 'repayNo': '20220111000000001', 'repayReqNo': '20220111093235771197', 'status': '01'}}
[2022-01-11 09:32:36,636] - [INFO] - 拍拍还款通知接口成功！
[2022-01-11 09:46:27,329] - [INFO] - ------开始执行------
[2022-01-11 09:46:28,289] - [INFO] - 借据号：787-503701143301829446，正常本金：4061.82，逾期本金：1984.31，本金：6046.13，利息：96.79，罚息：0，总和：6142.92
[2022-01-11 09:46:28,290] - [INFO] - 更新acct_loan表逾期金额（4061.82）和正常金额（1984.31）
[2022-01-11 09:46:28,309] - [INFO] - ------更新成功------
[2022-01-11 09:46:28,340] - [INFO] - 将数据插入acct_file_task_detail表
[2022-01-11 09:46:28,363] - [INFO] - ------插入成功------
[2022-01-11 09:46:28,381] - [INFO] - TASK_ID:460100011308200
[2022-01-11 09:46:28,382] - [INFO] - 索赔日：20370802
[2022-01-11 09:46:28,396] - [INFO] - 理赔申请文件生成成功
