[2022-05-17 09:51:11,119] - [INFO] - 授信申请
[2022-05-17 09:51:11,119] - [INFO] - [http://10.1.14.106:27405/channel/apitest/TCJQ/CREDIT_GRANTING]
[2022-05-17 09:51:11,119] - [INFO] - 请求报文：{'channelCustId': '20220517095111661329', 'creditReqNo': '202205170951118821699', 'name': '游器融', 'spelling': 'ZHANGTIAN', 'sex': '01', 'nationality': '中国', 'nation': '汉族', 'birthday': '1985/06/02', 'idType': '00', 'idNo': '532130199002192529', 'idStartDate': '2016/01/18', 'idEndDate': '2036/01/18', 'idOffice': '北京市东城区', 'marriage': '01', 'children': '00', 'supplyPeople': 3, 'house': '00', 'addProvince': '130000', 'addCity': '130100', 'addDistrict': '130101', 'addDetail': '东大街东大院', 'industry': 'C', 'profession': '11', 'workplaceName': 'AAA单位', 'workTel': '13162314539', 'workProvince': '110000', 'workCity': '110000', 'workDistrict': '110101', 'workDetailAdd': '西大街西大院', 'workAge': 8, 'income': '03', 'education': '06', 'school': '北京大学', 'phone': '16605174262', 'email': 'email163@qq.com', 'contacts': [{'relation': '00', 'name': '张三', 'phoneNo': '15638530000'}, {'relation': '01', 'name': '李四', 'phoneNo': '15638539999'}], 'bankCard': '6214660517095188', 'bankName': '建设银行', 'bankPhone': '16605174262', 'applyProvince': '110000', 'applyCity': '110000', 'applyDistrict': '110101', 'loanAmount': 5000, 'periods': '3', 'purpose': '01', 'direction': '01', 'payType': '00', 'payMerchantNo': '26666', 'authFlag': '01', 'deviceDetail': {'deviceId': '10-45-5-486', 'mac': '3a:b6:c6:5d:2e:f9', 'longitude': '121.551738', 'latitude': '31.224634', 'gpsCity': '上海市', 'ip': '106.14.135.199', 'ipCity': '上海', 'os': 'android', 'docDate': '2019/09/12'}, 'channelDetail': {'citizenshipCheckResult': '1', 'bankCheckResult': '1', 'telcoCheckResult': '1', 'consumeTimes': '1', 'creditTimes': '1', 'consumeScene': '1', 'frontId': '11', 'reverseId': '11', 'faceId': '11', 'woolFlag': '1', 'phoneFlag': '1', 'phoneTelco': '1', 'compScore': '650', 'repayAbilityScore': '650', 'comsAmount': '1', 'finAmount': '1', 'redPacket': '1', 'phoneAreaName': '上海市', 'modelScore': '650', 'whiteListFlag': '0', 'sugAmount': '3000.00', 'sugBasis': '2', 'loanGrade': 'A', 'registerTime': '1', 'realNameFlag': '1', 'realNameGrade': '1', 'transFlag': '1', 'custType': '', 'currLimit': 5000, 'currRemainLimit': 2000, 'currLimitOrg': 'DD', 'currLimitStartDate': '2021/05/31', 'currLimitEndDate': '2021/07/31', 'currTotalPrice': 28.11, 'firstLoanFlag': '1', 'unsettleLoanLimit': 1, 'settleLoanLimit': 1, 'lastLoanDate': '2021/04/21', 'loanAmount': 3000}, 'custType': '0'}
[2022-05-17 09:51:11,277] - [INFO] - 响应报文：{'result': True, 'code': 200, 'msg': 'SUCCESS!', 'data': {'code': '0000', 'productId': '7014', 'body': {'channelCustId': '20220517095111661329', 'creditReqNo': '202205170951118821699', 'creditApplyNo': '202205170000000002', 'status': '01'}, 'message': '成功', 'channelId': 'ORANGE'}}
[2022-05-17 09:51:11,277] - [INFO] - 授信接口调用成功！
[2022-05-17 09:51:11,278] - [INFO] - 授信受理成功，处理中！
[2022-05-17 09:51:11,279] - [INFO] - 授信申请
[2022-05-17 09:51:11,279] - [INFO] - [http://10.1.14.106:27405/channel/apitest/TCJQ/CREDIT_GRANTING]
[2022-05-17 09:51:11,279] - [INFO] - 请求报文：{'channelCustId': '202205170951116637756', 'creditReqNo': '202205170951118847454', 'name': '邵英', 'spelling': 'ZHANGTIAN', 'sex': '01', 'nationality': '中国', 'nation': '汉族', 'birthday': '1985/06/02', 'idType': '00', 'idNo': '130000199309275353', 'idStartDate': '2016/01/18', 'idEndDate': '2036/01/18', 'idOffice': '北京市东城区', 'marriage': '01', 'children': '00', 'supplyPeople': 3, 'house': '00', 'addProvince': '130000', 'addCity': '130100', 'addDistrict': '130101', 'addDetail': '东大街东大院', 'industry': 'C', 'profession': '11', 'workplaceName': 'AAA单位', 'workTel': '13162314539', 'workProvince': '110000', 'workCity': '110000', 'workDistrict': '110101', 'workDetailAdd': '西大街西大院', 'workAge': 8, 'income': '03', 'education': '06', 'school': '北京大学', 'phone': '16605177097', 'email': 'email163@qq.com', 'contacts': [{'relation': '00', 'name': '张三', 'phoneNo': '15638530000'}, {'relation': '01', 'name': '李四', 'phoneNo': '15638539999'}], 'bankCard': '6214660517095188', 'bankName': '建设银行', 'bankPhone': '16605177097', 'applyProvince': '110000', 'applyCity': '110000', 'applyDistrict': '110101', 'loanAmount': 5000, 'periods': '3', 'purpose': '01', 'direction': '01', 'payType': '00', 'payMerchantNo': '26666', 'authFlag': '01', 'deviceDetail': {'deviceId': '10-45-5-486', 'mac': '3a:b6:c6:5d:2e:f9', 'longitude': '121.551738', 'latitude': '31.224634', 'gpsCity': '上海市', 'ip': '106.14.135.199', 'ipCity': '上海', 'os': 'android', 'docDate': '2019/09/12'}, 'channelDetail': {'citizenshipCheckResult': '1', 'bankCheckResult': '1', 'telcoCheckResult': '1', 'consumeTimes': '1', 'creditTimes': '1', 'consumeScene': '1', 'frontId': '11', 'reverseId': '11', 'faceId': '11', 'woolFlag': '1', 'phoneFlag': '1', 'phoneTelco': '1', 'compScore': '650', 'repayAbilityScore': '650', 'comsAmount': '1', 'finAmount': '1', 'redPacket': '1', 'phoneAreaName': '上海市', 'modelScore': '650', 'whiteListFlag': '0', 'sugAmount': '3000.00', 'sugBasis': '2', 'loanGrade': 'A', 'registerTime': '1', 'realNameFlag': '1', 'realNameGrade': '1', 'transFlag': '1', 'custType': '', 'currLimit': 5000, 'currRemainLimit': 2000, 'currLimitOrg': 'DD', 'currLimitStartDate': '2021/05/31', 'currLimitEndDate': '2021/07/31', 'currTotalPrice': 28.11, 'firstLoanFlag': '1', 'unsettleLoanLimit': 1, 'settleLoanLimit': 1, 'lastLoanDate': '2021/04/21', 'loanAmount': 3000}, 'custType': '0'}
[2022-05-17 09:51:11,371] - [INFO] - 响应报文：{'result': True, 'code': 200, 'msg': 'SUCCESS!', 'data': {'code': '0000', 'productId': '7014', 'body': {'channelCustId': '202205170951116637756', 'creditReqNo': '202205170951118847454', 'creditApplyNo': '202205170000000003', 'status': '01'}, 'message': '成功', 'channelId': 'ORANGE'}}
[2022-05-17 09:51:11,371] - [INFO] - 授信接口调用成功！
[2022-05-17 09:51:11,371] - [INFO] - 授信受理成功，处理中！
[2022-05-17 09:51:11,373] - [INFO] - 授信申请
[2022-05-17 09:51:11,373] - [INFO] - [http://10.1.14.106:27405/channel/apitest/TCJQ/CREDIT_GRANTING]
[2022-05-17 09:51:11,373] - [INFO] - 请求报文：{'channelCustId': '202205170951116613108', 'creditReqNo': '202205170951118820284', 'name': '邴翔', 'spelling': 'ZHANGTIAN', 'sex': '01', 'nationality': '中国', 'nation': '汉族', 'birthday': '1985/06/02', 'idType': '00', 'idNo': '533101199512279682', 'idStartDate': '2016/01/18', 'idEndDate': '2036/01/18', 'idOffice': '北京市东城区', 'marriage': '01', 'children': '00', 'supplyPeople': 3, 'house': '00', 'addProvince': '130000', 'addCity': '130100', 'addDistrict': '130101', 'addDetail': '东大街东大院', 'industry': 'C', 'profession': '11', 'workplaceName': 'AAA单位', 'workTel': '13162314539', 'workProvince': '110000', 'workCity': '110000', 'workDistrict': '110101', 'workDetailAdd': '西大街西大院', 'workAge': 8, 'income': '03', 'education': '06', 'school': '北京大学', 'phone': '16605172908', 'email': 'email163@qq.com', 'contacts': [{'relation': '00', 'name': '张三', 'phoneNo': '15638530000'}, {'relation': '01', 'name': '李四', 'phoneNo': '15638539999'}], 'bankCard': '6214660517095188', 'bankName': '建设银行', 'bankPhone': '16605172908', 'applyProvince': '110000', 'applyCity': '110000', 'applyDistrict': '110101', 'loanAmount': 5000, 'periods': '3', 'purpose': '01', 'direction': '01', 'payType': '00', 'payMerchantNo': '26666', 'authFlag': '01', 'deviceDetail': {'deviceId': '10-45-5-486', 'mac': '3a:b6:c6:5d:2e:f9', 'longitude': '121.551738', 'latitude': '31.224634', 'gpsCity': '上海市', 'ip': '106.14.135.199', 'ipCity': '上海', 'os': 'android', 'docDate': '2019/09/12'}, 'channelDetail': {'citizenshipCheckResult': '1', 'bankCheckResult': '1', 'telcoCheckResult': '1', 'consumeTimes': '1', 'creditTimes': '1', 'consumeScene': '1', 'frontId': '11', 'reverseId': '11', 'faceId': '11', 'woolFlag': '1', 'phoneFlag': '1', 'phoneTelco': '1', 'compScore': '650', 'repayAbilityScore': '650', 'comsAmount': '1', 'finAmount': '1', 'redPacket': '1', 'phoneAreaName': '上海市', 'modelScore': '650', 'whiteListFlag': '0', 'sugAmount': '3000.00', 'sugBasis': '2', 'loanGrade': 'A', 'registerTime': '1', 'realNameFlag': '1', 'realNameGrade': '1', 'transFlag': '1', 'custType': '', 'currLimit': 5000, 'currRemainLimit': 2000, 'currLimitOrg': 'DD', 'currLimitStartDate': '2021/05/31', 'currLimitEndDate': '2021/07/31', 'currTotalPrice': 28.11, 'firstLoanFlag': '1', 'unsettleLoanLimit': 1, 'settleLoanLimit': 1, 'lastLoanDate': '2021/04/21', 'loanAmount': 3000}, 'custType': '0'}
[2022-05-17 09:51:11,817] - [INFO] - 响应报文：{'result': True, 'code': 200, 'msg': 'SUCCESS!', 'data': {'code': '0000', 'productId': '7014', 'body': {'channelCustId': '202205170951116613108', 'creditReqNo': '202205170951118820284', 'creditApplyNo': '202205170000000004', 'status': '01'}, 'message': '成功', 'channelId': 'ORANGE'}}
[2022-05-17 09:51:11,817] - [INFO] - 授信接口调用成功！
[2022-05-17 09:51:11,817] - [INFO] - 授信受理成功，处理中！
[2022-05-17 09:51:14,566] - [INFO] - 授信结果查询
[2022-05-17 09:51:14,566] - [INFO] - ['http://10.1.14.106:27405/channel/apitest/TCJQ/CREDIT_INQUIRY']
[2022-05-17 09:51:14,566] - [INFO] - 请求报文：{'channelCustId': '20220517095111661329', 'creditReqNo': '202205170951118821699', 'creditApplyNo': '202205170000000004'}
[2022-05-17 09:51:14,676] - [INFO] - 响应报文：{'result': True, 'code': 200, 'msg': 'SUCCESS!', 'data': {'code': '0000', 'productId': '7014', 'body': {'channelCustId': '20220517095111661329', 'creditReqNo': '202205170951118821699', 'creditApplyNo': '202205170000000002', 'status': '00'}, 'message': '成功', 'channelId': 'ORANGE'}}
[2022-05-17 09:51:14,676] - [INFO] - 授信查询接口调用成功！
[2022-05-17 09:51:14,677] - [INFO] - 授信中！
[2022-05-17 09:51:17,691] - [INFO] - 授信结果查询
[2022-05-17 09:51:17,691] - [INFO] - ['http://10.1.14.106:27405/channel/apitest/TCJQ/CREDIT_INQUIRY']
[2022-05-17 09:51:17,692] - [INFO] - 请求报文：{'channelCustId': '20220517095111661329', 'creditReqNo': '202205170951118821699', 'creditApplyNo': '202205170000000004'}
[2022-05-17 09:51:17,847] - [INFO] - 响应报文：{'result': True, 'code': 200, 'msg': 'SUCCESS!', 'data': {'code': '0000', 'productId': '7014', 'body': {'creditDate': '2022/05/17', 'creditExpireDate': '2025/05/17', 'freezingDate': '', 'channelCustId': '20220517095111661329', 'creditReqNo': '202205170951118821699', 'creditApplyNo': '202205170000000002', 'creditState': '00', 'availAmount': 5000.0, 'creditAmount': 5000.0, 'status': '01'}, 'message': '成功', 'channelId': 'ORANGE'}}
[2022-05-17 09:51:17,847] - [INFO] - 授信查询接口调用成功！
[2022-05-17 09:51:17,847] - [INFO] - 授信通过！
[2022-05-17 09:51:17,848] - [INFO] - 更新客户信息表liveaddress
[2022-05-17 09:51:17,848] - [INFO] - update customer_info set liveaddress = '北京市市辖区东城区' where CERTID = '532130199002192529'
[2022-05-17 09:51:17,880] - [INFO] - 支用试算
[2022-05-17 09:51:17,881] - [INFO] - http://10.1.14.106:27405/channel/apitest/TCJQ/DISBURSE_TRIAL
[2022-05-17 09:51:17,881] - [INFO] - 请求报文：{'channelCustId': '20220517095111661329', 'periods': '3', 'name': '游器融', 'loanAmount': 2000, 'idNo': '532130199002192529', 'purpose': '00', 'idType': '00', 'addProvince': '110000', 'addCity': '110100', 'addDistrict': '110101', 'phone': '16605174262', 'addDetail': 'hahah', 'returnUrl': 'www.baidu.com'}
[2022-05-17 09:51:18,440] - [INFO] - 响应报文：{'result': True, 'code': 200, 'msg': 'SUCCESS!', 'data': {'code': '0000', 'productId': '7014', 'body': {'channelCustId': '20220517095111661329', 'repayPlanDetails': [{'principal': 663.24, 'period': 1, 'periodAmt': 697.23, 'premium': 23.66, 'interest': 10.33, 'repayDate': '2039/07/01'}, {'principal': 666.66, 'period': 2, 'periodAmt': 697.23, 'premium': 23.66, 'interest': 6.91, 'repayDate': '2039/08/01'}, {'principal': 670.1, 'period': 3, 'periodAmt': 697.22, 'premium': 23.66, 'interest': 3.46, 'repayDate': '2039/09/01'}], 'capitalCode': 'FBBANK', 'status': '01'}, 'message': '成功', 'channelId': 'ORANGE'}}
[2022-05-17 09:51:18,440] - [INFO] - 本次试算资方为：FBBANK
[2022-05-17 09:51:18,440] - [INFO] - 支用试算成功！
[2022-05-17 09:51:18,441] - [INFO] - 支用接口
[2022-05-17 09:51:18,441] - [INFO] - http://10.1.14.106:27405/channel/apitest/TCJQ/DISBURSE
[2022-05-17 09:51:18,441] - [INFO] - 请求报文：{'channelCustId': '20220517095111661329', 'loanReqNo': '20220517095111995925', 'creditReqNo': '202205170951118821699', 'h5ReqApplyNo': '', 'loanAmount': 2000, 'periods': '3', 'purpose': '01', 'bankCard': '6214660517095188', 'bankCode': '308584000013', 'bankName': '建设银行', 'bankPhone': '16605174262', 'longitude': '121.551738', 'latitude': '31.224634', 'ip': '192.168.1.2', 'capitalCode': 'FBBANK', 'channelDetail': {'woolFlag': '1', 'phoneFlag': '1', 'phoneTelco': '1', 'compScore': '80', 'repayAbilityScore': '80', 'comsAmount': '4', 'finAmount': '2', 'redPacket': '2', 'phoneAreaName': '上海市', 'modelScore': '80', 'whiteListFlag': '0', 'loanGrade': 'A', 'registerTime': '2', 'realNameFlag': '1', 'realNameGrade': '1', 'transFlag': '1', 'custType': '', 'currLimit': 5000, 'currRemainLimit': 2000, 'currLimitOrg': 'DD', 'currLimitStartDate': '2021/05/31', 'currLimitEndDate': '2021/07/31', 'currTotalPrice': 28.11, 'firstLoanFlag': '1', 'unsettleLoanLimit': 1, 'settleLoanLimit': 1, 'lastLoanDate': '2021/04/21', 'loanAmount': 3000}, 'custType': '0'}
[2022-05-17 09:51:19,106] - [INFO] - 响应报文：{'result': True, 'code': 200, 'msg': 'SUCCESS!', 'data': {'code': '0000', 'productId': '7014', 'body': {'channelCustId': '20220517095111661329', 'loanReqNo': '20220517095111995925', 'loanApplyNo': '20220517000000001', 'status': '01'}, 'message': '成功', 'channelId': 'ORANGE'}}
[2022-05-17 09:51:19,106] - [INFO] - 支用接口调用成功！
[2022-05-17 09:51:19,107] - [INFO] - 受理成功，处理中!
[2022-05-17 09:51:19,107] - [INFO] - 
                    姓名：游器融
                    身份证号：532130199002192529
                    手机号：16605174262
                    借款金额:2000
                    借款期次:3
                    channelCustId：20220517095111661329
                    creditReqNo：202205170951118821699
                    loanReqNo:20220517095111995925
                    
[2022-05-17 09:51:19,107] - [INFO] - 授信结果查询
[2022-05-17 09:51:19,107] - [INFO] - ['http://10.1.14.106:27405/channel/apitest/TCJQ/CREDIT_INQUIRY']
[2022-05-17 09:51:19,108] - [INFO] - 请求报文：{'channelCustId': '202205170951116613108', 'creditReqNo': '202205170951118820284', 'creditApplyNo': '202205170000000004'}
[2022-05-17 09:51:19,186] - [INFO] - 响应报文：{'result': True, 'code': 200, 'msg': 'SUCCESS!', 'data': {'code': '0000', 'productId': '7014', 'body': {'creditDate': '2022/05/17', 'creditExpireDate': '2025/05/17', 'freezingDate': '', 'channelCustId': '202205170951116613108', 'creditReqNo': '202205170951118820284', 'creditApplyNo': '202205170000000004', 'creditState': '00', 'availAmount': 5000.0, 'creditAmount': 5000.0, 'status': '01'}, 'message': '成功', 'channelId': 'ORANGE'}}
[2022-05-17 09:51:19,186] - [INFO] - 授信查询接口调用成功！
[2022-05-17 09:51:19,186] - [INFO] - 授信通过！
[2022-05-17 09:51:19,187] - [INFO] - 更新客户信息表liveaddress
[2022-05-17 09:51:19,187] - [INFO] - update customer_info set liveaddress = '北京市市辖区东城区' where CERTID = '533101199512279682'
[2022-05-17 09:51:19,213] - [INFO] - 支用试算
[2022-05-17 09:51:19,213] - [INFO] - http://10.1.14.106:27405/channel/apitest/TCJQ/DISBURSE_TRIAL
[2022-05-17 09:51:19,214] - [INFO] - 请求报文：{'channelCustId': '202205170951116613108', 'periods': '3', 'name': '邴翔', 'loanAmount': 2000, 'idNo': '533101199512279682', 'purpose': '00', 'idType': '00', 'addProvince': '110000', 'addCity': '110100', 'addDistrict': '110101', 'phone': '16605172908', 'addDetail': 'hahah', 'returnUrl': 'www.baidu.com'}
[2022-05-17 09:51:19,801] - [INFO] - 响应报文：{'result': True, 'code': 200, 'msg': 'SUCCESS!', 'data': {'code': '0000', 'productId': '7014', 'body': {'channelCustId': '202205170951116613108', 'repayPlanDetails': [{'principal': 663.24, 'period': 1, 'periodAmt': 697.23, 'premium': 23.66, 'interest': 10.33, 'repayDate': '2039/07/01'}, {'principal': 666.66, 'period': 2, 'periodAmt': 697.23, 'premium': 23.66, 'interest': 6.91, 'repayDate': '2039/08/01'}, {'principal': 670.1, 'period': 3, 'periodAmt': 697.22, 'premium': 23.66, 'interest': 3.46, 'repayDate': '2039/09/01'}], 'capitalCode': 'FBBANK', 'status': '01'}, 'message': '成功', 'channelId': 'ORANGE'}}
[2022-05-17 09:51:19,802] - [INFO] - 本次试算资方为：FBBANK
[2022-05-17 09:51:19,802] - [INFO] - 支用试算成功！
[2022-05-17 09:51:19,802] - [INFO] - 支用接口
[2022-05-17 09:51:19,802] - [INFO] - http://10.1.14.106:27405/channel/apitest/TCJQ/DISBURSE
[2022-05-17 09:51:19,803] - [INFO] - 请求报文：{'channelCustId': '202205170951116613108', 'loanReqNo': '202205170951119973689', 'creditReqNo': '202205170951118820284', 'h5ReqApplyNo': '', 'loanAmount': 2000, 'periods': '3', 'purpose': '01', 'bankCard': '6214660517095188', 'bankCode': '308584000013', 'bankName': '建设银行', 'bankPhone': '16605172908', 'longitude': '121.551738', 'latitude': '31.224634', 'ip': '192.168.1.2', 'capitalCode': 'FBBANK', 'channelDetail': {'woolFlag': '1', 'phoneFlag': '1', 'phoneTelco': '1', 'compScore': '80', 'repayAbilityScore': '80', 'comsAmount': '4', 'finAmount': '2', 'redPacket': '2', 'phoneAreaName': '上海市', 'modelScore': '80', 'whiteListFlag': '0', 'loanGrade': 'A', 'registerTime': '2', 'realNameFlag': '1', 'realNameGrade': '1', 'transFlag': '1', 'custType': '', 'currLimit': 5000, 'currRemainLimit': 2000, 'currLimitOrg': 'DD', 'currLimitStartDate': '2021/05/31', 'currLimitEndDate': '2021/07/31', 'currTotalPrice': 28.11, 'firstLoanFlag': '1', 'unsettleLoanLimit': 1, 'settleLoanLimit': 1, 'lastLoanDate': '2021/04/21', 'loanAmount': 3000}, 'custType': '0'}
[2022-05-17 09:51:19,902] - [INFO] - 响应报文：{'result': True, 'code': 200, 'msg': 'SUCCESS!', 'data': {'code': '0000', 'productId': '7014', 'body': {'channelCustId': '202205170951116613108', 'loanReqNo': '202205170951119973689', 'loanApplyNo': '20220517000000002', 'status': '01'}, 'message': '成功', 'channelId': 'ORANGE'}}
[2022-05-17 09:51:19,902] - [INFO] - 支用接口调用成功！
[2022-05-17 09:51:19,903] - [INFO] - 受理成功，处理中!
[2022-05-17 09:51:19,903] - [INFO] - 
                    姓名：邴翔
                    身份证号：533101199512279682
                    手机号：16605172908
                    借款金额:2000
                    借款期次:3
                    channelCustId：202205170951116613108
                    creditReqNo：202205170951118820284
                    loanReqNo:202205170951119973689
                    
[2022-05-17 09:51:19,903] - [INFO] - 授信结果查询
[2022-05-17 09:51:19,903] - [INFO] - ['http://10.1.14.106:27405/channel/apitest/TCJQ/CREDIT_INQUIRY']
[2022-05-17 09:51:19,904] - [INFO] - 请求报文：{'channelCustId': '202205170951116637756', 'creditReqNo': '202205170951118847454', 'creditApplyNo': '202205170000000004'}
[2022-05-17 09:51:19,957] - [INFO] - 响应报文：{'result': True, 'code': 200, 'msg': 'SUCCESS!', 'data': {'code': '0000', 'productId': '7014', 'body': {'creditDate': '2022/05/17', 'creditExpireDate': '2025/05/17', 'freezingDate': '', 'channelCustId': '202205170951116637756', 'creditReqNo': '202205170951118847454', 'creditApplyNo': '202205170000000003', 'creditState': '00', 'availAmount': 5000.0, 'creditAmount': 5000.0, 'status': '01'}, 'message': '成功', 'channelId': 'ORANGE'}}
[2022-05-17 09:51:19,957] - [INFO] - 授信查询接口调用成功！
[2022-05-17 09:51:19,958] - [INFO] - 授信通过！
[2022-05-17 09:51:19,958] - [INFO] - 更新客户信息表liveaddress
[2022-05-17 09:51:19,958] - [INFO] - update customer_info set liveaddress = '北京市市辖区东城区' where CERTID = '130000199309275353'
[2022-05-17 09:51:19,981] - [INFO] - 支用试算
[2022-05-17 09:51:19,981] - [INFO] - http://10.1.14.106:27405/channel/apitest/TCJQ/DISBURSE_TRIAL
[2022-05-17 09:51:19,981] - [INFO] - 请求报文：{'channelCustId': '202205170951116637756', 'periods': '3', 'name': '邵英', 'loanAmount': 2000, 'idNo': '130000199309275353', 'purpose': '00', 'idType': '00', 'addProvince': '110000', 'addCity': '110100', 'addDistrict': '110101', 'phone': '16605177097', 'addDetail': 'hahah', 'returnUrl': 'www.baidu.com'}
[2022-05-17 09:51:20,457] - [INFO] - 响应报文：{'result': True, 'code': 200, 'msg': 'SUCCESS!', 'data': {'code': '0000', 'productId': '7014', 'body': {'channelCustId': '202205170951116637756', 'repayPlanDetails': [{'principal': 663.24, 'period': 1, 'periodAmt': 697.23, 'premium': 23.66, 'interest': 10.33, 'repayDate': '2039/07/01'}, {'principal': 666.66, 'period': 2, 'periodAmt': 697.23, 'premium': 23.66, 'interest': 6.91, 'repayDate': '2039/08/01'}, {'principal': 670.1, 'period': 3, 'periodAmt': 697.22, 'premium': 23.66, 'interest': 3.46, 'repayDate': '2039/09/01'}], 'capitalCode': 'FBBANK', 'status': '01'}, 'message': '成功', 'channelId': 'ORANGE'}}
[2022-05-17 09:51:20,457] - [INFO] - 本次试算资方为：FBBANK
[2022-05-17 09:51:20,457] - [INFO] - 支用试算成功！
[2022-05-17 09:51:20,457] - [INFO] - 支用接口
[2022-05-17 09:51:20,458] - [INFO] - http://10.1.14.106:27405/channel/apitest/TCJQ/DISBURSE
[2022-05-17 09:51:20,458] - [INFO] - 请求报文：{'channelCustId': '202205170951116637756', 'loanReqNo': '202205170951119954413', 'creditReqNo': '202205170951118847454', 'h5ReqApplyNo': '', 'loanAmount': 2000, 'periods': '3', 'purpose': '01', 'bankCard': '6214660517095188', 'bankCode': '308584000013', 'bankName': '建设银行', 'bankPhone': '16605177097', 'longitude': '121.551738', 'latitude': '31.224634', 'ip': '192.168.1.2', 'capitalCode': 'FBBANK', 'channelDetail': {'woolFlag': '1', 'phoneFlag': '1', 'phoneTelco': '1', 'compScore': '80', 'repayAbilityScore': '80', 'comsAmount': '4', 'finAmount': '2', 'redPacket': '2', 'phoneAreaName': '上海市', 'modelScore': '80', 'whiteListFlag': '0', 'loanGrade': 'A', 'registerTime': '2', 'realNameFlag': '1', 'realNameGrade': '1', 'transFlag': '1', 'custType': '', 'currLimit': 5000, 'currRemainLimit': 2000, 'currLimitOrg': 'DD', 'currLimitStartDate': '2021/05/31', 'currLimitEndDate': '2021/07/31', 'currTotalPrice': 28.11, 'firstLoanFlag': '1', 'unsettleLoanLimit': 1, 'settleLoanLimit': 1, 'lastLoanDate': '2021/04/21', 'loanAmount': 3000}, 'custType': '0'}
[2022-05-17 09:51:20,525] - [INFO] - 响应报文：{'result': True, 'code': 200, 'msg': 'SUCCESS!', 'data': {'code': '0000', 'productId': '7014', 'body': {'channelCustId': '202205170951116637756', 'loanReqNo': '202205170951119954413', 'loanApplyNo': '20220517000000003', 'status': '01'}, 'message': '成功', 'channelId': 'ORANGE'}}
[2022-05-17 09:51:20,526] - [INFO] - 支用接口调用成功！
[2022-05-17 09:51:20,526] - [INFO] - 受理成功，处理中!
[2022-05-17 09:51:20,527] - [INFO] - 
                    姓名：邵英
                    身份证号：130000199309275353
                    手机号：16605177097
                    借款金额:2000
                    借款期次:3
                    channelCustId：202205170951116637756
                    creditReqNo：202205170951118847454
                    loanReqNo:202205170951119954413
                    
[2022-05-17 09:51:41,256] - [INFO] - 投保信息接口
[2022-05-17 09:51:41,257] - [INFO] - http://10.1.14.106:27405/channel/apitest/HUANBEI/INSURE_INFO
[2022-05-17 09:51:41,257] - [INFO] - 请求报文：{'channelCustId': '', 'loanReqNo': '202205170951416689528', 'capitalCode': 'FBBANK', 'custGrde': 18, 'name': '符义荷', 'idNo': '340405199501026675', 'phone': '16605175404', 'amount': 3000, 'periods': '3', 'purpose': '01', 'addProvince': '110000', 'addCity': '110000', 'addDistrict': '110101', 'addDetail': '学霸路学渣小区1314弄520号', 'email': 'ybhdsg@hrtx.com', 'contactPhone': 'contactPhone', 'loanRate': 20.0, 'discountRate': 18}
[2022-05-17 09:51:41,737] - [INFO] - 响应报文：{'result': True, 'code': 200, 'msg': 'SUCCESS!', 'data': {'channelCustId': '', 'errorCode': '', 'errorMsg': '', 'insurAgencyUrl': 'https://test-h5.dsibc.com/market/detail?productCode=1059901&env=sit&loanReqNo=202205170951416689528&lp=20220517095141148000051032', 'loanApplyNo': '202205170951416689528', 'loanReqNo': '202205170951416689528'}}
[2022-05-17 09:51:41,737] - [INFO] - 投保信息接口成功！
[2022-05-17 09:51:41,737] - [INFO] - 投保资料查询接口
[2022-05-17 09:51:41,738] - [INFO] - http://10.1.14.106:27405/channel/apitest/HUANBEI/INSURE_DATA_QUERY
[2022-05-17 09:51:41,738] - [INFO] - 请求报文：{'loanReqNo': '202205170951416689528', 'token': '20220517095141148000051032'}
[2022-05-17 09:51:41,853] - [INFO] - 响应报文：{'result': True, 'code': 200, 'msg': 'SUCCESS!', 'data': {'discountRate': 0, 'insurantName': '富邦华一银行有限公司', 'purpose': '01', 'premiumRate': 0.64, 'loanReqNo': '202205170951416689528', 'premiumExcTax': 18.68, 'idNo': '340405199501026675', 'phoneNo': 'contactPhone', 'insurantAdd': '中国(上海)自由贸易试验区世纪大道1168号A座101室、18楼、19楼及20楼', 'claimPeriod': '80', 'periods': 3, 'taxFee': 1.12, 'email': 'ybhdsg@hrtx.com', 'monthlyFee': 19.8, 'addProvince': '110000', 'amount': 3000.0, 'address': '北京市北京市东城区学霸路学渣小区1314弄520号', 'irr': '18.00', 'addDistrict': '110101', 'addCity': '110000', 'annualIntRate': 6.2, 'addDetail': '学霸路学渣小区1314弄520号', 'phone': '16605175404', 'insAmount': 3093.0, 'name': '符义荷', 'postCode': '200122'}}
[2022-05-17 09:51:41,853] - [INFO] - 投保资料查询成功！
[2022-05-17 09:51:41,853] - [INFO] - 投保接口
[2022-05-17 09:51:41,854] - [INFO] - http://10.1.14.106:27405/channel/apitest/HUANBEI/INSURE
[2022-05-17 09:51:41,854] - [INFO] - 请求报文：{'agentNo': 'DingSheng', 'agentName': '鼎盛保险经纪', 'loanReqNo': '202205170951416689528', 'insReqNo': '202205170951416689528', 'name': '符义荷', 'idNo': '340405199501026675', 'phone': '16605175404', 'amount': 3000, 'periods': '3', 'purpose': '01', 'premiumRate': 0.64, 'insurantName': '哑巴湖大水怪', 'insurantAdd': '被保险人通讯地址', 'postCode': '110016', 'version': '', 'docVersion': ''}
[2022-05-17 09:51:41,952] - [INFO] - 响应报文：{'result': True, 'code': 200, 'msg': 'SUCCESS!', 'data': {'insReqNo': '5706703371810417', 'errorCode': '', 'loanReqNo': '202205170951416689528', 'errorMsg': '', 'status': '01'}}
[2022-05-17 09:51:41,952] - [INFO] - 已受理，处理中！
[2022-05-17 09:51:41,953] - [INFO] - 支用接口
[2022-05-17 09:51:41,953] - [INFO] - http://10.1.14.106:27405/channel/apitest/HUANBEI/DISBURSE
[2022-05-17 09:51:41,953] - [INFO] - 请求报文：{'channelCustId': '', 'loanReqNo': '202205170951416689528', 'loanRate': 20.0, 'discountRate': 18, 'name': '符义荷', 'spelling': 'LAIJING', 'sex': '00', 'nationality': '中国', 'nation': '汉族', 'birthday': '1993/12/12', 'idType': '00', 'loanAmount': 3000, 'periods': '3', 'phone': '16605175404', 'idNo': '340405199501026675', 'idStartDate': '2015/10/08', 'idEndDate': '2025/10/08', 'idOffice': '上海市崇明区太上皇路888弄001号', 'marriage': '00', 'children': '01', 'supplyPeople': 0, 'house': '09', 'addProvince': '110000', 'addCity': '110000', 'addDistrict': '110101', 'addDetail': '学霸路学渣小区250弄38号', 'industry': 'C', 'profession': '01', 'workplaceName': '中国大地保险公司', 'workTel': '0521-11122844', 'workProvince': '上海市', 'workCity': '上海市', 'workDistrict': '浦东新区', 'workDetailAdd': '证大五道口1199弄', 'workAge': 5, 'income': '02', 'education': '05', 'school': '哈弗大学', 'email': 'ybhdsg@hrtx.com', 'bankCard': '6214660517095188', 'bankName': '建设银行', 'bankPhone': '16605175404', 'applyProvince': '110000', 'applyCity': '110000', 'applyDistrict': '110101', 'purpose': '01', 'direction': '04', 'payType': '00', 'payMerchantNo': '', 'authFlag': '01', 'capitalCode': 'FBBANK', 'agrSignTime': '20200506175500', 'docDate': '', 'contacts': [{'relation': '01', 'name': '鼎盛一', 'phoneNo': '17613148801'}, {'relation': '00', 'name': '鼎盛二', 'phoneNo': '17613148802'}], 'deviceDetail': {'deviceId': '646876135467846554646', 'mac': 'NONE', 'longitude': '162.357159', 'latitude': '63.589634', 'gpsCity': '上海市', 'ip': '192.3.46.57', 'ipCity': '上海市', 'oS': 'ios'}, 'channelDetail': {'custGrade': 18, 'obtainCustType': '01', 'faceType': '01', 'faceScore': 70, 'verifyResult': '01', 'fourElementsResult': '01', 'limitDate': '2020/05/06', 'limit': 20000.0, 'balanceLimit': 20000.0, 'isFirstDisburse': 'Y', 'settleLoanCounts': 1, 'unclearedLoanCnts': 1, 'unclearedLoanBaln': 0, 'overdueD3Days': 'N', 'maxOverdueDays': 14, 'overdueDays': 4, 'overdueD3Cnts': 1, 'isCurrentOverdue': 'N', 'firstRepayOdCnts': 1, 'beforeLoanSocre': '', 'midLoanSocre': '', 'afterLoanSocre': '', 'custGrde': 18}}
[2022-05-17 09:51:42,235] - [INFO] - 响应报文：{'result': True, 'code': 200, 'msg': 'SUCCESS!', 'data': {'channelCustId': '', 'errorCode': '', 'errorMsg': '', 'loanApplyNo': '202205170000000005', 'loanReqNo': '202205170951416689528', 'status': '01'}}
[2022-05-17 09:51:42,235] - [INFO] - 支用受理成功，处理中！
[2022-05-17 09:51:42,237] - [INFO] - 投保信息接口
[2022-05-17 09:51:42,237] - [INFO] - http://10.1.14.106:27405/channel/apitest/HUANBEI/INSURE_INFO
[2022-05-17 09:51:42,237] - [INFO] - 请求报文：{'channelCustId': '', 'loanReqNo': '202205170951426664853', 'capitalCode': 'FBBANK', 'custGrde': 18, 'name': '宫南上士', 'idNo': '370304199101317047', 'phone': '16605177040', 'amount': 3000, 'periods': '3', 'purpose': '01', 'addProvince': '110000', 'addCity': '110000', 'addDistrict': '110101', 'addDetail': '学霸路学渣小区1314弄520号', 'email': 'ybhdsg@hrtx.com', 'contactPhone': 'contactPhone', 'loanRate': 20.0, 'discountRate': 18}
[2022-05-17 09:51:42,322] - [INFO] - 响应报文：{'result': True, 'code': 200, 'msg': 'SUCCESS!', 'data': {'channelCustId': '', 'errorCode': '', 'errorMsg': '', 'insurAgencyUrl': 'https://test-h5.dsibc.com/market/detail?productCode=1059901&env=sit&loanReqNo=202205170951426664853&lp=20220517095141734000051033', 'loanApplyNo': '202205170951426664853', 'loanReqNo': '202205170951426664853'}}
[2022-05-17 09:51:42,322] - [INFO] - 投保信息接口成功！
[2022-05-17 09:51:42,322] - [INFO] - 投保资料查询接口
[2022-05-17 09:51:42,322] - [INFO] - http://10.1.14.106:27405/channel/apitest/HUANBEI/INSURE_DATA_QUERY
[2022-05-17 09:51:42,323] - [INFO] - 请求报文：{'loanReqNo': '202205170951426664853', 'token': '20220517095141734000051033'}
[2022-05-17 09:51:42,389] - [INFO] - 响应报文：{'result': True, 'code': 200, 'msg': 'SUCCESS!', 'data': {'discountRate': 0, 'insurantName': '富邦华一银行有限公司', 'purpose': '01', 'premiumRate': 0.64, 'loanReqNo': '202205170951426664853', 'premiumExcTax': 18.68, 'idNo': '370304199101317047', 'phoneNo': 'contactPhone', 'insurantAdd': '中国(上海)自由贸易试验区世纪大道1168号A座101室、18楼、19楼及20楼', 'claimPeriod': '80', 'periods': 3, 'taxFee': 1.12, 'email': 'ybhdsg@hrtx.com', 'monthlyFee': 19.8, 'addProvince': '110000', 'amount': 3000.0, 'address': '北京市北京市东城区学霸路学渣小区1314弄520号', 'irr': '18.00', 'addDistrict': '110101', 'addCity': '110000', 'annualIntRate': 6.2, 'addDetail': '学霸路学渣小区1314弄520号', 'phone': '16605177040', 'insAmount': 3093.0, 'name': '宫南上士', 'postCode': '200122'}}
[2022-05-17 09:51:42,389] - [INFO] - 投保资料查询成功！
[2022-05-17 09:51:42,390] - [INFO] - 投保接口
[2022-05-17 09:51:42,390] - [INFO] - http://10.1.14.106:27405/channel/apitest/HUANBEI/INSURE
[2022-05-17 09:51:42,390] - [INFO] - 请求报文：{'agentNo': 'DingSheng', 'agentName': '鼎盛保险经纪', 'loanReqNo': '202205170951426664853', 'insReqNo': '202205170951426664853', 'name': '宫南上士', 'idNo': '370304199101317047', 'phone': '16605177040', 'amount': 3000, 'periods': '3', 'purpose': '01', 'premiumRate': 0.64, 'insurantName': '哑巴湖大水怪', 'insurantAdd': '被保险人通讯地址', 'postCode': '110016', 'version': '', 'docVersion': ''}
[2022-05-17 09:51:42,452] - [INFO] - 响应报文：{'result': True, 'code': 200, 'msg': 'SUCCESS!', 'data': {'insReqNo': '4547553207166041', 'errorCode': '', 'loanReqNo': '202205170951426664853', 'errorMsg': '', 'status': '01'}}
[2022-05-17 09:51:42,453] - [INFO] - 已受理，处理中！
[2022-05-17 09:51:42,453] - [INFO] - 支用接口
[2022-05-17 09:51:42,453] - [INFO] - http://10.1.14.106:27405/channel/apitest/HUANBEI/DISBURSE
[2022-05-17 09:51:42,453] - [INFO] - 请求报文：{'channelCustId': '', 'loanReqNo': '202205170951426664853', 'loanRate': 20.0, 'discountRate': 18, 'name': '宫南上士', 'spelling': 'LAIJING', 'sex': '00', 'nationality': '中国', 'nation': '汉族', 'birthday': '1993/12/12', 'idType': '00', 'loanAmount': 3000, 'periods': '3', 'phone': '16605177040', 'idNo': '370304199101317047', 'idStartDate': '2015/10/08', 'idEndDate': '2025/10/08', 'idOffice': '上海市崇明区太上皇路888弄001号', 'marriage': '00', 'children': '01', 'supplyPeople': 0, 'house': '09', 'addProvince': '110000', 'addCity': '110000', 'addDistrict': '110101', 'addDetail': '学霸路学渣小区250弄38号', 'industry': 'C', 'profession': '01', 'workplaceName': '中国大地保险公司', 'workTel': '0521-11122844', 'workProvince': '上海市', 'workCity': '上海市', 'workDistrict': '浦东新区', 'workDetailAdd': '证大五道口1199弄', 'workAge': 5, 'income': '02', 'education': '05', 'school': '哈弗大学', 'email': 'ybhdsg@hrtx.com', 'bankCard': '6214660517095188', 'bankName': '建设银行', 'bankPhone': '16605177040', 'applyProvince': '110000', 'applyCity': '110000', 'applyDistrict': '110101', 'purpose': '01', 'direction': '04', 'payType': '00', 'payMerchantNo': '', 'authFlag': '01', 'capitalCode': 'FBBANK', 'agrSignTime': '20200506175500', 'docDate': '', 'contacts': [{'relation': '01', 'name': '鼎盛一', 'phoneNo': '17613148801'}, {'relation': '00', 'name': '鼎盛二', 'phoneNo': '17613148802'}], 'deviceDetail': {'deviceId': '646876135467846554646', 'mac': 'NONE', 'longitude': '162.357159', 'latitude': '63.589634', 'gpsCity': '上海市', 'ip': '192.3.46.57', 'ipCity': '上海市', 'oS': 'ios'}, 'channelDetail': {'custGrade': 18, 'obtainCustType': '01', 'faceType': '01', 'faceScore': 70, 'verifyResult': '01', 'fourElementsResult': '01', 'limitDate': '2020/05/06', 'limit': 20000.0, 'balanceLimit': 20000.0, 'isFirstDisburse': 'Y', 'settleLoanCounts': 1, 'unclearedLoanCnts': 1, 'unclearedLoanBaln': 0, 'overdueD3Days': 'N', 'maxOverdueDays': 14, 'overdueDays': 4, 'overdueD3Cnts': 1, 'isCurrentOverdue': 'N', 'firstRepayOdCnts': 1, 'beforeLoanSocre': '', 'midLoanSocre': '', 'afterLoanSocre': '', 'custGrde': 18}}
[2022-05-17 09:51:42,555] - [INFO] - 响应报文：{'result': True, 'code': 200, 'msg': 'SUCCESS!', 'data': {'channelCustId': '', 'errorCode': '', 'errorMsg': '', 'loanApplyNo': '202205170000000006', 'loanReqNo': '202205170951426664853', 'status': '01'}}
[2022-05-17 09:51:42,555] - [INFO] - 支用受理成功，处理中！
[2022-05-17 09:51:42,557] - [INFO] - 投保信息接口
[2022-05-17 09:51:42,557] - [INFO] - http://10.1.14.106:27405/channel/apitest/HUANBEI/INSURE_INFO
[2022-05-17 09:51:42,557] - [INFO] - 请求报文：{'channelCustId': '', 'loanReqNo': '202205170951426641158', 'capitalCode': 'FBBANK', 'custGrde': 18, 'name': '卜萍', 'idNo': '510124199001186458', 'phone': '16605178041', 'amount': 3000, 'periods': '3', 'purpose': '01', 'addProvince': '110000', 'addCity': '110000', 'addDistrict': '110101', 'addDetail': '学霸路学渣小区1314弄520号', 'email': 'ybhdsg@hrtx.com', 'contactPhone': 'contactPhone', 'loanRate': 20.0, 'discountRate': 18}
[2022-05-17 09:51:42,623] - [INFO] - 响应报文：{'result': True, 'code': 200, 'msg': 'SUCCESS!', 'data': {'channelCustId': '', 'errorCode': '', 'errorMsg': '', 'insurAgencyUrl': 'https://test-h5.dsibc.com/market/detail?productCode=1059901&env=sit&loanReqNo=202205170951426641158&lp=20220517095142035000051034', 'loanApplyNo': '202205170951426641158', 'loanReqNo': '202205170951426641158'}}
[2022-05-17 09:51:42,623] - [INFO] - 投保信息接口成功！
[2022-05-17 09:51:42,623] - [INFO] - 投保资料查询接口
[2022-05-17 09:51:42,624] - [INFO] - http://10.1.14.106:27405/channel/apitest/HUANBEI/INSURE_DATA_QUERY
[2022-05-17 09:51:42,624] - [INFO] - 请求报文：{'loanReqNo': '202205170951426641158', 'token': '20220517095142035000051034'}
[2022-05-17 09:51:42,674] - [INFO] - 响应报文：{'result': True, 'code': 200, 'msg': 'SUCCESS!', 'data': {'discountRate': 0, 'insurantName': '富邦华一银行有限公司', 'purpose': '01', 'premiumRate': 0.64, 'loanReqNo': '202205170951426641158', 'premiumExcTax': 18.68, 'idNo': '510124199001186458', 'phoneNo': 'contactPhone', 'insurantAdd': '中国(上海)自由贸易试验区世纪大道1168号A座101室、18楼、19楼及20楼', 'claimPeriod': '80', 'periods': 3, 'taxFee': 1.12, 'email': 'ybhdsg@hrtx.com', 'monthlyFee': 19.8, 'addProvince': '110000', 'amount': 3000.0, 'address': '北京市北京市东城区学霸路学渣小区1314弄520号', 'irr': '18.00', 'addDistrict': '110101', 'addCity': '110000', 'annualIntRate': 6.2, 'addDetail': '学霸路学渣小区1314弄520号', 'phone': '16605178041', 'insAmount': 3093.0, 'name': '卜萍', 'postCode': '200122'}}
[2022-05-17 09:51:42,674] - [INFO] - 投保资料查询成功！
[2022-05-17 09:51:42,674] - [INFO] - 投保接口
[2022-05-17 09:51:42,675] - [INFO] - http://10.1.14.106:27405/channel/apitest/HUANBEI/INSURE
[2022-05-17 09:51:42,675] - [INFO] - 请求报文：{'agentNo': 'DingSheng', 'agentName': '鼎盛保险经纪', 'loanReqNo': '202205170951426641158', 'insReqNo': '202205170951426641158', 'name': '卜萍', 'idNo': '510124199001186458', 'phone': '16605178041', 'amount': 3000, 'periods': '3', 'purpose': '01', 'premiumRate': 0.64, 'insurantName': '哑巴湖大水怪', 'insurantAdd': '被保险人通讯地址', 'postCode': '110016', 'version': '', 'docVersion': ''}
[2022-05-17 09:51:42,721] - [INFO] - 响应报文：{'result': True, 'code': 200, 'msg': 'SUCCESS!', 'data': {'insReqNo': '6858627172447048', 'errorCode': '', 'loanReqNo': '202205170951426641158', 'errorMsg': '', 'status': '01'}}
[2022-05-17 09:51:42,722] - [INFO] - 已受理，处理中！
[2022-05-17 09:51:42,722] - [INFO] - 支用接口
[2022-05-17 09:51:42,722] - [INFO] - http://10.1.14.106:27405/channel/apitest/HUANBEI/DISBURSE
[2022-05-17 09:51:42,722] - [INFO] - 请求报文：{'channelCustId': '', 'loanReqNo': '202205170951426641158', 'loanRate': 20.0, 'discountRate': 18, 'name': '卜萍', 'spelling': 'LAIJING', 'sex': '00', 'nationality': '中国', 'nation': '汉族', 'birthday': '1993/12/12', 'idType': '00', 'loanAmount': 3000, 'periods': '3', 'phone': '16605178041', 'idNo': '510124199001186458', 'idStartDate': '2015/10/08', 'idEndDate': '2025/10/08', 'idOffice': '上海市崇明区太上皇路888弄001号', 'marriage': '00', 'children': '01', 'supplyPeople': 0, 'house': '09', 'addProvince': '110000', 'addCity': '110000', 'addDistrict': '110101', 'addDetail': '学霸路学渣小区250弄38号', 'industry': 'C', 'profession': '01', 'workplaceName': '中国大地保险公司', 'workTel': '0521-11122844', 'workProvince': '上海市', 'workCity': '上海市', 'workDistrict': '浦东新区', 'workDetailAdd': '证大五道口1199弄', 'workAge': 5, 'income': '02', 'education': '05', 'school': '哈弗大学', 'email': 'ybhdsg@hrtx.com', 'bankCard': '6214660517095188', 'bankName': '建设银行', 'bankPhone': '16605178041', 'applyProvince': '110000', 'applyCity': '110000', 'applyDistrict': '110101', 'purpose': '01', 'direction': '04', 'payType': '00', 'payMerchantNo': '', 'authFlag': '01', 'capitalCode': 'FBBANK', 'agrSignTime': '20200506175500', 'docDate': '', 'contacts': [{'relation': '01', 'name': '鼎盛一', 'phoneNo': '17613148801'}, {'relation': '00', 'name': '鼎盛二', 'phoneNo': '17613148802'}], 'deviceDetail': {'deviceId': '646876135467846554646', 'mac': 'NONE', 'longitude': '162.357159', 'latitude': '63.589634', 'gpsCity': '上海市', 'ip': '192.3.46.57', 'ipCity': '上海市', 'oS': 'ios'}, 'channelDetail': {'custGrade': 18, 'obtainCustType': '01', 'faceType': '01', 'faceScore': 70, 'verifyResult': '01', 'fourElementsResult': '01', 'limitDate': '2020/05/06', 'limit': 20000.0, 'balanceLimit': 20000.0, 'isFirstDisburse': 'Y', 'settleLoanCounts': 1, 'unclearedLoanCnts': 1, 'unclearedLoanBaln': 0, 'overdueD3Days': 'N', 'maxOverdueDays': 14, 'overdueDays': 4, 'overdueD3Cnts': 1, 'isCurrentOverdue': 'N', 'firstRepayOdCnts': 1, 'beforeLoanSocre': '', 'midLoanSocre': '', 'afterLoanSocre': '', 'custGrde': 18}}
[2022-05-17 09:51:42,798] - [INFO] - 响应报文：{'result': True, 'code': 200, 'msg': 'SUCCESS!', 'data': {'channelCustId': '', 'errorCode': '', 'errorMsg': '', 'loanApplyNo': '202205170000000007', 'loanReqNo': '202205170951426641158', 'status': '01'}}
[2022-05-17 09:51:42,798] - [INFO] - 支用受理成功，处理中！
[2022-05-17 09:51:54,194] - [INFO] - 投保信息接口
[2022-05-17 09:51:54,194] - [INFO] - http://10.1.14.106:27405/channel/apitest/PPDAI/INSURE_INFO
[2022-05-17 09:51:54,195] - [INFO] - 请求报文：{'channelCustId': '', 'insuranceNo': '202205170951546696985', 'name': '凌笑韵', 'idNo': '230622199402274077', 'idAddress': '浙江省杭州市江干区高教路119号', 'phone': '16605179034', 'amount': 1000, 'periods': '3', 'purpose': '01', 'capitalCode': 'FBBANK', 'custGrde': 20, 'email': 'ybhdsg@hrtx.com', 'contactPhone': '17613145209', 'callbackUrl': 'callbackUrl'}
[2022-05-17 09:51:54,268] - [INFO] - 响应报文：{'result': True, 'code': 200, 'msg': 'SUCCESS!', 'data': {'channelCustId': '', 'errorCode': '', 'errorMsg': '', 'insurUrl': 'https://test.95590.cn/openui_st/h5/#/paipai/application?env=sit&loanReqNo=202205170951546696985&lp=20220517095153681000051035', 'insuranceNo': '202205170951546696985', 'status': '01'}}
[2022-05-17 09:51:54,268] - [INFO] - 投保信息接口成功！
[2022-05-17 09:51:54,268] - [INFO] - 投保资料查询接口
[2022-05-17 09:51:54,269] - [INFO] - http://10.1.14.106:27405/channel/apitest/PPDAI/INSURE_DATA_QUERY
[2022-05-17 09:51:54,269] - [INFO] - 请求报文：{'loanReqNo': '202205170951546696985', 'token': '20220517095153681000051035'}
[2022-05-17 09:51:54,314] - [INFO] - 响应报文：{'result': True, 'code': 200, 'msg': 'SUCCESS!', 'data': {'discountRate': 0, 'insurantName': '富邦华一银行有限公司', 'purpose': '01', 'premiumRate': 0.749, 'loanReqNo': '202205170951546696985', 'premiumExcTax': 7.28, 'idNo': '230622199402274077', 'phoneNo': '17613145209', 'insurantAdd': '中国(上海)自由贸易试验区世纪大道1168号A座101室、18楼、19楼及20楼', 'claimPeriod': '80', 'periods': 3, 'taxFee': 0.44, 'email': 'ybhdsg@hrtx.com', 'monthlyFee': 7.72, 'addProvince': '', 'amount': 1000.0, 'address': '浙江省杭州市江干区高教路119号', 'irr': '20.00', 'addDistrict': '', 'addCity': '', 'annualIntRate': 6.2, 'addDetail': '浙江省杭州市江干区高教路119号', 'phone': '16605179034', 'insAmount': 1031.0, 'name': '凌笑韵', 'postCode': '200122'}}
[2022-05-17 09:51:54,314] - [INFO] - 投保资料查询成功！
[2022-05-17 09:51:54,314] - [INFO] - 投保接口
[2022-05-17 09:51:54,314] - [INFO] - http://10.1.14.106:27405/channel/apitest/PPDAI/INSURE
[2022-05-17 09:51:54,315] - [INFO] - 请求报文：{'agentNo': '', 'agentName': '', 'loanReqNo': '202205170951546696985', 'insReqNo': '202205170951546696985', 'name': '凌笑韵', 'idNo': '230622199402274077', 'phone': '16605179034', 'amount': 1000, 'periods': '3', 'purpose': '01', 'premiumRate': 0.749, 'insurantName': '富邦华一银行有限公司', 'insurantAdd': '上海浦东新区1239号', 'postCode': '200300', 'version': 'ccic-001', 'docVersion': 'ccic-002'}
[2022-05-17 09:51:54,357] - [INFO] - 响应报文：{'result': True, 'code': 200, 'msg': 'SUCCESS!', 'data': {'insReqNo': '0283261842168703', 'errorCode': '', 'loanReqNo': '', 'errorMsg': '', 'status': '01'}}
[2022-05-17 09:51:54,357] - [INFO] - 已受理，处理中！
[2022-05-17 09:51:54,357] - [INFO] - 授信接口
[2022-05-17 09:51:54,358] - [INFO] - http://10.1.14.106:27405/channel/apitest/PPDAI/CREDIT_GRANTING
[2022-05-17 09:51:54,358] - [INFO] - 请求报文：{'channelCustId': '', 'insuranceNo': '202205170951546696985', 'creditReqNo': '202205170951548824178', 'name': '凌笑韵', 'spelling': '', 'sex': '00', 'nationality': '中国', 'nation': '汉族', 'birthday': '1985/06/02', 'idType': '00', 'loanAmount': 1000, 'periods': '3', 'idNo': '230622199402274077', 'phone': '16605179034', 'idStartDate': '2016/09/04', 'idEndDate': '2026/09/04', 'idOffice': '浩然天下宝瓶洲大骊王朝落坡山办祖师堂', 'idAddress': '浙江省杭州市江干区高教路119号', 'marriage': '00', 'children': '', 'supplyPeople': 0, 'house': '', 'addProvince': '', 'addCity': '', 'addDistrict': '', 'addDetail': '', 'industry': 'C', 'profession': '07', 'workplaceName': '大地保险公司', 'workTel': '', 'workProvince': '', 'workCity': '', 'workDistrict': '', 'workDetailAdd': '', 'workAge': 0, 'income': '01', 'education': '05', 'school': '', 'email': 'ybhdsg@hrtx.com', 'contacts': [{'relation': '00', 'name': '哑巴湖大水怪', 'phoneNo': '17613145210'}, {'relation': '00', 'name': '哑巴湖大水怪', 'phoneNo': '17613145210'}], 'bankCard': '6214660517095188', 'bankName': '建设银行', 'bankPhone': '16605179034', 'applyProvince': '', 'applyCity': '', 'applyDistrict': '', 'purpose': '01', 'direction': '', 'payType': '', 'payMerchantNo': '', 'authFlag': '01', 'deviceDetail': {'deviceId': '', 'mac': '', 'longitude': '', 'latitude': '', 'gpsCity': '', 'ip': '', 'ipCity': '', 'oS': 'ios'}, 'channelDetail': {'capitalCode': 'FBBANK', 'custGrde': 20, 'applyEntry': 'applyEntry', 'faceRecoType': 'LINKFACE', 'faceRecoScore': 99, 'creditDuration': '2020/08/19', 'currLimit': 50000, 'currRemainLimit': 50000, 'firstLoanFlag': 'Y', 'overdueFlag': 'N', 'settleLoanNum': 0, 'unsettleLoanLimit': 0, 'unsettleLoanNum': 0, 'longestOverPeriod': 0, 'compScore': '1', 'realFaceCheckResult': '1', 'citizenshipCheckResult': '1', 'bankCheckResult': '1', 'telcoCheckResult': '1'}, 'docDate': '2022/05/17'}
[2022-05-17 09:51:54,560] - [INFO] - 响应报文：{'result': True, 'code': 200, 'msg': 'SUCCESS!', 'data': {'channelCustId': '', 'creditApplyNo': '202205170000000008', 'creditReqNo': '202205170951548824178', 'errorCode': '', 'errorMsg': '', 'status': '01'}}
[2022-05-17 09:51:54,560] - [INFO] - 授信受理成功，处理中！
[2022-05-17 09:51:54,562] - [INFO] - 投保信息接口
[2022-05-17 09:51:54,562] - [INFO] - http://10.1.14.106:27405/channel/apitest/PPDAI/INSURE_INFO
[2022-05-17 09:51:54,562] - [INFO] - 请求报文：{'channelCustId': '', 'insuranceNo': '202205170951546670116', 'name': '邴歌以', 'idNo': '211481199010292563', 'idAddress': '浙江省杭州市江干区高教路119号', 'phone': '16605172731', 'amount': 1000, 'periods': '3', 'purpose': '01', 'capitalCode': 'FBBANK', 'custGrde': 20, 'email': 'ybhdsg@hrtx.com', 'contactPhone': '17613145209', 'callbackUrl': 'callbackUrl'}
[2022-05-17 09:51:54,622] - [INFO] - 响应报文：{'result': True, 'code': 200, 'msg': 'SUCCESS!', 'data': {'channelCustId': '', 'errorCode': '', 'errorMsg': '', 'insurUrl': 'https://test.95590.cn/openui_st/h5/#/paipai/application?env=sit&loanReqNo=202205170951546670116&lp=20220517095154034000051036', 'insuranceNo': '202205170951546670116', 'status': '01'}}
[2022-05-17 09:51:54,622] - [INFO] - 投保信息接口成功！
[2022-05-17 09:51:54,623] - [INFO] - 投保资料查询接口
[2022-05-17 09:51:54,623] - [INFO] - http://10.1.14.106:27405/channel/apitest/PPDAI/INSURE_DATA_QUERY
[2022-05-17 09:51:54,623] - [INFO] - 请求报文：{'loanReqNo': '202205170951546670116', 'token': '20220517095154034000051036'}
[2022-05-17 09:51:54,673] - [INFO] - 响应报文：{'result': True, 'code': 200, 'msg': 'SUCCESS!', 'data': {'discountRate': 0, 'insurantName': '富邦华一银行有限公司', 'purpose': '01', 'premiumRate': 0.749, 'loanReqNo': '202205170951546670116', 'premiumExcTax': 7.28, 'idNo': '211481199010292563', 'phoneNo': '17613145209', 'insurantAdd': '中国(上海)自由贸易试验区世纪大道1168号A座101室、18楼、19楼及20楼', 'claimPeriod': '80', 'periods': 3, 'taxFee': 0.44, 'email': 'ybhdsg@hrtx.com', 'monthlyFee': 7.72, 'addProvince': '', 'amount': 1000.0, 'address': '浙江省杭州市江干区高教路119号', 'irr': '20.00', 'addDistrict': '', 'addCity': '', 'annualIntRate': 6.2, 'addDetail': '浙江省杭州市江干区高教路119号', 'phone': '16605172731', 'insAmount': 1031.0, 'name': '邴歌以', 'postCode': '200122'}}
[2022-05-17 09:51:54,673] - [INFO] - 投保资料查询成功！
[2022-05-17 09:51:54,673] - [INFO] - 投保接口
[2022-05-17 09:51:54,673] - [INFO] - http://10.1.14.106:27405/channel/apitest/PPDAI/INSURE
[2022-05-17 09:51:54,674] - [INFO] - 请求报文：{'agentNo': '', 'agentName': '', 'loanReqNo': '202205170951546670116', 'insReqNo': '202205170951546670116', 'name': '邴歌以', 'idNo': '211481199010292563', 'phone': '16605172731', 'amount': 1000, 'periods': '3', 'purpose': '01', 'premiumRate': 0.749, 'insurantName': '富邦华一银行有限公司', 'insurantAdd': '上海浦东新区1239号', 'postCode': '200300', 'version': 'ccic-001', 'docVersion': 'ccic-002'}
[2022-05-17 09:51:54,718] - [INFO] - 响应报文：{'result': True, 'code': 200, 'msg': 'SUCCESS!', 'data': {'insReqNo': '0410220353305662', 'errorCode': '', 'loanReqNo': '', 'errorMsg': '', 'status': '01'}}
[2022-05-17 09:51:54,718] - [INFO] - 已受理，处理中！
[2022-05-17 09:51:54,718] - [INFO] - 授信接口
[2022-05-17 09:51:54,719] - [INFO] - http://10.1.14.106:27405/channel/apitest/PPDAI/CREDIT_GRANTING
[2022-05-17 09:51:54,719] - [INFO] - 请求报文：{'channelCustId': '', 'insuranceNo': '202205170951546670116', 'creditReqNo': '202205170951548875903', 'name': '邴歌以', 'spelling': '', 'sex': '00', 'nationality': '中国', 'nation': '汉族', 'birthday': '1985/06/02', 'idType': '00', 'loanAmount': 1000, 'periods': '3', 'idNo': '211481199010292563', 'phone': '16605172731', 'idStartDate': '2016/09/04', 'idEndDate': '2026/09/04', 'idOffice': '浩然天下宝瓶洲大骊王朝落坡山办祖师堂', 'idAddress': '浙江省杭州市江干区高教路119号', 'marriage': '00', 'children': '', 'supplyPeople': 0, 'house': '', 'addProvince': '', 'addCity': '', 'addDistrict': '', 'addDetail': '', 'industry': 'C', 'profession': '07', 'workplaceName': '大地保险公司', 'workTel': '', 'workProvince': '', 'workCity': '', 'workDistrict': '', 'workDetailAdd': '', 'workAge': 0, 'income': '01', 'education': '05', 'school': '', 'email': 'ybhdsg@hrtx.com', 'contacts': [{'relation': '00', 'name': '哑巴湖大水怪', 'phoneNo': '17613145210'}, {'relation': '00', 'name': '哑巴湖大水怪', 'phoneNo': '17613145210'}], 'bankCard': '6214660517095188', 'bankName': '建设银行', 'bankPhone': '16605172731', 'applyProvince': '', 'applyCity': '', 'applyDistrict': '', 'purpose': '01', 'direction': '', 'payType': '', 'payMerchantNo': '', 'authFlag': '01', 'deviceDetail': {'deviceId': '', 'mac': '', 'longitude': '', 'latitude': '', 'gpsCity': '', 'ip': '', 'ipCity': '', 'oS': 'ios'}, 'channelDetail': {'capitalCode': 'FBBANK', 'custGrde': 20, 'applyEntry': 'applyEntry', 'faceRecoType': 'LINKFACE', 'faceRecoScore': 99, 'creditDuration': '2020/08/19', 'currLimit': 50000, 'currRemainLimit': 50000, 'firstLoanFlag': 'Y', 'overdueFlag': 'N', 'settleLoanNum': 0, 'unsettleLoanLimit': 0, 'unsettleLoanNum': 0, 'longestOverPeriod': 0, 'compScore': '1', 'realFaceCheckResult': '1', 'citizenshipCheckResult': '1', 'bankCheckResult': '1', 'telcoCheckResult': '1'}, 'docDate': '2022/05/17'}
[2022-05-17 09:51:54,810] - [INFO] - 响应报文：{'result': True, 'code': 200, 'msg': 'SUCCESS!', 'data': {'channelCustId': '', 'creditApplyNo': '202205170000000009', 'creditReqNo': '202205170951548875903', 'errorCode': '', 'errorMsg': '', 'status': '01'}}
[2022-05-17 09:51:54,810] - [INFO] - 授信受理成功，处理中！
[2022-05-17 09:51:54,812] - [INFO] - 投保信息接口
[2022-05-17 09:51:54,813] - [INFO] - http://10.1.14.106:27405/channel/apitest/PPDAI/INSURE_INFO
[2022-05-17 09:51:54,813] - [INFO] - 请求报文：{'channelCustId': '', 'insuranceNo': '202205170951546621575', 'name': '元卡江', 'idNo': '330304199707297987', 'idAddress': '浙江省杭州市江干区高教路119号', 'phone': '16605179172', 'amount': 1000, 'periods': '3', 'purpose': '01', 'capitalCode': 'FBBANK', 'custGrde': 20, 'email': 'ybhdsg@hrtx.com', 'contactPhone': '17613145209', 'callbackUrl': 'callbackUrl'}
[2022-05-17 09:51:54,874] - [INFO] - 响应报文：{'result': True, 'code': 200, 'msg': 'SUCCESS!', 'data': {'channelCustId': '', 'errorCode': '', 'errorMsg': '', 'insurUrl': 'https://test.95590.cn/openui_st/h5/#/paipai/application?env=sit&loanReqNo=202205170951546621575&lp=20220517095154286000051037', 'insuranceNo': '202205170951546621575', 'status': '01'}}
[2022-05-17 09:51:54,875] - [INFO] - 投保信息接口成功！
[2022-05-17 09:51:54,875] - [INFO] - 投保资料查询接口
[2022-05-17 09:51:54,875] - [INFO] - http://10.1.14.106:27405/channel/apitest/PPDAI/INSURE_DATA_QUERY
[2022-05-17 09:51:54,876] - [INFO] - 请求报文：{'loanReqNo': '202205170951546621575', 'token': '20220517095154286000051037'}
[2022-05-17 09:51:54,920] - [INFO] - 响应报文：{'result': True, 'code': 200, 'msg': 'SUCCESS!', 'data': {'discountRate': 0, 'insurantName': '富邦华一银行有限公司', 'purpose': '01', 'premiumRate': 0.749, 'loanReqNo': '202205170951546621575', 'premiumExcTax': 7.28, 'idNo': '330304199707297987', 'phoneNo': '17613145209', 'insurantAdd': '中国(上海)自由贸易试验区世纪大道1168号A座101室、18楼、19楼及20楼', 'claimPeriod': '80', 'periods': 3, 'taxFee': 0.44, 'email': 'ybhdsg@hrtx.com', 'monthlyFee': 7.72, 'addProvince': '', 'amount': 1000.0, 'address': '浙江省杭州市江干区高教路119号', 'irr': '20.00', 'addDistrict': '', 'addCity': '', 'annualIntRate': 6.2, 'addDetail': '浙江省杭州市江干区高教路119号', 'phone': '16605179172', 'insAmount': 1031.0, 'name': '元卡江', 'postCode': '200122'}}
[2022-05-17 09:51:54,920] - [INFO] - 投保资料查询成功！
[2022-05-17 09:51:54,921] - [INFO] - 投保接口
[2022-05-17 09:51:54,921] - [INFO] - http://10.1.14.106:27405/channel/apitest/PPDAI/INSURE
[2022-05-17 09:51:54,921] - [INFO] - 请求报文：{'agentNo': '', 'agentName': '', 'loanReqNo': '202205170951546621575', 'insReqNo': '202205170951546621575', 'name': '元卡江', 'idNo': '330304199707297987', 'phone': '16605179172', 'amount': 1000, 'periods': '3', 'purpose': '01', 'premiumRate': 0.749, 'insurantName': '富邦华一银行有限公司', 'insurantAdd': '上海浦东新区1239号', 'postCode': '200300', 'version': 'ccic-001', 'docVersion': 'ccic-002'}
[2022-05-17 09:51:54,965] - [INFO] - 响应报文：{'result': True, 'code': 200, 'msg': 'SUCCESS!', 'data': {'insReqNo': '6120376013005351', 'errorCode': '', 'loanReqNo': '', 'errorMsg': '', 'status': '01'}}
[2022-05-17 09:51:54,965] - [INFO] - 已受理，处理中！
[2022-05-17 09:51:54,966] - [INFO] - 授信接口
[2022-05-17 09:51:54,966] - [INFO] - http://10.1.14.106:27405/channel/apitest/PPDAI/CREDIT_GRANTING
[2022-05-17 09:51:54,966] - [INFO] - 请求报文：{'channelCustId': '', 'insuranceNo': '202205170951546621575', 'creditReqNo': '202205170951548866299', 'name': '元卡江', 'spelling': '', 'sex': '00', 'nationality': '中国', 'nation': '汉族', 'birthday': '1985/06/02', 'idType': '00', 'loanAmount': 1000, 'periods': '3', 'idNo': '330304199707297987', 'phone': '16605179172', 'idStartDate': '2016/09/04', 'idEndDate': '2026/09/04', 'idOffice': '浩然天下宝瓶洲大骊王朝落坡山办祖师堂', 'idAddress': '浙江省杭州市江干区高教路119号', 'marriage': '00', 'children': '', 'supplyPeople': 0, 'house': '', 'addProvince': '', 'addCity': '', 'addDistrict': '', 'addDetail': '', 'industry': 'C', 'profession': '07', 'workplaceName': '大地保险公司', 'workTel': '', 'workProvince': '', 'workCity': '', 'workDistrict': '', 'workDetailAdd': '', 'workAge': 0, 'income': '01', 'education': '05', 'school': '', 'email': 'ybhdsg@hrtx.com', 'contacts': [{'relation': '00', 'name': '哑巴湖大水怪', 'phoneNo': '17613145210'}, {'relation': '00', 'name': '哑巴湖大水怪', 'phoneNo': '17613145210'}], 'bankCard': '6214660517095188', 'bankName': '建设银行', 'bankPhone': '16605179172', 'applyProvince': '', 'applyCity': '', 'applyDistrict': '', 'purpose': '01', 'direction': '', 'payType': '', 'payMerchantNo': '', 'authFlag': '01', 'deviceDetail': {'deviceId': '', 'mac': '', 'longitude': '', 'latitude': '', 'gpsCity': '', 'ip': '', 'ipCity': '', 'oS': 'ios'}, 'channelDetail': {'capitalCode': 'FBBANK', 'custGrde': 20, 'applyEntry': 'applyEntry', 'faceRecoType': 'LINKFACE', 'faceRecoScore': 99, 'creditDuration': '2020/08/19', 'currLimit': 50000, 'currRemainLimit': 50000, 'firstLoanFlag': 'Y', 'overdueFlag': 'N', 'settleLoanNum': 0, 'unsettleLoanLimit': 0, 'unsettleLoanNum': 0, 'longestOverPeriod': 0, 'compScore': '1', 'realFaceCheckResult': '1', 'citizenshipCheckResult': '1', 'bankCheckResult': '1', 'telcoCheckResult': '1'}, 'docDate': '2022/05/17'}
[2022-05-17 09:51:55,048] - [INFO] - 响应报文：{'result': True, 'code': 200, 'msg': 'SUCCESS!', 'data': {'channelCustId': '', 'creditApplyNo': '202205170000000010', 'creditReqNo': '202205170951548866299', 'errorCode': '', 'errorMsg': '', 'status': '01'}}
[2022-05-17 09:51:55,049] - [INFO] - 授信受理成功，处理中！
[2022-05-17 09:52:00,062] - [INFO] - 授信结果查询
[2022-05-17 09:52:00,062] - [INFO] - http://10.1.14.106:27405/channel/apitest/PPDAI/CREDIT_INQUIRY
[2022-05-17 09:52:00,063] - [INFO] - 请求报文：{'channelCustId': '', 'creditReqNo': '202205170951548824178'}
[2022-05-17 09:52:00,110] - [INFO] - 响应报文：{'result': True, 'code': 200, 'msg': 'SUCCESS!', 'data': {'channelCustId': '', 'creditApplyNo': '202205170000000008', 'creditDate': '', 'creditExpireDate': '', 'creditReqNo': '202205170951548824178', 'creditState': '', 'errorCode': '', 'errorMsg': '', 'status': '00'}}
[2022-05-17 09:52:00,111] - [INFO] - 授信查询接口调用成功！
[2022-05-17 09:52:00,111] - [INFO] - 授信中！
[2022-05-17 09:52:03,115] - [INFO] - 授信结果查询
[2022-05-17 09:52:03,115] - [INFO] - http://10.1.14.106:27405/channel/apitest/PPDAI/CREDIT_INQUIRY
[2022-05-17 09:52:03,116] - [INFO] - 请求报文：{'channelCustId': '', 'creditReqNo': '202205170951548824178'}
[2022-05-17 09:52:03,177] - [INFO] - 响应报文：{'result': True, 'code': 200, 'msg': 'SUCCESS!', 'data': {'availAmount': 30000.0, 'channelCustId': '', 'creditAmount': 30000.0, 'creditApplyNo': '202205170000000008', 'creditDate': '2022/05/17', 'creditExpireDate': '2025/05/17', 'creditReqNo': '202205170951548824178', 'creditState': '00', 'errorCode': '', 'errorMsg': '', 'status': '01'}}
[2022-05-17 09:52:03,177] - [INFO] - 授信查询接口调用成功！
[2022-05-17 09:52:03,178] - [INFO] - 授信通过！
[2022-05-17 09:52:03,178] - [INFO] - 支用接口
[2022-05-17 09:52:03,178] - [INFO] - http://10.1.14.106:27405/channel/apitest/PPDAI/DISBURSE
[2022-05-17 09:52:03,178] - [INFO] - 请求报文：{'channelCustId': '', 'loanReqNo': '202205170951546696985', 'insuranceNo': '', 'creditReqNo': '202205170951548824178'}
[2022-05-17 09:52:03,279] - [INFO] - 响应报文：{'result': True, 'code': 200, 'msg': 'SUCCESS!', 'data': {'channelCustId': '', 'errorCode': '', 'errorMsg': '', 'loanApplyNo': '20220517000000004', 'loanReqNo': '202205170951546696985', 'status': '01'}}
[2022-05-17 09:52:03,279] - [INFO] - 支用受理成功，处理中！
[2022-05-17 09:52:03,279] - [INFO] - 
                            姓名：凌笑韵
                            身份证号：230622199402274077
                            手机号：16605179034
                            借款金额:1000
                            借款期次:3
                            loanReqNo:202205170951546696985
                            creditReqNo:202205170951548824178
                        
[2022-05-17 09:52:03,280] - [INFO] - 授信结果查询
[2022-05-17 09:52:03,280] - [INFO] - http://10.1.14.106:27405/channel/apitest/PPDAI/CREDIT_INQUIRY
[2022-05-17 09:52:03,280] - [INFO] - 请求报文：{'channelCustId': '', 'creditReqNo': '202205170951548866299'}
[2022-05-17 09:52:03,335] - [INFO] - 响应报文：{'result': True, 'code': 200, 'msg': 'SUCCESS!', 'data': {'availAmount': 30000.0, 'channelCustId': '', 'creditAmount': 30000.0, 'creditApplyNo': '202205170000000010', 'creditDate': '2022/05/17', 'creditExpireDate': '2025/05/17', 'creditReqNo': '202205170951548866299', 'creditState': '00', 'errorCode': '', 'errorMsg': '', 'status': '01'}}
[2022-05-17 09:52:03,335] - [INFO] - 授信查询接口调用成功！
[2022-05-17 09:52:03,335] - [INFO] - 授信通过！
[2022-05-17 09:52:03,336] - [INFO] - 支用接口
[2022-05-17 09:52:03,336] - [INFO] - http://10.1.14.106:27405/channel/apitest/PPDAI/DISBURSE
[2022-05-17 09:52:03,336] - [INFO] - 请求报文：{'channelCustId': '', 'loanReqNo': '202205170951546621575', 'insuranceNo': '', 'creditReqNo': '202205170951548866299'}
[2022-05-17 09:52:03,417] - [INFO] - 响应报文：{'result': True, 'code': 200, 'msg': 'SUCCESS!', 'data': {'channelCustId': '', 'errorCode': '', 'errorMsg': '', 'loanApplyNo': '20220517000000005', 'loanReqNo': '202205170951546621575', 'status': '01'}}
[2022-05-17 09:52:03,417] - [INFO] - 支用受理成功，处理中！
[2022-05-17 09:52:03,418] - [INFO] - 
                            姓名：元卡江
                            身份证号：330304199707297987
                            手机号：16605179172
                            借款金额:1000
                            借款期次:3
                            loanReqNo:202205170951546621575
                            creditReqNo:202205170951548866299
                        
[2022-05-17 09:52:03,418] - [INFO] - 授信结果查询
[2022-05-17 09:52:03,418] - [INFO] - http://10.1.14.106:27405/channel/apitest/PPDAI/CREDIT_INQUIRY
[2022-05-17 09:52:03,419] - [INFO] - 请求报文：{'channelCustId': '', 'creditReqNo': '202205170951548875903'}
[2022-05-17 09:52:03,469] - [INFO] - 响应报文：{'result': True, 'code': 200, 'msg': 'SUCCESS!', 'data': {'availAmount': 30000.0, 'channelCustId': '', 'creditAmount': 30000.0, 'creditApplyNo': '202205170000000009', 'creditDate': '2022/05/17', 'creditExpireDate': '2025/05/17', 'creditReqNo': '202205170951548875903', 'creditState': '00', 'errorCode': '', 'errorMsg': '', 'status': '01'}}
[2022-05-17 09:52:03,469] - [INFO] - 授信查询接口调用成功！
[2022-05-17 09:52:03,469] - [INFO] - 授信通过！
[2022-05-17 09:52:03,470] - [INFO] - 支用接口
[2022-05-17 09:52:03,470] - [INFO] - http://10.1.14.106:27405/channel/apitest/PPDAI/DISBURSE
[2022-05-17 09:52:03,470] - [INFO] - 请求报文：{'channelCustId': '', 'loanReqNo': '202205170951546670116', 'insuranceNo': '', 'creditReqNo': '202205170951548875903'}
[2022-05-17 09:52:03,540] - [INFO] - 响应报文：{'result': True, 'code': 200, 'msg': 'SUCCESS!', 'data': {'channelCustId': '', 'errorCode': '', 'errorMsg': '', 'loanApplyNo': '20220517000000006', 'loanReqNo': '202205170951546670116', 'status': '01'}}
[2022-05-17 09:52:03,541] - [INFO] - 支用受理成功，处理中！
[2022-05-17 09:52:03,541] - [INFO] - 
                            姓名：邴歌以
                            身份证号：211481199010292563
                            手机号：16605172731
                            借款金额:1000
                            借款期次:3
                            loanReqNo:202205170951546670116
                            creditReqNo:202205170951548875903
                        
[2022-05-17 09:52:13,571] - [INFO] - 投保信息接口
[2022-05-17 09:52:13,571] - [INFO] - http://10.1.14.106:27405/channel/apitest/QFIN/INSURE_INFO
[2022-05-17 09:52:13,571] - [INFO] - 请求报文：{'channelCustId': '', 'name': '孟毓', 'insuranceNo': '202205170952136674636', 'idNo': '362325199009241838', 'idAddress': '上海市浦东新区龙阳路幸福村520号', 'phone': '16605173654', 'amount': 5000, 'periods': '3', 'purpose': '07', 'capitalCode': 'FBBANK', 'custGrde': 18, 'email': '1264311721@hrtx.com', 'contactPhone': '18968523600', 'callbackUrl': 'https://www.baidu.com'}
[2022-05-17 09:52:13,645] - [INFO] - 响应报文：{'result': True, 'code': 200, 'msg': 'SUCCESS!', 'data': {'channelCustId': '', 'errorCode': '', 'errorMsg': '', 'insurUrl': 'https://test.95590.cn/openui_st/h5/?navStyle=hideLight#/application?env=sit&loanReqNo=202205170952136674636&lp=20220517095213055000051038', 'insuranceNo': '202205170952136674636', 'status': '01'}}
[2022-05-17 09:52:13,645] - [INFO] - 投保信息接口成功！
[2022-05-17 09:52:13,645] - [INFO] - 投保资料查询接口
[2022-05-17 09:52:13,646] - [INFO] - http://10.1.14.106:27405/channel/apitest/QFIN/INSURE_DATA_QUERY
[2022-05-17 09:52:13,646] - [INFO] - 请求报文：{'loanReqNo': '202205170952136674636', 'token': '20220517095213055000051038'}
[2022-05-17 09:52:13,694] - [INFO] - 响应报文：{'result': True, 'code': 200, 'msg': 'SUCCESS!', 'data': {'discountRate': 0, 'insurantName': '富邦华一银行有限公司', 'purpose': '07', 'premiumRate': 0.417, 'loanReqNo': '202205170952136674636', 'premiumExcTax': 20.28, 'idNo': '362325199009241838', 'phoneNo': '18968523600', 'insurantAdd': '中国(上海)自由贸易试验区世纪大道1168号A座101室、18楼、19楼及20楼', 'claimPeriod': '80', 'periods': 3, 'taxFee': 1.22, 'email': '1264311721@hrtx.com', 'monthlyFee': 21.5, 'addProvince': '', 'amount': 5000.0, 'address': '上海市浦东新区龙阳路幸福村520号', 'irr': '18.00', 'addDistrict': '', 'addCity': '', 'annualIntRate': 6.2, 'addDetail': '上海市浦东新区龙阳路幸福村520号', 'phone': '16605173654', 'insAmount': 5155.0, 'name': '孟毓', 'postCode': '200122'}}
[2022-05-17 09:52:13,694] - [INFO] - 投保资料查询成功！
[2022-05-17 09:52:13,694] - [INFO] - 投保接口
[2022-05-17 09:52:13,695] - [INFO] - http://10.1.14.106:27405/channel/apitest/QFIN/INSURE
[2022-05-17 09:52:13,695] - [INFO] - 请求报文：{'agentNo': 'TianCheng', 'agentName': '甜橙保代', 'loanReqNo': '202205170952136674636', 'insReqNo': '202205170952136674636', 'name': '孟毓', 'idNo': '362325199009241838', 'phone': '16605173654', 'amount': 6000, 'periods': '3', 'purpose': '07', 'premiumRate': 1.66, 'insurantName': '韦艺翠', 'insurantAdd': '上海市浦东新区龙阳路幸福村520号', 'postCode': '110016', 'productId': '7015', 'loanAmount': 5000}
[2022-05-17 09:52:13,738] - [INFO] - 响应报文：{'result': True, 'code': 200, 'msg': 'SUCCESS!', 'data': {'insReqNo': '1777361153608068', 'errorCode': '', 'loanReqNo': '', 'errorMsg': '', 'status': '01'}}
[2022-05-17 09:52:13,738] - [INFO] - 已受理，处理中！
[2022-05-17 09:52:13,738] - [INFO] - 支用接口
[2022-05-17 09:52:13,738] - [INFO] - http://10.1.14.106:27405/channel/apitest/QFIN/DISBURSE
[2022-05-17 09:52:13,739] - [INFO] - 请求报文：{'channelCustId': '', 'loanReqNo': '202205170952136674636', 'idNo': '362325199009241838', 'insuranceNo': '202205170952136674636', 'phone': '16605173654', 'loanAmount': 5000, 'productId': '7015', 'name': '孟毓', 'spelling': 'CHENPI', 'sex': '01', 'nationality': '中国', 'nation': '汉族', 'birthday': '1991/01/08', 'idType': '00', 'idAddress': '上海市浦东新区龙阳路幸福村520号', 'idStartDate': '2015/10/08', 'idEndDate': '2025/10/08', 'idOffice': '杭州市公安局江干区分局', 'marriage': '03', 'education': '06', 'children': '00', 'supplyPeople': 0, 'house': '00', 'addProvince': '', 'addCity': '', 'addDistrict': '', 'addDetail': '', 'industry': 'C', 'profession': '18', 'workplaceName': '大地保险公司', 'workTel': '13196853698', 'workProvince': '', 'workCity': '', 'workDistrict': '', 'workDetailAdd': '学院路100号小杨制造厂', 'workAge': 10, 'income': '02', 'school': '清华大学', 'email': '1264311721@hrtx.com', 'contacts': [{'relation': '00', 'name': '哈利路亚', 'phoneNo': '18968523600'}], 'bankCard': '6214660517095288', 'bankName': '中国农业银行', 'bankPhone': '16605173654', 'applyProvince': '', 'applyCity': '', 'applyDistrict': '', 'periods': '3', 'purpose': '07', 'direction': '', 'payType': '01', 'payMerchantNo': '', 'authFlag': '01', 'deviceDetail': {'deviceId': '', 'mac': 'NONE', 'longitude': '23.232653', 'latitude': '88.369689', 'gpsCity': '', 'ip': '192.3.46.57', 'ipCity': '', 'oS': ''}, 'docDate': '', 'channelDetail': {'capitalCode': 'FBBANK', 'custGrde': 18, 'payType': '03', 'applyEntry': '03', 'creditDuration': '2020/03/02', 'faceRecoType': '01', 'faceRecoScore': 66, 'currLimit': 20000.0, 'currRemainLimit': 20000.0, 'firstLoanFlag': 'N', 'settleLoanNum': 1, 'unsettleLoanLimit': 0, 'unsettleLoanNum': 0, 'longestOverPeriod': 0, 'applyLevel360': 1000, 'actionLevel360': 1000, 'realFaceCheckResult': '1', 'citizenshipCheckResult': '1', 'bankCheckResult': '1', 'telcoCheckResult': '1'}, 'custGrde': 18}
[2022-05-17 09:52:14,030] - [INFO] - 响应报文：{'result': True, 'code': 200, 'msg': 'SUCCESS!', 'data': {'channelCustId': '', 'errorCode': '', 'errorMsg': '', 'loanApplyNo': '202205170000000011', 'loanReqNo': '202205170952136674636', 'status': '01'}}
[2022-05-17 09:52:14,030] - [INFO] - 放款受理成功，处理中！
[2022-05-17 09:52:14,031] - [INFO] - 
                        姓名：孟毓
                        身份证号：362325199009241838
                        手机号：16605173654
                        借款金额:5000
                        借款期次:3
                        loanReqNo:202205170952136674636
                    
[2022-05-17 09:52:14,032] - [INFO] - 投保信息接口
[2022-05-17 09:52:14,032] - [INFO] - http://10.1.14.106:27405/channel/apitest/QFIN/INSURE_INFO
[2022-05-17 09:52:14,033] - [INFO] - 请求报文：{'channelCustId': '', 'name': '倪九丹', 'insuranceNo': '202205170952146690158', 'idNo': '610727199309055257', 'idAddress': '上海市浦东新区龙阳路幸福村520号', 'phone': '16605173467', 'amount': 5000, 'periods': '3', 'purpose': '07', 'capitalCode': 'FBBANK', 'custGrde': 18, 'email': '1264311721@hrtx.com', 'contactPhone': '18968523600', 'callbackUrl': 'https://www.baidu.com'}
[2022-05-17 09:52:14,095] - [INFO] - 响应报文：{'result': True, 'code': 200, 'msg': 'SUCCESS!', 'data': {'channelCustId': '', 'errorCode': '', 'errorMsg': '', 'insurUrl': 'https://test.95590.cn/openui_st/h5/?navStyle=hideLight#/application?env=sit&loanReqNo=202205170952146690158&lp=20220517095213508000051039', 'insuranceNo': '202205170952146690158', 'status': '01'}}
[2022-05-17 09:52:14,095] - [INFO] - 投保信息接口成功！
[2022-05-17 09:52:14,096] - [INFO] - 投保资料查询接口
[2022-05-17 09:52:14,096] - [INFO] - http://10.1.14.106:27405/channel/apitest/QFIN/INSURE_DATA_QUERY
[2022-05-17 09:52:14,096] - [INFO] - 请求报文：{'loanReqNo': '202205170952146690158', 'token': '20220517095213508000051039'}
[2022-05-17 09:52:14,149] - [INFO] - 响应报文：{'result': True, 'code': 200, 'msg': 'SUCCESS!', 'data': {'discountRate': 0, 'insurantName': '富邦华一银行有限公司', 'purpose': '07', 'premiumRate': 0.417, 'loanReqNo': '202205170952146690158', 'premiumExcTax': 20.28, 'idNo': '610727199309055257', 'phoneNo': '18968523600', 'insurantAdd': '中国(上海)自由贸易试验区世纪大道1168号A座101室、18楼、19楼及20楼', 'claimPeriod': '80', 'periods': 3, 'taxFee': 1.22, 'email': '1264311721@hrtx.com', 'monthlyFee': 21.5, 'addProvince': '', 'amount': 5000.0, 'address': '上海市浦东新区龙阳路幸福村520号', 'irr': '18.00', 'addDistrict': '', 'addCity': '', 'annualIntRate': 6.2, 'addDetail': '上海市浦东新区龙阳路幸福村520号', 'phone': '16605173467', 'insAmount': 5155.0, 'name': '倪九丹', 'postCode': '200122'}}
[2022-05-17 09:52:14,150] - [INFO] - 投保资料查询成功！
[2022-05-17 09:52:14,150] - [INFO] - 投保接口
[2022-05-17 09:52:14,150] - [INFO] - http://10.1.14.106:27405/channel/apitest/QFIN/INSURE
[2022-05-17 09:52:14,150] - [INFO] - 请求报文：{'agentNo': 'TianCheng', 'agentName': '甜橙保代', 'loanReqNo': '202205170952146690158', 'insReqNo': '202205170952146690158', 'name': '倪九丹', 'idNo': '610727199309055257', 'phone': '16605173467', 'amount': 6000, 'periods': '3', 'purpose': '07', 'premiumRate': 1.66, 'insurantName': '韦艺翠', 'insurantAdd': '上海市浦东新区龙阳路幸福村520号', 'postCode': '110016', 'productId': '7015', 'loanAmount': 5000}
[2022-05-17 09:52:14,199] - [INFO] - 响应报文：{'result': True, 'code': 200, 'msg': 'SUCCESS!', 'data': {'insReqNo': '5872645818771637', 'errorCode': '', 'loanReqNo': '', 'errorMsg': '', 'status': '01'}}
[2022-05-17 09:52:14,199] - [INFO] - 已受理，处理中！
[2022-05-17 09:52:14,199] - [INFO] - 支用接口
[2022-05-17 09:52:14,200] - [INFO] - http://10.1.14.106:27405/channel/apitest/QFIN/DISBURSE
[2022-05-17 09:52:14,200] - [INFO] - 请求报文：{'channelCustId': '', 'loanReqNo': '202205170952146690158', 'idNo': '610727199309055257', 'insuranceNo': '202205170952146690158', 'phone': '16605173467', 'loanAmount': 5000, 'productId': '7015', 'name': '倪九丹', 'spelling': 'CHENPI', 'sex': '01', 'nationality': '中国', 'nation': '汉族', 'birthday': '1991/01/08', 'idType': '00', 'idAddress': '上海市浦东新区龙阳路幸福村520号', 'idStartDate': '2015/10/08', 'idEndDate': '2025/10/08', 'idOffice': '杭州市公安局江干区分局', 'marriage': '03', 'education': '06', 'children': '00', 'supplyPeople': 0, 'house': '00', 'addProvince': '', 'addCity': '', 'addDistrict': '', 'addDetail': '', 'industry': 'C', 'profession': '18', 'workplaceName': '大地保险公司', 'workTel': '13196853698', 'workProvince': '', 'workCity': '', 'workDistrict': '', 'workDetailAdd': '学院路100号小杨制造厂', 'workAge': 10, 'income': '02', 'school': '清华大学', 'email': '1264311721@hrtx.com', 'contacts': [{'relation': '00', 'name': '哈利路亚', 'phoneNo': '18968523600'}], 'bankCard': '6214660517095288', 'bankName': '中国农业银行', 'bankPhone': '16605173467', 'applyProvince': '', 'applyCity': '', 'applyDistrict': '', 'periods': '3', 'purpose': '07', 'direction': '', 'payType': '01', 'payMerchantNo': '', 'authFlag': '01', 'deviceDetail': {'deviceId': '', 'mac': 'NONE', 'longitude': '23.232653', 'latitude': '88.369689', 'gpsCity': '', 'ip': '192.3.46.57', 'ipCity': '', 'oS': ''}, 'docDate': '', 'channelDetail': {'capitalCode': 'FBBANK', 'custGrde': 18, 'payType': '03', 'applyEntry': '03', 'creditDuration': '2020/03/02', 'faceRecoType': '01', 'faceRecoScore': 66, 'currLimit': 20000.0, 'currRemainLimit': 20000.0, 'firstLoanFlag': 'N', 'settleLoanNum': 1, 'unsettleLoanLimit': 0, 'unsettleLoanNum': 0, 'longestOverPeriod': 0, 'applyLevel360': 1000, 'actionLevel360': 1000, 'realFaceCheckResult': '1', 'citizenshipCheckResult': '1', 'bankCheckResult': '1', 'telcoCheckResult': '1'}, 'custGrde': 18}
[2022-05-17 09:52:14,274] - [INFO] - 响应报文：{'result': True, 'code': 200, 'msg': 'SUCCESS!', 'data': {'channelCustId': '', 'errorCode': '', 'errorMsg': '', 'loanApplyNo': '202205170000000012', 'loanReqNo': '202205170952146690158', 'status': '01'}}
[2022-05-17 09:52:14,274] - [INFO] - 放款受理成功，处理中！
[2022-05-17 09:52:14,274] - [INFO] - 
                        姓名：倪九丹
                        身份证号：610727199309055257
                        手机号：16605173467
                        借款金额:5000
                        借款期次:3
                        loanReqNo:202205170952146690158
                    
[2022-05-17 09:52:14,277] - [INFO] - 投保信息接口
[2022-05-17 09:52:14,277] - [INFO] - http://10.1.14.106:27405/channel/apitest/QFIN/INSURE_INFO
[2022-05-17 09:52:14,277] - [INFO] - 请求报文：{'channelCustId': '', 'name': '曹楠', 'insuranceNo': '202205170952146690338', 'idNo': '620401199703314642', 'idAddress': '上海市浦东新区龙阳路幸福村520号', 'phone': '16605176728', 'amount': 5000, 'periods': '3', 'purpose': '07', 'capitalCode': 'FBBANK', 'custGrde': 18, 'email': '1264311721@hrtx.com', 'contactPhone': '18968523600', 'callbackUrl': 'https://www.baidu.com'}
[2022-05-17 09:52:14,395] - [INFO] - 响应报文：{'result': True, 'code': 200, 'msg': 'SUCCESS!', 'data': {'channelCustId': '', 'errorCode': '', 'errorMsg': '', 'insurUrl': 'https://test.95590.cn/openui_st/h5/?navStyle=hideLight#/application?env=sit&loanReqNo=202205170952146690338&lp=20220517095213808000051040', 'insuranceNo': '202205170952146690338', 'status': '01'}}
[2022-05-17 09:52:14,396] - [INFO] - 投保信息接口成功！
[2022-05-17 09:52:14,396] - [INFO] - 投保资料查询接口
[2022-05-17 09:52:14,396] - [INFO] - http://10.1.14.106:27405/channel/apitest/QFIN/INSURE_DATA_QUERY
[2022-05-17 09:52:14,396] - [INFO] - 请求报文：{'loanReqNo': '202205170952146690338', 'token': '20220517095213808000051040'}
[2022-05-17 09:52:14,480] - [INFO] - 响应报文：{'result': True, 'code': 200, 'msg': 'SUCCESS!', 'data': {'discountRate': 0, 'insurantName': '富邦华一银行有限公司', 'purpose': '07', 'premiumRate': 0.417, 'loanReqNo': '202205170952146690338', 'premiumExcTax': 20.28, 'idNo': '620401199703314642', 'phoneNo': '18968523600', 'insurantAdd': '中国(上海)自由贸易试验区世纪大道1168号A座101室、18楼、19楼及20楼', 'claimPeriod': '80', 'periods': 3, 'taxFee': 1.22, 'email': '1264311721@hrtx.com', 'monthlyFee': 21.5, 'addProvince': '', 'amount': 5000.0, 'address': '上海市浦东新区龙阳路幸福村520号', 'irr': '18.00', 'addDistrict': '', 'addCity': '', 'annualIntRate': 6.2, 'addDetail': '上海市浦东新区龙阳路幸福村520号', 'phone': '16605176728', 'insAmount': 5155.0, 'name': '曹楠', 'postCode': '200122'}}
[2022-05-17 09:52:14,480] - [INFO] - 投保资料查询成功！
[2022-05-17 09:52:14,481] - [INFO] - 投保接口
[2022-05-17 09:52:14,481] - [INFO] - http://10.1.14.106:27405/channel/apitest/QFIN/INSURE
[2022-05-17 09:52:14,481] - [INFO] - 请求报文：{'agentNo': 'TianCheng', 'agentName': '甜橙保代', 'loanReqNo': '202205170952146690338', 'insReqNo': '202205170952146690338', 'name': '曹楠', 'idNo': '620401199703314642', 'phone': '16605176728', 'amount': 6000, 'periods': '3', 'purpose': '07', 'premiumRate': 1.66, 'insurantName': '韦艺翠', 'insurantAdd': '上海市浦东新区龙阳路幸福村520号', 'postCode': '110016', 'productId': '7015', 'loanAmount': 5000}
[2022-05-17 09:52:14,524] - [INFO] - 响应报文：{'result': True, 'code': 200, 'msg': 'SUCCESS!', 'data': {'insReqNo': '2340434250268103', 'errorCode': '', 'loanReqNo': '', 'errorMsg': '', 'status': '01'}}
[2022-05-17 09:52:14,525] - [INFO] - 已受理，处理中！
[2022-05-17 09:52:14,525] - [INFO] - 支用接口
[2022-05-17 09:52:14,525] - [INFO] - http://10.1.14.106:27405/channel/apitest/QFIN/DISBURSE
[2022-05-17 09:52:14,525] - [INFO] - 请求报文：{'channelCustId': '', 'loanReqNo': '202205170952146690338', 'idNo': '620401199703314642', 'insuranceNo': '202205170952146690338', 'phone': '16605176728', 'loanAmount': 5000, 'productId': '7015', 'name': '曹楠', 'spelling': 'CHENPI', 'sex': '01', 'nationality': '中国', 'nation': '汉族', 'birthday': '1991/01/08', 'idType': '00', 'idAddress': '上海市浦东新区龙阳路幸福村520号', 'idStartDate': '2015/10/08', 'idEndDate': '2025/10/08', 'idOffice': '杭州市公安局江干区分局', 'marriage': '03', 'education': '06', 'children': '00', 'supplyPeople': 0, 'house': '00', 'addProvince': '', 'addCity': '', 'addDistrict': '', 'addDetail': '', 'industry': 'C', 'profession': '18', 'workplaceName': '大地保险公司', 'workTel': '13196853698', 'workProvince': '', 'workCity': '', 'workDistrict': '', 'workDetailAdd': '学院路100号小杨制造厂', 'workAge': 10, 'income': '02', 'school': '清华大学', 'email': '1264311721@hrtx.com', 'contacts': [{'relation': '00', 'name': '哈利路亚', 'phoneNo': '18968523600'}], 'bankCard': '6214660517095288', 'bankName': '中国农业银行', 'bankPhone': '16605176728', 'applyProvince': '', 'applyCity': '', 'applyDistrict': '', 'periods': '3', 'purpose': '07', 'direction': '', 'payType': '01', 'payMerchantNo': '', 'authFlag': '01', 'deviceDetail': {'deviceId': '', 'mac': 'NONE', 'longitude': '23.232653', 'latitude': '88.369689', 'gpsCity': '', 'ip': '192.3.46.57', 'ipCity': '', 'oS': ''}, 'docDate': '', 'channelDetail': {'capitalCode': 'FBBANK', 'custGrde': 18, 'payType': '03', 'applyEntry': '03', 'creditDuration': '2020/03/02', 'faceRecoType': '01', 'faceRecoScore': 66, 'currLimit': 20000.0, 'currRemainLimit': 20000.0, 'firstLoanFlag': 'N', 'settleLoanNum': 1, 'unsettleLoanLimit': 0, 'unsettleLoanNum': 0, 'longestOverPeriod': 0, 'applyLevel360': 1000, 'actionLevel360': 1000, 'realFaceCheckResult': '1', 'citizenshipCheckResult': '1', 'bankCheckResult': '1', 'telcoCheckResult': '1'}, 'custGrde': 18}
[2022-05-17 09:52:14,595] - [INFO] - 响应报文：{'result': True, 'code': 200, 'msg': 'SUCCESS!', 'data': {'channelCustId': '', 'errorCode': '', 'errorMsg': '', 'loanApplyNo': '202205170000000013', 'loanReqNo': '202205170952146690338', 'status': '01'}}
[2022-05-17 09:52:14,596] - [INFO] - 放款受理成功，处理中！
[2022-05-17 09:52:14,596] - [INFO] - 
                        姓名：曹楠
                        身份证号：620401199703314642
                        手机号：16605176728
                        借款金额:5000
                        借款期次:3
                        loanReqNo:202205170952146690338
                    
