[2022-04-19 09:46:43,587] - [INFO] - 授信申请
[2022-04-19 09:46:43,588] - [INFO] - [http://10.1.14.106:27405/channel/apitest/TCJQ/CREDIT_GRANTING]
[2022-04-19 09:46:43,588] - [INFO] - 请求报文：{'channelCustId': '202204190946436626771', 'creditReqNo': '202204190946438875025', 'name': '申屠莺', 'spelling': 'ZHANGTIAN', 'sex': '01', 'nationality': '中国', 'nation': '汉族', 'birthday': '1985/06/02', 'idType': '00', 'idNo': '640201199109167726', 'idStartDate': '2016/01/18', 'idEndDate': '2036/01/18', 'idOffice': '北京市东城区', 'marriage': '01', 'children': '00', 'supplyPeople': 3, 'house': '00', 'addProvince': '130000', 'addCity': '130100', 'addDistrict': '130101', 'addDetail': '东大街东大院', 'industry': 'C', 'profession': '11', 'workplaceName': 'AAA单位', 'workTel': '13162314539', 'workProvince': '110000', 'workCity': '110000', 'workDistrict': '110101', 'workDetailAdd': '西大街西大院', 'workAge': 8, 'income': '03', 'education': '06', 'school': '北京大学', 'phone': '16604199566', 'email': 'email163@qq.com', 'contacts': [{'relation': '00', 'name': '张三', 'phoneNo': '15638530000'}, {'relation': '01', 'name': '李四', 'phoneNo': '15638539999'}], 'bankCard': '6214660419094688', 'bankName': '建设银行', 'bankPhone': '16604199566', 'applyProvince': '110000', 'applyCity': '110000', 'applyDistrict': '110101', 'loanAmount': 5000, 'periods': '3', 'purpose': '01', 'direction': '01', 'payType': '00', 'payMerchantNo': '26666', 'authFlag': '01', 'deviceDetail': {'deviceId': '10-45-5-486', 'mac': '3a:b6:c6:5d:2e:f9', 'longitude': '121.551738', 'latitude': '31.224634', 'gpsCity': '上海市', 'ip': '106.14.135.199', 'ipCity': '上海', 'os': 'android', 'docDate': '2019/09/12'}, 'channelDetail': {'citizenshipCheckResult': '1', 'bankCheckResult': '1', 'telcoCheckResult': '1', 'consumeTimes': '1', 'creditTimes': '1', 'consumeScene': '1', 'frontId': '11', 'reverseId': '11', 'faceId': '11', 'woolFlag': '1', 'phoneFlag': '1', 'phoneTelco': '1', 'compScore': '650', 'repayAbilityScore': '650', 'comsAmount': '1', 'finAmount': '1', 'redPacket': '1', 'phoneAreaName': '上海市', 'modelScore': '650', 'whiteListFlag': '0', 'sugAmount': '3000.00', 'sugBasis': '2', 'loanGrade': 'A', 'registerTime': '1', 'realNameFlag': '1', 'realNameGrade': '1', 'transFlag': '1', 'custType': '', 'currLimit': 5000, 'currRemainLimit': 2000, 'currLimitOrg': 'DD', 'currLimitStartDate': '2021/05/31', 'currLimitEndDate': '2021/07/31', 'currTotalPrice': 28.11, 'firstLoanFlag': '1', 'unsettleLoanLimit': 1, 'settleLoanLimit': 1, 'lastLoanDate': '2021/04/21', 'loanAmount': 3000}, 'custType': '0'}
[2022-04-19 09:46:44,292] - [INFO] - 响应报文：{'result': True, 'code': 200, 'msg': 'SUCCESS!', 'data': {'code': '0000', 'productId': '7014', 'body': {'channelCustId': '202204190946436626771', 'creditReqNo': '202204190946438875025', 'creditApplyNo': '202204190000000001', 'status': '01'}, 'message': '成功', 'channelId': 'ORANGE'}}
[2022-04-19 09:46:44,292] - [INFO] - 授信接口调用成功！
[2022-04-19 09:46:44,292] - [INFO] - 授信受理成功，处理中！
[2022-04-19 09:46:44,293] - [INFO] - 授信结果查询
[2022-04-19 09:46:44,293] - [INFO] - ['http://10.1.14.106:27405/channel/apitest/TCJQ/CREDIT_INQUIRY']
[2022-04-19 09:46:44,293] - [INFO] - 请求报文：{'channelCustId': '202204190946436626771', 'creditReqNo': '202204190946438875025', 'creditApplyNo': '202204190000000001'}
[2022-04-19 09:46:44,422] - [INFO] - 响应报文：{'result': True, 'code': 200, 'msg': 'SUCCESS!', 'data': {'code': '0000', 'productId': '7014', 'body': {'channelCustId': '202204190946436626771', 'creditReqNo': '202204190946438875025', 'creditApplyNo': '202204190000000001', 'status': '00'}, 'message': '成功', 'channelId': 'ORANGE'}}
[2022-04-19 09:46:44,422] - [INFO] - 授信查询接口调用成功！
[2022-04-19 09:46:44,422] - [INFO] - 授信中！
[2022-04-19 10:48:28,282] - [INFO] - 授信申请
[2022-04-19 10:48:28,283] - [INFO] - [http://10.1.14.117:27405/channel/apitest/TCJQ/CREDIT_GRANTING]
[2022-04-19 10:48:28,283] - [INFO] - 请求报文：{'channelCustId': '202204191048286661208', 'creditReqNo': '202204191048288895582', 'name': '彭金天', 'spelling': 'ZHANGTIAN', 'sex': '01', 'nationality': '中国', 'nation': '汉族', 'birthday': '1985/06/02', 'idType': '00', 'idNo': '430223199605089826', 'idStartDate': '2016/01/18', 'idEndDate': '2036/01/18', 'idOffice': '北京市东城区', 'marriage': '01', 'children': '00', 'supplyPeople': 3, 'house': '00', 'addProvince': '130000', 'addCity': '130100', 'addDistrict': '130101', 'addDetail': '东大街东大院', 'industry': 'C', 'profession': '11', 'workplaceName': 'AAA单位', 'workTel': '13162314539', 'workProvince': '110000', 'workCity': '110000', 'workDistrict': '110101', 'workDetailAdd': '西大街西大院', 'workAge': 8, 'income': '03', 'education': '06', 'school': '北京大学', 'phone': '18581821572', 'email': 'email163@qq.com', 'contacts': [{'relation': '00', 'name': '张三', 'phoneNo': '15638530000'}, {'relation': '01', 'name': '李四', 'phoneNo': '15638539999'}], 'bankCard': '6214660419104888', 'bankName': '建设银行', 'bankPhone': '18581821572', 'applyProvince': '110000', 'applyCity': '110000', 'applyDistrict': '110101', 'loanAmount': 5000, 'periods': '3', 'purpose': '01', 'direction': '01', 'payType': '00', 'payMerchantNo': '26666', 'authFlag': '01', 'deviceDetail': {'deviceId': '10-45-5-486', 'mac': '3a:b6:c6:5d:2e:f9', 'longitude': '121.551738', 'latitude': '31.224634', 'gpsCity': '上海市', 'ip': '106.14.135.199', 'ipCity': '上海', 'os': 'android', 'docDate': '2019/09/12'}, 'channelDetail': {'citizenshipCheckResult': '1', 'bankCheckResult': '1', 'telcoCheckResult': '1', 'consumeTimes': '1', 'creditTimes': '1', 'consumeScene': '1', 'frontId': '11', 'reverseId': '11', 'faceId': '11', 'woolFlag': '1', 'phoneFlag': '1', 'phoneTelco': '1', 'compScore': '650', 'repayAbilityScore': '650', 'comsAmount': '1', 'finAmount': '1', 'redPacket': '1', 'phoneAreaName': '上海市', 'modelScore': '650', 'whiteListFlag': '0', 'sugAmount': '3000.00', 'sugBasis': '2', 'loanGrade': 'A', 'registerTime': '1', 'realNameFlag': '1', 'realNameGrade': '1', 'transFlag': '1', 'custType': '', 'currLimit': 5000, 'currRemainLimit': 2000, 'currLimitOrg': 'DD', 'currLimitStartDate': '2021/05/31', 'currLimitEndDate': '2021/07/31', 'currTotalPrice': 28.11, 'firstLoanFlag': '1', 'unsettleLoanLimit': 1, 'settleLoanLimit': 1, 'lastLoanDate': '2021/04/21', 'loanAmount': 3000}, 'custType': '0'}
[2022-04-19 10:48:28,562] - [INFO] - 响应报文：{'result': True, 'code': 200, 'msg': 'SUCCESS!', 'data': {'code': '0000', 'productId': '7014', 'body': {'channelCustId': '202204191048286661208', 'creditReqNo': '202204191048288895582', 'creditApplyNo': '202204190000000002', 'status': '01'}, 'message': '成功', 'channelId': 'ORANGE'}}
[2022-04-19 10:48:28,562] - [INFO] - 授信接口调用成功！
[2022-04-19 10:48:28,562] - [INFO] - 授信受理成功，处理中！
[2022-04-19 10:48:28,563] - [INFO] - 授信结果查询
[2022-04-19 10:48:28,563] - [INFO] - ['http://10.1.14.117:27405/channel/apitest/TCJQ/CREDIT_INQUIRY']
[2022-04-19 10:48:28,563] - [INFO] - 请求报文：{'channelCustId': '202204191048286661208', 'creditReqNo': '202204191048288895582', 'creditApplyNo': '202204190000000002'}
[2022-04-19 10:48:28,684] - [INFO] - 响应报文：{'result': True, 'code': 200, 'msg': 'SUCCESS!', 'data': {'code': '0000', 'productId': '7014', 'body': {'channelCustId': '202204191048286661208', 'creditReqNo': '202204191048288895582', 'creditApplyNo': '202204190000000002', 'status': '00'}, 'message': '成功', 'channelId': 'ORANGE'}}
[2022-04-19 10:48:28,684] - [INFO] - 授信查询接口调用成功！
[2022-04-19 10:48:28,684] - [INFO] - 授信中！
[2022-04-19 10:48:31,697] - [INFO] - 授信结果查询
[2022-04-19 10:48:31,697] - [INFO] - ['http://10.1.14.117:27405/channel/apitest/TCJQ/CREDIT_INQUIRY']
[2022-04-19 10:48:31,697] - [INFO] - 请求报文：{'channelCustId': '202204191048286661208', 'creditReqNo': '202204191048288895582', 'creditApplyNo': '202204190000000002'}
[2022-04-19 10:48:31,752] - [INFO] - 响应报文：{'result': True, 'code': 200, 'msg': 'SUCCESS!', 'data': {'code': '0000', 'productId': '7014', 'body': {'channelCustId': '202204191048286661208', 'creditReqNo': '202204191048288895582', 'creditApplyNo': '202204190000000002', 'status': '00'}, 'message': '成功', 'channelId': 'ORANGE'}}
[2022-04-19 10:48:31,753] - [INFO] - 授信查询接口调用成功！
[2022-04-19 10:48:31,753] - [INFO] - 授信中！
[2022-04-19 10:48:34,758] - [INFO] - 授信结果查询
[2022-04-19 10:48:34,759] - [INFO] - ['http://10.1.14.117:27405/channel/apitest/TCJQ/CREDIT_INQUIRY']
[2022-04-19 10:48:34,759] - [INFO] - 请求报文：{'channelCustId': '202204191048286661208', 'creditReqNo': '202204191048288895582', 'creditApplyNo': '202204190000000002'}
[2022-04-19 10:48:34,804] - [INFO] - 响应报文：{'result': True, 'code': 200, 'msg': 'SUCCESS!', 'data': {'code': '0000', 'productId': '7014', 'body': {'channelCustId': '202204191048286661208', 'creditReqNo': '202204191048288895582', 'creditApplyNo': '202204190000000002', 'status': '00'}, 'message': '成功', 'channelId': 'ORANGE'}}
[2022-04-19 10:48:34,804] - [INFO] - 授信查询接口调用成功！
[2022-04-19 10:48:34,804] - [INFO] - 授信中！
[2022-04-19 10:48:37,810] - [INFO] - 授信结果查询
[2022-04-19 10:48:37,810] - [INFO] - ['http://10.1.14.117:27405/channel/apitest/TCJQ/CREDIT_INQUIRY']
[2022-04-19 10:48:37,811] - [INFO] - 请求报文：{'channelCustId': '202204191048286661208', 'creditReqNo': '202204191048288895582', 'creditApplyNo': '202204190000000002'}
[2022-04-19 10:48:37,860] - [INFO] - 响应报文：{'result': True, 'code': 200, 'msg': 'SUCCESS!', 'data': {'code': '0000', 'productId': '7014', 'body': {'channelCustId': '202204191048286661208', 'creditReqNo': '202204191048288895582', 'creditApplyNo': '202204190000000002', 'status': '00'}, 'message': '成功', 'channelId': 'ORANGE'}}
[2022-04-19 10:48:37,860] - [INFO] - 授信查询接口调用成功！
[2022-04-19 10:48:37,860] - [INFO] - 授信中！
[2022-04-19 10:48:40,861] - [INFO] - 授信结果查询
[2022-04-19 10:48:40,861] - [INFO] - ['http://10.1.14.117:27405/channel/apitest/TCJQ/CREDIT_INQUIRY']
[2022-04-19 10:48:40,862] - [INFO] - 请求报文：{'channelCustId': '202204191048286661208', 'creditReqNo': '202204191048288895582', 'creditApplyNo': '202204190000000002'}
[2022-04-19 10:48:41,038] - [INFO] - 响应报文：{'result': True, 'code': 200, 'msg': 'SUCCESS!', 'data': {'code': '0000', 'productId': '7014', 'body': {'creditDate': '2022/04/19', 'creditExpireDate': '2025/04/19', 'freezingDate': '', 'channelCustId': '202204191048286661208', 'creditReqNo': '202204191048288895582', 'creditApplyNo': '202204190000000002', 'creditState': '00', 'availAmount': 5000.0, 'creditAmount': 5000.0, 'status': '01'}, 'message': '成功', 'channelId': 'ORANGE'}}
[2022-04-19 10:48:41,038] - [INFO] - 授信查询接口调用成功！
[2022-04-19 10:48:41,038] - [INFO] - 授信通过！
[2022-04-19 10:48:41,038] - [INFO] - 更新客户信息表liveaddress
[2022-04-19 10:48:41,039] - [INFO] - update customer_info set liveaddress = '北京市市辖区东城区' where CERTID = '430223199605089826'
[2022-04-19 10:48:41,118] - [INFO] - 支用试算
[2022-04-19 10:48:41,118] - [INFO] - http://10.1.14.117:27405/channel/apitest/TCJQ/DISBURSE_TRIAL
[2022-04-19 10:48:41,119] - [INFO] - 请求报文：{'channelCustId': '202204191048286661208', 'periods': '3', 'name': '彭金天', 'loanAmount': 1000, 'idNo': '430223199605089826', 'purpose': '00', 'idType': '00', 'addProvince': '130000', 'addCity': '130100', 'addDistrict': '130101', 'phone': '18581821572', 'addDetail': 'hahah', 'returnUrl': 'www.baidu.com'}
[2022-04-19 10:48:41,851] - [INFO] - 响应报文：{'result': True, 'code': 200, 'msg': 'SUCCESS!', 'data': {'code': '0000', 'productId': '7014', 'body': {'capitalUrl': 'http://124.239.138.231:8080/dadih5/sign/token/a99c8a05ea6e294e5df9a59ffffda368', 'channelCustId': '202204191048286661208', 'repayPlanDetails': [{'principal': 331.7, 'period': 1, 'periodAmt': 348.25, 'premium': 10.16, 'interest': 6.39, 'repayDate': '2022/05/28'}, {'principal': 333.33, 'period': 2, 'periodAmt': 346.78, 'premium': 10.16, 'interest': 3.29, 'repayDate': '2022/06/28'}, {'principal': 334.97, 'period': 3, 'periodAmt': 346.78, 'premium': 10.16, 'interest': 1.65, 'repayDate': '2022/07/28'}], 'capitalCode': 'HBBank', 'h5ReqApplyNo': '20220419000000009', 'status': '01'}, 'message': '成功', 'channelId': 'ORANGE'}}
[2022-04-19 10:48:41,851] - [INFO] - 本次试算资方为：HBBank
[2022-04-19 10:48:41,851] - [INFO] - 支用试算成功！
[2022-04-19 10:48:41,852] - [INFO] - 支用接口
[2022-04-19 10:48:41,852] - [INFO] - http://10.1.14.117:27405/channel/apitest/TCJQ/DISBURSE
[2022-04-19 10:48:41,852] - [INFO] - 请求报文：{'channelCustId': '202204191048286661208', 'loanReqNo': '202204191048289918321', 'creditReqNo': '202204191048288895582', 'h5ReqApplyNo': '20220419000000009', 'loanAmount': 1000, 'periods': '3', 'purpose': '01', 'bankCard': '6214660419104888', 'bankCode': '308584000013', 'bankName': '建设银行', 'bankPhone': '18581821572', 'longitude': '121.551738', 'latitude': '31.224634', 'ip': '192.168.1.2', 'capitalCode': 'HBBank', 'channelDetail': {'woolFlag': '1', 'phoneFlag': '1', 'phoneTelco': '1', 'compScore': '80', 'repayAbilityScore': '80', 'comsAmount': '4', 'finAmount': '2', 'redPacket': '2', 'phoneAreaName': '上海市', 'modelScore': '80', 'whiteListFlag': '0', 'loanGrade': 'A', 'registerTime': '2', 'realNameFlag': '1', 'realNameGrade': '1', 'transFlag': '1', 'custType': '', 'currLimit': 5000, 'currRemainLimit': 2000, 'currLimitOrg': 'DD', 'currLimitStartDate': '2021/05/31', 'currLimitEndDate': '2021/07/31', 'currTotalPrice': 28.11, 'firstLoanFlag': '1', 'unsettleLoanLimit': 1, 'settleLoanLimit': 1, 'lastLoanDate': '2021/04/21', 'loanAmount': 3000}, 'custType': '0'}
[2022-04-19 10:48:41,978] - [INFO] - 响应报文：{'result': True, 'code': 200, 'msg': 'SUCCESS!', 'data': {'code': '0000', 'productId': '7014', 'body': {'channelCustId': '202204191048286661208', 'loanReqNo': '202204191048289918321', 'loanApplyNo': '20220419000000002', 'status': '01'}, 'message': '成功', 'channelId': 'ORANGE'}}
[2022-04-19 10:48:41,978] - [INFO] - 支用接口调用成功！
[2022-04-19 10:48:41,978] - [INFO] - 受理成功，处理中!
[2022-04-19 10:48:41,978] - [INFO] - 
                    姓名：彭金天
                    身份证号：430223199605089826
                    手机号：18581821572
                    借款金额:1000
                    借款期次:3
                    channelCustId：202204191048286661208
                    creditReqNo：202204191048288895582
                    loanReqNo:202204191048289918321
                    
[2022-04-19 10:53:59,378] - [INFO] - 授信申请
[2022-04-19 10:53:59,378] - [INFO] - [http://10.1.14.117:27405/channel/apitest/TCJQ/CREDIT_GRANTING]
[2022-04-19 10:53:59,379] - [INFO] - 请求报文：{'channelCustId': '202204191053596627354', 'creditReqNo': '202204191053598878468', 'name': '俞之', 'spelling': 'ZHANGTIAN', 'sex': '01', 'nationality': '中国', 'nation': '汉族', 'birthday': '1985/06/02', 'idType': '00', 'idNo': '131023199706271845', 'idStartDate': '2016/01/18', 'idEndDate': '2036/01/18', 'idOffice': '北京市东城区', 'marriage': '01', 'children': '00', 'supplyPeople': 3, 'house': '00', 'addProvince': '130000', 'addCity': '130100', 'addDistrict': '130101', 'addDetail': '东大街东大院', 'industry': 'C', 'profession': '11', 'workplaceName': 'AAA单位', 'workTel': '13162314539', 'workProvince': '110000', 'workCity': '110000', 'workDistrict': '110101', 'workDetailAdd': '西大街西大院', 'workAge': 8, 'income': '03', 'education': '06', 'school': '北京大学', 'phone': '18581821572', 'email': 'email163@qq.com', 'contacts': [{'relation': '00', 'name': '张三', 'phoneNo': '15638530000'}, {'relation': '01', 'name': '李四', 'phoneNo': '15638539999'}], 'bankCard': '6214660419105388', 'bankName': '建设银行', 'bankPhone': '18581821572', 'applyProvince': '110000', 'applyCity': '110000', 'applyDistrict': '110101', 'loanAmount': 5000, 'periods': '3', 'purpose': '01', 'direction': '01', 'payType': '00', 'payMerchantNo': '26666', 'authFlag': '01', 'deviceDetail': {'deviceId': '10-45-5-486', 'mac': '3a:b6:c6:5d:2e:f9', 'longitude': '121.551738', 'latitude': '31.224634', 'gpsCity': '上海市', 'ip': '106.14.135.199', 'ipCity': '上海', 'os': 'android', 'docDate': '2019/09/12'}, 'channelDetail': {'citizenshipCheckResult': '1', 'bankCheckResult': '1', 'telcoCheckResult': '1', 'consumeTimes': '1', 'creditTimes': '1', 'consumeScene': '1', 'frontId': '11', 'reverseId': '11', 'faceId': '11', 'woolFlag': '1', 'phoneFlag': '1', 'phoneTelco': '1', 'compScore': '650', 'repayAbilityScore': '650', 'comsAmount': '1', 'finAmount': '1', 'redPacket': '1', 'phoneAreaName': '上海市', 'modelScore': '650', 'whiteListFlag': '0', 'sugAmount': '3000.00', 'sugBasis': '2', 'loanGrade': 'A', 'registerTime': '1', 'realNameFlag': '1', 'realNameGrade': '1', 'transFlag': '1', 'custType': '', 'currLimit': 5000, 'currRemainLimit': 2000, 'currLimitOrg': 'DD', 'currLimitStartDate': '2021/05/31', 'currLimitEndDate': '2021/07/31', 'currTotalPrice': 28.11, 'firstLoanFlag': '1', 'unsettleLoanLimit': 1, 'settleLoanLimit': 1, 'lastLoanDate': '2021/04/21', 'loanAmount': 3000}, 'custType': '0'}
[2022-04-19 10:53:59,789] - [INFO] - 响应报文：{'result': True, 'code': 200, 'msg': 'SUCCESS!', 'data': {'code': '0000', 'productId': '7014', 'body': {'channelCustId': '202204191053596627354', 'creditReqNo': '202204191053598878468', 'creditApplyNo': '202204190000000003', 'status': '01'}, 'message': '成功', 'channelId': 'ORANGE'}}
[2022-04-19 10:53:59,789] - [INFO] - 授信接口调用成功！
[2022-04-19 10:53:59,790] - [INFO] - 授信受理成功，处理中！
[2022-04-19 10:53:59,790] - [INFO] - 授信结果查询
[2022-04-19 10:53:59,790] - [INFO] - ['http://10.1.14.117:27405/channel/apitest/TCJQ/CREDIT_INQUIRY']
[2022-04-19 10:53:59,790] - [INFO] - 请求报文：{'channelCustId': '202204191053596627354', 'creditReqNo': '202204191053598878468', 'creditApplyNo': '202204190000000003'}
[2022-04-19 10:53:59,861] - [INFO] - 响应报文：{'result': True, 'code': 200, 'msg': 'SUCCESS!', 'data': {'code': '0000', 'productId': '7014', 'body': {'channelCustId': '202204191053596627354', 'creditReqNo': '202204191053598878468', 'creditApplyNo': '202204190000000003', 'status': '00'}, 'message': '成功', 'channelId': 'ORANGE'}}
[2022-04-19 10:53:59,861] - [INFO] - 授信查询接口调用成功！
[2022-04-19 10:53:59,861] - [INFO] - 授信中！
[2022-04-19 10:54:02,875] - [INFO] - 授信结果查询
[2022-04-19 10:54:02,875] - [INFO] - ['http://10.1.14.117:27405/channel/apitest/TCJQ/CREDIT_INQUIRY']
[2022-04-19 10:54:02,875] - [INFO] - 请求报文：{'channelCustId': '202204191053596627354', 'creditReqNo': '202204191053598878468', 'creditApplyNo': '202204190000000003'}
[2022-04-19 10:54:02,930] - [INFO] - 响应报文：{'result': True, 'code': 200, 'msg': 'SUCCESS!', 'data': {'code': '0000', 'productId': '7014', 'body': {'channelCustId': '202204191053596627354', 'creditReqNo': '202204191053598878468', 'creditApplyNo': '202204190000000003', 'status': '00'}, 'message': '成功', 'channelId': 'ORANGE'}}
[2022-04-19 10:54:02,930] - [INFO] - 授信查询接口调用成功！
[2022-04-19 10:54:02,930] - [INFO] - 授信中！
[2022-04-19 10:54:05,943] - [INFO] - 授信结果查询
[2022-04-19 10:54:05,943] - [INFO] - ['http://10.1.14.117:27405/channel/apitest/TCJQ/CREDIT_INQUIRY']
[2022-04-19 10:54:05,943] - [INFO] - 请求报文：{'channelCustId': '202204191053596627354', 'creditReqNo': '202204191053598878468', 'creditApplyNo': '202204190000000003'}
[2022-04-19 10:54:06,000] - [INFO] - 响应报文：{'result': True, 'code': 200, 'msg': 'SUCCESS!', 'data': {'code': '0000', 'productId': '7014', 'body': {'channelCustId': '202204191053596627354', 'creditReqNo': '202204191053598878468', 'creditApplyNo': '202204190000000003', 'status': '00'}, 'message': '成功', 'channelId': 'ORANGE'}}
[2022-04-19 10:54:06,000] - [INFO] - 授信查询接口调用成功！
[2022-04-19 10:54:06,000] - [INFO] - 授信中！
[2022-04-19 10:54:09,003] - [INFO] - 授信结果查询
[2022-04-19 10:54:09,003] - [INFO] - ['http://10.1.14.117:27405/channel/apitest/TCJQ/CREDIT_INQUIRY']
[2022-04-19 10:54:09,004] - [INFO] - 请求报文：{'channelCustId': '202204191053596627354', 'creditReqNo': '202204191053598878468', 'creditApplyNo': '202204190000000003'}
[2022-04-19 10:54:09,078] - [INFO] - 响应报文：{'result': True, 'code': 200, 'msg': 'SUCCESS!', 'data': {'code': '0000', 'productId': '7014', 'body': {'creditDate': '2022/04/19', 'creditExpireDate': '2025/04/19', 'freezingDate': '', 'channelCustId': '202204191053596627354', 'creditReqNo': '202204191053598878468', 'creditApplyNo': '202204190000000003', 'creditState': '00', 'availAmount': 5000.0, 'creditAmount': 5000.0, 'status': '01'}, 'message': '成功', 'channelId': 'ORANGE'}}
[2022-04-19 10:54:09,078] - [INFO] - 授信查询接口调用成功！
[2022-04-19 10:54:09,078] - [INFO] - 授信通过！
[2022-04-19 10:54:09,079] - [INFO] - 更新客户信息表liveaddress
[2022-04-19 10:54:09,079] - [INFO] - update customer_info set liveaddress = '北京市市辖区东城区' where CERTID = '131023199706271845'
[2022-04-19 10:54:09,104] - [INFO] - 支用试算
[2022-04-19 10:54:09,104] - [INFO] - http://10.1.14.117:27405/channel/apitest/TCJQ/DISBURSE_TRIAL
[2022-04-19 10:54:09,104] - [INFO] - 请求报文：{'channelCustId': '202204191053596627354', 'periods': '3', 'name': '俞之', 'loanAmount': 1000, 'idNo': '131023199706271845', 'purpose': '00', 'idType': '00', 'addProvince': '130000', 'addCity': '130100', 'addDistrict': '130101', 'phone': '18581821572', 'addDetail': 'hahah', 'returnUrl': 'www.baidu.com'}
[2022-04-19 10:54:09,742] - [INFO] - 响应报文：{'result': True, 'code': 200, 'msg': 'SUCCESS!', 'data': {'code': '0000', 'productId': '7014', 'body': {'capitalUrl': 'http://124.239.138.231:8080/dadih5/sign/token/08e4a9834e420758a6ffce00144e6b4f', 'channelCustId': '202204191053596627354', 'repayPlanDetails': [{'principal': 331.7, 'period': 1, 'periodAmt': 348.25, 'premium': 10.16, 'interest': 6.39, 'repayDate': '2022/05/28'}, {'principal': 333.33, 'period': 2, 'periodAmt': 346.78, 'premium': 10.16, 'interest': 3.29, 'repayDate': '2022/06/28'}, {'principal': 334.97, 'period': 3, 'periodAmt': 346.78, 'premium': 10.16, 'interest': 1.65, 'repayDate': '2022/07/28'}], 'capitalCode': 'HBBank', 'h5ReqApplyNo': '20220419000000010', 'status': '01'}, 'message': '成功', 'channelId': 'ORANGE'}}
[2022-04-19 10:54:09,742] - [INFO] - 本次试算资方为：HBBank
[2022-04-19 10:54:09,742] - [INFO] - 支用试算成功！
[2022-04-19 10:54:09,743] - [INFO] - 支用接口
[2022-04-19 10:54:09,743] - [INFO] - http://10.1.14.117:27405/channel/apitest/TCJQ/DISBURSE
[2022-04-19 10:54:09,743] - [INFO] - 请求报文：{'channelCustId': '202204191053596627354', 'loanReqNo': '202204191053599959523', 'creditReqNo': '202204191053598878468', 'h5ReqApplyNo': '20220419000000010', 'loanAmount': 1000, 'periods': '3', 'purpose': '01', 'bankCard': '6214660419105388', 'bankCode': '308584000013', 'bankName': '建设银行', 'bankPhone': '18581821572', 'longitude': '121.551738', 'latitude': '31.224634', 'ip': '192.168.1.2', 'capitalCode': 'HBBank', 'channelDetail': {'woolFlag': '1', 'phoneFlag': '1', 'phoneTelco': '1', 'compScore': '80', 'repayAbilityScore': '80', 'comsAmount': '4', 'finAmount': '2', 'redPacket': '2', 'phoneAreaName': '上海市', 'modelScore': '80', 'whiteListFlag': '0', 'loanGrade': 'A', 'registerTime': '2', 'realNameFlag': '1', 'realNameGrade': '1', 'transFlag': '1', 'custType': '', 'currLimit': 5000, 'currRemainLimit': 2000, 'currLimitOrg': 'DD', 'currLimitStartDate': '2021/05/31', 'currLimitEndDate': '2021/07/31', 'currTotalPrice': 28.11, 'firstLoanFlag': '1', 'unsettleLoanLimit': 1, 'settleLoanLimit': 1, 'lastLoanDate': '2021/04/21', 'loanAmount': 3000}, 'custType': '0'}
[2022-04-19 10:54:09,865] - [INFO] - 响应报文：{'result': True, 'code': 200, 'msg': 'SUCCESS!', 'data': {'code': '0000', 'productId': '7014', 'body': {'channelCustId': '202204191053596627354', 'loanReqNo': '202204191053599959523', 'loanApplyNo': '20220419000000003', 'status': '01'}, 'message': '成功', 'channelId': 'ORANGE'}}
[2022-04-19 10:54:09,865] - [INFO] - 支用接口调用成功！
[2022-04-19 10:54:09,865] - [INFO] - 受理成功，处理中!
[2022-04-19 10:54:09,865] - [INFO] - 
                    姓名：俞之
                    身份证号：131023199706271845
                    手机号：18581821572
                    借款金额:1000
                    借款期次:3
                    channelCustId：202204191053596627354
                    creditReqNo：202204191053598878468
                    loanReqNo:202204191053599959523
                    
