[2022-02-22 09:56:52,300] - [INFO] - 授信申请
[2022-02-22 09:56:52,301] - [INFO] - [http://10.1.14.106:27405/channel/apitest/TCJQ/CREDIT_GRANTING]
[2022-02-22 09:56:52,301] - [INFO] - 请求报文：{'channelCustId': '202202220956526636693', 'creditReqNo': '202202220956528876730', 'name': '解冠', 'spelling': 'ZHANGTIAN', 'sex': '01', 'nationality': '中国', 'nation': '汉族', 'birthday': '1985/06/02', 'idType': '00', 'idNo': '510921199207032723', 'idStartDate': '2016/01/18', 'idEndDate': '2036/01/18', 'idOffice': '北京市东城区', 'marriage': '01', 'children': '00', 'supplyPeople': 3, 'house': '00', 'addProvince': '110000', 'addCity': '110000', 'addDistrict': '110101', 'addDetail': '东大街东大院', 'industry': 'C', 'profession': '11', 'workplaceName': 'AAA单位', 'workTel': '13162314539', 'workProvince': '110000', 'workCity': '110000', 'workDistrict': '110101', 'workDetailAdd': '西大街西大院', 'workAge': 8, 'income': '03', 'education': '06', 'school': '北京大学', 'phone': '16602225258', 'email': 'email163@qq.com', 'contacts': [{'relation': '00', 'name': '张三', 'phoneNo': '15638530000'}, {'relation': '01', 'name': '李四', 'phoneNo': '15638539999'}], 'bankCard': '6214660222095652', 'bankName': '建设银行', 'bankPhone': '16602225258', 'applyProvince': '110000', 'applyCity': '110000', 'applyDistrict': '110101', 'loanAmount': 5000, 'periods': '3', 'purpose': '01', 'direction': '01', 'payType': '00', 'payMerchantNo': '26666', 'authFlag': '01', 'deviceDetail': {'deviceId': '10-45-5-486', 'mac': '3a:b6:c6:5d:2e:f9', 'longitude': '121.551738', 'latitude': '31.224634', 'gpsCity': '上海市', 'ip': '106.14.135.199', 'ipCity': '上海', 'os': 'android', 'docDate': '2019/09/12'}, 'channelDetail': {'citizenshipCheckResult': '1', 'bankCheckResult': '1', 'telcoCheckResult': '1', 'consumeTimes': '1', 'creditTimes': '1', 'consumeScene': '1', 'frontId': '11', 'reverseId': '11', 'faceId': '11', 'woolFlag': '1', 'phoneFlag': '1', 'phoneTelco': '1', 'compScore': '650', 'repayAbilityScore': '650', 'comsAmount': '1', 'finAmount': '1', 'redPacket': '1', 'phoneAreaName': '上海市', 'modelScore': '650', 'whiteListFlag': '0', 'sugAmount': '3000.00', 'sugBasis': '2', 'loanGrade': 'A', 'registerTime': '1', 'realNameFlag': '1', 'realNameGrade': '1', 'transFlag': '1', 'custType': '', 'currLimit': 5000, 'currRemainLimit': 2000, 'currLimitOrg': 'DD', 'currLimitStartDate': '2021/05/31', 'currLimitEndDate': '2021/07/31', 'currTotalPrice': 28.11, 'firstLoanFlag': '1', 'unsettleLoanLimit': 1, 'settleLoanLimit': 1, 'lastLoanDate': '2021/04/21', 'loanAmount': 3000}, 'custType': '0'}
[2022-02-22 09:56:52,751] - [INFO] - 响应报文：{'result': True, 'code': 200, 'msg': 'SUCCESS!', 'data': {'code': '0000', 'productId': '7014', 'body': {'channelCustId': '202202220956526636693', 'creditReqNo': '202202220956528876730', 'creditApplyNo': '202202220000000006', 'status': '01'}, 'message': '成功', 'channelId': 'ORANGE'}}
[2022-02-22 09:56:52,752] - [INFO] - 授信接口调用成功！
[2022-02-22 09:56:52,752] - [INFO] - 授信受理成功，处理中！
[2022-02-22 09:56:52,753] - [INFO] - 授信结果查询
[2022-02-22 09:56:52,753] - [INFO] - ['http://10.1.14.106:27405/channel/apitest/TCJQ/CREDIT_INQUIRY']
[2022-02-22 09:56:52,753] - [INFO] - 请求报文：{'channelCustId': '202202220956526636693', 'creditReqNo': '202202220956528876730', 'creditApplyNo': '202202220000000006'}
[2022-02-22 09:56:52,854] - [INFO] - 响应报文：{'result': True, 'code': 200, 'msg': 'SUCCESS!', 'data': {'code': '0000', 'productId': '7014', 'body': {'channelCustId': '202202220956526636693', 'creditReqNo': '202202220956528876730', 'creditApplyNo': '202202220000000006', 'status': '00'}, 'message': '成功', 'channelId': 'ORANGE'}}
[2022-02-22 09:56:52,855] - [INFO] - 授信查询接口调用成功！
[2022-02-22 09:56:52,855] - [INFO] - 授信中！
[2022-02-22 09:56:55,861] - [INFO] - 授信结果查询
[2022-02-22 09:56:55,862] - [INFO] - ['http://10.1.14.106:27405/channel/apitest/TCJQ/CREDIT_INQUIRY']
[2022-02-22 09:56:55,863] - [INFO] - 请求报文：{'channelCustId': '202202220956526636693', 'creditReqNo': '202202220956528876730', 'creditApplyNo': '202202220000000006'}
[2022-02-22 09:56:55,941] - [INFO] - 响应报文：{'result': True, 'code': 200, 'msg': 'SUCCESS!', 'data': {'code': '0000', 'productId': '7014', 'body': {'channelCustId': '202202220956526636693', 'creditReqNo': '202202220956528876730', 'creditApplyNo': '202202220000000006', 'status': '00'}, 'message': '成功', 'channelId': 'ORANGE'}}
[2022-02-22 09:56:55,942] - [INFO] - 授信查询接口调用成功！
[2022-02-22 09:56:55,942] - [INFO] - 授信中！
[2022-02-22 09:56:58,947] - [INFO] - 授信结果查询
[2022-02-22 09:56:58,948] - [INFO] - ['http://10.1.14.106:27405/channel/apitest/TCJQ/CREDIT_INQUIRY']
[2022-02-22 09:56:58,949] - [INFO] - 请求报文：{'channelCustId': '202202220956526636693', 'creditReqNo': '202202220956528876730', 'creditApplyNo': '202202220000000006'}
[2022-02-22 09:56:59,370] - [INFO] - 响应报文：{'result': True, 'code': 200, 'msg': 'SUCCESS!', 'data': {'code': '0000', 'productId': '7014', 'body': {'creditDate': '2022/02/22', 'creditExpireDate': '2025/02/22', 'freezingDate': '', 'channelCustId': '202202220956526636693', 'creditReqNo': '202202220956528876730', 'creditApplyNo': '202202220000000006', 'creditState': '00', 'availAmount': 5000.0, 'creditAmount': 5000.0, 'status': '01'}, 'message': '成功', 'channelId': 'ORANGE'}}
[2022-02-22 09:56:59,371] - [INFO] - 授信查询接口调用成功！
[2022-02-22 09:56:59,372] - [INFO] - 授信通过！
[2022-02-22 09:56:59,372] - [INFO] - 更新客户信息表liveaddress
[2022-02-22 09:56:59,373] - [INFO] - update customer_info set liveaddress = '北京市市辖区东城区' where CERTID = '510921199207032723'
[2022-02-22 09:56:59,430] - [INFO] - 支用试算
[2022-02-22 09:56:59,431] - [INFO] - http://10.1.14.106:27405/channel/apitest/TCJQ/DISBURSE_TRIAL
[2022-02-22 09:56:59,432] - [INFO] - 请求报文：{'channelCustId': '202202220956526636693', 'periods': '3', 'loanAmount': 2000}
[2022-02-22 09:56:59,772] - [INFO] - 响应报文：{'result': True, 'code': 200, 'msg': 'SUCCESS!', 'data': {'code': '0000', 'productId': '7014', 'body': {'channelCustId': '202202220956526636693', 'repayPlanDetails': [{'principal': 80.99, 'period': 1, 'periodAmt': 111.29, 'premium': 25.13, 'interest': 5.17, 'repayDate': '2034/04/17'}, {'principal': 81.41, 'period': 2, 'periodAmt': 111.29, 'premium': 25.13, 'interest': 4.75, 'repayDate': '2034/05/17'}, {'principal': 81.83, 'period': 3, 'periodAmt': 111.29, 'premium': 25.13, 'interest': 4.33, 'repayDate': '2034/06/17'}, {'principal': 82.26, 'period': 4, 'periodAmt': 111.29, 'premium': 25.13, 'interest': 3.9, 'repayDate': '2034/07/17'}, {'principal': 82.68, 'period': 5, 'periodAmt': 111.29, 'premium': 25.13, 'interest': 3.48, 'repayDate': '2034/08/17'}, {'principal': 83.11, 'period': 6, 'periodAmt': 111.29, 'premium': 25.13, 'interest': 3.05, 'repayDate': '2034/09/17'}, {'principal': 83.54, 'period': 7, 'periodAmt': 111.29, 'premium': 25.13, 'interest': 2.62, 'repayDate': '2034/10/17'}, {'principal': 83.97, 'period': 8, 'periodAmt': 111.29, 'premium': 25.13, 'interest': 2.19, 'repayDate': '2034/11/17'}, {'principal': 84.4, 'period': 9, 'periodAmt': 111.29, 'premium': 25.13, 'interest': 1.76, 'repayDate': '2034/12/17'}, {'principal': 84.84, 'period': 10, 'periodAmt': 111.29, 'premium': 25.13, 'interest': 1.32, 'repayDate': '2035/01/17'}, {'principal': 85.28, 'period': 11, 'periodAmt': 111.29, 'premium': 25.13, 'interest': 0.88, 'repayDate': '2035/02/17'}, {'principal': 85.69, 'period': 12, 'periodAmt': 111.26, 'premium': 25.13, 'interest': 0.44, 'repayDate': '2035/03/17'}], 'capitalCode': 'FBBANK', 'status': '01'}, 'message': '成功', 'channelId': 'ORANGE'}}
[2022-02-22 09:56:59,773] - [INFO] - 本次试算资方为：FBBANK
[2022-02-22 09:56:59,774] - [INFO] - 支用试算成功！
[2022-02-22 09:56:59,774] - [INFO] - 支用接口
[2022-02-22 09:56:59,774] - [INFO] - http://10.1.14.106:27405/channel/apitest/TCJQ/DISBURSE
[2022-02-22 09:56:59,775] - [INFO] - 请求报文：{'channelCustId': '202202220956526636693', 'loanReqNo': '202202220956529937226', 'creditReqNo': '202202220956528876730', 'loanAmount': 2000, 'periods': '3', 'purpose': '01', 'bankCard': '6214660222095652', 'bankCode': '308584000013', 'bankName': '建设银行', 'bankPhone': '16602225258', 'longitude': '121.551738', 'latitude': '31.224634', 'ip': '192.168.1.2', 'capitalCode': 'FBBANK', 'channelDetail': {'woolFlag': '1', 'phoneFlag': '1', 'phoneTelco': '1', 'compScore': '80', 'repayAbilityScore': '80', 'comsAmount': '4', 'finAmount': '2', 'redPacket': '2', 'phoneAreaName': '上海市', 'modelScore': '80', 'whiteListFlag': '0', 'loanGrade': 'A', 'registerTime': '2', 'realNameFlag': '1', 'realNameGrade': '1', 'transFlag': '1', 'custType': '', 'currLimit': 5000, 'currRemainLimit': 2000, 'currLimitOrg': 'DD', 'currLimitStartDate': '2021/05/31', 'currLimitEndDate': '2021/07/31', 'currTotalPrice': 28.11, 'firstLoanFlag': '1', 'unsettleLoanLimit': 1, 'settleLoanLimit': 1, 'lastLoanDate': '2021/04/21', 'loanAmount': 3000}, 'custType': '0'}
[2022-02-22 09:56:59,982] - [INFO] - 响应报文：{'result': True, 'code': 200, 'msg': 'SUCCESS!', 'data': {'code': '0000', 'productId': '7014', 'body': {'channelCustId': '202202220956526636693', 'loanReqNo': '202202220956529937226', 'loanApplyNo': '20220222000002001', 'status': '01'}, 'message': '成功', 'channelId': 'ORANGE'}}
[2022-02-22 09:56:59,983] - [INFO] - 支用接口调用成功！
[2022-02-22 09:56:59,984] - [INFO] - 受理成功，处理中!
[2022-02-22 09:56:59,984] - [INFO] - 
                    姓名：解冠
                    身份证号：510921199207032723
                    手机号：16602225258
                    借款金额:2000
                    借款期次:3
                    channelCustId：202202220956526636693
                    creditReqNo：202202220956528876730
                    loanReqNo:202202220956529937226
                    
