[2022-03-02 15:03:44,464] - [INFO] - 投保信息接口
[2022-03-02 15:03:44,464] - [INFO] - http://10.1.14.106:27405/channel/apitest/QFIN/INSURE_INFO
[2022-03-02 15:03:44,464] - [INFO] - 请求报文：{'channelCustId': '', 'name': '路菊', 'insuranceNo': '202203021503446690380', 'idNo': '340803199206168047', 'idAddress': '上海市浦东新区龙阳路幸福村520号', 'phone': '16603021858', 'amount': 6000, 'periods': '3', 'purpose': '07', 'capitalCode': 'FBBANK', 'custGrde': 18, 'email': '1264311721@hrtx.com', 'contactPhone': '18968523600', 'callbackUrl': 'https://www.baidu.com'}
[2022-03-02 15:03:44,703] - [INFO] - 响应报文：{'result': True, 'code': 200, 'msg': 'SUCCESS!', 'data': {'channelCustId': '', 'errorCode': '', 'errorMsg': '', 'insurUrl': 'https://test.95590.cn/openui_st/h5/?navStyle=hideLight#/application?env=sit&loanReqNo=202203021503446690380&lp=20220302150345226000037089', 'insuranceNo': '202203021503446690380', 'status': '01'}}
[2022-03-02 15:03:44,703] - [INFO] - 投保信息接口成功！
[2022-03-02 15:03:44,704] - [INFO] - 投保资料查询接口
[2022-03-02 15:03:44,704] - [INFO] - http://10.1.14.106:27405/channel/apitest/QFIN/INSURE_DATA_QUERY
[2022-03-02 15:03:44,704] - [INFO] - 请求报文：{'loanReqNo': '202203021503446690380', 'token': '20220302150345226000037089'}
[2022-03-02 15:03:44,770] - [INFO] - 响应报文：{'result': True, 'code': 200, 'msg': 'SUCCESS!', 'data': {'discountRate': 0, 'insurantName': '富邦华一银行', 'purpose': '07', 'premiumRate': 0.352, 'loanReqNo': '202203021503446690380', 'premiumExcTax': 20.38, 'idNo': '340803199206168047', 'phoneNo': '18968523600', 'insurantAdd': '上海市静安区高平路478号', 'claimPeriod': '50', 'periods': 3, 'taxFee': 1.22, 'email': '1264311721@hrtx.com', 'monthlyFee': 21.6, 'addProvince': '', 'amount': 6000.0, 'address': '上海市浦东新区龙阳路幸福村520号', 'irr': '18.00', 'addDistrict': '', 'addCity': '', 'annualIntRate': 6.2, 'addDetail': '上海市浦东新区龙阳路幸福村520号', 'phone': '16603021858', 'insAmount': 6139.2, 'name': '路菊', 'postCode': '200436'}}
[2022-03-02 15:03:44,770] - [INFO] - 投保资料查询成功！
[2022-03-02 15:03:44,771] - [INFO] - 投保接口
[2022-03-02 15:03:44,771] - [INFO] - http://10.1.14.106:27405/channel/apitest/QFIN/INSURE
[2022-03-02 15:03:44,771] - [INFO] - 请求报文：{'agentNo': 'TianCheng', 'agentName': '甜橙保代', 'loanReqNo': '202203021503446690380', 'insReqNo': '202203021503446690380', 'name': '路菊', 'idNo': '340803199206168047', 'phone': '16603021858', 'amount': 6000, 'periods': '3', 'purpose': '07', 'premiumRate': 1.66, 'insurantName': '韦艺翠', 'insurantAdd': '上海市浦东新区龙阳路幸福村520号', 'postCode': '110016', 'productId': '7015', 'loanAmount': 6000}
[2022-03-02 15:03:44,835] - [INFO] - 响应报文：{'result': True, 'code': 200, 'msg': 'SUCCESS!', 'data': {'insReqNo': '7514538272472521', 'errorCode': '', 'loanReqNo': '', 'errorMsg': '', 'status': '01'}}
[2022-03-02 15:03:44,835] - [INFO] - 已受理，处理中！
[2022-03-02 15:03:44,835] - [INFO] - 支用接口
[2022-03-02 15:03:44,836] - [INFO] - http://10.1.14.106:27405/channel/apitest/QFIN/DISBURSE
[2022-03-02 15:03:44,836] - [INFO] - 请求报文：{'channelCustId': '', 'loanReqNo': '202203021503446690380', 'idNo': '340803199206168047', 'insuranceNo': '202203021503446690380', 'phone': '16603021858', 'loanAmount': 6000, 'productId': '7015', 'name': '路菊', 'spelling': 'CHENPI', 'sex': '01', 'nationality': '中国', 'nation': '汉族', 'birthday': '1991/01/08', 'idType': '00', 'idAddress': '上海市浦东新区龙阳路幸福村520号', 'idStartDate': '2015/10/08', 'idEndDate': '2025/10/08', 'idOffice': '杭州市公安局江干区分局', 'marriage': '03', 'education': '06', 'children': '00', 'supplyPeople': 0, 'house': '00', 'addProvince': '', 'addCity': '', 'addDistrict': '', 'addDetail': '', 'industry': 'C', 'profession': '18', 'workplaceName': '大地保险公司', 'workTel': '13196853698', 'workProvince': '', 'workCity': '', 'workDistrict': '', 'workDetailAdd': '学院路100号小杨制造厂', 'workAge': 10, 'income': '02', 'school': '清华大学', 'email': '1264311721@hrtx.com', 'contacts': [{'relation': '00', 'name': '哈利路亚', 'phoneNo': '18968523600'}], 'bankCard': '6214660302150344', 'bankName': '中国农业银行', 'bankPhone': '16603021858', 'applyProvince': '', 'applyCity': '', 'applyDistrict': '', 'periods': '3', 'purpose': '07', 'direction': '', 'payType': '01', 'payMerchantNo': '', 'authFlag': '01', 'deviceDetail': {'deviceId': '', 'mac': 'NONE', 'longitude': '23.232653', 'latitude': '88.369689', 'gpsCity': '', 'ip': '192.3.46.57', 'ipCity': '', 'oS': ''}, 'docDate': '', 'channelDetail': {'capitalCode': 'FBBANK', 'custGrde': 18, 'payType': '03', 'applyEntry': '03', 'creditDuration': '2020/03/02', 'faceRecoType': '01', 'faceRecoScore': 66, 'currLimit': 20000.0, 'currRemainLimit': 20000.0, 'firstLoanFlag': 'N', 'settleLoanNum': 1, 'unsettleLoanLimit': 0, 'unsettleLoanNum': 0, 'longestOverPeriod': 0, 'applyLevel360': 1000, 'actionLevel360': 1000, 'realFaceCheckResult': '1', 'citizenshipCheckResult': '1', 'bankCheckResult': '1', 'telcoCheckResult': '1'}, 'custGrde': 18}
[2022-03-02 15:03:45,163] - [INFO] - 响应报文：{'result': True, 'code': 200, 'msg': 'SUCCESS!', 'data': {'channelCustId': '', 'errorCode': '', 'errorMsg': '', 'loanApplyNo': '202203020000000012', 'loanReqNo': '202203021503446690380', 'status': '01'}}
[2022-03-02 15:03:45,163] - [INFO] - 放款受理成功，处理中！
[2022-03-02 15:03:45,163] - [INFO] - 
                        姓名：路菊
                        身份证号：340803199206168047
                        手机号：16603021858
                        借款金额:6000
                        借款期次:3
                        loanReqNo:202203021503446690380
                    
