[2022-04-07 11:19:10,602] - [INFO] - 授信申请
[2022-04-07 11:19:10,604] - [INFO] - [http://10.1.14.106:27405/channel/apitest/TCJQ/CREDIT_GRANTING]
[2022-04-07 11:19:10,605] - [INFO] - 请求报文：{'channelCustId': '202204071119106620253', 'creditReqNo': '202204071119108832088', 'name': '臧忠岚', 'spelling': 'ZHANGTIAN', 'sex': '01', 'nationality': '中国', 'nation': '汉族', 'birthday': '1985/06/02', 'idType': '00', 'idNo': '410421199303103922', 'idStartDate': '2016/01/18', 'idEndDate': '2036/01/18', 'idOffice': '北京市东城区', 'marriage': '01', 'children': '00', 'supplyPeople': 3, 'house': '00', 'addProvince': '130000', 'addCity': '130100', 'addDistrict': '130101', 'addDetail': '东大街东大院', 'industry': 'C', 'profession': '11', 'workplaceName': 'AAA单位', 'workTel': '13162314539', 'workProvince': '110000', 'workCity': '110000', 'workDistrict': '110101', 'workDetailAdd': '西大街西大院', 'workAge': 8, 'income': '03', 'education': '06', 'school': '北京大学', 'phone': '18581821572', 'email': 'email163@qq.com', 'contacts': [{'relation': '00', 'name': '张三', 'phoneNo': '15638530000'}, {'relation': '01', 'name': '李四', 'phoneNo': '15638539999'}], 'bankCard': '6214660407111910', 'bankName': '建设银行', 'bankPhone': '18581821572', 'applyProvince': '110000', 'applyCity': '110000', 'applyDistrict': '110101', 'loanAmount': 5000, 'periods': '9', 'purpose': '01', 'direction': '01', 'payType': '00', 'payMerchantNo': '26666', 'authFlag': '01', 'deviceDetail': {'deviceId': '10-45-5-486', 'mac': '3a:b6:c6:5d:2e:f9', 'longitude': '121.551738', 'latitude': '31.224634', 'gpsCity': '上海市', 'ip': '106.14.135.199', 'ipCity': '上海', 'os': 'android', 'docDate': '2019/09/12'}, 'channelDetail': {'citizenshipCheckResult': '1', 'bankCheckResult': '1', 'telcoCheckResult': '1', 'consumeTimes': '1', 'creditTimes': '1', 'consumeScene': '1', 'frontId': '11', 'reverseId': '11', 'faceId': '11', 'woolFlag': '1', 'phoneFlag': '1', 'phoneTelco': '1', 'compScore': '650', 'repayAbilityScore': '650', 'comsAmount': '1', 'finAmount': '1', 'redPacket': '1', 'phoneAreaName': '上海市', 'modelScore': '650', 'whiteListFlag': '0', 'sugAmount': '3000.00', 'sugBasis': '2', 'loanGrade': 'A', 'registerTime': '1', 'realNameFlag': '1', 'realNameGrade': '1', 'transFlag': '1', 'custType': '', 'currLimit': 5000, 'currRemainLimit': 2000, 'currLimitOrg': 'DD', 'currLimitStartDate': '2021/05/31', 'currLimitEndDate': '2021/07/31', 'currTotalPrice': 28.11, 'firstLoanFlag': '1', 'unsettleLoanLimit': 1, 'settleLoanLimit': 1, 'lastLoanDate': '2021/04/21', 'loanAmount': 3000}, 'custType': '0'}
[2022-04-07 11:19:10,723] - [INFO] - 响应报文：{'result': True, 'code': 200, 'msg': 'SUCCESS!', 'data': {'code': '0000', 'productId': '7014', 'body': {'channelCustId': '202204071119106620253', 'creditReqNo': '202204071119108832088', 'creditApplyNo': '202204070000000002', 'status': '01'}, 'message': '成功', 'channelId': 'ORANGE'}}
[2022-04-07 11:19:10,725] - [INFO] - 授信接口调用成功！
[2022-04-07 11:19:10,725] - [INFO] - 授信受理成功，处理中！
[2022-04-07 11:19:10,725] - [INFO] - 授信结果查询
[2022-04-07 11:19:10,725] - [INFO] - ['http://10.1.14.106:27405/channel/apitest/TCJQ/CREDIT_INQUIRY']
[2022-04-07 11:19:10,726] - [INFO] - 请求报文：{'channelCustId': '202204071119106620253', 'creditReqNo': '202204071119108832088', 'creditApplyNo': '202204070000000002'}
[2022-04-07 11:19:10,860] - [INFO] - 响应报文：{'result': True, 'code': 200, 'msg': 'SUCCESS!', 'data': {'code': '0000', 'productId': '7014', 'body': {'channelCustId': '202204071119106620253', 'creditReqNo': '202204071119108832088', 'creditApplyNo': '202204070000000002', 'status': '00'}, 'message': '成功', 'channelId': 'ORANGE'}}
[2022-04-07 11:19:10,860] - [INFO] - 授信查询接口调用成功！
[2022-04-07 11:19:10,860] - [INFO] - 授信中！
[2022-04-07 11:19:13,862] - [INFO] - 授信结果查询
[2022-04-07 11:19:13,862] - [INFO] - ['http://10.1.14.106:27405/channel/apitest/TCJQ/CREDIT_INQUIRY']
[2022-04-07 11:19:13,862] - [INFO] - 请求报文：{'channelCustId': '202204071119106620253', 'creditReqNo': '202204071119108832088', 'creditApplyNo': '202204070000000002'}
[2022-04-07 11:19:13,907] - [INFO] - 响应报文：{'result': True, 'code': 200, 'msg': 'SUCCESS!', 'data': {'code': '0000', 'productId': '7014', 'body': {'channelCustId': '202204071119106620253', 'creditReqNo': '202204071119108832088', 'creditApplyNo': '202204070000000002', 'status': '00'}, 'message': '成功', 'channelId': 'ORANGE'}}
[2022-04-07 11:19:13,907] - [INFO] - 授信查询接口调用成功！
[2022-04-07 11:19:13,907] - [INFO] - 授信中！
[2022-04-07 11:19:16,921] - [INFO] - 授信结果查询
[2022-04-07 11:19:16,921] - [INFO] - ['http://10.1.14.106:27405/channel/apitest/TCJQ/CREDIT_INQUIRY']
[2022-04-07 11:19:16,921] - [INFO] - 请求报文：{'channelCustId': '202204071119106620253', 'creditReqNo': '202204071119108832088', 'creditApplyNo': '202204070000000002'}
[2022-04-07 11:19:16,972] - [INFO] - 响应报文：{'result': True, 'code': 200, 'msg': 'SUCCESS!', 'data': {'code': '0000', 'productId': '7014', 'body': {'channelCustId': '202204071119106620253', 'creditReqNo': '202204071119108832088', 'creditApplyNo': '202204070000000002', 'status': '00'}, 'message': '成功', 'channelId': 'ORANGE'}}
[2022-04-07 11:19:16,972] - [INFO] - 授信查询接口调用成功！
[2022-04-07 11:19:16,972] - [INFO] - 授信中！
[2022-04-07 11:19:19,979] - [INFO] - 授信结果查询
[2022-04-07 11:19:19,979] - [INFO] - ['http://10.1.14.106:27405/channel/apitest/TCJQ/CREDIT_INQUIRY']
[2022-04-07 11:19:19,979] - [INFO] - 请求报文：{'channelCustId': '202204071119106620253', 'creditReqNo': '202204071119108832088', 'creditApplyNo': '202204070000000002'}
[2022-04-07 11:19:20,023] - [INFO] - 响应报文：{'result': True, 'code': 200, 'msg': 'SUCCESS!', 'data': {'code': '0000', 'productId': '7014', 'body': {'channelCustId': '202204071119106620253', 'creditReqNo': '202204071119108832088', 'creditApplyNo': '202204070000000002', 'status': '00'}, 'message': '成功', 'channelId': 'ORANGE'}}
[2022-04-07 11:19:20,023] - [INFO] - 授信查询接口调用成功！
[2022-04-07 11:19:20,023] - [INFO] - 授信中！
[2022-04-07 11:19:23,034] - [INFO] - 授信结果查询
[2022-04-07 11:19:23,034] - [INFO] - ['http://10.1.14.106:27405/channel/apitest/TCJQ/CREDIT_INQUIRY']
[2022-04-07 11:19:23,034] - [INFO] - 请求报文：{'channelCustId': '202204071119106620253', 'creditReqNo': '202204071119108832088', 'creditApplyNo': '202204070000000002'}
[2022-04-07 11:19:23,348] - [INFO] - 响应报文：{'result': True, 'code': 200, 'msg': 'SUCCESS!', 'data': {'code': '0000', 'productId': '7014', 'body': {'creditDate': '2022/04/07', 'creditExpireDate': '2025/04/07', 'freezingDate': '', 'channelCustId': '202204071119106620253', 'creditReqNo': '202204071119108832088', 'creditApplyNo': '202204070000000002', 'creditState': '00', 'availAmount': 5000.0, 'creditAmount': 5000.0, 'status': '01'}, 'message': '成功', 'channelId': 'ORANGE'}}
[2022-04-07 11:19:23,348] - [INFO] - 授信查询接口调用成功！
[2022-04-07 11:19:23,348] - [INFO] - 授信通过！
[2022-04-07 11:19:23,349] - [INFO] - 更新客户信息表liveaddress
[2022-04-07 11:19:23,349] - [INFO] - update customer_info set liveaddress = '北京市市辖区东城区' where CERTID = '410421199303103922'
[2022-04-07 11:19:23,386] - [INFO] - 支用试算
[2022-04-07 11:19:23,386] - [INFO] - http://10.1.14.106:27405/channel/apitest/TCJQ/DISBURSE_TRIAL
[2022-04-07 11:19:23,386] - [INFO] - 请求报文：{'channelCustId': '202204071119106620253', 'periods': '9', 'name': '臧忠岚', 'loanAmount': 1000, 'idNo': '410421199303103922', 'purpose': '00', 'idType': '00', 'addProvince': '130000', 'addCity': '130100', 'addDistrict': '130101', 'phone': '18581821572', 'addDetail': 'hahah', 'returnUrl': 'www.baidu.com'}
[2022-04-07 11:19:23,974] - [INFO] - 响应报文：{'result': True, 'code': 200, 'msg': 'SUCCESS!', 'data': {'code': '0000', 'productId': '7014', 'body': {'capitalUrl': 'http://124.239.138.231:8080/dadih5/sign/token/48af3a3c0e3f3cb5dbf449685c9b1814', 'channelCustId': '202204071119106620253', 'repayPlanDetails': [{'principal': 108.94, 'period': 1, 'periodAmt': 122.7, 'premium': 8.68, 'interest': 5.08, 'repayDate': '2022/05/08'}, {'principal': 109.48, 'period': 2, 'periodAmt': 122.54, 'premium': 8.68, 'interest': 4.38, 'repayDate': '2022/06/08'}, {'principal': 110.02, 'period': 3, 'periodAmt': 122.54, 'premium': 8.68, 'interest': 3.84, 'repayDate': '2022/07/08'}, {'principal': 110.56, 'period': 4, 'periodAmt': 122.54, 'premium': 8.68, 'interest': 3.3, 'repayDate': '2022/08/08'}, {'principal': 111.1, 'period': 5, 'periodAmt': 122.54, 'premium': 8.68, 'interest': 2.76, 'repayDate': '2022/09/08'}, {'principal': 111.65, 'period': 6, 'periodAmt': 122.54, 'premium': 8.68, 'interest': 2.21, 'repayDate': '2022/10/08'}, {'principal': 112.2, 'period': 7, 'periodAmt': 122.54, 'premium': 8.68, 'interest': 1.66, 'repayDate': '2022/11/08'}, {'principal': 112.75, 'period': 8, 'periodAmt': 122.54, 'premium': 8.68, 'interest': 1.11, 'repayDate': '2022/12/08'}, {'principal': 113.3, 'period': 9, 'periodAmt': 122.54, 'premium': 8.68, 'interest': 0.56, 'repayDate': '2023/01/08'}], 'capitalCode': 'HBBank', 'h5ReqApplyNo': '20220407000000002', 'status': '01'}, 'message': '成功', 'channelId': 'ORANGE'}}
[2022-04-07 11:19:23,974] - [INFO] - 本次试算资方为：HBBank
[2022-04-07 11:19:23,974] - [INFO] - 支用试算成功！
[2022-04-07 11:19:23,975] - [INFO] - 支用接口
[2022-04-07 11:19:23,975] - [INFO] - http://10.1.14.106:27405/channel/apitest/TCJQ/DISBURSE
[2022-04-07 11:19:23,975] - [INFO] - 请求报文：{'channelCustId': '202204071119106620253', 'loanReqNo': '202204071119109944327', 'creditReqNo': '202204071119108832088', 'h5ReqApplyNo': '20220407000000002', 'loanAmount': 1000, 'periods': '9', 'purpose': '01', 'bankCard': '6214660407111910', 'bankCode': '308584000013', 'bankName': '建设银行', 'bankPhone': '18581821572', 'longitude': '121.551738', 'latitude': '31.224634', 'ip': '192.168.1.2', 'capitalCode': 'HBBank', 'channelDetail': {'woolFlag': '1', 'phoneFlag': '1', 'phoneTelco': '1', 'compScore': '80', 'repayAbilityScore': '80', 'comsAmount': '4', 'finAmount': '2', 'redPacket': '2', 'phoneAreaName': '上海市', 'modelScore': '80', 'whiteListFlag': '0', 'loanGrade': 'A', 'registerTime': '2', 'realNameFlag': '1', 'realNameGrade': '1', 'transFlag': '1', 'custType': '', 'currLimit': 5000, 'currRemainLimit': 2000, 'currLimitOrg': 'DD', 'currLimitStartDate': '2021/05/31', 'currLimitEndDate': '2021/07/31', 'currTotalPrice': 28.11, 'firstLoanFlag': '1', 'unsettleLoanLimit': 1, 'settleLoanLimit': 1, 'lastLoanDate': '2021/04/21', 'loanAmount': 3000}, 'custType': '0'}
[2022-04-07 11:19:24,095] - [INFO] - 响应报文：{'result': True, 'code': 200, 'msg': 'SUCCESS!', 'data': {'code': '0000', 'productId': '7014', 'body': {'channelCustId': '202204071119106620253', 'loanReqNo': '202204071119109944327', 'loanApplyNo': '20220407000000002', 'status': '01'}, 'message': '成功', 'channelId': 'ORANGE'}}
[2022-04-07 11:19:24,095] - [INFO] - 支用接口调用成功！
[2022-04-07 11:19:24,095] - [INFO] - 受理成功，处理中!
[2022-04-07 11:19:24,095] - [INFO] - 
                    姓名：臧忠岚
                    身份证号：410421199303103922
                    手机号：18581821572
                    借款金额:1000
                    借款期次:9
                    channelCustId：202204071119106620253
                    creditReqNo：202204071119108832088
                    loanReqNo:202204071119109944327
                    
[2022-04-07 11:34:39,706] - [INFO] - 授信申请
[2022-04-07 11:34:39,706] - [INFO] - [http://10.1.14.106:27405/channel/apitest/TCJQ/CREDIT_GRANTING]
[2022-04-07 11:34:39,707] - [INFO] - 请求报文：{'channelCustId': '202204071134396680785', 'creditReqNo': '202204071134398895901', 'name': '干义筠', 'spelling': 'ZHANGTIAN', 'sex': '01', 'nationality': '中国', 'nation': '汉族', 'birthday': '1985/06/02', 'idType': '00', 'idNo': '130283199404111017', 'idStartDate': '2016/01/18', 'idEndDate': '2036/01/18', 'idOffice': '北京市东城区', 'marriage': '01', 'children': '00', 'supplyPeople': 3, 'house': '00', 'addProvince': '130000', 'addCity': '130100', 'addDistrict': '130101', 'addDetail': '东大街东大院', 'industry': 'C', 'profession': '11', 'workplaceName': 'AAA单位', 'workTel': '13162314539', 'workProvince': '110000', 'workCity': '110000', 'workDistrict': '110101', 'workDetailAdd': '西大街西大院', 'workAge': 8, 'income': '03', 'education': '06', 'school': '北京大学', 'phone': '18581821572', 'email': 'email163@qq.com', 'contacts': [{'relation': '00', 'name': '张三', 'phoneNo': '15638530000'}, {'relation': '01', 'name': '李四', 'phoneNo': '15638539999'}], 'bankCard': '6214660407113488', 'bankName': '建设银行', 'bankPhone': '18581821572', 'applyProvince': '110000', 'applyCity': '110000', 'applyDistrict': '110101', 'loanAmount': 5000, 'periods': '9', 'purpose': '01', 'direction': '01', 'payType': '00', 'payMerchantNo': '26666', 'authFlag': '01', 'deviceDetail': {'deviceId': '10-45-5-486', 'mac': '3a:b6:c6:5d:2e:f9', 'longitude': '121.551738', 'latitude': '31.224634', 'gpsCity': '上海市', 'ip': '106.14.135.199', 'ipCity': '上海', 'os': 'android', 'docDate': '2019/09/12'}, 'channelDetail': {'citizenshipCheckResult': '1', 'bankCheckResult': '1', 'telcoCheckResult': '1', 'consumeTimes': '1', 'creditTimes': '1', 'consumeScene': '1', 'frontId': '11', 'reverseId': '11', 'faceId': '11', 'woolFlag': '1', 'phoneFlag': '1', 'phoneTelco': '1', 'compScore': '650', 'repayAbilityScore': '650', 'comsAmount': '1', 'finAmount': '1', 'redPacket': '1', 'phoneAreaName': '上海市', 'modelScore': '650', 'whiteListFlag': '0', 'sugAmount': '3000.00', 'sugBasis': '2', 'loanGrade': 'A', 'registerTime': '1', 'realNameFlag': '1', 'realNameGrade': '1', 'transFlag': '1', 'custType': '', 'currLimit': 5000, 'currRemainLimit': 2000, 'currLimitOrg': 'DD', 'currLimitStartDate': '2021/05/31', 'currLimitEndDate': '2021/07/31', 'currTotalPrice': 28.11, 'firstLoanFlag': '1', 'unsettleLoanLimit': 1, 'settleLoanLimit': 1, 'lastLoanDate': '2021/04/21', 'loanAmount': 3000}, 'custType': '0'}
[2022-04-07 11:34:39,823] - [INFO] - 响应报文：{'result': True, 'code': 200, 'msg': 'SUCCESS!', 'data': {'code': '0000', 'productId': '7014', 'body': {'channelCustId': '202204071134396680785', 'creditReqNo': '202204071134398895901', 'creditApplyNo': '202204070000000003', 'status': '01'}, 'message': '成功', 'channelId': 'ORANGE'}}
[2022-04-07 11:34:39,823] - [INFO] - 授信接口调用成功！
[2022-04-07 11:34:39,823] - [INFO] - 授信受理成功，处理中！
[2022-04-07 11:34:39,824] - [INFO] - 授信结果查询
[2022-04-07 11:34:39,824] - [INFO] - ['http://10.1.14.106:27405/channel/apitest/TCJQ/CREDIT_INQUIRY']
[2022-04-07 11:34:39,824] - [INFO] - 请求报文：{'channelCustId': '202204071134396680785', 'creditReqNo': '202204071134398895901', 'creditApplyNo': '202204070000000003'}
[2022-04-07 11:34:39,885] - [INFO] - 响应报文：{'result': True, 'code': 200, 'msg': 'SUCCESS!', 'data': {'code': '0000', 'productId': '7014', 'body': {'channelCustId': '202204071134396680785', 'creditReqNo': '202204071134398895901', 'creditApplyNo': '202204070000000003', 'status': '00'}, 'message': '成功', 'channelId': 'ORANGE'}}
[2022-04-07 11:34:39,885] - [INFO] - 授信查询接口调用成功！
[2022-04-07 11:34:39,885] - [INFO] - 授信中！
[2022-04-07 11:34:42,886] - [INFO] - 授信结果查询
[2022-04-07 11:34:42,886] - [INFO] - ['http://10.1.14.106:27405/channel/apitest/TCJQ/CREDIT_INQUIRY']
[2022-04-07 11:34:42,887] - [INFO] - 请求报文：{'channelCustId': '202204071134396680785', 'creditReqNo': '202204071134398895901', 'creditApplyNo': '202204070000000003'}
[2022-04-07 11:34:42,953] - [INFO] - 响应报文：{'result': True, 'code': 200, 'msg': 'SUCCESS!', 'data': {'code': '0000', 'productId': '7014', 'body': {'channelCustId': '202204071134396680785', 'creditReqNo': '202204071134398895901', 'creditApplyNo': '202204070000000003', 'status': '00'}, 'message': '成功', 'channelId': 'ORANGE'}}
[2022-04-07 11:34:42,953] - [INFO] - 授信查询接口调用成功！
[2022-04-07 11:34:42,954] - [INFO] - 授信中！
[2022-04-07 11:34:45,961] - [INFO] - 授信结果查询
[2022-04-07 11:34:45,961] - [INFO] - ['http://10.1.14.106:27405/channel/apitest/TCJQ/CREDIT_INQUIRY']
[2022-04-07 11:34:45,962] - [INFO] - 请求报文：{'channelCustId': '202204071134396680785', 'creditReqNo': '202204071134398895901', 'creditApplyNo': '202204070000000003'}
[2022-04-07 11:34:46,015] - [INFO] - 响应报文：{'result': True, 'code': 200, 'msg': 'SUCCESS!', 'data': {'code': '0000', 'productId': '7014', 'body': {'channelCustId': '202204071134396680785', 'creditReqNo': '202204071134398895901', 'creditApplyNo': '202204070000000003', 'status': '00'}, 'message': '成功', 'channelId': 'ORANGE'}}
[2022-04-07 11:34:46,015] - [INFO] - 授信查询接口调用成功！
[2022-04-07 11:34:46,015] - [INFO] - 授信中！
[2022-04-07 11:34:49,028] - [INFO] - 授信结果查询
[2022-04-07 11:34:49,028] - [INFO] - ['http://10.1.14.106:27405/channel/apitest/TCJQ/CREDIT_INQUIRY']
[2022-04-07 11:34:49,028] - [INFO] - 请求报文：{'channelCustId': '202204071134396680785', 'creditReqNo': '202204071134398895901', 'creditApplyNo': '202204070000000003'}
[2022-04-07 11:34:49,084] - [INFO] - 响应报文：{'result': True, 'code': 200, 'msg': 'SUCCESS!', 'data': {'code': '0000', 'productId': '7014', 'body': {'creditDate': '2022/04/07', 'creditExpireDate': '2025/04/07', 'freezingDate': '', 'channelCustId': '202204071134396680785', 'creditReqNo': '202204071134398895901', 'creditApplyNo': '202204070000000003', 'creditState': '00', 'availAmount': 5000.0, 'creditAmount': 5000.0, 'status': '01'}, 'message': '成功', 'channelId': 'ORANGE'}}
[2022-04-07 11:34:49,084] - [INFO] - 授信查询接口调用成功！
[2022-04-07 11:34:49,084] - [INFO] - 授信通过！
[2022-04-07 11:34:49,084] - [INFO] - 更新客户信息表liveaddress
[2022-04-07 11:34:49,085] - [INFO] - update customer_info set liveaddress = '北京市市辖区东城区' where CERTID = '130283199404111017'
[2022-04-07 11:34:49,115] - [INFO] - 支用试算
[2022-04-07 11:34:49,115] - [INFO] - http://10.1.14.106:27405/channel/apitest/TCJQ/DISBURSE_TRIAL
[2022-04-07 11:34:49,116] - [INFO] - 请求报文：{'channelCustId': '202204071134396680785', 'periods': '9', 'name': '干义筠', 'loanAmount': 1000, 'idNo': '130283199404111017', 'purpose': '00', 'idType': '00', 'addProvince': '130000', 'addCity': '130100', 'addDistrict': '130101', 'phone': '18581821572', 'addDetail': 'hahah', 'returnUrl': 'www.baidu.com'}
[2022-04-07 11:34:49,788] - [INFO] - 响应报文：{'result': True, 'code': 200, 'msg': 'SUCCESS!', 'data': {'code': '0000', 'productId': '7014', 'body': {'capitalUrl': 'http://124.239.138.231:8080/dadih5/sign/token/c3589e44d1aeec0b35b57caba92f78bb', 'channelCustId': '202204071134396680785', 'repayPlanDetails': [{'principal': 108.94, 'period': 1, 'periodAmt': 122.7, 'premium': 8.68, 'interest': 5.08, 'repayDate': '2022/05/08'}, {'principal': 109.48, 'period': 2, 'periodAmt': 122.54, 'premium': 8.68, 'interest': 4.38, 'repayDate': '2022/06/08'}, {'principal': 110.02, 'period': 3, 'periodAmt': 122.54, 'premium': 8.68, 'interest': 3.84, 'repayDate': '2022/07/08'}, {'principal': 110.56, 'period': 4, 'periodAmt': 122.54, 'premium': 8.68, 'interest': 3.3, 'repayDate': '2022/08/08'}, {'principal': 111.1, 'period': 5, 'periodAmt': 122.54, 'premium': 8.68, 'interest': 2.76, 'repayDate': '2022/09/08'}, {'principal': 111.65, 'period': 6, 'periodAmt': 122.54, 'premium': 8.68, 'interest': 2.21, 'repayDate': '2022/10/08'}, {'principal': 112.2, 'period': 7, 'periodAmt': 122.54, 'premium': 8.68, 'interest': 1.66, 'repayDate': '2022/11/08'}, {'principal': 112.75, 'period': 8, 'periodAmt': 122.54, 'premium': 8.68, 'interest': 1.11, 'repayDate': '2022/12/08'}, {'principal': 113.3, 'period': 9, 'periodAmt': 122.54, 'premium': 8.68, 'interest': 0.56, 'repayDate': '2023/01/08'}], 'capitalCode': 'HBBank', 'h5ReqApplyNo': '20220407000000003', 'status': '01'}, 'message': '成功', 'channelId': 'ORANGE'}}
[2022-04-07 11:34:49,788] - [INFO] - 本次试算资方为：HBBank
[2022-04-07 11:34:49,789] - [INFO] - 支用试算成功！
[2022-04-07 11:34:49,789] - [INFO] - 支用接口
[2022-04-07 11:34:49,789] - [INFO] - http://10.1.14.106:27405/channel/apitest/TCJQ/DISBURSE
[2022-04-07 11:34:49,790] - [INFO] - 请求报文：{'channelCustId': '202204071134396680785', 'loanReqNo': '202204071134399938440', 'creditReqNo': '202204071134398895901', 'h5ReqApplyNo': '20220407000000003', 'loanAmount': 1000, 'periods': '9', 'purpose': '01', 'bankCard': '6214660407113488', 'bankCode': '308584000013', 'bankName': '建设银行', 'bankPhone': '18581821572', 'longitude': '121.551738', 'latitude': '31.224634', 'ip': '192.168.1.2', 'capitalCode': 'HBBank', 'channelDetail': {'woolFlag': '1', 'phoneFlag': '1', 'phoneTelco': '1', 'compScore': '80', 'repayAbilityScore': '80', 'comsAmount': '4', 'finAmount': '2', 'redPacket': '2', 'phoneAreaName': '上海市', 'modelScore': '80', 'whiteListFlag': '0', 'loanGrade': 'A', 'registerTime': '2', 'realNameFlag': '1', 'realNameGrade': '1', 'transFlag': '1', 'custType': '', 'currLimit': 5000, 'currRemainLimit': 2000, 'currLimitOrg': 'DD', 'currLimitStartDate': '2021/05/31', 'currLimitEndDate': '2021/07/31', 'currTotalPrice': 28.11, 'firstLoanFlag': '1', 'unsettleLoanLimit': 1, 'settleLoanLimit': 1, 'lastLoanDate': '2021/04/21', 'loanAmount': 3000}, 'custType': '0'}
[2022-04-07 11:34:49,886] - [INFO] - 响应报文：{'result': True, 'code': 200, 'msg': 'SUCCESS!', 'data': {'code': '0000', 'productId': '7014', 'body': {'channelCustId': '202204071134396680785', 'loanReqNo': '202204071134399938440', 'loanApplyNo': '20220407000000003', 'status': '01'}, 'message': '成功', 'channelId': 'ORANGE'}}
[2022-04-07 11:34:49,887] - [INFO] - 支用接口调用成功！
[2022-04-07 11:34:49,887] - [INFO] - 受理成功，处理中!
[2022-04-07 11:34:49,887] - [INFO] - 
                    姓名：干义筠
                    身份证号：130283199404111017
                    手机号：18581821572
                    借款金额:1000
                    借款期次:9
                    channelCustId：202204071134396680785
                    creditReqNo：202204071134398895901
                    loanReqNo:202204071134399938440
                    
[2022-04-07 12:14:33,191] - [INFO] - 授信申请
[2022-04-07 12:14:33,191] - [INFO] - [http://10.1.14.106:27405/channel/apitest/TCJQ/CREDIT_GRANTING]
[2022-04-07 12:14:33,192] - [INFO] - 请求报文：{'channelCustId': '202204071214336665105', 'creditReqNo': '202204071214338893962', 'name': '宣固', 'spelling': 'ZHANGTIAN', 'sex': '01', 'nationality': '中国', 'nation': '汉族', 'birthday': '1985/06/02', 'idType': '00', 'idNo': '533001199209197769', 'idStartDate': '2016/01/18', 'idEndDate': '2036/01/18', 'idOffice': '北京市东城区', 'marriage': '01', 'children': '00', 'supplyPeople': 3, 'house': '00', 'addProvince': '130000', 'addCity': '130100', 'addDistrict': '130101', 'addDetail': '东大街东大院', 'industry': 'C', 'profession': '11', 'workplaceName': 'AAA单位', 'workTel': '13162314539', 'workProvince': '110000', 'workCity': '110000', 'workDistrict': '110101', 'workDetailAdd': '西大街西大院', 'workAge': 8, 'income': '03', 'education': '06', 'school': '北京大学', 'phone': '18581821572', 'email': 'email163@qq.com', 'contacts': [{'relation': '00', 'name': '张三', 'phoneNo': '15638530000'}, {'relation': '01', 'name': '李四', 'phoneNo': '15638539999'}], 'bankCard': '6214660407121488', 'bankName': '建设银行', 'bankPhone': '18581821572', 'applyProvince': '110000', 'applyCity': '110000', 'applyDistrict': '110101', 'loanAmount': 5000, 'periods': '9', 'purpose': '01', 'direction': '01', 'payType': '00', 'payMerchantNo': '26666', 'authFlag': '01', 'deviceDetail': {'deviceId': '10-45-5-486', 'mac': '3a:b6:c6:5d:2e:f9', 'longitude': '121.551738', 'latitude': '31.224634', 'gpsCity': '上海市', 'ip': '106.14.135.199', 'ipCity': '上海', 'os': 'android', 'docDate': '2019/09/12'}, 'channelDetail': {'citizenshipCheckResult': '1', 'bankCheckResult': '1', 'telcoCheckResult': '1', 'consumeTimes': '1', 'creditTimes': '1', 'consumeScene': '1', 'frontId': '11', 'reverseId': '11', 'faceId': '11', 'woolFlag': '1', 'phoneFlag': '1', 'phoneTelco': '1', 'compScore': '650', 'repayAbilityScore': '650', 'comsAmount': '1', 'finAmount': '1', 'redPacket': '1', 'phoneAreaName': '上海市', 'modelScore': '650', 'whiteListFlag': '0', 'sugAmount': '3000.00', 'sugBasis': '2', 'loanGrade': 'A', 'registerTime': '1', 'realNameFlag': '1', 'realNameGrade': '1', 'transFlag': '1', 'custType': '', 'currLimit': 5000, 'currRemainLimit': 2000, 'currLimitOrg': 'DD', 'currLimitStartDate': '2021/05/31', 'currLimitEndDate': '2021/07/31', 'currTotalPrice': 28.11, 'firstLoanFlag': '1', 'unsettleLoanLimit': 1, 'settleLoanLimit': 1, 'lastLoanDate': '2021/04/21', 'loanAmount': 3000}, 'custType': '0'}
[2022-04-07 12:14:33,500] - [INFO] - 响应报文：{'result': True, 'code': 200, 'msg': 'SUCCESS!', 'data': {'code': '0000', 'productId': '7014', 'body': {'channelCustId': '202204071214336665105', 'creditReqNo': '202204071214338893962', 'creditApplyNo': '202204070000000004', 'status': '01'}, 'message': '成功', 'channelId': 'ORANGE'}}
[2022-04-07 12:14:33,500] - [INFO] - 授信接口调用成功！
[2022-04-07 12:14:33,501] - [INFO] - 授信受理成功，处理中！
[2022-04-07 12:14:33,501] - [INFO] - 授信结果查询
[2022-04-07 12:14:33,501] - [INFO] - ['http://10.1.14.106:27405/channel/apitest/TCJQ/CREDIT_INQUIRY']
[2022-04-07 12:14:33,501] - [INFO] - 请求报文：{'channelCustId': '202204071214336665105', 'creditReqNo': '202204071214338893962', 'creditApplyNo': '202204070000000004'}
[2022-04-07 12:14:33,566] - [INFO] - 响应报文：{'result': True, 'code': 200, 'msg': 'SUCCESS!', 'data': {'code': '0000', 'productId': '7014', 'body': {'channelCustId': '202204071214336665105', 'creditReqNo': '202204071214338893962', 'creditApplyNo': '202204070000000004', 'status': '00'}, 'message': '成功', 'channelId': 'ORANGE'}}
[2022-04-07 12:14:33,566] - [INFO] - 授信查询接口调用成功！
[2022-04-07 12:14:33,566] - [INFO] - 授信中！
[2022-04-07 12:14:36,578] - [INFO] - 授信结果查询
[2022-04-07 12:14:36,578] - [INFO] - ['http://10.1.14.106:27405/channel/apitest/TCJQ/CREDIT_INQUIRY']
[2022-04-07 12:14:36,578] - [INFO] - 请求报文：{'channelCustId': '202204071214336665105', 'creditReqNo': '202204071214338893962', 'creditApplyNo': '202204070000000004'}
[2022-04-07 12:14:36,629] - [INFO] - 响应报文：{'result': True, 'code': 200, 'msg': 'SUCCESS!', 'data': {'code': '0000', 'productId': '7014', 'body': {'channelCustId': '202204071214336665105', 'creditReqNo': '202204071214338893962', 'creditApplyNo': '202204070000000004', 'status': '00'}, 'message': '成功', 'channelId': 'ORANGE'}}
[2022-04-07 12:14:36,629] - [INFO] - 授信查询接口调用成功！
[2022-04-07 12:14:36,629] - [INFO] - 授信中！
[2022-04-07 12:14:39,632] - [INFO] - 授信结果查询
[2022-04-07 12:14:39,632] - [INFO] - ['http://10.1.14.106:27405/channel/apitest/TCJQ/CREDIT_INQUIRY']
[2022-04-07 12:14:39,632] - [INFO] - 请求报文：{'channelCustId': '202204071214336665105', 'creditReqNo': '202204071214338893962', 'creditApplyNo': '202204070000000004'}
[2022-04-07 12:14:39,677] - [INFO] - 响应报文：{'result': True, 'code': 200, 'msg': 'SUCCESS!', 'data': {'code': '0000', 'productId': '7014', 'body': {'channelCustId': '202204071214336665105', 'creditReqNo': '202204071214338893962', 'creditApplyNo': '202204070000000004', 'status': '00'}, 'message': '成功', 'channelId': 'ORANGE'}}
[2022-04-07 12:14:39,678] - [INFO] - 授信查询接口调用成功！
[2022-04-07 12:14:39,678] - [INFO] - 授信中！
[2022-04-07 12:14:42,692] - [INFO] - 授信结果查询
[2022-04-07 12:14:42,692] - [INFO] - ['http://10.1.14.106:27405/channel/apitest/TCJQ/CREDIT_INQUIRY']
[2022-04-07 12:14:42,693] - [INFO] - 请求报文：{'channelCustId': '202204071214336665105', 'creditReqNo': '202204071214338893962', 'creditApplyNo': '202204070000000004'}
[2022-04-07 12:14:42,952] - [INFO] - 响应报文：{'result': True, 'code': 200, 'msg': 'SUCCESS!', 'data': {'code': '0000', 'productId': '7014', 'body': {'channelCustId': '202204071214336665105', 'creditReqNo': '202204071214338893962', 'creditApplyNo': '202204070000000004', 'status': '00'}, 'message': '成功', 'channelId': 'ORANGE'}}
[2022-04-07 12:14:42,953] - [INFO] - 授信查询接口调用成功！
[2022-04-07 12:14:42,953] - [INFO] - 授信中！
[2022-04-07 12:14:45,966] - [INFO] - 授信结果查询
[2022-04-07 12:14:45,966] - [INFO] - ['http://10.1.14.106:27405/channel/apitest/TCJQ/CREDIT_INQUIRY']
[2022-04-07 12:14:45,967] - [INFO] - 请求报文：{'channelCustId': '202204071214336665105', 'creditReqNo': '202204071214338893962', 'creditApplyNo': '202204070000000004'}
[2022-04-07 12:14:46,194] - [INFO] - 响应报文：{'result': True, 'code': 200, 'msg': 'SUCCESS!', 'data': {'code': '0000', 'productId': '7014', 'body': {'creditDate': '2022/04/07', 'creditExpireDate': '2025/04/07', 'freezingDate': '', 'channelCustId': '202204071214336665105', 'creditReqNo': '202204071214338893962', 'creditApplyNo': '202204070000000004', 'creditState': '00', 'availAmount': 5000.0, 'creditAmount': 5000.0, 'status': '01'}, 'message': '成功', 'channelId': 'ORANGE'}}
[2022-04-07 12:14:46,194] - [INFO] - 授信查询接口调用成功！
[2022-04-07 12:14:46,195] - [INFO] - 授信通过！
[2022-04-07 12:14:46,195] - [INFO] - 更新客户信息表liveaddress
[2022-04-07 12:14:46,195] - [INFO] - update customer_info set liveaddress = '北京市市辖区东城区' where CERTID = '533001199209197769'
[2022-04-07 12:14:46,235] - [INFO] - 支用试算
[2022-04-07 12:14:46,235] - [INFO] - http://10.1.14.106:27405/channel/apitest/TCJQ/DISBURSE_TRIAL
[2022-04-07 12:14:46,235] - [INFO] - 请求报文：{'channelCustId': '202204071214336665105', 'periods': '9', 'name': '宣固', 'loanAmount': 1000, 'idNo': '533001199209197769', 'purpose': '00', 'idType': '00', 'addProvince': '130000', 'addCity': '130100', 'addDistrict': '130101', 'phone': '18581821572', 'addDetail': 'hahah', 'returnUrl': 'www.baidu.com'}
[2022-04-07 12:14:46,920] - [INFO] - 响应报文：{'result': True, 'code': 200, 'msg': 'SUCCESS!', 'data': {'code': '0000', 'productId': '7014', 'body': {'capitalUrl': 'http://124.239.138.231:8080/dadih5/sign/token/0eb1196d319bc7dcd9007008dd4e3f53', 'channelCustId': '202204071214336665105', 'repayPlanDetails': [{'principal': 108.94, 'period': 1, 'periodAmt': 122.7, 'premium': 8.68, 'interest': 5.08, 'repayDate': '2022/05/08'}, {'principal': 109.48, 'period': 2, 'periodAmt': 122.54, 'premium': 8.68, 'interest': 4.38, 'repayDate': '2022/06/08'}, {'principal': 110.02, 'period': 3, 'periodAmt': 122.54, 'premium': 8.68, 'interest': 3.84, 'repayDate': '2022/07/08'}, {'principal': 110.56, 'period': 4, 'periodAmt': 122.54, 'premium': 8.68, 'interest': 3.3, 'repayDate': '2022/08/08'}, {'principal': 111.1, 'period': 5, 'periodAmt': 122.54, 'premium': 8.68, 'interest': 2.76, 'repayDate': '2022/09/08'}, {'principal': 111.65, 'period': 6, 'periodAmt': 122.54, 'premium': 8.68, 'interest': 2.21, 'repayDate': '2022/10/08'}, {'principal': 112.2, 'period': 7, 'periodAmt': 122.54, 'premium': 8.68, 'interest': 1.66, 'repayDate': '2022/11/08'}, {'principal': 112.75, 'period': 8, 'periodAmt': 122.54, 'premium': 8.68, 'interest': 1.11, 'repayDate': '2022/12/08'}, {'principal': 113.3, 'period': 9, 'periodAmt': 122.54, 'premium': 8.68, 'interest': 0.56, 'repayDate': '2023/01/08'}], 'capitalCode': 'HBBank', 'h5ReqApplyNo': '20220407000000004', 'status': '01'}, 'message': '成功', 'channelId': 'ORANGE'}}
[2022-04-07 12:14:46,921] - [INFO] - 本次试算资方为：HBBank
[2022-04-07 12:14:46,921] - [INFO] - 支用试算成功！
[2022-04-07 12:14:46,921] - [INFO] - 支用接口
[2022-04-07 12:14:46,921] - [INFO] - http://10.1.14.106:27405/channel/apitest/TCJQ/DISBURSE
[2022-04-07 12:14:46,922] - [INFO] - 请求报文：{'channelCustId': '202204071214336665105', 'loanReqNo': '202204071214339937909', 'creditReqNo': '202204071214338893962', 'h5ReqApplyNo': '20220407000000004', 'loanAmount': 1000, 'periods': '9', 'purpose': '01', 'bankCard': '6214660407121488', 'bankCode': '308584000013', 'bankName': '建设银行', 'bankPhone': '18581821572', 'longitude': '121.551738', 'latitude': '31.224634', 'ip': '192.168.1.2', 'capitalCode': 'HBBank', 'channelDetail': {'woolFlag': '1', 'phoneFlag': '1', 'phoneTelco': '1', 'compScore': '80', 'repayAbilityScore': '80', 'comsAmount': '4', 'finAmount': '2', 'redPacket': '2', 'phoneAreaName': '上海市', 'modelScore': '80', 'whiteListFlag': '0', 'loanGrade': 'A', 'registerTime': '2', 'realNameFlag': '1', 'realNameGrade': '1', 'transFlag': '1', 'custType': '', 'currLimit': 5000, 'currRemainLimit': 2000, 'currLimitOrg': 'DD', 'currLimitStartDate': '2021/05/31', 'currLimitEndDate': '2021/07/31', 'currTotalPrice': 28.11, 'firstLoanFlag': '1', 'unsettleLoanLimit': 1, 'settleLoanLimit': 1, 'lastLoanDate': '2021/04/21', 'loanAmount': 3000}, 'custType': '0'}
[2022-04-07 12:14:47,070] - [INFO] - 响应报文：{'result': True, 'code': 200, 'msg': 'SUCCESS!', 'data': {'code': '0000', 'productId': '7014', 'body': {'channelCustId': '202204071214336665105', 'loanReqNo': '202204071214339937909', 'loanApplyNo': '20220407000000005', 'status': '01'}, 'message': '成功', 'channelId': 'ORANGE'}}
[2022-04-07 12:14:47,070] - [INFO] - 支用接口调用成功！
[2022-04-07 12:14:47,070] - [INFO] - 受理成功，处理中!
[2022-04-07 12:14:47,070] - [INFO] - 
                    姓名：宣固
                    身份证号：533001199209197769
                    手机号：18581821572
                    借款金额:1000
                    借款期次:9
                    channelCustId：202204071214336665105
                    creditReqNo：202204071214338893962
                    loanReqNo:202204071214339937909
                    
[2022-04-07 16:20:33,911] - [INFO] - 授信申请
[2022-04-07 16:20:33,911] - [INFO] - [http://10.1.14.117:27405/channel/apitest/TCJQ/CREDIT_GRANTING]
[2022-04-07 16:20:33,912] - [INFO] - 请求报文：{'channelCustId': '202204071620336633716', 'creditReqNo': '20220407162033888788', 'name': '邓义园', 'spelling': 'ZHANGTIAN', 'sex': '01', 'nationality': '中国', 'nation': '汉族', 'birthday': '1985/06/02', 'idType': '00', 'idNo': '410928199209101447', 'idStartDate': '2016/01/18', 'idEndDate': '2036/01/18', 'idOffice': '北京市东城区', 'marriage': '01', 'children': '00', 'supplyPeople': 3, 'house': '00', 'addProvince': '130000', 'addCity': '130100', 'addDistrict': '130101', 'addDetail': '东大街东大院', 'industry': 'C', 'profession': '11', 'workplaceName': 'AAA单位', 'workTel': '13162314539', 'workProvince': '110000', 'workCity': '110000', 'workDistrict': '110101', 'workDetailAdd': '西大街西大院', 'workAge': 8, 'income': '03', 'education': '06', 'school': '北京大学', 'phone': '16604079463', 'email': 'email163@qq.com', 'contacts': [{'relation': '00', 'name': '张三', 'phoneNo': '15638530000'}, {'relation': '01', 'name': '李四', 'phoneNo': '15638539999'}], 'bankCard': '6214660407162088', 'bankName': '建设银行', 'bankPhone': '16604079463', 'applyProvince': '110000', 'applyCity': '110000', 'applyDistrict': '110101', 'loanAmount': 5000, 'periods': '9', 'purpose': '01', 'direction': '01', 'payType': '00', 'payMerchantNo': '26666', 'authFlag': '01', 'deviceDetail': {'deviceId': '10-45-5-486', 'mac': '3a:b6:c6:5d:2e:f9', 'longitude': '121.551738', 'latitude': '31.224634', 'gpsCity': '上海市', 'ip': '106.14.135.199', 'ipCity': '上海', 'os': 'android', 'docDate': '2019/09/12'}, 'channelDetail': {'citizenshipCheckResult': '1', 'bankCheckResult': '1', 'telcoCheckResult': '1', 'consumeTimes': '1', 'creditTimes': '1', 'consumeScene': '1', 'frontId': '11', 'reverseId': '11', 'faceId': '11', 'woolFlag': '1', 'phoneFlag': '1', 'phoneTelco': '1', 'compScore': '650', 'repayAbilityScore': '650', 'comsAmount': '1', 'finAmount': '1', 'redPacket': '1', 'phoneAreaName': '上海市', 'modelScore': '650', 'whiteListFlag': '0', 'sugAmount': '3000.00', 'sugBasis': '2', 'loanGrade': 'A', 'registerTime': '1', 'realNameFlag': '1', 'realNameGrade': '1', 'transFlag': '1', 'custType': '', 'currLimit': 5000, 'currRemainLimit': 2000, 'currLimitOrg': 'DD', 'currLimitStartDate': '2021/05/31', 'currLimitEndDate': '2021/07/31', 'currTotalPrice': 28.11, 'firstLoanFlag': '1', 'unsettleLoanLimit': 1, 'settleLoanLimit': 1, 'lastLoanDate': '2021/04/21', 'loanAmount': 3000}, 'custType': '0'}
[2022-04-07 16:20:34,102] - [INFO] - 响应报文：{'result': True, 'code': 200, 'msg': 'SUCCESS!', 'data': {'code': '0000', 'productId': '7014', 'body': {'channelCustId': '202204071620336633716', 'creditReqNo': '20220407162033888788', 'creditApplyNo': '202204070000002009', 'status': '01'}, 'message': '成功', 'channelId': 'ORANGE'}}
[2022-04-07 16:20:34,102] - [INFO] - 授信接口调用成功！
[2022-04-07 16:20:34,102] - [INFO] - 授信受理成功，处理中！
[2022-04-07 16:20:34,103] - [INFO] - 授信结果查询
[2022-04-07 16:20:34,103] - [INFO] - ['http://10.1.14.117:27405/channel/apitest/TCJQ/CREDIT_INQUIRY']
[2022-04-07 16:20:34,103] - [INFO] - 请求报文：{'channelCustId': '202204071620336633716', 'creditReqNo': '20220407162033888788', 'creditApplyNo': '202204070000002009'}
[2022-04-07 16:20:34,258] - [INFO] - 响应报文：{'result': True, 'code': 200, 'msg': 'SUCCESS!', 'data': {'code': '0000', 'productId': '7014', 'body': {'channelCustId': '202204071620336633716', 'creditReqNo': '20220407162033888788', 'creditApplyNo': '202204070000002009', 'status': '00'}, 'message': '成功', 'channelId': 'ORANGE'}}
[2022-04-07 16:20:34,258] - [INFO] - 授信查询接口调用成功！
[2022-04-07 16:20:34,258] - [INFO] - 授信中！
[2022-04-07 16:20:37,263] - [INFO] - 授信结果查询
[2022-04-07 16:20:37,263] - [INFO] - ['http://10.1.14.117:27405/channel/apitest/TCJQ/CREDIT_INQUIRY']
[2022-04-07 16:20:37,264] - [INFO] - 请求报文：{'channelCustId': '202204071620336633716', 'creditReqNo': '20220407162033888788', 'creditApplyNo': '202204070000002009'}
[2022-04-07 16:20:37,325] - [INFO] - 响应报文：{'result': True, 'code': 200, 'msg': 'SUCCESS!', 'data': {'code': '0000', 'productId': '7014', 'body': {'channelCustId': '202204071620336633716', 'creditReqNo': '20220407162033888788', 'creditApplyNo': '202204070000002009', 'status': '00'}, 'message': '成功', 'channelId': 'ORANGE'}}
[2022-04-07 16:20:37,326] - [INFO] - 授信查询接口调用成功！
[2022-04-07 16:20:37,326] - [INFO] - 授信中！
[2022-04-07 16:20:40,334] - [INFO] - 授信结果查询
[2022-04-07 16:20:40,334] - [INFO] - ['http://10.1.14.117:27405/channel/apitest/TCJQ/CREDIT_INQUIRY']
[2022-04-07 16:20:40,334] - [INFO] - 请求报文：{'channelCustId': '202204071620336633716', 'creditReqNo': '20220407162033888788', 'creditApplyNo': '202204070000002009'}
[2022-04-07 16:20:40,382] - [INFO] - 响应报文：{'result': True, 'code': 200, 'msg': 'SUCCESS!', 'data': {'code': '0000', 'productId': '7014', 'body': {'channelCustId': '202204071620336633716', 'creditReqNo': '20220407162033888788', 'creditApplyNo': '202204070000002009', 'status': '00'}, 'message': '成功', 'channelId': 'ORANGE'}}
[2022-04-07 16:20:40,383] - [INFO] - 授信查询接口调用成功！
[2022-04-07 16:20:40,383] - [INFO] - 授信中！
[2022-04-07 16:20:43,397] - [INFO] - 授信结果查询
[2022-04-07 16:20:43,397] - [INFO] - ['http://10.1.14.117:27405/channel/apitest/TCJQ/CREDIT_INQUIRY']
[2022-04-07 16:20:43,397] - [INFO] - 请求报文：{'channelCustId': '202204071620336633716', 'creditReqNo': '20220407162033888788', 'creditApplyNo': '202204070000002009'}
[2022-04-07 16:20:43,442] - [INFO] - 响应报文：{'result': True, 'code': 200, 'msg': 'SUCCESS!', 'data': {'code': '0000', 'productId': '7014', 'body': {'channelCustId': '202204071620336633716', 'creditReqNo': '20220407162033888788', 'creditApplyNo': '202204070000002009', 'status': '00'}, 'message': '成功', 'channelId': 'ORANGE'}}
[2022-04-07 16:20:43,443] - [INFO] - 授信查询接口调用成功！
[2022-04-07 16:20:43,443] - [INFO] - 授信中！
[2022-04-07 16:20:46,450] - [INFO] - 授信结果查询
[2022-04-07 16:20:46,450] - [INFO] - ['http://10.1.14.117:27405/channel/apitest/TCJQ/CREDIT_INQUIRY']
[2022-04-07 16:20:46,451] - [INFO] - 请求报文：{'channelCustId': '202204071620336633716', 'creditReqNo': '20220407162033888788', 'creditApplyNo': '202204070000002009'}
[2022-04-07 16:20:46,604] - [INFO] - 响应报文：{'result': True, 'code': 200, 'msg': 'SUCCESS!', 'data': {'code': '0000', 'productId': '7014', 'body': {'creditDate': '2022/04/07', 'creditExpireDate': '2025/04/07', 'freezingDate': '', 'channelCustId': '202204071620336633716', 'creditReqNo': '20220407162033888788', 'creditApplyNo': '202204070000002009', 'creditState': '00', 'availAmount': 5000.0, 'creditAmount': 5000.0, 'status': '01'}, 'message': '成功', 'channelId': 'ORANGE'}}
[2022-04-07 16:20:46,605] - [INFO] - 授信查询接口调用成功！
[2022-04-07 16:20:46,605] - [INFO] - 授信通过！
[2022-04-07 16:20:46,605] - [INFO] - 更新客户信息表liveaddress
[2022-04-07 16:20:46,605] - [INFO] - update customer_info set liveaddress = '北京市市辖区东城区' where CERTID = '410928199209101447'
[2022-04-07 16:20:46,664] - [INFO] - 支用试算
[2022-04-07 16:20:46,664] - [INFO] - http://10.1.14.117:27405/channel/apitest/TCJQ/DISBURSE_TRIAL
[2022-04-07 16:20:46,664] - [INFO] - 请求报文：{'channelCustId': '202204071620336633716', 'periods': '9', 'name': '邓义园', 'loanAmount': 1000, 'idNo': '410928199209101447', 'purpose': '00', 'idType': '00', 'addProvince': '110000', 'addCity': '110100', 'addDistrict': '110101', 'phone': '16604079463', 'addDetail': 'hahah', 'returnUrl': 'www.baidu.com'}
[2022-04-07 16:20:46,782] - [INFO] - 响应报文：{'result': True, 'code': 200, 'msg': 'SUCCESS!', 'data': {'code': '0000', 'productId': '7014', 'body': {'repayPlanDetails': []}, 'message': '成功', 'channelId': 'ORANGE'}}
[2022-04-07 16:20:46,783] - [ERROR] - 甜橙支用试算接口响应异常！
[2022-04-07 16:21:23,243] - [INFO] - 授信申请
[2022-04-07 16:21:23,243] - [INFO] - [http://10.1.14.106:27405/channel/apitest/TCJQ/CREDIT_GRANTING]
[2022-04-07 16:21:23,243] - [INFO] - 请求报文：{'channelCustId': '202204071621236670063', 'creditReqNo': '202204071621238842314', 'name': '毕九卿', 'spelling': 'ZHANGTIAN', 'sex': '01', 'nationality': '中国', 'nation': '汉族', 'birthday': '1985/06/02', 'idType': '00', 'idNo': '532524199401072537', 'idStartDate': '2016/01/18', 'idEndDate': '2036/01/18', 'idOffice': '北京市东城区', 'marriage': '01', 'children': '00', 'supplyPeople': 3, 'house': '00', 'addProvince': '130000', 'addCity': '130100', 'addDistrict': '130101', 'addDetail': '东大街东大院', 'industry': 'C', 'profession': '11', 'workplaceName': 'AAA单位', 'workTel': '13162314539', 'workProvince': '110000', 'workCity': '110000', 'workDistrict': '110101', 'workDetailAdd': '西大街西大院', 'workAge': 8, 'income': '03', 'education': '06', 'school': '北京大学', 'phone': '16604074940', 'email': 'email163@qq.com', 'contacts': [{'relation': '00', 'name': '张三', 'phoneNo': '15638530000'}, {'relation': '01', 'name': '李四', 'phoneNo': '15638539999'}], 'bankCard': '6214660407162188', 'bankName': '建设银行', 'bankPhone': '16604074940', 'applyProvince': '110000', 'applyCity': '110000', 'applyDistrict': '110101', 'loanAmount': 5000, 'periods': '9', 'purpose': '01', 'direction': '01', 'payType': '00', 'payMerchantNo': '26666', 'authFlag': '01', 'deviceDetail': {'deviceId': '10-45-5-486', 'mac': '3a:b6:c6:5d:2e:f9', 'longitude': '121.551738', 'latitude': '31.224634', 'gpsCity': '上海市', 'ip': '106.14.135.199', 'ipCity': '上海', 'os': 'android', 'docDate': '2019/09/12'}, 'channelDetail': {'citizenshipCheckResult': '1', 'bankCheckResult': '1', 'telcoCheckResult': '1', 'consumeTimes': '1', 'creditTimes': '1', 'consumeScene': '1', 'frontId': '11', 'reverseId': '11', 'faceId': '11', 'woolFlag': '1', 'phoneFlag': '1', 'phoneTelco': '1', 'compScore': '650', 'repayAbilityScore': '650', 'comsAmount': '1', 'finAmount': '1', 'redPacket': '1', 'phoneAreaName': '上海市', 'modelScore': '650', 'whiteListFlag': '0', 'sugAmount': '3000.00', 'sugBasis': '2', 'loanGrade': 'A', 'registerTime': '1', 'realNameFlag': '1', 'realNameGrade': '1', 'transFlag': '1', 'custType': '', 'currLimit': 5000, 'currRemainLimit': 2000, 'currLimitOrg': 'DD', 'currLimitStartDate': '2021/05/31', 'currLimitEndDate': '2021/07/31', 'currTotalPrice': 28.11, 'firstLoanFlag': '1', 'unsettleLoanLimit': 1, 'settleLoanLimit': 1, 'lastLoanDate': '2021/04/21', 'loanAmount': 3000}, 'custType': '0'}
[2022-04-07 16:21:23,615] - [INFO] - 响应报文：{'result': True, 'code': 200, 'msg': 'SUCCESS!', 'data': {'code': '0000', 'productId': '7014', 'body': {'channelCustId': '202204071621236670063', 'creditReqNo': '202204071621238842314', 'creditApplyNo': '202204070000000006', 'status': '01'}, 'message': '成功', 'channelId': 'ORANGE'}}
[2022-04-07 16:21:23,615] - [INFO] - 授信接口调用成功！
[2022-04-07 16:21:23,616] - [INFO] - 授信受理成功，处理中！
[2022-04-07 16:21:23,616] - [INFO] - 授信结果查询
[2022-04-07 16:21:23,616] - [INFO] - ['http://10.1.14.106:27405/channel/apitest/TCJQ/CREDIT_INQUIRY']
[2022-04-07 16:21:23,616] - [INFO] - 请求报文：{'channelCustId': '202204071621236670063', 'creditReqNo': '202204071621238842314', 'creditApplyNo': '202204070000000006'}
[2022-04-07 16:21:23,680] - [INFO] - 响应报文：{'result': True, 'code': 200, 'msg': 'SUCCESS!', 'data': {'code': '0000', 'productId': '7014', 'body': {'channelCustId': '202204071621236670063', 'creditReqNo': '202204071621238842314', 'creditApplyNo': '202204070000000006', 'status': '00'}, 'message': '成功', 'channelId': 'ORANGE'}}
[2022-04-07 16:21:23,680] - [INFO] - 授信查询接口调用成功！
[2022-04-07 16:21:23,680] - [INFO] - 授信中！
[2022-04-07 16:21:34,968] - [INFO] - 授信申请
[2022-04-07 16:21:34,969] - [INFO] - [http://10.1.14.106:27405/channel/apitest/TCJQ/CREDIT_GRANTING]
[2022-04-07 16:21:34,969] - [INFO] - 请求报文：{'channelCustId': '202204071621346653830', 'creditReqNo': '202204071621348897827', 'name': '干都良', 'spelling': 'ZHANGTIAN', 'sex': '01', 'nationality': '中国', 'nation': '汉族', 'birthday': '1985/06/02', 'idType': '00', 'idNo': '450311199109186903', 'idStartDate': '2016/01/18', 'idEndDate': '2036/01/18', 'idOffice': '北京市东城区', 'marriage': '01', 'children': '00', 'supplyPeople': 3, 'house': '00', 'addProvince': '130000', 'addCity': '130100', 'addDistrict': '130101', 'addDetail': '东大街东大院', 'industry': 'C', 'profession': '11', 'workplaceName': 'AAA单位', 'workTel': '13162314539', 'workProvince': '110000', 'workCity': '110000', 'workDistrict': '110101', 'workDetailAdd': '西大街西大院', 'workAge': 8, 'income': '03', 'education': '06', 'school': '北京大学', 'phone': '16604073908', 'email': 'email163@qq.com', 'contacts': [{'relation': '00', 'name': '张三', 'phoneNo': '15638530000'}, {'relation': '01', 'name': '李四', 'phoneNo': '15638539999'}], 'bankCard': '6214660407162188', 'bankName': '建设银行', 'bankPhone': '16604073908', 'applyProvince': '110000', 'applyCity': '110000', 'applyDistrict': '110101', 'loanAmount': 5000, 'periods': '9', 'purpose': '01', 'direction': '01', 'payType': '00', 'payMerchantNo': '26666', 'authFlag': '01', 'deviceDetail': {'deviceId': '10-45-5-486', 'mac': '3a:b6:c6:5d:2e:f9', 'longitude': '121.551738', 'latitude': '31.224634', 'gpsCity': '上海市', 'ip': '106.14.135.199', 'ipCity': '上海', 'os': 'android', 'docDate': '2019/09/12'}, 'channelDetail': {'citizenshipCheckResult': '1', 'bankCheckResult': '1', 'telcoCheckResult': '1', 'consumeTimes': '1', 'creditTimes': '1', 'consumeScene': '1', 'frontId': '11', 'reverseId': '11', 'faceId': '11', 'woolFlag': '1', 'phoneFlag': '1', 'phoneTelco': '1', 'compScore': '650', 'repayAbilityScore': '650', 'comsAmount': '1', 'finAmount': '1', 'redPacket': '1', 'phoneAreaName': '上海市', 'modelScore': '650', 'whiteListFlag': '0', 'sugAmount': '3000.00', 'sugBasis': '2', 'loanGrade': 'A', 'registerTime': '1', 'realNameFlag': '1', 'realNameGrade': '1', 'transFlag': '1', 'custType': '', 'currLimit': 5000, 'currRemainLimit': 2000, 'currLimitOrg': 'DD', 'currLimitStartDate': '2021/05/31', 'currLimitEndDate': '2021/07/31', 'currTotalPrice': 28.11, 'firstLoanFlag': '1', 'unsettleLoanLimit': 1, 'settleLoanLimit': 1, 'lastLoanDate': '2021/04/21', 'loanAmount': 3000}, 'custType': '0'}
[2022-04-07 16:21:35,063] - [INFO] - 响应报文：{'result': True, 'code': 200, 'msg': 'SUCCESS!', 'data': {'code': '0000', 'productId': '7014', 'body': {'channelCustId': '202204071621346653830', 'creditReqNo': '202204071621348897827', 'creditApplyNo': '202204070000000007', 'status': '01'}, 'message': '成功', 'channelId': 'ORANGE'}}
[2022-04-07 16:21:35,063] - [INFO] - 授信接口调用成功！
[2022-04-07 16:21:35,064] - [INFO] - 授信受理成功，处理中！
[2022-04-07 16:21:35,064] - [INFO] - 授信结果查询
[2022-04-07 16:21:35,064] - [INFO] - ['http://10.1.14.106:27405/channel/apitest/TCJQ/CREDIT_INQUIRY']
[2022-04-07 16:21:35,064] - [INFO] - 请求报文：{'channelCustId': '202204071621346653830', 'creditReqNo': '202204071621348897827', 'creditApplyNo': '202204070000000007'}
[2022-04-07 16:21:35,115] - [INFO] - 响应报文：{'result': True, 'code': 200, 'msg': 'SUCCESS!', 'data': {'code': '0000', 'productId': '7014', 'body': {'channelCustId': '202204071621346653830', 'creditReqNo': '202204071621348897827', 'creditApplyNo': '202204070000000007', 'status': '00'}, 'message': '成功', 'channelId': 'ORANGE'}}
[2022-04-07 16:21:35,115] - [INFO] - 授信查询接口调用成功！
[2022-04-07 16:21:35,115] - [INFO] - 授信中！
[2022-04-07 16:21:38,121] - [INFO] - 授信结果查询
[2022-04-07 16:21:38,121] - [INFO] - ['http://10.1.14.106:27405/channel/apitest/TCJQ/CREDIT_INQUIRY']
[2022-04-07 16:21:38,122] - [INFO] - 请求报文：{'channelCustId': '202204071621346653830', 'creditReqNo': '202204071621348897827', 'creditApplyNo': '202204070000000007'}
[2022-04-07 16:21:38,177] - [INFO] - 响应报文：{'result': True, 'code': 200, 'msg': 'SUCCESS!', 'data': {'code': '0000', 'productId': '7014', 'body': {'channelCustId': '202204071621346653830', 'creditReqNo': '202204071621348897827', 'creditApplyNo': '202204070000000007', 'status': '00'}, 'message': '成功', 'channelId': 'ORANGE'}}
[2022-04-07 16:21:38,177] - [INFO] - 授信查询接口调用成功！
[2022-04-07 16:21:38,177] - [INFO] - 授信中！
[2022-04-07 16:21:41,178] - [INFO] - 授信结果查询
[2022-04-07 16:21:41,178] - [INFO] - ['http://10.1.14.106:27405/channel/apitest/TCJQ/CREDIT_INQUIRY']
[2022-04-07 16:21:41,178] - [INFO] - 请求报文：{'channelCustId': '202204071621346653830', 'creditReqNo': '202204071621348897827', 'creditApplyNo': '202204070000000007'}
[2022-04-07 16:21:41,221] - [INFO] - 响应报文：{'result': True, 'code': 200, 'msg': 'SUCCESS!', 'data': {'code': '0000', 'productId': '7014', 'body': {'channelCustId': '202204071621346653830', 'creditReqNo': '202204071621348897827', 'creditApplyNo': '202204070000000007', 'status': '00'}, 'message': '成功', 'channelId': 'ORANGE'}}
[2022-04-07 16:21:41,221] - [INFO] - 授信查询接口调用成功！
[2022-04-07 16:21:41,221] - [INFO] - 授信中！
[2022-04-07 16:21:44,226] - [INFO] - 授信结果查询
[2022-04-07 16:21:44,226] - [INFO] - ['http://10.1.14.106:27405/channel/apitest/TCJQ/CREDIT_INQUIRY']
[2022-04-07 16:21:44,227] - [INFO] - 请求报文：{'channelCustId': '202204071621346653830', 'creditReqNo': '202204071621348897827', 'creditApplyNo': '202204070000000007'}
[2022-04-07 16:21:44,552] - [INFO] - 响应报文：{'result': True, 'code': 200, 'msg': 'SUCCESS!', 'data': {'code': '0000', 'productId': '7014', 'body': {'creditDate': '2022/04/07', 'creditExpireDate': '2025/04/07', 'freezingDate': '', 'channelCustId': '202204071621346653830', 'creditReqNo': '202204071621348897827', 'creditApplyNo': '202204070000000007', 'creditState': '00', 'availAmount': 5000.0, 'creditAmount': 5000.0, 'status': '01'}, 'message': '成功', 'channelId': 'ORANGE'}}
[2022-04-07 16:21:44,552] - [INFO] - 授信查询接口调用成功！
[2022-04-07 16:21:44,552] - [INFO] - 授信通过！
[2022-04-07 16:21:44,553] - [INFO] - 更新客户信息表liveaddress
[2022-04-07 16:21:44,553] - [INFO] - update customer_info set liveaddress = '北京市市辖区东城区' where CERTID = '450311199109186903'
[2022-04-07 16:21:44,605] - [INFO] - 支用试算
[2022-04-07 16:21:44,605] - [INFO] - http://10.1.14.106:27405/channel/apitest/TCJQ/DISBURSE_TRIAL
[2022-04-07 16:21:44,606] - [INFO] - 请求报文：{'channelCustId': '202204071621346653830', 'periods': '9', 'name': '干都良', 'loanAmount': 1000, 'idNo': '450311199109186903', 'purpose': '00', 'idType': '00', 'addProvince': '110000', 'addCity': '110100', 'addDistrict': '110101', 'phone': '16604073908', 'addDetail': 'hahah', 'returnUrl': 'www.baidu.com'}
[2022-04-07 16:21:45,347] - [INFO] - 响应报文：{'result': True, 'code': 200, 'msg': 'SUCCESS!', 'data': {'code': '0000', 'productId': '7014', 'body': {'channelCustId': '202204071621346653830', 'errorCode': '2', 'repayPlanDetails': [], 'errorMsg': '试算失败!', 'status': '00'}, 'message': '成功', 'channelId': 'ORANGE'}}
[2022-04-07 16:21:45,347] - [ERROR] - 甜橙支用试算接口响应异常！
[2022-04-07 16:23:06,115] - [INFO] - 授信申请
[2022-04-07 16:23:06,115] - [INFO] - [http://10.1.14.106:27405/channel/apitest/TCJQ/CREDIT_GRANTING]
[2022-04-07 16:23:06,115] - [INFO] - 请求报文：{'channelCustId': '202204071623066688701', 'creditReqNo': '202204071623068896324', 'name': '何妹', 'spelling': 'ZHANGTIAN', 'sex': '01', 'nationality': '中国', 'nation': '汉族', 'birthday': '1985/06/02', 'idType': '00', 'idNo': '452427199006175433', 'idStartDate': '2016/01/18', 'idEndDate': '2036/01/18', 'idOffice': '北京市东城区', 'marriage': '01', 'children': '00', 'supplyPeople': 3, 'house': '00', 'addProvince': '130000', 'addCity': '130100', 'addDistrict': '130101', 'addDetail': '东大街东大院', 'industry': 'C', 'profession': '11', 'workplaceName': 'AAA单位', 'workTel': '13162314539', 'workProvince': '110000', 'workCity': '110000', 'workDistrict': '110101', 'workDetailAdd': '西大街西大院', 'workAge': 8, 'income': '03', 'education': '06', 'school': '北京大学', 'phone': '16604073080', 'email': 'email163@qq.com', 'contacts': [{'relation': '00', 'name': '张三', 'phoneNo': '15638530000'}, {'relation': '01', 'name': '李四', 'phoneNo': '15638539999'}], 'bankCard': '6214660407162388', 'bankName': '建设银行', 'bankPhone': '16604073080', 'applyProvince': '110000', 'applyCity': '110000', 'applyDistrict': '110101', 'loanAmount': 5000, 'periods': '6', 'purpose': '01', 'direction': '01', 'payType': '00', 'payMerchantNo': '26666', 'authFlag': '01', 'deviceDetail': {'deviceId': '10-45-5-486', 'mac': '3a:b6:c6:5d:2e:f9', 'longitude': '121.551738', 'latitude': '31.224634', 'gpsCity': '上海市', 'ip': '106.14.135.199', 'ipCity': '上海', 'os': 'android', 'docDate': '2019/09/12'}, 'channelDetail': {'citizenshipCheckResult': '1', 'bankCheckResult': '1', 'telcoCheckResult': '1', 'consumeTimes': '1', 'creditTimes': '1', 'consumeScene': '1', 'frontId': '11', 'reverseId': '11', 'faceId': '11', 'woolFlag': '1', 'phoneFlag': '1', 'phoneTelco': '1', 'compScore': '650', 'repayAbilityScore': '650', 'comsAmount': '1', 'finAmount': '1', 'redPacket': '1', 'phoneAreaName': '上海市', 'modelScore': '650', 'whiteListFlag': '0', 'sugAmount': '3000.00', 'sugBasis': '2', 'loanGrade': 'A', 'registerTime': '1', 'realNameFlag': '1', 'realNameGrade': '1', 'transFlag': '1', 'custType': '', 'currLimit': 5000, 'currRemainLimit': 2000, 'currLimitOrg': 'DD', 'currLimitStartDate': '2021/05/31', 'currLimitEndDate': '2021/07/31', 'currTotalPrice': 28.11, 'firstLoanFlag': '1', 'unsettleLoanLimit': 1, 'settleLoanLimit': 1, 'lastLoanDate': '2021/04/21', 'loanAmount': 3000}, 'custType': '0'}
[2022-04-07 16:23:06,265] - [INFO] - 响应报文：{'result': True, 'code': 200, 'msg': 'SUCCESS!', 'data': {'code': '0000', 'productId': '7014', 'body': {'channelCustId': '202204071623066688701', 'creditReqNo': '202204071623068896324', 'creditApplyNo': '202204070000000008', 'status': '01'}, 'message': '成功', 'channelId': 'ORANGE'}}
[2022-04-07 16:23:06,270] - [INFO] - 授信接口调用成功！
[2022-04-07 16:23:06,270] - [INFO] - 授信受理成功，处理中！
[2022-04-07 16:23:06,271] - [INFO] - 授信结果查询
[2022-04-07 16:23:06,271] - [INFO] - ['http://10.1.14.106:27405/channel/apitest/TCJQ/CREDIT_INQUIRY']
[2022-04-07 16:23:06,271] - [INFO] - 请求报文：{'channelCustId': '202204071623066688701', 'creditReqNo': '202204071623068896324', 'creditApplyNo': '202204070000000008'}
[2022-04-07 16:23:06,319] - [INFO] - 响应报文：{'result': True, 'code': 200, 'msg': 'SUCCESS!', 'data': {'code': '0000', 'productId': '7014', 'body': {'channelCustId': '202204071623066688701', 'creditReqNo': '202204071623068896324', 'creditApplyNo': '202204070000000008', 'status': '00'}, 'message': '成功', 'channelId': 'ORANGE'}}
[2022-04-07 16:23:06,319] - [INFO] - 授信查询接口调用成功！
[2022-04-07 16:23:06,319] - [INFO] - 授信中！
[2022-04-07 16:23:09,331] - [INFO] - 授信结果查询
[2022-04-07 16:23:09,331] - [INFO] - ['http://10.1.14.106:27405/channel/apitest/TCJQ/CREDIT_INQUIRY']
[2022-04-07 16:23:09,332] - [INFO] - 请求报文：{'channelCustId': '202204071623066688701', 'creditReqNo': '202204071623068896324', 'creditApplyNo': '202204070000000008'}
[2022-04-07 16:23:09,375] - [INFO] - 响应报文：{'result': True, 'code': 200, 'msg': 'SUCCESS!', 'data': {'code': '0000', 'productId': '7014', 'body': {'channelCustId': '202204071623066688701', 'creditReqNo': '202204071623068896324', 'creditApplyNo': '202204070000000008', 'status': '00'}, 'message': '成功', 'channelId': 'ORANGE'}}
[2022-04-07 16:23:09,375] - [INFO] - 授信查询接口调用成功！
[2022-04-07 16:23:09,375] - [INFO] - 授信中！
[2022-04-07 16:23:12,395] - [INFO] - 授信结果查询
[2022-04-07 16:23:12,395] - [INFO] - ['http://10.1.14.106:27405/channel/apitest/TCJQ/CREDIT_INQUIRY']
[2022-04-07 16:23:12,395] - [INFO] - 请求报文：{'channelCustId': '202204071623066688701', 'creditReqNo': '202204071623068896324', 'creditApplyNo': '202204070000000008'}
[2022-04-07 16:23:12,435] - [INFO] - 响应报文：{'result': True, 'code': 200, 'msg': 'SUCCESS!', 'data': {'code': '0000', 'productId': '7014', 'body': {'channelCustId': '202204071623066688701', 'creditReqNo': '202204071623068896324', 'creditApplyNo': '202204070000000008', 'status': '00'}, 'message': '成功', 'channelId': 'ORANGE'}}
[2022-04-07 16:23:12,435] - [INFO] - 授信查询接口调用成功！
[2022-04-07 16:23:12,435] - [INFO] - 授信中！
[2022-04-07 16:23:15,455] - [INFO] - 授信结果查询
[2022-04-07 16:23:15,455] - [INFO] - ['http://10.1.14.106:27405/channel/apitest/TCJQ/CREDIT_INQUIRY']
[2022-04-07 16:23:15,455] - [INFO] - 请求报文：{'channelCustId': '202204071623066688701', 'creditReqNo': '202204071623068896324', 'creditApplyNo': '202204070000000008'}
[2022-04-07 16:23:15,495] - [INFO] - 响应报文：{'result': True, 'code': 200, 'msg': 'SUCCESS!', 'data': {'code': '0000', 'productId': '7014', 'body': {'channelCustId': '202204071623066688701', 'creditReqNo': '202204071623068896324', 'creditApplyNo': '202204070000000008', 'status': '00'}, 'message': '成功', 'channelId': 'ORANGE'}}
[2022-04-07 16:23:15,495] - [INFO] - 授信查询接口调用成功！
[2022-04-07 16:23:15,495] - [INFO] - 授信中！
[2022-04-07 16:23:18,515] - [INFO] - 授信结果查询
[2022-04-07 16:23:18,515] - [INFO] - ['http://10.1.14.106:27405/channel/apitest/TCJQ/CREDIT_INQUIRY']
[2022-04-07 16:23:18,515] - [INFO] - 请求报文：{'channelCustId': '202204071623066688701', 'creditReqNo': '202204071623068896324', 'creditApplyNo': '202204070000000008'}
[2022-04-07 16:23:18,645] - [INFO] - 响应报文：{'result': True, 'code': 200, 'msg': 'SUCCESS!', 'data': {'code': '0000', 'productId': '7014', 'body': {'creditDate': '2022/04/07', 'creditExpireDate': '2025/04/07', 'freezingDate': '', 'channelCustId': '202204071623066688701', 'creditReqNo': '202204071623068896324', 'creditApplyNo': '202204070000000008', 'creditState': '00', 'availAmount': 5000.0, 'creditAmount': 5000.0, 'status': '01'}, 'message': '成功', 'channelId': 'ORANGE'}}
[2022-04-07 16:23:18,645] - [INFO] - 授信查询接口调用成功！
[2022-04-07 16:23:18,645] - [INFO] - 授信通过！
[2022-04-07 16:23:18,645] - [INFO] - 更新客户信息表liveaddress
[2022-04-07 16:23:18,645] - [INFO] - update customer_info set liveaddress = '北京市市辖区东城区' where CERTID = '452427199006175433'
[2022-04-07 16:23:18,705] - [INFO] - 支用试算
[2022-04-07 16:23:18,705] - [INFO] - http://10.1.14.106:27405/channel/apitest/TCJQ/DISBURSE_TRIAL
[2022-04-07 16:23:18,705] - [INFO] - 请求报文：{'channelCustId': '202204071623066688701', 'periods': '6', 'name': '何妹', 'loanAmount': 1000, 'idNo': '452427199006175433', 'purpose': '00', 'idType': '00', 'addProvince': '110000', 'addCity': '110100', 'addDistrict': '110101', 'phone': '16604073080', 'addDetail': 'hahah', 'returnUrl': 'www.baidu.com'}
[2022-04-07 16:23:19,265] - [INFO] - 响应报文：{'result': True, 'code': 200, 'msg': 'SUCCESS!', 'data': {'code': '0000', 'productId': '7014', 'body': {'channelCustId': '202204071623066688701', 'repayPlanDetails': [{'principal': 164.52, 'period': 1, 'periodAmt': 178.52, 'premium': 8.83, 'interest': 5.17, 'repayDate': '2038/12/22'}, {'principal': 165.37, 'period': 2, 'periodAmt': 178.52, 'premium': 8.83, 'interest': 4.32, 'repayDate': '2039/01/22'}, {'principal': 166.23, 'period': 3, 'periodAmt': 178.52, 'premium': 8.83, 'interest': 3.46, 'repayDate': '2039/02/22'}, {'principal': 167.09, 'period': 4, 'periodAmt': 178.52, 'premium': 8.83, 'interest': 2.6, 'repayDate': '2039/03/22'}, {'principal': 167.95, 'period': 5, 'periodAmt': 178.52, 'premium': 8.83, 'interest': 1.74, 'repayDate': '2039/04/22'}, {'principal': 168.84, 'period': 6, 'periodAmt': 178.54, 'premium': 8.83, 'interest': 0.87, 'repayDate': '2039/05/22'}], 'capitalCode': 'FBBANK', 'status': '01'}, 'message': '成功', 'channelId': 'ORANGE'}}
[2022-04-07 16:23:19,275] - [INFO] - 本次试算资方为：FBBANK
[2022-04-07 16:23:19,275] - [INFO] - 支用试算成功！
[2022-04-07 16:23:19,275] - [INFO] - 支用接口
[2022-04-07 16:23:19,275] - [INFO] - http://10.1.14.106:27405/channel/apitest/TCJQ/DISBURSE
[2022-04-07 16:23:19,275] - [INFO] - 请求报文：{'channelCustId': '202204071623066688701', 'loanReqNo': '202204071623069995460', 'creditReqNo': '202204071623068896324', 'h5ReqApplyNo': '', 'loanAmount': 1000, 'periods': '6', 'purpose': '01', 'bankCard': '6214660407162388', 'bankCode': '308584000013', 'bankName': '建设银行', 'bankPhone': '16604073080', 'longitude': '121.551738', 'latitude': '31.224634', 'ip': '192.168.1.2', 'capitalCode': 'FBBANK', 'channelDetail': {'woolFlag': '1', 'phoneFlag': '1', 'phoneTelco': '1', 'compScore': '80', 'repayAbilityScore': '80', 'comsAmount': '4', 'finAmount': '2', 'redPacket': '2', 'phoneAreaName': '上海市', 'modelScore': '80', 'whiteListFlag': '0', 'loanGrade': 'A', 'registerTime': '2', 'realNameFlag': '1', 'realNameGrade': '1', 'transFlag': '1', 'custType': '', 'currLimit': 5000, 'currRemainLimit': 2000, 'currLimitOrg': 'DD', 'currLimitStartDate': '2021/05/31', 'currLimitEndDate': '2021/07/31', 'currTotalPrice': 28.11, 'firstLoanFlag': '1', 'unsettleLoanLimit': 1, 'settleLoanLimit': 1, 'lastLoanDate': '2021/04/21', 'loanAmount': 3000}, 'custType': '0'}
[2022-04-07 16:23:19,485] - [INFO] - 响应报文：{'result': True, 'code': 200, 'msg': 'SUCCESS!', 'data': {'code': '0000', 'productId': '7014', 'body': {'channelCustId': '202204071623066688701', 'loanReqNo': '202204071623069995460', 'loanApplyNo': '20220407000000011', 'status': '01'}, 'message': '成功', 'channelId': 'ORANGE'}}
[2022-04-07 16:23:19,485] - [INFO] - 支用接口调用成功！
[2022-04-07 16:23:19,485] - [INFO] - 受理成功，处理中!
[2022-04-07 16:23:19,485] - [INFO] - 
                    姓名：何妹
                    身份证号：452427199006175433
                    手机号：16604073080
                    借款金额:1000
                    借款期次:6
                    channelCustId：202204071623066688701
                    creditReqNo：202204071623068896324
                    loanReqNo:202204071623069995460
                    
[2022-04-07 16:26:21,086] - [INFO] - 授信申请
[2022-04-07 16:26:21,086] - [INFO] - [http://10.1.14.106:27405/channel/apitest/TCJQ/CREDIT_GRANTING]
[2022-04-07 16:26:21,087] - [INFO] - 请求报文：{'channelCustId': '202204071626216692496', 'creditReqNo': '202204071626218884771', 'name': '平致', 'spelling': 'ZHANGTIAN', 'sex': '01', 'nationality': '中国', 'nation': '汉族', 'birthday': '1985/06/02', 'idType': '00', 'idNo': '620500199505225373', 'idStartDate': '2016/01/18', 'idEndDate': '2036/01/18', 'idOffice': '北京市东城区', 'marriage': '01', 'children': '00', 'supplyPeople': 3, 'house': '00', 'addProvince': '130000', 'addCity': '130100', 'addDistrict': '130101', 'addDetail': '东大街东大院', 'industry': 'C', 'profession': '11', 'workplaceName': 'AAA单位', 'workTel': '13162314539', 'workProvince': '110000', 'workCity': '110000', 'workDistrict': '110101', 'workDetailAdd': '西大街西大院', 'workAge': 8, 'income': '03', 'education': '06', 'school': '北京大学', 'phone': '18581821572', 'email': 'email163@qq.com', 'contacts': [{'relation': '00', 'name': '张三', 'phoneNo': '15638530000'}, {'relation': '01', 'name': '李四', 'phoneNo': '15638539999'}], 'bankCard': '6214660407162688', 'bankName': '建设银行', 'bankPhone': '18581821572', 'applyProvince': '110000', 'applyCity': '110000', 'applyDistrict': '110101', 'loanAmount': 5000, 'periods': '6', 'purpose': '01', 'direction': '01', 'payType': '00', 'payMerchantNo': '26666', 'authFlag': '01', 'deviceDetail': {'deviceId': '10-45-5-486', 'mac': '3a:b6:c6:5d:2e:f9', 'longitude': '121.551738', 'latitude': '31.224634', 'gpsCity': '上海市', 'ip': '106.14.135.199', 'ipCity': '上海', 'os': 'android', 'docDate': '2019/09/12'}, 'channelDetail': {'citizenshipCheckResult': '1', 'bankCheckResult': '1', 'telcoCheckResult': '1', 'consumeTimes': '1', 'creditTimes': '1', 'consumeScene': '1', 'frontId': '11', 'reverseId': '11', 'faceId': '11', 'woolFlag': '1', 'phoneFlag': '1', 'phoneTelco': '1', 'compScore': '650', 'repayAbilityScore': '650', 'comsAmount': '1', 'finAmount': '1', 'redPacket': '1', 'phoneAreaName': '上海市', 'modelScore': '650', 'whiteListFlag': '0', 'sugAmount': '3000.00', 'sugBasis': '2', 'loanGrade': 'A', 'registerTime': '1', 'realNameFlag': '1', 'realNameGrade': '1', 'transFlag': '1', 'custType': '', 'currLimit': 5000, 'currRemainLimit': 2000, 'currLimitOrg': 'DD', 'currLimitStartDate': '2021/05/31', 'currLimitEndDate': '2021/07/31', 'currTotalPrice': 28.11, 'firstLoanFlag': '1', 'unsettleLoanLimit': 1, 'settleLoanLimit': 1, 'lastLoanDate': '2021/04/21', 'loanAmount': 3000}, 'custType': '0'}
[2022-04-07 16:26:21,260] - [INFO] - 响应报文：{'result': True, 'code': 200, 'msg': 'SUCCESS!', 'data': {'code': '0000', 'productId': '7014', 'body': {'channelCustId': '202204071626216692496', 'creditReqNo': '202204071626218884771', 'creditApplyNo': '202204070000000009', 'status': '01'}, 'message': '成功', 'channelId': 'ORANGE'}}
[2022-04-07 16:26:21,260] - [INFO] - 授信接口调用成功！
[2022-04-07 16:26:21,260] - [INFO] - 授信受理成功，处理中！
[2022-04-07 16:26:21,261] - [INFO] - 授信结果查询
[2022-04-07 16:26:21,261] - [INFO] - ['http://10.1.14.106:27405/channel/apitest/TCJQ/CREDIT_INQUIRY']
[2022-04-07 16:26:21,261] - [INFO] - 请求报文：{'channelCustId': '202204071626216692496', 'creditReqNo': '202204071626218884771', 'creditApplyNo': '202204070000000009'}
[2022-04-07 16:26:21,312] - [INFO] - 响应报文：{'result': True, 'code': 200, 'msg': 'SUCCESS!', 'data': {'code': '0000', 'productId': '7014', 'body': {'channelCustId': '202204071626216692496', 'creditReqNo': '202204071626218884771', 'creditApplyNo': '202204070000000009', 'status': '00'}, 'message': '成功', 'channelId': 'ORANGE'}}
[2022-04-07 16:26:21,313] - [INFO] - 授信查询接口调用成功！
[2022-04-07 16:26:21,313] - [INFO] - 授信中！
[2022-04-07 16:26:24,323] - [INFO] - 授信结果查询
[2022-04-07 16:26:24,323] - [INFO] - ['http://10.1.14.106:27405/channel/apitest/TCJQ/CREDIT_INQUIRY']
[2022-04-07 16:26:24,324] - [INFO] - 请求报文：{'channelCustId': '202204071626216692496', 'creditReqNo': '202204071626218884771', 'creditApplyNo': '202204070000000009'}
[2022-04-07 16:26:24,364] - [INFO] - 响应报文：{'result': True, 'code': 200, 'msg': 'SUCCESS!', 'data': {'code': '0000', 'productId': '7014', 'body': {'channelCustId': '202204071626216692496', 'creditReqNo': '202204071626218884771', 'creditApplyNo': '202204070000000009', 'status': '00'}, 'message': '成功', 'channelId': 'ORANGE'}}
[2022-04-07 16:26:24,364] - [INFO] - 授信查询接口调用成功！
[2022-04-07 16:26:24,364] - [INFO] - 授信中！
[2022-04-07 16:26:27,375] - [INFO] - 授信结果查询
[2022-04-07 16:26:27,375] - [INFO] - ['http://10.1.14.106:27405/channel/apitest/TCJQ/CREDIT_INQUIRY']
[2022-04-07 16:26:27,376] - [INFO] - 请求报文：{'channelCustId': '202204071626216692496', 'creditReqNo': '202204071626218884771', 'creditApplyNo': '202204070000000009'}
[2022-04-07 16:26:27,420] - [INFO] - 响应报文：{'result': True, 'code': 200, 'msg': 'SUCCESS!', 'data': {'code': '0000', 'productId': '7014', 'body': {'channelCustId': '202204071626216692496', 'creditReqNo': '202204071626218884771', 'creditApplyNo': '202204070000000009', 'status': '00'}, 'message': '成功', 'channelId': 'ORANGE'}}
[2022-04-07 16:26:27,420] - [INFO] - 授信查询接口调用成功！
[2022-04-07 16:26:27,420] - [INFO] - 授信中！
[2022-04-07 16:26:30,432] - [INFO] - 授信结果查询
[2022-04-07 16:26:30,432] - [INFO] - ['http://10.1.14.106:27405/channel/apitest/TCJQ/CREDIT_INQUIRY']
[2022-04-07 16:26:30,433] - [INFO] - 请求报文：{'channelCustId': '202204071626216692496', 'creditReqNo': '202204071626218884771', 'creditApplyNo': '202204070000000009'}
[2022-04-07 16:26:30,477] - [INFO] - 响应报文：{'result': True, 'code': 200, 'msg': 'SUCCESS!', 'data': {'code': '0000', 'productId': '7014', 'body': {'channelCustId': '202204071626216692496', 'creditReqNo': '202204071626218884771', 'creditApplyNo': '202204070000000009', 'status': '00'}, 'message': '成功', 'channelId': 'ORANGE'}}
[2022-04-07 16:26:30,478] - [INFO] - 授信查询接口调用成功！
[2022-04-07 16:26:30,478] - [INFO] - 授信中！
[2022-04-07 16:26:33,493] - [INFO] - 授信结果查询
[2022-04-07 16:26:33,493] - [INFO] - ['http://10.1.14.106:27405/channel/apitest/TCJQ/CREDIT_INQUIRY']
[2022-04-07 16:26:33,494] - [INFO] - 请求报文：{'channelCustId': '202204071626216692496', 'creditReqNo': '202204071626218884771', 'creditApplyNo': '202204070000000009'}
[2022-04-07 16:26:33,617] - [INFO] - 响应报文：{'result': True, 'code': 200, 'msg': 'SUCCESS!', 'data': {'code': '0000', 'productId': '7014', 'body': {'creditDate': '2022/04/07', 'creditExpireDate': '2025/04/07', 'freezingDate': '', 'channelCustId': '202204071626216692496', 'creditReqNo': '202204071626218884771', 'creditApplyNo': '202204070000000009', 'creditState': '00', 'availAmount': 5000.0, 'creditAmount': 5000.0, 'status': '01'}, 'message': '成功', 'channelId': 'ORANGE'}}
[2022-04-07 16:26:33,617] - [INFO] - 授信查询接口调用成功！
[2022-04-07 16:26:33,618] - [INFO] - 授信通过！
[2022-04-07 16:26:33,618] - [INFO] - 更新客户信息表liveaddress
[2022-04-07 16:26:33,618] - [INFO] - update customer_info set liveaddress = '北京市市辖区东城区' where CERTID = '620500199505225373'
[2022-04-07 16:26:33,657] - [INFO] - 支用试算
[2022-04-07 16:26:33,657] - [INFO] - http://10.1.14.106:27405/channel/apitest/TCJQ/DISBURSE_TRIAL
[2022-04-07 16:26:33,658] - [INFO] - 请求报文：{'channelCustId': '202204071626216692496', 'periods': '6', 'name': '平致', 'loanAmount': 1000, 'idNo': '620500199505225373', 'purpose': '00', 'idType': '00', 'addProvince': '130000', 'addCity': '130100', 'addDistrict': '130101', 'phone': '18581821572', 'addDetail': 'hahah', 'returnUrl': 'www.baidu.com'}
[2022-04-07 16:26:34,423] - [INFO] - 响应报文：{'result': True, 'code': 200, 'msg': 'SUCCESS!', 'data': {'code': '0000', 'productId': '7014', 'body': {'capitalUrl': 'http://124.239.138.231:8080/dadih5/sign/token/2fcfbd883c9c87211544ae2c9d685460', 'channelCustId': '202204071626216692496', 'repayPlanDetails': [{'principal': 164.63, 'period': 1, 'periodAmt': 178.87, 'premium': 9.0, 'interest': 5.24, 'repayDate': '2022/05/09'}, {'principal': 165.44, 'period': 2, 'periodAmt': 178.55, 'premium': 9.0, 'interest': 4.11, 'repayDate': '2022/06/09'}, {'principal': 166.26, 'period': 3, 'periodAmt': 178.55, 'premium': 9.0, 'interest': 3.29, 'repayDate': '2022/07/09'}, {'principal': 167.07, 'period': 4, 'periodAmt': 178.55, 'premium': 9.0, 'interest': 2.48, 'repayDate': '2022/08/09'}, {'principal': 167.9, 'period': 5, 'periodAmt': 178.55, 'premium': 9.0, 'interest': 1.65, 'repayDate': '2022/09/09'}, {'principal': 168.7, 'period': 6, 'periodAmt': 178.53, 'premium': 9.0, 'interest': 0.83, 'repayDate': '2022/10/09'}], 'capitalCode': 'HBBank', 'h5ReqApplyNo': '20220407000000017', 'status': '01'}, 'message': '成功', 'channelId': 'ORANGE'}}
[2022-04-07 16:26:34,424] - [INFO] - 本次试算资方为：HBBank
[2022-04-07 16:26:34,424] - [INFO] - 支用试算成功！
[2022-04-07 16:26:34,424] - [INFO] - 支用接口
[2022-04-07 16:26:34,424] - [INFO] - http://10.1.14.106:27405/channel/apitest/TCJQ/DISBURSE
[2022-04-07 16:26:34,425] - [INFO] - 请求报文：{'channelCustId': '202204071626216692496', 'loanReqNo': '202204071626219979084', 'creditReqNo': '202204071626218884771', 'h5ReqApplyNo': '20220407000000017', 'loanAmount': 1000, 'periods': '6', 'purpose': '01', 'bankCard': '6214660407162688', 'bankCode': '308584000013', 'bankName': '建设银行', 'bankPhone': '18581821572', 'longitude': '121.551738', 'latitude': '31.224634', 'ip': '192.168.1.2', 'capitalCode': 'HBBank', 'channelDetail': {'woolFlag': '1', 'phoneFlag': '1', 'phoneTelco': '1', 'compScore': '80', 'repayAbilityScore': '80', 'comsAmount': '4', 'finAmount': '2', 'redPacket': '2', 'phoneAreaName': '上海市', 'modelScore': '80', 'whiteListFlag': '0', 'loanGrade': 'A', 'registerTime': '2', 'realNameFlag': '1', 'realNameGrade': '1', 'transFlag': '1', 'custType': '', 'currLimit': 5000, 'currRemainLimit': 2000, 'currLimitOrg': 'DD', 'currLimitStartDate': '2021/05/31', 'currLimitEndDate': '2021/07/31', 'currTotalPrice': 28.11, 'firstLoanFlag': '1', 'unsettleLoanLimit': 1, 'settleLoanLimit': 1, 'lastLoanDate': '2021/04/21', 'loanAmount': 3000}, 'custType': '0'}
[2022-04-07 16:26:34,546] - [INFO] - 响应报文：{'result': True, 'code': 200, 'msg': 'SUCCESS!', 'data': {'code': '0000', 'productId': '7014', 'body': {'channelCustId': '202204071626216692496', 'loanReqNo': '202204071626219979084', 'loanApplyNo': '20220407000000012', 'status': '01'}, 'message': '成功', 'channelId': 'ORANGE'}}
[2022-04-07 16:26:34,546] - [INFO] - 支用接口调用成功！
[2022-04-07 16:26:34,546] - [INFO] - 受理成功，处理中!
[2022-04-07 16:26:34,546] - [INFO] - 
                    姓名：平致
                    身份证号：620500199505225373
                    手机号：18581821572
                    借款金额:1000
                    借款期次:6
                    channelCustId：202204071626216692496
                    creditReqNo：202204071626218884771
                    loanReqNo:202204071626219979084
                    
