[2022-03-17 10:15:04,193] - [INFO] - 授信申请
[2022-03-17 10:15:04,194] - [INFO] - [http://10.1.14.106:27405/channel/apitest/TCJQ/CREDIT_GRANTING]
[2022-03-17 10:15:04,194] - [INFO] - 请求报文：{'channelCustId': '202203171015046652081', 'creditReqNo': '202203171015048820093', 'name': '靳电洁', 'spelling': 'ZHANGTIAN', 'sex': '01', 'nationality': '中国', 'nation': '汉族', 'birthday': '1985/06/02', 'idType': '00', 'idNo': '422801199101169915', 'idStartDate': '2016/01/18', 'idEndDate': '2036/01/18', 'idOffice': '北京市东城区', 'marriage': '01', 'children': '00', 'supplyPeople': 3, 'house': '00', 'addProvince': '110000', 'addCity': '110000', 'addDistrict': '110101', 'addDetail': '东大街东大院', 'industry': 'C', 'profession': '11', 'workplaceName': 'AAA单位', 'workTel': '13162314539', 'workProvince': '110000', 'workCity': '110000', 'workDistrict': '110101', 'workDetailAdd': '西大街西大院', 'workAge': 8, 'income': '03', 'education': '06', 'school': '北京大学', 'phone': '16603173604', 'email': 'email163@qq.com', 'contacts': [{'relation': '00', 'name': '张三', 'phoneNo': '15638530000'}, {'relation': '01', 'name': '李四', 'phoneNo': '15638539999'}], 'bankCard': '6214660317101504', 'bankName': '建设银行', 'bankPhone': '16603173604', 'applyProvince': '110000', 'applyCity': '110000', 'applyDistrict': '110101', 'loanAmount': 2000, 'periods': '3', 'purpose': '01', 'direction': '01', 'payType': '00', 'payMerchantNo': '26666', 'authFlag': '01', 'deviceDetail': {'deviceId': '10-45-5-486', 'mac': '3a:b6:c6:5d:2e:f9', 'longitude': '121.551738', 'latitude': '31.224634', 'gpsCity': '上海市', 'ip': '106.14.135.199', 'ipCity': '上海', 'os': 'android', 'docDate': '2019/09/12'}, 'channelDetail': {'citizenshipCheckResult': '1', 'bankCheckResult': '1', 'telcoCheckResult': '1', 'consumeTimes': '1', 'creditTimes': '1', 'consumeScene': '1', 'frontId': '11', 'reverseId': '11', 'faceId': '11', 'woolFlag': '1', 'phoneFlag': '1', 'phoneTelco': '1', 'compScore': '650', 'repayAbilityScore': '650', 'comsAmount': '1', 'finAmount': '1', 'redPacket': '1', 'phoneAreaName': '上海市', 'modelScore': '650', 'whiteListFlag': '0', 'sugAmount': '3000.00', 'sugBasis': '2', 'loanGrade': 'A', 'registerTime': '1', 'realNameFlag': '1', 'realNameGrade': '1', 'transFlag': '1', 'custType': '', 'currLimit': 5000, 'currRemainLimit': 2000, 'currLimitOrg': 'DD', 'currLimitStartDate': '2021/05/31', 'currLimitEndDate': '2021/07/31', 'currTotalPrice': 28.11, 'firstLoanFlag': '1', 'unsettleLoanLimit': 1, 'settleLoanLimit': 1, 'lastLoanDate': '2021/04/21', 'loanAmount': 3000}, 'custType': '0'}
[2022-03-17 10:15:04,843] - [INFO] - 响应报文：{'result': True, 'code': 200, 'msg': 'SUCCESS!', 'data': {'code': '0000', 'productId': '7014', 'body': {'channelCustId': '202203171015046652081', 'creditReqNo': '202203171015048820093', 'creditApplyNo': '202203170000000001', 'status': '01'}, 'message': '成功', 'channelId': 'ORANGE'}}
[2022-03-17 10:15:04,843] - [INFO] - 授信接口调用成功！
[2022-03-17 10:15:04,844] - [INFO] - 授信受理成功，处理中！
[2022-03-17 10:15:25,623] - [INFO] - 授信结果查询
[2022-03-17 10:15:25,623] - [INFO] - ['http://10.1.14.106:27405/channel/apitest/TCJQ/CREDIT_INQUIRY']
[2022-03-17 10:15:25,623] - [INFO] - 请求报文：{'channelCustId': '202203171015046652081', 'creditReqNo': '202203171015048820093', 'creditApplyNo': '202203170000000001'}
[2022-03-17 10:15:25,934] - [INFO] - 响应报文：{'result': True, 'code': 200, 'msg': 'SUCCESS!', 'data': {'code': '0000', 'productId': '7014', 'body': {'creditDate': '2022/03/17', 'creditExpireDate': '2025/03/17', 'freezingDate': '', 'channelCustId': '202203171015046652081', 'creditReqNo': '202203171015048820093', 'creditApplyNo': '202203170000000001', 'creditState': '00', 'availAmount': 2000.0, 'creditAmount': 2000.0, 'status': '01'}, 'message': '成功', 'channelId': 'ORANGE'}}
[2022-03-17 10:15:25,934] - [INFO] - 授信查询接口调用成功！
[2022-03-17 10:15:25,934] - [INFO] - 授信通过！
[2022-03-17 10:15:25,934] - [INFO] - 更新客户信息表liveaddress
[2022-03-17 10:15:25,935] - [INFO] - update customer_info set liveaddress = '北京市市辖区东城区' where CERTID = '422801199101169915'
[2022-03-17 10:15:25,971] - [INFO] - 支用试算
[2022-03-17 10:15:25,971] - [INFO] - http://10.1.14.106:27405/channel/apitest/TCJQ/DISBURSE_TRIAL
[2022-03-17 10:15:25,971] - [INFO] - 请求报文：{'channelCustId': '202203171015046652081', 'periods': '3', 'loanAmount': 2000}
[2022-03-17 10:15:26,258] - [INFO] - 响应报文：{'result': True, 'code': 200, 'msg': 'SUCCESS!', 'data': {'code': '0000', 'productId': '7014', 'body': {'channelCustId': '202203171015046652081', 'repayPlanDetails': [{'principal': 663.43, 'period': 1, 'periodAmt': 695.18, 'premium': 22.0, 'interest': 9.75, 'repayDate': '2022/04/17'}, {'principal': 666.66, 'period': 2, 'periodAmt': 695.18, 'premium': 22.0, 'interest': 6.52, 'repayDate': '2022/05/17'}, {'principal': 669.91, 'period': 3, 'periodAmt': 695.18, 'premium': 22.0, 'interest': 3.27, 'repayDate': '2022/06/17'}], 'capitalCode': 'LJBANK', 'status': '01'}, 'message': '成功', 'channelId': 'ORANGE'}}
[2022-03-17 10:15:26,259] - [INFO] - 本次试算资方为：LJBANK
[2022-03-17 10:15:29,271] - [INFO] - 支用试算
[2022-03-17 10:15:29,271] - [INFO] - http://10.1.14.106:27405/channel/apitest/TCJQ/DISBURSE_TRIAL
[2022-03-17 10:15:29,272] - [INFO] - 请求报文：{'channelCustId': '202203171015046652081', 'periods': '3', 'loanAmount': 2000}
[2022-03-17 10:15:29,350] - [INFO] - 响应报文：{'result': True, 'code': 200, 'msg': 'SUCCESS!', 'data': {'code': '0000', 'productId': '7014', 'body': {'channelCustId': '202203171015046652081', 'repayPlanDetails': [{'principal': 663.43, 'period': 1, 'periodAmt': 695.18, 'premium': 22.0, 'interest': 9.75, 'repayDate': '2022/04/17'}, {'principal': 666.66, 'period': 2, 'periodAmt': 695.18, 'premium': 22.0, 'interest': 6.52, 'repayDate': '2022/05/17'}, {'principal': 669.91, 'period': 3, 'periodAmt': 695.18, 'premium': 22.0, 'interest': 3.27, 'repayDate': '2022/06/17'}], 'capitalCode': 'LJBANK', 'status': '01'}, 'message': '成功', 'channelId': 'ORANGE'}}
[2022-03-17 10:15:29,351] - [INFO] - 本次试算资方为：LJBANK
[2022-03-17 10:15:32,366] - [INFO] - 支用试算
[2022-03-17 10:15:32,366] - [INFO] - http://10.1.14.106:27405/channel/apitest/TCJQ/DISBURSE_TRIAL
[2022-03-17 10:15:32,366] - [INFO] - 请求报文：{'channelCustId': '202203171015046652081', 'periods': '3', 'loanAmount': 2000}
[2022-03-17 10:15:34,177] - [INFO] - 响应报文：{'result': True, 'code': 200, 'msg': 'SUCCESS!', 'data': {'code': '0000', 'productId': '7014', 'body': {'channelCustId': '202203171015046652081', 'repayPlanDetails': [{'principal': 663.24, 'period': 1, 'periodAmt': 692.82, 'premium': 19.94, 'interest': 9.64, 'repayDate': '2038/07/28'}, {'principal': 666.66, 'period': 2, 'periodAmt': 693.51, 'premium': 19.94, 'interest': 6.91, 'repayDate': '2038/08/28'}, {'principal': 670.1, 'period': 3, 'periodAmt': 693.5, 'premium': 19.94, 'interest': 3.46, 'repayDate': '2038/09/28'}], 'capitalCode': 'FBBANK', 'status': '01'}, 'message': '成功', 'channelId': 'ORANGE'}}
[2022-03-17 10:15:34,177] - [INFO] - 本次试算资方为：FBBANK
[2022-03-17 10:15:34,178] - [INFO] - 支用试算成功！
[2022-03-17 10:15:34,178] - [INFO] - 支用接口
[2022-03-17 10:15:34,178] - [INFO] - http://10.1.14.106:27405/channel/apitest/TCJQ/DISBURSE
[2022-03-17 10:15:34,178] - [INFO] - 请求报文：{'channelCustId': '202203171015046652081', 'loanReqNo': '202203171015049977044', 'creditReqNo': '202203171015048820093', 'loanAmount': 2000, 'periods': '3', 'purpose': '01', 'bankCard': '6214660317101504', 'bankCode': '308584000013', 'bankName': '建设银行', 'bankPhone': '16603173604', 'longitude': '121.551738', 'latitude': '31.224634', 'ip': '192.168.1.2', 'capitalCode': 'FBBANK', 'channelDetail': {'woolFlag': '1', 'phoneFlag': '1', 'phoneTelco': '1', 'compScore': '80', 'repayAbilityScore': '80', 'comsAmount': '4', 'finAmount': '2', 'redPacket': '2', 'phoneAreaName': '上海市', 'modelScore': '80', 'whiteListFlag': '0', 'loanGrade': 'A', 'registerTime': '2', 'realNameFlag': '1', 'realNameGrade': '1', 'transFlag': '1', 'custType': '', 'currLimit': 5000, 'currRemainLimit': 2000, 'currLimitOrg': 'DD', 'currLimitStartDate': '2021/05/31', 'currLimitEndDate': '2021/07/31', 'currTotalPrice': 28.11, 'firstLoanFlag': '1', 'unsettleLoanLimit': 1, 'settleLoanLimit': 1, 'lastLoanDate': '2021/04/21', 'loanAmount': 3000}, 'custType': '0'}
[2022-03-17 10:15:34,488] - [INFO] - 响应报文：{'result': True, 'code': 200, 'msg': 'SUCCESS!', 'data': {'code': '0000', 'productId': '7014', 'body': {'channelCustId': '202203171015046652081', 'loanReqNo': '202203171015049977044', 'loanApplyNo': '20220317000000001', 'status': '01'}, 'message': '成功', 'channelId': 'ORANGE'}}
[2022-03-17 10:15:34,489] - [INFO] - 支用接口调用成功！
[2022-03-17 10:15:34,489] - [INFO] - 受理成功，处理中!
[2022-03-17 10:15:34,489] - [INFO] - 
                    姓名：靳电洁
                    身份证号：422801199101169915
                    手机号：16603173604
                    借款金额:2000
                    借款期次:3
                    channelCustId：202203171015046652081
                    creditReqNo：202203171015048820093
                    loanReqNo:202203171015049977044
                    
[2022-03-17 10:15:55,027] - [INFO] - 投保信息接口
[2022-03-17 10:15:55,028] - [INFO] - http://10.1.14.106:27405/channel/apitest/QFIN/INSURE_INFO
[2022-03-17 10:15:55,028] - [INFO] - 请求报文：{'channelCustId': '', 'name': '家树', 'insuranceNo': '202203171015556635792', 'idNo': '360100199403092068', 'idAddress': '上海市浦东新区龙阳路幸福村520号', 'phone': '16603171934', 'amount': 2000, 'periods': '3', 'purpose': '07', 'capitalCode': 'FBBANK', 'custGrde': 18, 'email': '1264311721@hrtx.com', 'contactPhone': '18968523600', 'callbackUrl': 'https://www.baidu.com'}
[2022-03-17 10:15:55,196] - [INFO] - 响应报文：{'result': True, 'code': 200, 'msg': 'SUCCESS!', 'data': {'channelCustId': '', 'errorCode': '', 'errorMsg': '', 'insurUrl': 'https://test.95590.cn/openui_st/h5/?navStyle=hideLight#/application?env=sit&loanReqNo=202203171015556635792&lp=20220317101554748000042038', 'insuranceNo': '202203171015556635792', 'status': '01'}}
[2022-03-17 10:15:55,196] - [INFO] - 投保信息接口成功！
[2022-03-17 10:15:55,196] - [INFO] - 投保资料查询接口
[2022-03-17 10:15:55,197] - [INFO] - http://10.1.14.106:27405/channel/apitest/QFIN/INSURE_DATA_QUERY
[2022-03-17 10:15:55,197] - [INFO] - 请求报文：{'loanReqNo': '202203171015556635792', 'token': '20220317101554748000042038'}
[2022-03-17 10:15:55,252] - [INFO] - 响应报文：{'result': True, 'code': 200, 'msg': 'SUCCESS!', 'data': {'discountRate': 0, 'insurantName': '富邦华一银行', 'purpose': '07', 'premiumRate': 0.352, 'loanReqNo': '202203171015556635792', 'premiumExcTax': 6.79, 'idNo': '360100199403092068', 'phoneNo': '18968523600', 'insurantAdd': '上海市静安区高平路478号', 'claimPeriod': '50', 'periods': 3, 'taxFee': 0.41, 'email': '1264311721@hrtx.com', 'monthlyFee': 7.2, 'addProvince': '', 'amount': 2000.0, 'address': '上海市浦东新区龙阳路幸福村520号', 'irr': '18.00', 'addDistrict': '', 'addCity': '', 'annualIntRate': 6.2, 'addDetail': '上海市浦东新区龙阳路幸福村520号', 'phone': '16603171934', 'insAmount': 2046.4, 'name': '家树', 'postCode': '200436'}}
[2022-03-17 10:15:55,252] - [INFO] - 投保资料查询成功！
[2022-03-17 10:15:55,252] - [INFO] - 投保接口
[2022-03-17 10:15:55,253] - [INFO] - http://10.1.14.106:27405/channel/apitest/QFIN/INSURE
[2022-03-17 10:15:55,253] - [INFO] - 请求报文：{'agentNo': 'TianCheng', 'agentName': '甜橙保代', 'loanReqNo': '202203171015556635792', 'insReqNo': '202203171015556635792', 'name': '家树', 'idNo': '360100199403092068', 'phone': '16603171934', 'amount': 6000, 'periods': '3', 'purpose': '07', 'premiumRate': 1.66, 'insurantName': '韦艺翠', 'insurantAdd': '上海市浦东新区龙阳路幸福村520号', 'postCode': '110016', 'productId': '7015', 'loanAmount': 2000}
[2022-03-17 10:15:55,342] - [INFO] - 响应报文：{'result': True, 'code': 200, 'msg': 'SUCCESS!', 'data': {'insReqNo': '5286370677883801', 'errorCode': '', 'loanReqNo': '', 'errorMsg': '', 'status': '01'}}
[2022-03-17 10:15:55,343] - [INFO] - 已受理，处理中！
[2022-03-17 10:15:55,343] - [INFO] - 支用接口
[2022-03-17 10:15:55,343] - [INFO] - http://10.1.14.106:27405/channel/apitest/QFIN/DISBURSE
[2022-03-17 10:15:55,343] - [INFO] - 请求报文：{'channelCustId': '', 'loanReqNo': '202203171015556635792', 'idNo': '360100199403092068', 'insuranceNo': '202203171015556635792', 'phone': '16603171934', 'loanAmount': 2000, 'productId': '7015', 'name': '家树', 'spelling': 'CHENPI', 'sex': '01', 'nationality': '中国', 'nation': '汉族', 'birthday': '1991/01/08', 'idType': '00', 'idAddress': '上海市浦东新区龙阳路幸福村520号', 'idStartDate': '2015/10/08', 'idEndDate': '2025/10/08', 'idOffice': '杭州市公安局江干区分局', 'marriage': '03', 'education': '06', 'children': '00', 'supplyPeople': 0, 'house': '00', 'addProvince': '', 'addCity': '', 'addDistrict': '', 'addDetail': '', 'industry': 'C', 'profession': '18', 'workplaceName': '大地保险公司', 'workTel': '13196853698', 'workProvince': '', 'workCity': '', 'workDistrict': '', 'workDetailAdd': '学院路100号小杨制造厂', 'workAge': 10, 'income': '02', 'school': '清华大学', 'email': '1264311721@hrtx.com', 'contacts': [{'relation': '00', 'name': '哈利路亚', 'phoneNo': '18968523600'}], 'bankCard': '6214660317101555', 'bankName': '中国农业银行', 'bankPhone': '16603171934', 'applyProvince': '', 'applyCity': '', 'applyDistrict': '', 'periods': '3', 'purpose': '07', 'direction': '', 'payType': '01', 'payMerchantNo': '', 'authFlag': '01', 'deviceDetail': {'deviceId': '', 'mac': 'NONE', 'longitude': '23.232653', 'latitude': '88.369689', 'gpsCity': '', 'ip': '192.3.46.57', 'ipCity': '', 'oS': ''}, 'docDate': '', 'channelDetail': {'capitalCode': 'FBBANK', 'custGrde': 18, 'payType': '03', 'applyEntry': '03', 'creditDuration': '2020/03/02', 'faceRecoType': '01', 'faceRecoScore': 66, 'currLimit': 20000.0, 'currRemainLimit': 20000.0, 'firstLoanFlag': 'N', 'settleLoanNum': 1, 'unsettleLoanLimit': 0, 'unsettleLoanNum': 0, 'longestOverPeriod': 0, 'applyLevel360': 1000, 'actionLevel360': 1000, 'realFaceCheckResult': '1', 'citizenshipCheckResult': '1', 'bankCheckResult': '1', 'telcoCheckResult': '1'}, 'custGrde': 18}
[2022-03-17 10:15:55,520] - [INFO] - 响应报文：{'result': True, 'code': 200, 'msg': 'SUCCESS!', 'data': {'channelCustId': '', 'errorCode': '', 'errorMsg': '', 'loanApplyNo': '202203170000000002', 'loanReqNo': '202203171015556635792', 'status': '01'}}
[2022-03-17 10:15:55,521] - [INFO] - 放款受理成功，处理中！
[2022-03-17 10:15:55,521] - [INFO] - 
                        姓名：家树
                        身份证号：360100199403092068
                        手机号：16603171934
                        借款金额:2000
                        借款期次:3
                        loanReqNo:202203171015556635792
                    
[2022-03-17 10:17:02,903] - [INFO] - 投保信息接口
[2022-03-17 10:17:02,904] - [INFO] - http://10.1.14.106:27405/channel/apitest/HUANBEI/INSURE_INFO
[2022-03-17 10:17:02,904] - [INFO] - 请求报文：{'channelCustId': '', 'loanReqNo': '202203171017026628118', 'capitalCode': 'FBBANK', 'custGrde': 18, 'name': '华贝梦', 'idNo': '230104199701175407', 'phone': '16603178176', 'amount': 3000, 'periods': '6', 'purpose': '01', 'addProvince': '110000', 'addCity': '110000', 'addDistrict': '110101', 'addDetail': '学霸路学渣小区1314弄520号', 'email': 'ybhdsg@hrtx.com', 'contactPhone': 'contactPhone', 'loanRate': 20.0, 'discountRate': 18}
[2022-03-17 10:17:02,984] - [INFO] - 响应报文：{'result': True, 'code': 200, 'msg': 'SUCCESS!', 'data': {'channelCustId': '', 'errorCode': '', 'errorMsg': '', 'insurAgencyUrl': 'https://test-h5.dsibc.com/market/detail?productCode=1059901&env=sit&loanReqNo=202203171017026628118&lp=20220317101702536000042041', 'loanApplyNo': '202203171017026628118', 'loanReqNo': '202203171017026628118'}}
[2022-03-17 10:17:02,984] - [INFO] - 投保信息接口成功！
[2022-03-17 10:17:02,985] - [INFO] - 投保资料查询接口
[2022-03-17 10:17:02,985] - [INFO] - http://10.1.14.106:27405/channel/apitest/HUANBEI/INSURE_DATA_QUERY
[2022-03-17 10:17:02,985] - [INFO] - 请求报文：{'loanReqNo': '202203171017026628118', 'token': '20220317101702536000042041'}
[2022-03-17 10:17:03,026] - [INFO] - 响应报文：{'result': True, 'code': 200, 'msg': 'SUCCESS!', 'data': {'discountRate': 0, 'insurantName': '富邦华一银行', 'purpose': '01', 'premiumRate': 0.57, 'loanReqNo': '202203171017026628118', 'premiumExcTax': 16.5, 'idNo': '230104199701175407', 'phoneNo': 'contactPhone', 'insurantAdd': '上海市静安区高平路478号', 'claimPeriod': '50', 'periods': 6, 'taxFee': 0.99, 'email': 'ybhdsg@hrtx.com', 'monthlyFee': 17.49, 'addProvince': '110000', 'amount': 3000.0, 'address': '北京市北京市东城区学霸路学渣小区1314弄520号', 'irr': '18.00', 'addDistrict': '110101', 'addCity': '110000', 'annualIntRate': 6.2, 'addDetail': '学霸路学渣小区1314弄520号', 'phone': '16603178176', 'insAmount': 3069.6, 'name': '华贝梦', 'postCode': '200436'}}
[2022-03-17 10:17:03,026] - [INFO] - 投保资料查询成功！
[2022-03-17 10:17:03,026] - [INFO] - 投保接口
[2022-03-17 10:17:03,026] - [INFO] - http://10.1.14.106:27405/channel/apitest/HUANBEI/INSURE
[2022-03-17 10:17:03,027] - [INFO] - 请求报文：{'agentNo': 'DingSheng', 'agentName': '鼎盛保险经纪', 'loanReqNo': '202203171017026628118', 'insReqNo': '202203171017026628118', 'name': '华贝梦', 'idNo': '230104199701175407', 'phone': '16603178176', 'amount': 3000, 'periods': '6', 'purpose': '01', 'premiumRate': 0.57, 'insurantName': '哑巴湖大水怪', 'insurantAdd': '被保险人通讯地址', 'postCode': '110016', 'version': '', 'docVersion': ''}
[2022-03-17 10:17:03,069] - [INFO] - 响应报文：{'result': True, 'code': 200, 'msg': 'SUCCESS!', 'data': {'insReqNo': '3855713556672417', 'errorCode': '', 'loanReqNo': '202203171017026628118', 'errorMsg': '', 'status': '01'}}
[2022-03-17 10:17:03,069] - [INFO] - 已受理，处理中！
[2022-03-17 10:17:03,069] - [INFO] - 支用接口
[2022-03-17 10:17:03,070] - [INFO] - http://10.1.14.106:27405/channel/apitest/HUANBEI/DISBURSE
[2022-03-17 10:17:03,070] - [INFO] - 请求报文：{'channelCustId': '', 'loanReqNo': '202203171017026628118', 'loanRate': 20.0, 'discountRate': 18, 'name': '华贝梦', 'spelling': 'LAIJING', 'sex': '00', 'nationality': '中国', 'nation': '汉族', 'birthday': '1993/12/12', 'idType': '00', 'loanAmount': 3000, 'periods': '6', 'phone': '16603178176', 'idNo': '230104199701175407', 'idStartDate': '2015/10/08', 'idEndDate': '2025/10/08', 'idOffice': '上海市崇明区太上皇路888弄001号', 'marriage': '00', 'children': '01', 'supplyPeople': 0, 'house': '09', 'addProvince': '110000', 'addCity': '110000', 'addDistrict': '110101', 'addDetail': '学霸路学渣小区250弄38号', 'industry': 'C', 'profession': '01', 'workplaceName': '中国大地保险公司', 'workTel': '0521-11122844', 'workProvince': '上海市', 'workCity': '上海市', 'workDistrict': '浦东新区', 'workDetailAdd': '证大五道口1199弄', 'workAge': 5, 'income': '02', 'education': '05', 'school': '哈弗大学', 'email': 'ybhdsg@hrtx.com', 'bankCard': '6214660317101702', 'bankName': '建设银行', 'bankPhone': '16603178176', 'applyProvince': '110000', 'applyCity': '110000', 'applyDistrict': '110101', 'purpose': '01', 'direction': '04', 'payType': '00', 'payMerchantNo': '', 'authFlag': '01', 'capitalCode': 'FBBANK', 'agrSignTime': '20200506175500', 'docDate': '', 'contacts': [{'relation': '01', 'name': '鼎盛一', 'phoneNo': '17613148801'}, {'relation': '00', 'name': '鼎盛二', 'phoneNo': '17613148802'}], 'deviceDetail': {'deviceId': '646876135467846554646', 'mac': 'NONE', 'longitude': '162.357159', 'latitude': '63.589634', 'gpsCity': '上海市', 'ip': '192.3.46.57', 'ipCity': '上海市', 'oS': 'ios'}, 'channelDetail': {'custGrade': 18, 'obtainCustType': '01', 'faceType': '01', 'faceScore': 70, 'verifyResult': '01', 'fourElementsResult': '01', 'limitDate': '2020/05/06', 'limit': 20000.0, 'balanceLimit': 20000.0, 'isFirstDisburse': 'Y', 'settleLoanCounts': 1, 'unclearedLoanCnts': 1, 'unclearedLoanBaln': 0, 'overdueD3Days': 'N', 'maxOverdueDays': 14, 'overdueDays': 4, 'overdueD3Cnts': 1, 'isCurrentOverdue': 'N', 'firstRepayOdCnts': 1, 'beforeLoanSocre': '', 'midLoanSocre': '', 'afterLoanSocre': '', 'custGrde': 18}}
[2022-03-17 10:17:03,234] - [INFO] - 响应报文：{'result': True, 'code': 200, 'msg': 'SUCCESS!', 'data': {'channelCustId': '', 'errorCode': '', 'errorMsg': '', 'loanApplyNo': '202203170000000004', 'loanReqNo': '202203171017026628118', 'status': '01'}}
[2022-03-17 10:17:03,234] - [INFO] - 支用受理成功，处理中！
[2022-03-17 10:17:16,322] - [INFO] - 投保信息接口
[2022-03-17 10:17:16,322] - [INFO] - http://10.1.14.106:27405/channel/apitest/PPDAI/INSURE_INFO
[2022-03-17 10:17:16,322] - [INFO] - 请求报文：{'channelCustId': '', 'insuranceNo': '202203171017166658796', 'name': '林洁', 'idNo': '130421199604113596', 'idAddress': '浙江省杭州市江干区高教路119号', 'phone': '16603171995', 'amount': 2000, 'periods': '6', 'purpose': '01', 'capitalCode': 'FBBANK', 'custGrde': 20, 'email': 'ybhdsg@hrtx.com', 'contactPhone': '17613145209', 'callbackUrl': 'callbackUrl'}
[2022-03-17 10:17:16,404] - [INFO] - 响应报文：{'result': True, 'code': 200, 'msg': 'SUCCESS!', 'data': {'channelCustId': '', 'errorCode': '', 'errorMsg': '', 'insurUrl': 'https://test.95590.cn/openui_st/h5/#/paipai/application?env=sit&loanReqNo=202203171017166658796&lp=20220317101715955000042042', 'insuranceNo': '202203171017166658796', 'status': '01'}}
[2022-03-17 10:17:16,405] - [INFO] - 投保信息接口成功！
[2022-03-17 10:17:16,405] - [INFO] - 投保资料查询接口
[2022-03-17 10:17:16,405] - [INFO] - http://10.1.14.106:27405/channel/apitest/PPDAI/INSURE_DATA_QUERY
[2022-03-17 10:17:16,405] - [INFO] - 请求报文：{'loanReqNo': '202203171017166658796', 'token': '20220317101715955000042042'}
[2022-03-17 10:17:16,449] - [INFO] - 响应报文：{'result': True, 'code': 200, 'msg': 'SUCCESS!', 'data': {'discountRate': 0, 'insurantName': '富邦华一银行', 'purpose': '01', 'premiumRate': 0.668, 'loanReqNo': '202203171017166658796', 'premiumExcTax': 12.89, 'idNo': '130421199604113596', 'phoneNo': '17613145209', 'insurantAdd': '上海市静安区高平路478号', 'claimPeriod': '50', 'periods': 6, 'taxFee': 0.77, 'email': 'ybhdsg@hrtx.com', 'monthlyFee': 13.66, 'addProvince': '', 'amount': 2000.0, 'address': '浙江省杭州市江干区高教路119号', 'irr': '20.00', 'addDistrict': '', 'addCity': '', 'annualIntRate': 6.2, 'addDetail': '浙江省杭州市江干区高教路119号', 'phone': '16603171995', 'insAmount': 2046.4, 'name': '林洁', 'postCode': '200436'}}
[2022-03-17 10:17:16,449] - [INFO] - 投保资料查询成功！
[2022-03-17 10:17:16,449] - [INFO] - 投保接口
[2022-03-17 10:17:16,449] - [INFO] - http://10.1.14.106:27405/channel/apitest/PPDAI/INSURE
[2022-03-17 10:17:16,450] - [INFO] - 请求报文：{'agentNo': '', 'agentName': '', 'loanReqNo': '202203171017166658796', 'insReqNo': '202203171017166658796', 'name': '林洁', 'idNo': '130421199604113596', 'phone': '16603171995', 'amount': 2000, 'periods': '6', 'purpose': '01', 'premiumRate': 0.668, 'insurantName': '富邦华一银行', 'insurantAdd': '上海浦东新区1239号', 'postCode': '200300', 'version': 'ccic-001', 'docVersion': 'ccic-002'}
[2022-03-17 10:17:16,491] - [INFO] - 响应报文：{'result': True, 'code': 200, 'msg': 'SUCCESS!', 'data': {'insReqNo': '8812415427571832', 'errorCode': '', 'loanReqNo': '', 'errorMsg': '', 'status': '01'}}
[2022-03-17 10:17:16,491] - [INFO] - 已受理，处理中！
[2022-03-17 10:17:16,491] - [INFO] - 授信接口
[2022-03-17 10:17:16,491] - [INFO] - http://10.1.14.106:27405/channel/apitest/PPDAI/CREDIT_GRANTING
[2022-03-17 10:17:16,492] - [INFO] - 请求报文：{'channelCustId': '', 'insuranceNo': '202203171017166658796', 'creditReqNo': '202203171017168848986', 'name': '林洁', 'spelling': '', 'sex': '00', 'nationality': '中国', 'nation': '汉族', 'birthday': '1985/06/02', 'idType': '00', 'loanAmount': 2000, 'periods': '6', 'idNo': '130421199604113596', 'phone': '16603171995', 'idStartDate': '2016/09/04', 'idEndDate': '2026/09/04', 'idOffice': '浩然天下宝瓶洲大骊王朝落坡山办祖师堂', 'idAddress': '浙江省杭州市江干区高教路119号', 'marriage': '00', 'children': '', 'supplyPeople': 0, 'house': '', 'addProvince': '', 'addCity': '', 'addDistrict': '', 'addDetail': '', 'industry': 'C', 'profession': '07', 'workplaceName': '大地保险公司', 'workTel': '', 'workProvince': '', 'workCity': '', 'workDistrict': '', 'workDetailAdd': '', 'workAge': 0, 'income': '01', 'education': '05', 'school': '', 'email': 'ybhdsg@hrtx.com', 'contacts': [{'relation': '00', 'name': '哑巴湖大水怪', 'phoneNo': '17613145210'}, {'relation': '00', 'name': '哑巴湖大水怪', 'phoneNo': '17613145210'}], 'bankCard': '6214660317101716', 'bankName': '建设银行', 'bankPhone': '16603171995', 'applyProvince': '', 'applyCity': '', 'applyDistrict': '', 'purpose': '01', 'direction': '', 'payType': '', 'payMerchantNo': '', 'authFlag': '01', 'deviceDetail': {'deviceId': '', 'mac': '', 'longitude': '', 'latitude': '', 'gpsCity': '', 'ip': '', 'ipCity': '', 'oS': 'ios'}, 'channelDetail': {'capitalCode': 'FBBANK', 'custGrde': 20, 'applyEntry': 'applyEntry', 'faceRecoType': 'LINKFACE', 'faceRecoScore': 99, 'creditDuration': '2020/08/19', 'currLimit': 50000, 'currRemainLimit': 50000, 'firstLoanFlag': 'Y', 'overdueFlag': 'N', 'settleLoanNum': 0, 'unsettleLoanLimit': 0, 'unsettleLoanNum': 0, 'longestOverPeriod': 0, 'compScore': '1', 'realFaceCheckResult': '1', 'citizenshipCheckResult': '1', 'bankCheckResult': '1', 'telcoCheckResult': '1'}, 'docDate': '2022/03/17'}
[2022-03-17 10:17:16,672] - [INFO] - 响应报文：{'result': True, 'code': 200, 'msg': 'SUCCESS!', 'data': {'channelCustId': '', 'creditApplyNo': '202203170000000005', 'creditReqNo': '202203171017168848986', 'errorCode': '', 'errorMsg': '', 'status': '01'}}
[2022-03-17 10:17:16,673] - [INFO] - 授信受理成功，处理中！
[2022-03-17 10:23:14,627] - [INFO] - 授信申请
[2022-03-17 10:23:14,628] - [INFO] - [http://10.1.14.106:27405/channel/apitest/TCJQ/CREDIT_GRANTING]
[2022-03-17 10:23:14,628] - [INFO] - 请求报文：{'channelCustId': '202203171023146695420', 'creditReqNo': '202203171023148863116', 'name': '戚建', 'spelling': 'ZHANGTIAN', 'sex': '01', 'nationality': '中国', 'nation': '汉族', 'birthday': '1985/06/02', 'idType': '00', 'idNo': '341122199410013490', 'idStartDate': '2016/01/18', 'idEndDate': '2036/01/18', 'idOffice': '北京市东城区', 'marriage': '01', 'children': '00', 'supplyPeople': 3, 'house': '00', 'addProvince': '110000', 'addCity': '110000', 'addDistrict': '110101', 'addDetail': '东大街东大院', 'industry': 'C', 'profession': '11', 'workplaceName': 'AAA单位', 'workTel': '13162314539', 'workProvince': '110000', 'workCity': '110000', 'workDistrict': '110101', 'workDetailAdd': '西大街西大院', 'workAge': 8, 'income': '03', 'education': '06', 'school': '北京大学', 'phone': '16603174347', 'email': 'email163@qq.com', 'contacts': [{'relation': '00', 'name': '张三', 'phoneNo': '15638530000'}, {'relation': '01', 'name': '李四', 'phoneNo': '15638539999'}], 'bankCard': '6214660317102314', 'bankName': '建设银行', 'bankPhone': '16603174347', 'applyProvince': '110000', 'applyCity': '110000', 'applyDistrict': '110101', 'loanAmount': 1000, 'periods': '3', 'purpose': '01', 'direction': '01', 'payType': '00', 'payMerchantNo': '26666', 'authFlag': '01', 'deviceDetail': {'deviceId': '10-45-5-486', 'mac': '3a:b6:c6:5d:2e:f9', 'longitude': '121.551738', 'latitude': '31.224634', 'gpsCity': '上海市', 'ip': '106.14.135.199', 'ipCity': '上海', 'os': 'android', 'docDate': '2019/09/12'}, 'channelDetail': {'citizenshipCheckResult': '1', 'bankCheckResult': '1', 'telcoCheckResult': '1', 'consumeTimes': '1', 'creditTimes': '1', 'consumeScene': '1', 'frontId': '11', 'reverseId': '11', 'faceId': '11', 'woolFlag': '1', 'phoneFlag': '1', 'phoneTelco': '1', 'compScore': '650', 'repayAbilityScore': '650', 'comsAmount': '1', 'finAmount': '1', 'redPacket': '1', 'phoneAreaName': '上海市', 'modelScore': '650', 'whiteListFlag': '0', 'sugAmount': '3000.00', 'sugBasis': '2', 'loanGrade': 'A', 'registerTime': '1', 'realNameFlag': '1', 'realNameGrade': '1', 'transFlag': '1', 'custType': '', 'currLimit': 5000, 'currRemainLimit': 2000, 'currLimitOrg': 'DD', 'currLimitStartDate': '2021/05/31', 'currLimitEndDate': '2021/07/31', 'currTotalPrice': 28.11, 'firstLoanFlag': '1', 'unsettleLoanLimit': 1, 'settleLoanLimit': 1, 'lastLoanDate': '2021/04/21', 'loanAmount': 3000}, 'custType': '0'}
[2022-03-17 10:23:14,978] - [INFO] - 响应报文：{'result': True, 'code': 200, 'msg': 'SUCCESS!', 'data': {'code': '0000', 'productId': '7014', 'body': {'channelCustId': '202203171023146695420', 'creditReqNo': '202203171023148863116', 'creditApplyNo': '202203170000000006', 'status': '01'}, 'message': '成功', 'channelId': 'ORANGE'}}
[2022-03-17 10:23:14,979] - [INFO] - 授信接口调用成功！
[2022-03-17 10:23:14,979] - [INFO] - 授信受理成功，处理中！
[2022-03-17 10:23:14,979] - [INFO] - 授信结果查询
[2022-03-17 10:23:14,980] - [INFO] - ['http://10.1.14.106:27405/channel/apitest/TCJQ/CREDIT_INQUIRY']
[2022-03-17 10:23:14,980] - [INFO] - 请求报文：{'channelCustId': '202203171023146695420', 'creditReqNo': '202203171023148863116', 'creditApplyNo': '202203170000000006'}
[2022-03-17 10:23:15,030] - [INFO] - 响应报文：{'result': True, 'code': 200, 'msg': 'SUCCESS!', 'data': {'code': '0000', 'productId': '7014', 'body': {'channelCustId': '202203171023146695420', 'creditReqNo': '202203171023148863116', 'creditApplyNo': '202203170000000006', 'status': '00'}, 'message': '成功', 'channelId': 'ORANGE'}}
[2022-03-17 10:23:15,030] - [INFO] - 授信查询接口调用成功！
[2022-03-17 10:23:15,031] - [INFO] - 授信中！
[2022-03-17 10:23:18,041] - [INFO] - 授信结果查询
[2022-03-17 10:23:18,041] - [INFO] - ['http://10.1.14.106:27405/channel/apitest/TCJQ/CREDIT_INQUIRY']
[2022-03-17 10:23:18,041] - [INFO] - 请求报文：{'channelCustId': '202203171023146695420', 'creditReqNo': '202203171023148863116', 'creditApplyNo': '202203170000000006'}
[2022-03-17 10:23:18,094] - [INFO] - 响应报文：{'result': True, 'code': 200, 'msg': 'SUCCESS!', 'data': {'code': '0000', 'productId': '7014', 'body': {'channelCustId': '202203171023146695420', 'creditReqNo': '202203171023148863116', 'creditApplyNo': '202203170000000006', 'status': '00'}, 'message': '成功', 'channelId': 'ORANGE'}}
[2022-03-17 10:23:18,094] - [INFO] - 授信查询接口调用成功！
[2022-03-17 10:23:18,095] - [INFO] - 授信中！
[2022-03-17 10:23:21,098] - [INFO] - 授信结果查询
[2022-03-17 10:23:21,098] - [INFO] - ['http://10.1.14.106:27405/channel/apitest/TCJQ/CREDIT_INQUIRY']
[2022-03-17 10:23:21,098] - [INFO] - 请求报文：{'channelCustId': '202203171023146695420', 'creditReqNo': '202203171023148863116', 'creditApplyNo': '202203170000000006'}
[2022-03-17 10:23:21,142] - [INFO] - 响应报文：{'result': True, 'code': 200, 'msg': 'SUCCESS!', 'data': {'code': '0000', 'productId': '7014', 'body': {'creditDate': '2022/03/17', 'creditExpireDate': '2025/03/17', 'freezingDate': '', 'channelCustId': '202203171023146695420', 'creditReqNo': '202203171023148863116', 'creditApplyNo': '202203170000000006', 'creditState': '00', 'availAmount': 1000.0, 'creditAmount': 1000.0, 'status': '01'}, 'message': '成功', 'channelId': 'ORANGE'}}
[2022-03-17 10:23:21,142] - [INFO] - 授信查询接口调用成功！
[2022-03-17 10:23:21,142] - [INFO] - 授信通过！
[2022-03-17 10:23:21,142] - [INFO] - 更新客户信息表liveaddress
[2022-03-17 10:23:21,143] - [INFO] - update customer_info set liveaddress = '北京市市辖区东城区' where CERTID = '341122199410013490'
[2022-03-17 10:23:21,171] - [INFO] - 支用试算
[2022-03-17 10:23:21,171] - [INFO] - http://10.1.14.106:27405/channel/apitest/TCJQ/DISBURSE_TRIAL
[2022-03-17 10:23:21,171] - [INFO] - 请求报文：{'channelCustId': '202203171023146695420', 'periods': '3', 'loanAmount': 1000}
[2022-03-17 10:23:21,235] - [INFO] - 响应报文：{'result': True, 'code': 200, 'msg': 'SUCCESS!', 'data': {'code': '0000', 'productId': '7014', 'body': {'channelCustId': '202203171023146695420', 'repayPlanDetails': [{'principal': 331.71, 'period': 1, 'periodAmt': 347.59, 'premium': 11.0, 'interest': 4.88, 'repayDate': '2022/04/17'}, {'principal': 333.33, 'period': 2, 'periodAmt': 347.59, 'premium': 11.0, 'interest': 3.26, 'repayDate': '2022/05/17'}, {'principal': 334.96, 'period': 3, 'periodAmt': 347.59, 'premium': 11.0, 'interest': 1.63, 'repayDate': '2022/06/17'}], 'capitalCode': 'LJBANK', 'status': '01'}, 'message': '成功', 'channelId': 'ORANGE'}}
[2022-03-17 10:23:21,235] - [INFO] - 本次试算资方为：LJBANK
[2022-03-17 10:23:24,249] - [INFO] - 支用试算
[2022-03-17 10:23:24,249] - [INFO] - http://10.1.14.106:27405/channel/apitest/TCJQ/DISBURSE_TRIAL
[2022-03-17 10:23:24,249] - [INFO] - 请求报文：{'channelCustId': '202203171023146695420', 'periods': '3', 'loanAmount': 1000}
[2022-03-17 10:23:24,320] - [INFO] - 响应报文：{'result': True, 'code': 200, 'msg': 'SUCCESS!', 'data': {'code': '0000', 'productId': '7014', 'body': {'channelCustId': '202203171023146695420', 'repayPlanDetails': [{'principal': 331.71, 'period': 1, 'periodAmt': 347.59, 'premium': 11.0, 'interest': 4.88, 'repayDate': '2022/04/17'}, {'principal': 333.33, 'period': 2, 'periodAmt': 347.59, 'premium': 11.0, 'interest': 3.26, 'repayDate': '2022/05/17'}, {'principal': 334.96, 'period': 3, 'periodAmt': 347.59, 'premium': 11.0, 'interest': 1.63, 'repayDate': '2022/06/17'}], 'capitalCode': 'LJBANK', 'status': '01'}, 'message': '成功', 'channelId': 'ORANGE'}}
[2022-03-17 10:23:24,320] - [INFO] - 本次试算资方为：LJBANK
[2022-03-17 10:23:27,327] - [INFO] - 支用试算
[2022-03-17 10:23:27,327] - [INFO] - http://10.1.14.106:27405/channel/apitest/TCJQ/DISBURSE_TRIAL
[2022-03-17 10:23:27,327] - [INFO] - 请求报文：{'channelCustId': '202203171023146695420', 'periods': '3', 'loanAmount': 1000}
[2022-03-17 10:23:27,397] - [INFO] - 响应报文：{'result': True, 'code': 200, 'msg': 'SUCCESS!', 'data': {'code': '0000', 'productId': '7014', 'body': {'channelCustId': '202203171023146695420', 'repayPlanDetails': [{'principal': 331.71, 'period': 1, 'periodAmt': 347.59, 'premium': 11.0, 'interest': 4.88, 'repayDate': '2022/04/17'}, {'principal': 333.33, 'period': 2, 'periodAmt': 347.59, 'premium': 11.0, 'interest': 3.26, 'repayDate': '2022/05/17'}, {'principal': 334.96, 'period': 3, 'periodAmt': 347.59, 'premium': 11.0, 'interest': 1.63, 'repayDate': '2022/06/17'}], 'capitalCode': 'LJBANK', 'status': '01'}, 'message': '成功', 'channelId': 'ORANGE'}}
[2022-03-17 10:23:27,397] - [INFO] - 本次试算资方为：LJBANK
[2022-03-17 10:23:30,406] - [INFO] - 支用试算
[2022-03-17 10:23:30,406] - [INFO] - http://10.1.14.106:27405/channel/apitest/TCJQ/DISBURSE_TRIAL
[2022-03-17 10:23:30,407] - [INFO] - 请求报文：{'channelCustId': '202203171023146695420', 'periods': '3', 'loanAmount': 1000}
[2022-03-17 10:23:31,120] - [INFO] - 响应报文：{'result': True, 'code': 200, 'msg': 'SUCCESS!', 'data': {'code': '0000', 'productId': '7014', 'body': {'channelCustId': '202203171023146695420', 'repayPlanDetails': [{'principal': 331.61, 'period': 1, 'periodAmt': 346.4, 'premium': 9.97, 'interest': 4.82, 'repayDate': '2038/07/28'}, {'principal': 333.33, 'period': 2, 'periodAmt': 346.75, 'premium': 9.97, 'interest': 3.45, 'repayDate': '2038/08/28'}, {'principal': 335.06, 'period': 3, 'periodAmt': 346.76, 'premium': 9.97, 'interest': 1.73, 'repayDate': '2038/09/28'}], 'capitalCode': 'FBBANK', 'status': '01'}, 'message': '成功', 'channelId': 'ORANGE'}}
[2022-03-17 10:23:31,120] - [INFO] - 本次试算资方为：FBBANK
[2022-03-17 10:23:31,120] - [INFO] - 支用试算成功！
[2022-03-17 10:23:31,121] - [INFO] - 支用接口
[2022-03-17 10:23:31,121] - [INFO] - http://10.1.14.106:27405/channel/apitest/TCJQ/DISBURSE
[2022-03-17 10:23:31,122] - [INFO] - 请求报文：{'channelCustId': '202203171023146695420', 'loanReqNo': '202203171023149936003', 'creditReqNo': '202203171023148863116', 'loanAmount': 1000, 'periods': '3', 'purpose': '01', 'bankCard': '6214660317102314', 'bankCode': '308584000013', 'bankName': '建设银行', 'bankPhone': '16603174347', 'longitude': '121.551738', 'latitude': '31.224634', 'ip': '192.168.1.2', 'capitalCode': 'FBBANK', 'channelDetail': {'woolFlag': '1', 'phoneFlag': '1', 'phoneTelco': '1', 'compScore': '80', 'repayAbilityScore': '80', 'comsAmount': '4', 'finAmount': '2', 'redPacket': '2', 'phoneAreaName': '上海市', 'modelScore': '80', 'whiteListFlag': '0', 'loanGrade': 'A', 'registerTime': '2', 'realNameFlag': '1', 'realNameGrade': '1', 'transFlag': '1', 'custType': '', 'currLimit': 5000, 'currRemainLimit': 2000, 'currLimitOrg': 'DD', 'currLimitStartDate': '2021/05/31', 'currLimitEndDate': '2021/07/31', 'currTotalPrice': 28.11, 'firstLoanFlag': '1', 'unsettleLoanLimit': 1, 'settleLoanLimit': 1, 'lastLoanDate': '2021/04/21', 'loanAmount': 3000}, 'custType': '0'}
[2022-03-17 10:23:31,208] - [INFO] - 响应报文：{'result': True, 'code': 200, 'msg': 'SUCCESS!', 'data': {'code': '0000', 'productId': '7014', 'body': {'channelCustId': '202203171023146695420', 'loanReqNo': '202203171023149936003', 'loanApplyNo': '20220317000000003', 'status': '01'}, 'message': '成功', 'channelId': 'ORANGE'}}
[2022-03-17 10:23:31,209] - [INFO] - 支用接口调用成功！
[2022-03-17 10:23:31,209] - [INFO] - 受理成功，处理中!
[2022-03-17 10:23:31,209] - [INFO] - 
                    姓名：戚建
                    身份证号：341122199410013490
                    手机号：16603174347
                    借款金额:1000
                    借款期次:3
                    channelCustId：202203171023146695420
                    creditReqNo：202203171023148863116
                    loanReqNo:202203171023149936003
                    
[2022-03-17 10:23:43,617] - [INFO] - 投保信息接口
[2022-03-17 10:23:43,617] - [INFO] - http://10.1.14.106:27405/channel/apitest/QFIN/INSURE_INFO
[2022-03-17 10:23:43,618] - [INFO] - 请求报文：{'channelCustId': '', 'name': '卢风', 'insuranceNo': '202203171023436647544', 'idNo': '321088199308207040', 'idAddress': '上海市浦东新区龙阳路幸福村520号', 'phone': '16603177996', 'amount': 1000, 'periods': '3', 'purpose': '07', 'capitalCode': 'FBBANK', 'custGrde': 18, 'email': '1264311721@hrtx.com', 'contactPhone': '18968523600', 'callbackUrl': 'https://www.baidu.com'}
[2022-03-17 10:23:43,684] - [INFO] - 响应报文：{'result': True, 'code': 200, 'msg': 'SUCCESS!', 'data': {'channelCustId': '', 'errorCode': '', 'errorMsg': '', 'insurUrl': 'https://test.95590.cn/openui_st/h5/?navStyle=hideLight#/application?env=sit&loanReqNo=202203171023436647544&lp=20220317102343238000042043', 'insuranceNo': '202203171023436647544', 'status': '01'}}
[2022-03-17 10:23:43,685] - [INFO] - 投保信息接口成功！
[2022-03-17 10:23:43,685] - [INFO] - 投保资料查询接口
[2022-03-17 10:23:43,685] - [INFO] - http://10.1.14.106:27405/channel/apitest/QFIN/INSURE_DATA_QUERY
[2022-03-17 10:23:43,685] - [INFO] - 请求报文：{'loanReqNo': '202203171023436647544', 'token': '20220317102343238000042043'}
[2022-03-17 10:23:43,729] - [INFO] - 响应报文：{'result': True, 'code': 200, 'msg': 'SUCCESS!', 'data': {'discountRate': 0, 'insurantName': '富邦华一银行', 'purpose': '07', 'premiumRate': 0.352, 'loanReqNo': '202203171023436647544', 'premiumExcTax': 3.4, 'idNo': '321088199308207040', 'phoneNo': '18968523600', 'insurantAdd': '上海市静安区高平路478号', 'claimPeriod': '50', 'periods': 3, 'taxFee': 0.2, 'email': '1264311721@hrtx.com', 'monthlyFee': 3.6, 'addProvince': '', 'amount': 1000.0, 'address': '上海市浦东新区龙阳路幸福村520号', 'irr': '18.00', 'addDistrict': '', 'addCity': '', 'annualIntRate': 6.2, 'addDetail': '上海市浦东新区龙阳路幸福村520号', 'phone': '16603177996', 'insAmount': 1023.2, 'name': '卢风', 'postCode': '200436'}}
[2022-03-17 10:23:43,729] - [INFO] - 投保资料查询成功！
[2022-03-17 10:23:43,730] - [INFO] - 投保接口
[2022-03-17 10:23:43,730] - [INFO] - http://10.1.14.106:27405/channel/apitest/QFIN/INSURE
[2022-03-17 10:23:43,730] - [INFO] - 请求报文：{'agentNo': 'TianCheng', 'agentName': '甜橙保代', 'loanReqNo': '202203171023436647544', 'insReqNo': '202203171023436647544', 'name': '卢风', 'idNo': '321088199308207040', 'phone': '16603177996', 'amount': 6000, 'periods': '3', 'purpose': '07', 'premiumRate': 1.66, 'insurantName': '韦艺翠', 'insurantAdd': '上海市浦东新区龙阳路幸福村520号', 'postCode': '110016', 'productId': '7015', 'loanAmount': 1000}
[2022-03-17 10:23:43,774] - [INFO] - 响应报文：{'result': True, 'code': 200, 'msg': 'SUCCESS!', 'data': {'insReqNo': '0145224105011702', 'errorCode': '', 'loanReqNo': '', 'errorMsg': '', 'status': '01'}}
[2022-03-17 10:23:43,774] - [INFO] - 已受理，处理中！
[2022-03-17 10:23:43,774] - [INFO] - 支用接口
[2022-03-17 10:23:43,774] - [INFO] - http://10.1.14.106:27405/channel/apitest/QFIN/DISBURSE
[2022-03-17 10:23:43,775] - [INFO] - 请求报文：{'channelCustId': '', 'loanReqNo': '202203171023436647544', 'idNo': '321088199308207040', 'insuranceNo': '202203171023436647544', 'phone': '16603177996', 'loanAmount': 1000, 'productId': '7015', 'name': '卢风', 'spelling': 'CHENPI', 'sex': '01', 'nationality': '中国', 'nation': '汉族', 'birthday': '1991/01/08', 'idType': '00', 'idAddress': '上海市浦东新区龙阳路幸福村520号', 'idStartDate': '2015/10/08', 'idEndDate': '2025/10/08', 'idOffice': '杭州市公安局江干区分局', 'marriage': '03', 'education': '06', 'children': '00', 'supplyPeople': 0, 'house': '00', 'addProvince': '', 'addCity': '', 'addDistrict': '', 'addDetail': '', 'industry': 'C', 'profession': '18', 'workplaceName': '大地保险公司', 'workTel': '13196853698', 'workProvince': '', 'workCity': '', 'workDistrict': '', 'workDetailAdd': '学院路100号小杨制造厂', 'workAge': 10, 'income': '02', 'school': '清华大学', 'email': '1264311721@hrtx.com', 'contacts': [{'relation': '00', 'name': '哈利路亚', 'phoneNo': '18968523600'}], 'bankCard': '6214660317102343', 'bankName': '中国农业银行', 'bankPhone': '16603177996', 'applyProvince': '', 'applyCity': '', 'applyDistrict': '', 'periods': '3', 'purpose': '07', 'direction': '', 'payType': '01', 'payMerchantNo': '', 'authFlag': '01', 'deviceDetail': {'deviceId': '', 'mac': 'NONE', 'longitude': '23.232653', 'latitude': '88.369689', 'gpsCity': '', 'ip': '192.3.46.57', 'ipCity': '', 'oS': ''}, 'docDate': '', 'channelDetail': {'capitalCode': 'FBBANK', 'custGrde': 18, 'payType': '03', 'applyEntry': '03', 'creditDuration': '2020/03/02', 'faceRecoType': '01', 'faceRecoScore': 66, 'currLimit': 20000.0, 'currRemainLimit': 20000.0, 'firstLoanFlag': 'N', 'settleLoanNum': 1, 'unsettleLoanLimit': 0, 'unsettleLoanNum': 0, 'longestOverPeriod': 0, 'applyLevel360': 1000, 'actionLevel360': 1000, 'realFaceCheckResult': '1', 'citizenshipCheckResult': '1', 'bankCheckResult': '1', 'telcoCheckResult': '1'}, 'custGrde': 18}
[2022-03-17 10:23:43,857] - [INFO] - 响应报文：{'result': True, 'code': 200, 'msg': 'SUCCESS!', 'data': {'channelCustId': '', 'errorCode': '', 'errorMsg': '', 'loanApplyNo': '202203170000000007', 'loanReqNo': '202203171023436647544', 'status': '01'}}
[2022-03-17 10:23:43,857] - [INFO] - 放款受理成功，处理中！
[2022-03-17 10:23:43,857] - [INFO] - 
                        姓名：卢风
                        身份证号：321088199308207040
                        手机号：16603177996
                        借款金额:1000
                        借款期次:3
                        loanReqNo:202203171023436647544
                    
[2022-03-17 10:24:30,655] - [INFO] - 投保信息接口
[2022-03-17 10:24:30,655] - [INFO] - http://10.1.14.106:27405/channel/apitest/HUANBEI/INSURE_INFO
[2022-03-17 10:24:30,656] - [INFO] - 请求报文：{'channelCustId': '', 'loanReqNo': '20220317102430669779', 'capitalCode': 'FBBANK', 'custGrde': 18, 'name': '司徒奇', 'idNo': '522528199003225597', 'phone': '16603172320', 'amount': 1000, 'periods': '6', 'purpose': '01', 'addProvince': '110000', 'addCity': '110000', 'addDistrict': '110101', 'addDetail': '学霸路学渣小区1314弄520号', 'email': 'ybhdsg@hrtx.com', 'contactPhone': 'contactPhone', 'loanRate': 20.0, 'discountRate': 18}
[2022-03-17 10:24:30,734] - [INFO] - 响应报文：{'result': True, 'code': 200, 'msg': 'SUCCESS!', 'data': {'channelCustId': '', 'errorCode': '', 'errorMsg': '', 'insurAgencyUrl': 'https://test-h5.dsibc.com/market/detail?productCode=1059901&env=sit&loanReqNo=20220317102430669779&lp=20220317102430289000042046', 'loanApplyNo': '20220317102430669779', 'loanReqNo': '20220317102430669779'}}
[2022-03-17 10:24:30,734] - [INFO] - 投保信息接口成功！
[2022-03-17 10:24:30,734] - [INFO] - 投保资料查询接口
[2022-03-17 10:24:30,735] - [INFO] - http://10.1.14.106:27405/channel/apitest/HUANBEI/INSURE_DATA_QUERY
[2022-03-17 10:24:30,735] - [INFO] - 请求报文：{'loanReqNo': '20220317102430669779', 'token': '20220317102430289000042046'}
[2022-03-17 10:24:30,839] - [INFO] - 响应报文：{'result': True, 'code': 200, 'msg': 'SUCCESS!', 'data': {'discountRate': 0, 'insurantName': '富邦华一银行', 'purpose': '01', 'premiumRate': 0.57, 'loanReqNo': '20220317102430669779', 'premiumExcTax': 5.5, 'idNo': '522528199003225597', 'phoneNo': 'contactPhone', 'insurantAdd': '上海市静安区高平路478号', 'claimPeriod': '50', 'periods': 6, 'taxFee': 0.33, 'email': 'ybhdsg@hrtx.com', 'monthlyFee': 5.83, 'addProvince': '110000', 'amount': 1000.0, 'address': '北京市北京市东城区学霸路学渣小区1314弄520号', 'irr': '18.00', 'addDistrict': '110101', 'addCity': '110000', 'annualIntRate': 6.2, 'addDetail': '学霸路学渣小区1314弄520号', 'phone': '16603172320', 'insAmount': 1023.2, 'name': '司徒奇', 'postCode': '200436'}}
[2022-03-17 10:24:30,839] - [INFO] - 投保资料查询成功！
[2022-03-17 10:24:30,840] - [INFO] - 投保接口
[2022-03-17 10:24:30,840] - [INFO] - http://10.1.14.106:27405/channel/apitest/HUANBEI/INSURE
[2022-03-17 10:24:30,840] - [INFO] - 请求报文：{'agentNo': 'DingSheng', 'agentName': '鼎盛保险经纪', 'loanReqNo': '20220317102430669779', 'insReqNo': '20220317102430669779', 'name': '司徒奇', 'idNo': '522528199003225597', 'phone': '16603172320', 'amount': 1000, 'periods': '6', 'purpose': '01', 'premiumRate': 0.57, 'insurantName': '哑巴湖大水怪', 'insurantAdd': '被保险人通讯地址', 'postCode': '110016', 'version': '', 'docVersion': ''}
[2022-03-17 10:24:30,886] - [INFO] - 响应报文：{'result': True, 'code': 200, 'msg': 'SUCCESS!', 'data': {'insReqNo': '4818411507801243', 'errorCode': '', 'loanReqNo': '20220317102430669779', 'errorMsg': '', 'status': '01'}}
[2022-03-17 10:24:30,886] - [INFO] - 已受理，处理中！
[2022-03-17 10:24:30,886] - [INFO] - 支用接口
[2022-03-17 10:24:30,886] - [INFO] - http://10.1.14.106:27405/channel/apitest/HUANBEI/DISBURSE
[2022-03-17 10:24:30,887] - [INFO] - 请求报文：{'channelCustId': '', 'loanReqNo': '20220317102430669779', 'loanRate': 20.0, 'discountRate': 18, 'name': '司徒奇', 'spelling': 'LAIJING', 'sex': '00', 'nationality': '中国', 'nation': '汉族', 'birthday': '1993/12/12', 'idType': '00', 'loanAmount': 1000, 'periods': '6', 'phone': '16603172320', 'idNo': '522528199003225597', 'idStartDate': '2015/10/08', 'idEndDate': '2025/10/08', 'idOffice': '上海市崇明区太上皇路888弄001号', 'marriage': '00', 'children': '01', 'supplyPeople': 0, 'house': '09', 'addProvince': '110000', 'addCity': '110000', 'addDistrict': '110101', 'addDetail': '学霸路学渣小区250弄38号', 'industry': 'C', 'profession': '01', 'workplaceName': '中国大地保险公司', 'workTel': '0521-11122844', 'workProvince': '上海市', 'workCity': '上海市', 'workDistrict': '浦东新区', 'workDetailAdd': '证大五道口1199弄', 'workAge': 5, 'income': '02', 'education': '05', 'school': '哈弗大学', 'email': 'ybhdsg@hrtx.com', 'bankCard': '6214660317102430', 'bankName': '建设银行', 'bankPhone': '16603172320', 'applyProvince': '110000', 'applyCity': '110000', 'applyDistrict': '110101', 'purpose': '01', 'direction': '04', 'payType': '00', 'payMerchantNo': '', 'authFlag': '01', 'capitalCode': 'FBBANK', 'agrSignTime': '20200506175500', 'docDate': '', 'contacts': [{'relation': '01', 'name': '鼎盛一', 'phoneNo': '17613148801'}, {'relation': '00', 'name': '鼎盛二', 'phoneNo': '17613148802'}], 'deviceDetail': {'deviceId': '646876135467846554646', 'mac': 'NONE', 'longitude': '162.357159', 'latitude': '63.589634', 'gpsCity': '上海市', 'ip': '192.3.46.57', 'ipCity': '上海市', 'oS': 'ios'}, 'channelDetail': {'custGrade': 18, 'obtainCustType': '01', 'faceType': '01', 'faceScore': 70, 'verifyResult': '01', 'fourElementsResult': '01', 'limitDate': '2020/05/06', 'limit': 20000.0, 'balanceLimit': 20000.0, 'isFirstDisburse': 'Y', 'settleLoanCounts': 1, 'unclearedLoanCnts': 1, 'unclearedLoanBaln': 0, 'overdueD3Days': 'N', 'maxOverdueDays': 14, 'overdueDays': 4, 'overdueD3Cnts': 1, 'isCurrentOverdue': 'N', 'firstRepayOdCnts': 1, 'beforeLoanSocre': '', 'midLoanSocre': '', 'afterLoanSocre': '', 'custGrde': 18}}
[2022-03-17 10:24:30,966] - [INFO] - 响应报文：{'result': True, 'code': 200, 'msg': 'SUCCESS!', 'data': {'channelCustId': '', 'errorCode': '', 'errorMsg': '', 'loanApplyNo': '202203170000000009', 'loanReqNo': '20220317102430669779', 'status': '01'}}
[2022-03-17 10:24:30,966] - [INFO] - 支用受理成功，处理中！
[2022-03-17 10:24:41,846] - [INFO] - 投保信息接口
[2022-03-17 10:24:41,846] - [INFO] - http://10.1.14.106:27405/channel/apitest/PPDAI/INSURE_INFO
[2022-03-17 10:24:41,847] - [INFO] - 请求报文：{'channelCustId': '', 'insuranceNo': '202203171024416672376', 'name': '岑上勤', 'idNo': '142635199705208642', 'idAddress': '浙江省杭州市江干区高教路119号', 'phone': '16603175101', 'amount': 1000, 'periods': '6', 'purpose': '01', 'capitalCode': 'FBBANK', 'custGrde': 20, 'email': 'ybhdsg@hrtx.com', 'contactPhone': '17613145209', 'callbackUrl': 'callbackUrl'}
[2022-03-17 10:24:41,920] - [INFO] - 响应报文：{'result': True, 'code': 200, 'msg': 'SUCCESS!', 'data': {'channelCustId': '', 'errorCode': '', 'errorMsg': '', 'insurUrl': 'https://test.95590.cn/openui_st/h5/#/paipai/application?env=sit&loanReqNo=202203171024416672376&lp=20220317102441474000042047', 'insuranceNo': '202203171024416672376', 'status': '01'}}
[2022-03-17 10:24:41,920] - [INFO] - 投保信息接口成功！
[2022-03-17 10:24:41,921] - [INFO] - 投保资料查询接口
[2022-03-17 10:24:41,921] - [INFO] - http://10.1.14.106:27405/channel/apitest/PPDAI/INSURE_DATA_QUERY
[2022-03-17 10:24:41,921] - [INFO] - 请求报文：{'loanReqNo': '202203171024416672376', 'token': '20220317102441474000042047'}
[2022-03-17 10:24:41,968] - [INFO] - 响应报文：{'result': True, 'code': 200, 'msg': 'SUCCESS!', 'data': {'discountRate': 0, 'insurantName': '富邦华一银行', 'purpose': '01', 'premiumRate': 0.668, 'loanReqNo': '202203171024416672376', 'premiumExcTax': 6.44, 'idNo': '142635199705208642', 'phoneNo': '17613145209', 'insurantAdd': '上海市静安区高平路478号', 'claimPeriod': '50', 'periods': 6, 'taxFee': 0.39, 'email': 'ybhdsg@hrtx.com', 'monthlyFee': 6.83, 'addProvince': '', 'amount': 1000.0, 'address': '浙江省杭州市江干区高教路119号', 'irr': '20.00', 'addDistrict': '', 'addCity': '', 'annualIntRate': 6.2, 'addDetail': '浙江省杭州市江干区高教路119号', 'phone': '16603175101', 'insAmount': 1023.2, 'name': '岑上勤', 'postCode': '200436'}}
[2022-03-17 10:24:41,968] - [INFO] - 投保资料查询成功！
[2022-03-17 10:24:41,968] - [INFO] - 投保接口
[2022-03-17 10:24:41,968] - [INFO] - http://10.1.14.106:27405/channel/apitest/PPDAI/INSURE
[2022-03-17 10:24:41,969] - [INFO] - 请求报文：{'agentNo': '', 'agentName': '', 'loanReqNo': '202203171024416672376', 'insReqNo': '202203171024416672376', 'name': '岑上勤', 'idNo': '142635199705208642', 'phone': '16603175101', 'amount': 1000, 'periods': '6', 'purpose': '01', 'premiumRate': 0.668, 'insurantName': '富邦华一银行', 'insurantAdd': '上海浦东新区1239号', 'postCode': '200300', 'version': 'ccic-001', 'docVersion': 'ccic-002'}
[2022-03-17 10:24:42,042] - [INFO] - 响应报文：{'result': True, 'code': 200, 'msg': 'SUCCESS!', 'data': {'insReqNo': '8851714727375386', 'errorCode': '', 'loanReqNo': '', 'errorMsg': '', 'status': '01'}}
[2022-03-17 10:24:42,043] - [INFO] - 已受理，处理中！
[2022-03-17 10:24:42,043] - [INFO] - 授信接口
[2022-03-17 10:24:42,043] - [INFO] - http://10.1.14.106:27405/channel/apitest/PPDAI/CREDIT_GRANTING
[2022-03-17 10:24:42,043] - [INFO] - 请求报文：{'channelCustId': '', 'insuranceNo': '202203171024416672376', 'creditReqNo': '202203171024418837943', 'name': '岑上勤', 'spelling': '', 'sex': '00', 'nationality': '中国', 'nation': '汉族', 'birthday': '1985/06/02', 'idType': '00', 'loanAmount': 1000, 'periods': '6', 'idNo': '142635199705208642', 'phone': '16603175101', 'idStartDate': '2016/09/04', 'idEndDate': '2026/09/04', 'idOffice': '浩然天下宝瓶洲大骊王朝落坡山办祖师堂', 'idAddress': '浙江省杭州市江干区高教路119号', 'marriage': '00', 'children': '', 'supplyPeople': 0, 'house': '', 'addProvince': '', 'addCity': '', 'addDistrict': '', 'addDetail': '', 'industry': 'C', 'profession': '07', 'workplaceName': '大地保险公司', 'workTel': '', 'workProvince': '', 'workCity': '', 'workDistrict': '', 'workDetailAdd': '', 'workAge': 0, 'income': '01', 'education': '05', 'school': '', 'email': 'ybhdsg@hrtx.com', 'contacts': [{'relation': '00', 'name': '哑巴湖大水怪', 'phoneNo': '17613145210'}, {'relation': '00', 'name': '哑巴湖大水怪', 'phoneNo': '17613145210'}], 'bankCard': '6214660317102441', 'bankName': '建设银行', 'bankPhone': '16603175101', 'applyProvince': '', 'applyCity': '', 'applyDistrict': '', 'purpose': '01', 'direction': '', 'payType': '', 'payMerchantNo': '', 'authFlag': '01', 'deviceDetail': {'deviceId': '', 'mac': '', 'longitude': '', 'latitude': '', 'gpsCity': '', 'ip': '', 'ipCity': '', 'oS': 'ios'}, 'channelDetail': {'capitalCode': 'FBBANK', 'custGrde': 20, 'applyEntry': 'applyEntry', 'faceRecoType': 'LINKFACE', 'faceRecoScore': 99, 'creditDuration': '2020/08/19', 'currLimit': 50000, 'currRemainLimit': 50000, 'firstLoanFlag': 'Y', 'overdueFlag': 'N', 'settleLoanNum': 0, 'unsettleLoanLimit': 0, 'unsettleLoanNum': 0, 'longestOverPeriod': 0, 'compScore': '1', 'realFaceCheckResult': '1', 'citizenshipCheckResult': '1', 'bankCheckResult': '1', 'telcoCheckResult': '1'}, 'docDate': '2022/03/17'}
[2022-03-17 10:24:42,193] - [INFO] - 响应报文：{'result': True, 'code': 200, 'msg': 'SUCCESS!', 'data': {'channelCustId': '', 'creditApplyNo': '202203170000000010', 'creditReqNo': '202203171024418837943', 'errorCode': '', 'errorMsg': '', 'status': '01'}}
[2022-03-17 10:24:42,193] - [INFO] - 授信受理成功，处理中！
[2022-03-17 10:24:47,197] - [INFO] - 授信结果查询
[2022-03-17 10:24:47,197] - [INFO] - http://10.1.14.106:27405/channel/apitest/PPDAI/CREDIT_INQUIRY
[2022-03-17 10:24:47,198] - [INFO] - 请求报文：{'channelCustId': '', 'creditReqNo': '202203171024418837943'}
[2022-03-17 10:24:47,244] - [INFO] - 响应报文：{'result': True, 'code': 200, 'msg': 'SUCCESS!', 'data': {'channelCustId': '', 'creditApplyNo': '202203170000000010', 'creditDate': '', 'creditExpireDate': '', 'creditReqNo': '202203171024418837943', 'creditState': '', 'errorCode': 'QD_YWZT', 'errorMsg': '该业务暂时无法申请 ', 'status': '02'}}
[2022-03-17 10:24:47,244] - [INFO] - 授信查询接口调用成功！
[2022-03-17 10:24:47,244] - [ERROR] - 授信失败！
[2022-03-17 10:24:47,245] - [ERROR] - 未知异常！
[2022-03-17 10:54:47,795] - [INFO] - 投保信息接口
[2022-03-17 10:54:47,795] - [INFO] - http://10.1.14.117:27405/channel/apitest/PPDAI/INSURE_INFO
[2022-03-17 10:54:47,795] - [INFO] - 请求报文：{'channelCustId': '', 'insuranceNo': '202203171054476622307', 'name': '沃忠松', 'idNo': '320902199606115468', 'idAddress': '浙江省杭州市江干区高教路119号', 'phone': '16603174925', 'amount': 1000, 'periods': '6', 'purpose': '01', 'capitalCode': 'FBBANK', 'custGrde': 20, 'email': 'ybhdsg@hrtx.com', 'contactPhone': '17613145209', 'callbackUrl': 'callbackUrl'}
[2022-03-17 10:54:48,358] - [INFO] - 响应报文：{'result': True, 'code': 200, 'msg': 'SUCCESS!', 'data': {'channelCustId': '', 'errorCode': '', 'errorMsg': '', 'insurUrl': 'https://test.95590.cn/openui_uat/h5/#/paipai/application?loanReqNo=202203171054476622307&lp=20220317105447912000020001', 'insuranceNo': '202203171054476622307', 'status': '01'}}
[2022-03-17 10:54:48,358] - [INFO] - 投保信息接口成功！
[2022-03-17 10:54:48,358] - [INFO] - 投保资料查询接口
[2022-03-17 10:54:48,358] - [INFO] - http://10.1.14.117:27405/channel/apitest/PPDAI/INSURE_DATA_QUERY
[2022-03-17 10:54:48,358] - [INFO] - 请求报文：{'loanReqNo': '202203171054476622307', 'token': '20220317105447912000020001'}
[2022-03-17 10:54:48,515] - [INFO] - 响应报文：{'result': True, 'code': 200, 'msg': 'SUCCESS!', 'data': {'discountRate': 0, 'insurantName': '富邦华一银行有限公司', 'purpose': '01', 'premiumRate': 0.662, 'loanReqNo': '202203171054476622307', 'premiumExcTax': 6.44, 'idNo': '320902199606115468', 'phoneNo': '17613145209', 'insurantAdd': '中国(上海)自由贸易试验区世纪大道1168号A座101室、18楼、19楼及20楼', 'claimPeriod': '80', 'periods': 6, 'taxFee': 0.39, 'email': 'ybhdsg@hrtx.com', 'monthlyFee': 6.83, 'addProvince': '', 'amount': 1000.0, 'address': '浙江省杭州市江干区高教路119号', 'irr': '20.00', 'addDistrict': '', 'addCity': '', 'annualIntRate': 6.2, 'addDetail': '浙江省杭州市江干区高教路119号', 'phone': '16603174925', 'insAmount': 1031.0, 'name': '沃忠松', 'postCode': '200122'}}
[2022-03-17 10:54:48,515] - [INFO] - 投保资料查询成功！
[2022-03-17 10:54:48,515] - [INFO] - 投保接口
[2022-03-17 10:54:48,515] - [INFO] - http://10.1.14.117:27405/channel/apitest/PPDAI/INSURE
[2022-03-17 10:54:48,515] - [INFO] - 请求报文：{'agentNo': '', 'agentName': '', 'loanReqNo': '202203171054476622307', 'insReqNo': '202203171054476622307', 'name': '沃忠松', 'idNo': '320902199606115468', 'phone': '16603174925', 'amount': 1000, 'periods': '6', 'purpose': '01', 'premiumRate': 0.662, 'insurantName': '富邦华一银行有限公司', 'insurantAdd': '上海浦东新区1239号', 'postCode': '200300', 'version': 'ccic-001', 'docVersion': 'ccic-002'}
[2022-03-17 10:54:48,628] - [INFO] - 响应报文：{'result': True, 'code': 200, 'msg': 'SUCCESS!', 'data': {'insReqNo': '0211571430822114', 'errorCode': '', 'loanReqNo': '', 'errorMsg': '', 'status': '01'}}
[2022-03-17 10:54:48,634] - [INFO] - 已受理，处理中！
[2022-03-17 10:54:48,635] - [INFO] - 授信接口
[2022-03-17 10:54:48,635] - [INFO] - http://10.1.14.117:27405/channel/apitest/PPDAI/CREDIT_GRANTING
[2022-03-17 10:54:48,635] - [INFO] - 请求报文：{'channelCustId': '', 'insuranceNo': '202203171054476622307', 'creditReqNo': '20220317105447883403', 'name': '沃忠松', 'spelling': '', 'sex': '00', 'nationality': '中国', 'nation': '汉族', 'birthday': '1985/06/02', 'idType': '00', 'loanAmount': 1000, 'periods': '6', 'idNo': '320902199606115468', 'phone': '16603174925', 'idStartDate': '2016/09/04', 'idEndDate': '2026/09/04', 'idOffice': '浩然天下宝瓶洲大骊王朝落坡山办祖师堂', 'idAddress': '浙江省杭州市江干区高教路119号', 'marriage': '00', 'children': '', 'supplyPeople': 0, 'house': '', 'addProvince': '', 'addCity': '', 'addDistrict': '', 'addDetail': '', 'industry': 'C', 'profession': '07', 'workplaceName': '大地保险公司', 'workTel': '', 'workProvince': '', 'workCity': '', 'workDistrict': '', 'workDetailAdd': '', 'workAge': 0, 'income': '01', 'education': '05', 'school': '', 'email': 'ybhdsg@hrtx.com', 'contacts': [{'relation': '00', 'name': '哑巴湖大水怪', 'phoneNo': '17613145210'}, {'relation': '00', 'name': '哑巴湖大水怪', 'phoneNo': '17613145210'}], 'bankCard': '6214660317105447', 'bankName': '建设银行', 'bankPhone': '16603174925', 'applyProvince': '', 'applyCity': '', 'applyDistrict': '', 'purpose': '01', 'direction': '', 'payType': '', 'payMerchantNo': '', 'authFlag': '01', 'deviceDetail': {'deviceId': '', 'mac': '', 'longitude': '', 'latitude': '', 'gpsCity': '', 'ip': '', 'ipCity': '', 'oS': 'ios'}, 'channelDetail': {'capitalCode': 'FBBANK', 'custGrde': 20, 'applyEntry': 'applyEntry', 'faceRecoType': 'LINKFACE', 'faceRecoScore': 99, 'creditDuration': '2020/08/19', 'currLimit': 50000, 'currRemainLimit': 50000, 'firstLoanFlag': 'Y', 'overdueFlag': 'N', 'settleLoanNum': 0, 'unsettleLoanLimit': 0, 'unsettleLoanNum': 0, 'longestOverPeriod': 0, 'compScore': '1', 'realFaceCheckResult': '1', 'citizenshipCheckResult': '1', 'bankCheckResult': '1', 'telcoCheckResult': '1'}, 'docDate': '2022/03/17'}
[2022-03-17 10:54:48,955] - [INFO] - 响应报文：{'result': True, 'code': 200, 'msg': 'SUCCESS!', 'data': {'channelCustId': '', 'creditApplyNo': '202203170000000003', 'creditReqNo': '20220317105447883403', 'errorCode': '', 'errorMsg': '', 'status': '01'}}
[2022-03-17 10:54:48,955] - [INFO] - 授信受理成功，处理中！
[2022-03-17 10:57:50,625] - [INFO] - 投保信息接口
[2022-03-17 10:57:50,632] - [INFO] - http://10.1.14.106:27405/channel/apitest/QFIN/INSURE_INFO
[2022-03-17 10:57:50,632] - [INFO] - 请求报文：{'channelCustId': '', 'name': '乔良', 'insuranceNo': '202203171057506655164', 'idNo': '522730199410269477', 'idAddress': '上海市浦东新区龙阳路幸福村520号', 'phone': '16603178927', 'amount': 5000, 'periods': '3', 'purpose': '07', 'capitalCode': 'FBBANK', 'custGrde': 18, 'email': '1264311721@hrtx.com', 'contactPhone': '18968523600', 'callbackUrl': 'https://www.baidu.com'}
[2022-03-17 10:57:50,715] - [INFO] - 响应报文：{'result': True, 'code': 200, 'msg': 'SUCCESS!', 'data': {'channelCustId': '', 'errorCode': '', 'errorMsg': '', 'insurUrl': 'https://test.95590.cn/openui_st/h5/?navStyle=hideLight#/application?env=sit&loanReqNo=202203171057506655164&lp=20220317105750279000042048', 'insuranceNo': '202203171057506655164', 'status': '01'}}
[2022-03-17 10:57:50,715] - [INFO] - 投保信息接口成功！
[2022-03-17 10:57:50,715] - [INFO] - 投保资料查询接口
[2022-03-17 10:57:50,715] - [INFO] - http://10.1.14.106:27405/channel/apitest/QFIN/INSURE_DATA_QUERY
[2022-03-17 10:57:50,715] - [INFO] - 请求报文：{'loanReqNo': '202203171057506655164', 'token': '20220317105750279000042048'}
[2022-03-17 10:57:50,765] - [INFO] - 响应报文：{'result': True, 'code': 200, 'msg': 'SUCCESS!', 'data': {'discountRate': 0, 'insurantName': '富邦华一银行', 'purpose': '07', 'premiumRate': 0.352, 'loanReqNo': '202203171057506655164', 'premiumExcTax': 16.98, 'idNo': '522730199410269477', 'phoneNo': '18968523600', 'insurantAdd': '上海市静安区高平路478号', 'claimPeriod': '50', 'periods': 3, 'taxFee': 1.02, 'email': '1264311721@hrtx.com', 'monthlyFee': 18.0, 'addProvince': '', 'amount': 5000.0, 'address': '上海市浦东新区龙阳路幸福村520号', 'irr': '18.00', 'addDistrict': '', 'addCity': '', 'annualIntRate': 6.2, 'addDetail': '上海市浦东新区龙阳路幸福村520号', 'phone': '16603178927', 'insAmount': 5116.0, 'name': '乔良', 'postCode': '200436'}}
[2022-03-17 10:57:50,765] - [INFO] - 投保资料查询成功！
[2022-03-17 10:57:50,765] - [INFO] - 投保接口
[2022-03-17 10:57:50,765] - [INFO] - http://10.1.14.106:27405/channel/apitest/QFIN/INSURE
[2022-03-17 10:57:50,765] - [INFO] - 请求报文：{'agentNo': 'TianCheng', 'agentName': '甜橙保代', 'loanReqNo': '202203171057506655164', 'insReqNo': '202203171057506655164', 'name': '乔良', 'idNo': '522730199410269477', 'phone': '16603178927', 'amount': 6000, 'periods': '3', 'purpose': '07', 'premiumRate': 1.66, 'insurantName': '韦艺翠', 'insurantAdd': '上海市浦东新区龙阳路幸福村520号', 'postCode': '110016', 'productId': '7015', 'loanAmount': 5000}
[2022-03-17 10:57:50,808] - [INFO] - 响应报文：{'result': True, 'code': 200, 'msg': 'SUCCESS!', 'data': {'insReqNo': '3888562266124067', 'errorCode': '', 'loanReqNo': '', 'errorMsg': '', 'status': '01'}}
[2022-03-17 10:57:50,808] - [INFO] - 已受理，处理中！
[2022-03-17 10:57:50,808] - [INFO] - 支用接口
[2022-03-17 10:57:50,808] - [INFO] - http://10.1.14.106:27405/channel/apitest/QFIN/DISBURSE
[2022-03-17 10:57:50,808] - [INFO] - 请求报文：{'channelCustId': '', 'loanReqNo': '202203171057506655164', 'idNo': '522730199410269477', 'insuranceNo': '202203171057506655164', 'phone': '16603178927', 'loanAmount': 5000, 'productId': '7015', 'name': '乔良', 'spelling': 'CHENPI', 'sex': '01', 'nationality': '中国', 'nation': '汉族', 'birthday': '1991/01/08', 'idType': '00', 'idAddress': '上海市浦东新区龙阳路幸福村520号', 'idStartDate': '2015/10/08', 'idEndDate': '2025/10/08', 'idOffice': '杭州市公安局江干区分局', 'marriage': '03', 'education': '06', 'children': '00', 'supplyPeople': 0, 'house': '00', 'addProvince': '', 'addCity': '', 'addDistrict': '', 'addDetail': '', 'industry': 'C', 'profession': '18', 'workplaceName': '大地保险公司', 'workTel': '13196853698', 'workProvince': '', 'workCity': '', 'workDistrict': '', 'workDetailAdd': '学院路100号小杨制造厂', 'workAge': 10, 'income': '02', 'school': '清华大学', 'email': '1264311721@hrtx.com', 'contacts': [{'relation': '00', 'name': '哈利路亚', 'phoneNo': '18968523600'}], 'bankCard': '6214660317105750', 'bankName': '中国农业银行', 'bankPhone': '16603178927', 'applyProvince': '', 'applyCity': '', 'applyDistrict': '', 'periods': '3', 'purpose': '07', 'direction': '', 'payType': '01', 'payMerchantNo': '', 'authFlag': '01', 'deviceDetail': {'deviceId': '', 'mac': 'NONE', 'longitude': '23.232653', 'latitude': '88.369689', 'gpsCity': '', 'ip': '192.3.46.57', 'ipCity': '', 'oS': ''}, 'docDate': '', 'channelDetail': {'capitalCode': 'FBBANK', 'custGrde': 18, 'payType': '03', 'applyEntry': '03', 'creditDuration': '2020/03/02', 'faceRecoType': '01', 'faceRecoScore': 66, 'currLimit': 20000.0, 'currRemainLimit': 20000.0, 'firstLoanFlag': 'N', 'settleLoanNum': 1, 'unsettleLoanLimit': 0, 'unsettleLoanNum': 0, 'longestOverPeriod': 0, 'applyLevel360': 1000, 'actionLevel360': 1000, 'realFaceCheckResult': '1', 'citizenshipCheckResult': '1', 'bankCheckResult': '1', 'telcoCheckResult': '1'}, 'custGrde': 18}
[2022-03-17 10:57:50,895] - [INFO] - 响应报文：{'result': True, 'code': 200, 'msg': 'SUCCESS!', 'data': {'channelCustId': '', 'errorCode': '', 'errorMsg': '', 'loanApplyNo': '202203170000000011', 'loanReqNo': '202203171057506655164', 'status': '01'}}
[2022-03-17 10:57:50,899] - [INFO] - 放款受理成功，处理中！
[2022-03-17 10:57:50,899] - [INFO] - 
                        姓名：乔良
                        身份证号：522730199410269477
                        手机号：16603178927
                        借款金额:5000
                        借款期次:3
                        loanReqNo:202203171057506655164
                    
[2022-03-17 11:06:12,755] - [INFO] - 投保信息接口
[2022-03-17 11:06:12,755] - [INFO] - http://10.1.14.106:27405/channel/apitest/HUANBEI/INSURE_INFO
[2022-03-17 11:06:12,755] - [INFO] - 请求报文：{'channelCustId': '', 'loanReqNo': '20220317110612669741', 'capitalCode': 'FBBANK', 'custGrde': 18, 'name': '焦文', 'idNo': '340824199702172880', 'phone': '16603175898', 'amount': 3000, 'periods': '6', 'purpose': '01', 'addProvince': '110000', 'addCity': '110000', 'addDistrict': '110101', 'addDetail': '学霸路学渣小区1314弄520号', 'email': 'ybhdsg@hrtx.com', 'contactPhone': 'contactPhone', 'loanRate': 20.0, 'discountRate': 18}
[2022-03-17 11:06:12,875] - [INFO] - 响应报文：{'result': True, 'code': 200, 'msg': 'SUCCESS!', 'data': {'channelCustId': '', 'errorCode': '', 'errorMsg': '', 'insurAgencyUrl': 'https://test-h5.dsibc.com/market/detail?productCode=1059901&env=sit&loanReqNo=20220317110612669741&lp=20220317110612449000042049', 'loanApplyNo': '20220317110612669741', 'loanReqNo': '20220317110612669741'}}
[2022-03-17 11:06:12,875] - [INFO] - 投保信息接口成功！
[2022-03-17 11:06:12,875] - [INFO] - 投保资料查询接口
[2022-03-17 11:06:12,875] - [INFO] - http://10.1.14.106:27405/channel/apitest/HUANBEI/INSURE_DATA_QUERY
[2022-03-17 11:06:12,875] - [INFO] - 请求报文：{'loanReqNo': '20220317110612669741', 'token': '20220317110612449000042049'}
[2022-03-17 11:06:12,925] - [INFO] - 响应报文：{'result': True, 'code': 200, 'msg': 'SUCCESS!', 'data': {'discountRate': 0, 'insurantName': '富邦华一银行', 'purpose': '01', 'premiumRate': 0.57, 'loanReqNo': '20220317110612669741', 'premiumExcTax': 16.5, 'idNo': '340824199702172880', 'phoneNo': 'contactPhone', 'insurantAdd': '上海市静安区高平路478号', 'claimPeriod': '50', 'periods': 6, 'taxFee': 0.99, 'email': 'ybhdsg@hrtx.com', 'monthlyFee': 17.49, 'addProvince': '110000', 'amount': 3000.0, 'address': '北京市北京市东城区学霸路学渣小区1314弄520号', 'irr': '18.00', 'addDistrict': '110101', 'addCity': '110000', 'annualIntRate': 6.2, 'addDetail': '学霸路学渣小区1314弄520号', 'phone': '16603175898', 'insAmount': 3069.6, 'name': '焦文', 'postCode': '200436'}}
[2022-03-17 11:06:12,925] - [INFO] - 投保资料查询成功！
[2022-03-17 11:06:12,925] - [INFO] - 投保接口
[2022-03-17 11:06:12,925] - [INFO] - http://10.1.14.106:27405/channel/apitest/HUANBEI/INSURE
[2022-03-17 11:06:12,925] - [INFO] - 请求报文：{'agentNo': 'DingSheng', 'agentName': '鼎盛保险经纪', 'loanReqNo': '20220317110612669741', 'insReqNo': '20220317110612669741', 'name': '焦文', 'idNo': '340824199702172880', 'phone': '16603175898', 'amount': 3000, 'periods': '6', 'purpose': '01', 'premiumRate': 0.57, 'insurantName': '哑巴湖大水怪', 'insurantAdd': '被保险人通讯地址', 'postCode': '110016', 'version': '', 'docVersion': ''}
[2022-03-17 11:06:12,975] - [INFO] - 响应报文：{'result': True, 'code': 200, 'msg': 'SUCCESS!', 'data': {'insReqNo': '6815636356853561', 'errorCode': '', 'loanReqNo': '20220317110612669741', 'errorMsg': '', 'status': '01'}}
[2022-03-17 11:06:12,975] - [INFO] - 已受理，处理中！
[2022-03-17 11:06:12,975] - [INFO] - 支用接口
[2022-03-17 11:06:12,975] - [INFO] - http://10.1.14.106:27405/channel/apitest/HUANBEI/DISBURSE
[2022-03-17 11:06:12,975] - [INFO] - 请求报文：{'channelCustId': '', 'loanReqNo': '20220317110612669741', 'loanRate': 20.0, 'discountRate': 18, 'name': '焦文', 'spelling': 'LAIJING', 'sex': '00', 'nationality': '中国', 'nation': '汉族', 'birthday': '1993/12/12', 'idType': '00', 'loanAmount': 3000, 'periods': '6', 'phone': '16603175898', 'idNo': '340824199702172880', 'idStartDate': '2015/10/08', 'idEndDate': '2025/10/08', 'idOffice': '上海市崇明区太上皇路888弄001号', 'marriage': '00', 'children': '01', 'supplyPeople': 0, 'house': '09', 'addProvince': '110000', 'addCity': '110000', 'addDistrict': '110101', 'addDetail': '学霸路学渣小区250弄38号', 'industry': 'C', 'profession': '01', 'workplaceName': '中国大地保险公司', 'workTel': '0521-11122844', 'workProvince': '上海市', 'workCity': '上海市', 'workDistrict': '浦东新区', 'workDetailAdd': '证大五道口1199弄', 'workAge': 5, 'income': '02', 'education': '05', 'school': '哈弗大学', 'email': 'ybhdsg@hrtx.com', 'bankCard': '6214660317110612', 'bankName': '建设银行', 'bankPhone': '16603175898', 'applyProvince': '110000', 'applyCity': '110000', 'applyDistrict': '110101', 'purpose': '01', 'direction': '04', 'payType': '00', 'payMerchantNo': '', 'authFlag': '01', 'capitalCode': 'FBBANK', 'agrSignTime': '20200506175500', 'docDate': '', 'contacts': [{'relation': '01', 'name': '鼎盛一', 'phoneNo': '17613148801'}, {'relation': '00', 'name': '鼎盛二', 'phoneNo': '17613148802'}], 'deviceDetail': {'deviceId': '646876135467846554646', 'mac': 'NONE', 'longitude': '162.357159', 'latitude': '63.589634', 'gpsCity': '上海市', 'ip': '192.3.46.57', 'ipCity': '上海市', 'oS': 'ios'}, 'channelDetail': {'custGrade': 18, 'obtainCustType': '01', 'faceType': '01', 'faceScore': 70, 'verifyResult': '01', 'fourElementsResult': '01', 'limitDate': '2020/05/06', 'limit': 20000.0, 'balanceLimit': 20000.0, 'isFirstDisburse': 'Y', 'settleLoanCounts': 1, 'unclearedLoanCnts': 1, 'unclearedLoanBaln': 0, 'overdueD3Days': 'N', 'maxOverdueDays': 14, 'overdueDays': 4, 'overdueD3Cnts': 1, 'isCurrentOverdue': 'N', 'firstRepayOdCnts': 1, 'beforeLoanSocre': '', 'midLoanSocre': '', 'afterLoanSocre': '', 'custGrde': 18}}
[2022-03-17 11:06:13,244] - [INFO] - 响应报文：{'result': True, 'code': 200, 'msg': 'SUCCESS!', 'data': {'channelCustId': '', 'errorCode': '', 'errorMsg': '', 'loanApplyNo': '202203170000000012', 'loanReqNo': '20220317110612669741', 'status': '01'}}
[2022-03-17 11:06:13,245] - [INFO] - 支用受理成功，处理中！
[2022-03-17 19:53:15,961] - [INFO] - 授信申请
[2022-03-17 19:53:15,961] - [INFO] - [http://10.1.14.117:27405/channel/apitest/TCJQ/CREDIT_GRANTING]
[2022-03-17 19:53:15,962] - [INFO] - 请求报文：{'channelCustId': '202203171953156677673', 'creditReqNo': '202203171953158873370', 'name': '滕山', 'spelling': 'ZHANGTIAN', 'sex': '01', 'nationality': '中国', 'nation': '汉族', 'birthday': '1985/06/02', 'idType': '00', 'idNo': '340404199308028242', 'idStartDate': '2016/01/18', 'idEndDate': '2036/01/18', 'idOffice': '北京市东城区', 'marriage': '01', 'children': '00', 'supplyPeople': 3, 'house': '00', 'addProvince': '110000', 'addCity': '110000', 'addDistrict': '110101', 'addDetail': '东大街东大院', 'industry': 'C', 'profession': '11', 'workplaceName': 'AAA单位', 'workTel': '13162314539', 'workProvince': '110000', 'workCity': '110000', 'workDistrict': '110101', 'workDetailAdd': '西大街西大院', 'workAge': 8, 'income': '03', 'education': '06', 'school': '北京大学', 'phone': '16603177037', 'email': 'email163@qq.com', 'contacts': [{'relation': '00', 'name': '张三', 'phoneNo': '15638530000'}, {'relation': '01', 'name': '李四', 'phoneNo': '15638539999'}], 'bankCard': '6214660317195315', 'bankName': '建设银行', 'bankPhone': '16603177037', 'applyProvince': '110000', 'applyCity': '110000', 'applyDistrict': '110101', 'loanAmount': 1000, 'periods': '3', 'purpose': '01', 'direction': '01', 'payType': '00', 'payMerchantNo': '26666', 'authFlag': '01', 'deviceDetail': {'deviceId': '10-45-5-486', 'mac': '3a:b6:c6:5d:2e:f9', 'longitude': '121.551738', 'latitude': '31.224634', 'gpsCity': '上海市', 'ip': '106.14.135.199', 'ipCity': '上海', 'os': 'android', 'docDate': '2019/09/12'}, 'channelDetail': {'citizenshipCheckResult': '1', 'bankCheckResult': '1', 'telcoCheckResult': '1', 'consumeTimes': '1', 'creditTimes': '1', 'consumeScene': '1', 'frontId': '11', 'reverseId': '11', 'faceId': '11', 'woolFlag': '1', 'phoneFlag': '1', 'phoneTelco': '1', 'compScore': '650', 'repayAbilityScore': '650', 'comsAmount': '1', 'finAmount': '1', 'redPacket': '1', 'phoneAreaName': '上海市', 'modelScore': '650', 'whiteListFlag': '0', 'sugAmount': '3000.00', 'sugBasis': '2', 'loanGrade': 'A', 'registerTime': '1', 'realNameFlag': '1', 'realNameGrade': '1', 'transFlag': '1', 'custType': '', 'currLimit': 5000, 'currRemainLimit': 2000, 'currLimitOrg': 'DD', 'currLimitStartDate': '2021/05/31', 'currLimitEndDate': '2021/07/31', 'currTotalPrice': 28.11, 'firstLoanFlag': '1', 'unsettleLoanLimit': 1, 'settleLoanLimit': 1, 'lastLoanDate': '2021/04/21', 'loanAmount': 3000}, 'custType': '0'}
[2022-03-17 19:53:16,095] - [INFO] - 响应报文：{'result': True, 'code': 200, 'msg': 'SUCCESS!', 'data': {'code': '0000', 'productId': '7014', 'body': {'channelCustId': '202203171953156677673', 'creditReqNo': '202203171953158873370', 'creditApplyNo': '202203170000002002', 'status': '01'}, 'message': '成功', 'channelId': 'ORANGE'}}
[2022-03-17 19:53:16,095] - [INFO] - 授信接口调用成功！
[2022-03-17 19:53:16,095] - [INFO] - 授信受理成功，处理中！
[2022-03-17 19:53:16,096] - [INFO] - 授信结果查询
[2022-03-17 19:53:16,096] - [INFO] - ['http://10.1.14.117:27405/channel/apitest/TCJQ/CREDIT_INQUIRY']
[2022-03-17 19:53:16,096] - [INFO] - 请求报文：{'channelCustId': '202203171953156677673', 'creditReqNo': '202203171953158873370', 'creditApplyNo': '202203170000002002'}
[2022-03-17 19:53:16,145] - [INFO] - 响应报文：{'result': True, 'code': 200, 'msg': 'SUCCESS!', 'data': {'code': '0000', 'productId': '7014', 'body': {'channelCustId': '202203171953156677673', 'creditReqNo': '202203171953158873370', 'creditApplyNo': '202203170000002002', 'status': '00'}, 'message': '成功', 'channelId': 'ORANGE'}}
[2022-03-17 19:53:16,146] - [INFO] - 授信查询接口调用成功！
[2022-03-17 19:53:16,146] - [INFO] - 授信中！
[2022-03-17 19:53:19,160] - [INFO] - 授信结果查询
[2022-03-17 19:53:19,160] - [INFO] - ['http://10.1.14.117:27405/channel/apitest/TCJQ/CREDIT_INQUIRY']
[2022-03-17 19:53:19,161] - [INFO] - 请求报文：{'channelCustId': '202203171953156677673', 'creditReqNo': '202203171953158873370', 'creditApplyNo': '202203170000002002'}
[2022-03-17 19:53:19,206] - [INFO] - 响应报文：{'result': True, 'code': 200, 'msg': 'SUCCESS!', 'data': {'code': '0000', 'productId': '7014', 'body': {'channelCustId': '202203171953156677673', 'creditReqNo': '202203171953158873370', 'creditApplyNo': '202203170000002002', 'status': '00'}, 'message': '成功', 'channelId': 'ORANGE'}}
[2022-03-17 19:53:19,207] - [INFO] - 授信查询接口调用成功！
[2022-03-17 19:53:19,207] - [INFO] - 授信中！
[2022-03-17 19:53:22,208] - [INFO] - 授信结果查询
[2022-03-17 19:53:22,208] - [INFO] - ['http://10.1.14.117:27405/channel/apitest/TCJQ/CREDIT_INQUIRY']
[2022-03-17 19:53:22,209] - [INFO] - 请求报文：{'channelCustId': '202203171953156677673', 'creditReqNo': '202203171953158873370', 'creditApplyNo': '202203170000002002'}
[2022-03-17 19:53:22,271] - [INFO] - 响应报文：{'result': True, 'code': 200, 'msg': 'SUCCESS!', 'data': {'code': '0000', 'productId': '7014', 'body': {'channelCustId': '202203171953156677673', 'creditReqNo': '202203171953158873370', 'creditApplyNo': '202203170000002002', 'status': '00'}, 'message': '成功', 'channelId': 'ORANGE'}}
[2022-03-17 19:53:22,272] - [INFO] - 授信查询接口调用成功！
[2022-03-17 19:53:22,272] - [INFO] - 授信中！
[2022-03-17 19:53:25,287] - [INFO] - 授信结果查询
[2022-03-17 19:53:25,287] - [INFO] - ['http://10.1.14.117:27405/channel/apitest/TCJQ/CREDIT_INQUIRY']
[2022-03-17 19:53:25,288] - [INFO] - 请求报文：{'channelCustId': '202203171953156677673', 'creditReqNo': '202203171953158873370', 'creditApplyNo': '202203170000002002'}
[2022-03-17 19:53:25,491] - [INFO] - 响应报文：{'result': True, 'code': 200, 'msg': 'SUCCESS!', 'data': {'code': '0000', 'productId': '7014', 'body': {'creditDate': '2022/03/17', 'creditExpireDate': '2025/03/17', 'freezingDate': '', 'channelCustId': '202203171953156677673', 'creditReqNo': '202203171953158873370', 'creditApplyNo': '202203170000002002', 'creditState': '00', 'availAmount': 1000.0, 'creditAmount': 1000.0, 'status': '01'}, 'message': '成功', 'channelId': 'ORANGE'}}
[2022-03-17 19:53:25,491] - [INFO] - 授信查询接口调用成功！
[2022-03-17 19:53:25,492] - [INFO] - 授信通过！
[2022-03-17 19:53:25,492] - [INFO] - 更新客户信息表liveaddress
[2022-03-17 19:53:25,492] - [INFO] - update customer_info set liveaddress = '北京市市辖区东城区' where CERTID = '340404199308028242'
[2022-03-17 19:53:25,542] - [INFO] - 支用试算
[2022-03-17 19:53:25,542] - [INFO] - http://10.1.14.117:27405/channel/apitest/TCJQ/DISBURSE_TRIAL
[2022-03-17 19:53:25,542] - [INFO] - 请求报文：{'channelCustId': '202203171953156677673', 'periods': '3', 'loanAmount': 1000}
[2022-03-17 19:53:26,870] - [INFO] - 响应报文：{'result': True, 'code': 200, 'msg': 'SUCCESS!', 'data': {'code': '0000', 'productId': '7014', 'body': {'channelCustId': '202203171953156677673', 'repayPlanDetails': [{'principal': 331.61, 'period': 1, 'periodAmt': 348.61, 'premium': 11.83, 'interest': 5.17, 'repayDate': '2038/08/02'}, {'principal': 333.33, 'period': 2, 'periodAmt': 348.61, 'premium': 11.83, 'interest': 3.45, 'repayDate': '2038/09/02'}, {'principal': 335.06, 'period': 3, 'periodAmt': 348.62, 'premium': 11.83, 'interest': 1.73, 'repayDate': '2038/10/02'}], 'capitalCode': 'FBBANK', 'status': '01'}, 'message': '成功', 'channelId': 'ORANGE'}}
[2022-03-17 19:53:26,871] - [INFO] - 本次试算资方为：FBBANK
[2022-03-17 19:53:26,871] - [INFO] - 支用试算成功！
[2022-03-17 19:53:26,872] - [INFO] - 支用接口
[2022-03-17 19:53:26,872] - [INFO] - http://10.1.14.117:27405/channel/apitest/TCJQ/DISBURSE
[2022-03-17 19:53:26,872] - [INFO] - 请求报文：{'channelCustId': '202203171953156677673', 'loanReqNo': '202203171953159964284', 'creditReqNo': '202203171953158873370', 'loanAmount': 1000, 'periods': '3', 'purpose': '01', 'bankCard': '6214660317195315', 'bankCode': '308584000013', 'bankName': '建设银行', 'bankPhone': '16603177037', 'longitude': '121.551738', 'latitude': '31.224634', 'ip': '192.168.1.2', 'capitalCode': 'FBBANK', 'channelDetail': {'woolFlag': '1', 'phoneFlag': '1', 'phoneTelco': '1', 'compScore': '80', 'repayAbilityScore': '80', 'comsAmount': '4', 'finAmount': '2', 'redPacket': '2', 'phoneAreaName': '上海市', 'modelScore': '80', 'whiteListFlag': '0', 'loanGrade': 'A', 'registerTime': '2', 'realNameFlag': '1', 'realNameGrade': '1', 'transFlag': '1', 'custType': '', 'currLimit': 5000, 'currRemainLimit': 2000, 'currLimitOrg': 'DD', 'currLimitStartDate': '2021/05/31', 'currLimitEndDate': '2021/07/31', 'currTotalPrice': 28.11, 'firstLoanFlag': '1', 'unsettleLoanLimit': 1, 'settleLoanLimit': 1, 'lastLoanDate': '2021/04/21', 'loanAmount': 3000}, 'custType': '0'}
[2022-03-17 19:53:27,276] - [INFO] - 响应报文：{'result': True, 'code': 200, 'msg': 'SUCCESS!', 'data': {'code': '0000', 'productId': '7014', 'body': {'channelCustId': '202203171953156677673', 'loanReqNo': '202203171953159964284', 'loanApplyNo': '20220317000002001', 'status': '01'}, 'message': '成功', 'channelId': 'ORANGE'}}
[2022-03-17 19:53:27,276] - [INFO] - 支用接口调用成功！
[2022-03-17 19:53:27,276] - [INFO] - 受理成功，处理中!
[2022-03-17 19:53:27,276] - [INFO] - 
                    姓名：滕山
                    身份证号：340404199308028242
                    手机号：16603177037
                    借款金额:1000
                    借款期次:3
                    channelCustId：202203171953156677673
                    creditReqNo：202203171953158873370
                    loanReqNo:202203171953159964284
                    
