[2022-02-17 15:23:46,712] - [INFO] - 授信申请
[2022-02-17 15:23:46,713] - [INFO] - [http://10.1.14.106:27405/channel/apitest/TCJQ/CREDIT_GRANTING]
[2022-02-17 15:23:46,713] - [INFO] - 请求报文：{'channelCustId': '202202171523466630168', 'creditReqNo': '202202171523468877906', 'name': '里东桂', 'spelling': 'ZHANGTIAN', 'sex': '01', 'nationality': '中国', 'nation': '汉族', 'birthday': '1985/06/02', 'idType': '00', 'idNo': '152921199607121535', 'idStartDate': '2016/01/18', 'idEndDate': '2036/01/18', 'idOffice': '北京市东城区', 'marriage': '01', 'children': '00', 'supplyPeople': 3, 'house': '00', 'addProvince': '110000', 'addCity': '110000', 'addDistrict': '110101', 'addDetail': '东大街东大院', 'industry': 'C', 'profession': '11', 'workplaceName': 'AAA单位', 'workTel': '13162314539', 'workProvince': '110000', 'workCity': '110000', 'workDistrict': '110101', 'workDetailAdd': '西大街西大院', 'workAge': 8, 'income': '03', 'education': '06', 'school': '北京大学', 'phone': '16602175529', 'email': 'email163@qq.com', 'contacts': [{'relation': '00', 'name': '张三', 'phoneNo': '15638530000'}, {'relation': '01', 'name': '李四', 'phoneNo': '15638539999'}], 'bankCard': '6214660217152346', 'bankName': '建设银行', 'bankPhone': '16602175529', 'applyProvince': '110000', 'applyCity': '110000', 'applyDistrict': '110101', 'loanAmount': 5000, 'periods': '3', 'purpose': '01', 'direction': '01', 'payType': '00', 'payMerchantNo': '26666', 'authFlag': '01', 'deviceDetail': {'deviceId': '10-45-5-486', 'mac': '3a:b6:c6:5d:2e:f9', 'longitude': '121.551738', 'latitude': '31.224634', 'gpsCity': '上海市', 'ip': '106.14.135.199', 'ipCity': '上海', 'os': 'android', 'docDate': '2019/09/12'}, 'channelDetail': {'citizenshipCheckResult': '1', 'bankCheckResult': '1', 'telcoCheckResult': '1', 'consumeTimes': '1', 'creditTimes': '1', 'consumeScene': '1', 'frontId': '11', 'reverseId': '11', 'faceId': '11', 'woolFlag': '1', 'phoneFlag': '1', 'phoneTelco': '1', 'compScore': '650', 'repayAbilityScore': '650', 'comsAmount': '1', 'finAmount': '1', 'redPacket': '1', 'phoneAreaName': '上海市', 'modelScore': '650', 'whiteListFlag': '0', 'sugAmount': '3000.00', 'sugBasis': '2', 'loanGrade': 'A', 'registerTime': '1', 'realNameFlag': '1', 'realNameGrade': '1', 'transFlag': '1', 'custType': '', 'currLimit': 5000, 'currRemainLimit': 2000, 'currLimitOrg': 'DD', 'currLimitStartDate': '2021/05/31', 'currLimitEndDate': '2021/07/31', 'currTotalPrice': 28.11, 'firstLoanFlag': '1', 'unsettleLoanLimit': 1, 'settleLoanLimit': 1, 'lastLoanDate': '2021/04/21', 'loanAmount': 3000}, 'custType': '0'}
[2022-02-17 15:23:46,825] - [INFO] - 响应报文：{'result': True, 'code': 200, 'msg': 'SUCCESS!', 'data': {'code': '0000', 'productId': '7014', 'body': {'channelCustId': '202202171523466630168', 'creditReqNo': '202202171523468877906', 'creditApplyNo': '202202170000000015', 'status': '01'}, 'message': '成功', 'channelId': 'ORANGE'}}
[2022-02-17 15:23:46,825] - [INFO] - 授信接口调用成功！
[2022-02-17 15:23:46,826] - [INFO] - 授信受理成功，处理中！
[2022-02-17 15:23:46,826] - [INFO] - 授信结果查询
[2022-02-17 15:23:46,826] - [INFO] - ['http://10.1.14.106:27405/channel/apitest/TCJQ/CREDIT_INQUIRY']
[2022-02-17 15:23:46,826] - [INFO] - 请求报文：{'channelCustId': '202202171523466630168', 'creditReqNo': '202202171523468877906', 'creditApplyNo': '202202170000000015'}
[2022-02-17 15:23:46,898] - [INFO] - 响应报文：{'result': True, 'code': 200, 'msg': 'SUCCESS!', 'data': {'code': '0000', 'productId': '7014', 'body': {'channelCustId': '202202171523466630168', 'creditReqNo': '202202171523468877906', 'creditApplyNo': '202202170000000015', 'status': '00'}, 'message': '成功', 'channelId': 'ORANGE'}}
[2022-02-17 15:23:46,898] - [INFO] - 授信查询接口调用成功！
[2022-02-17 15:23:46,899] - [INFO] - 授信中！
[2022-02-17 15:23:49,904] - [INFO] - 授信结果查询
[2022-02-17 15:23:49,907] - [INFO] - ['http://10.1.14.106:27405/channel/apitest/TCJQ/CREDIT_INQUIRY']
[2022-02-17 15:23:49,908] - [INFO] - 请求报文：{'channelCustId': '202202171523466630168', 'creditReqNo': '202202171523468877906', 'creditApplyNo': '202202170000000015'}
[2022-02-17 15:23:49,978] - [INFO] - 响应报文：{'result': True, 'code': 200, 'msg': 'SUCCESS!', 'data': {'code': '0000', 'productId': '7014', 'body': {'channelCustId': '202202171523466630168', 'creditReqNo': '202202171523468877906', 'creditApplyNo': '202202170000000015', 'status': '00'}, 'message': '成功', 'channelId': 'ORANGE'}}
[2022-02-17 15:23:49,979] - [INFO] - 授信查询接口调用成功！
[2022-02-17 15:23:49,980] - [INFO] - 授信中！
[2022-02-17 15:23:52,985] - [INFO] - 授信结果查询
[2022-02-17 15:23:52,987] - [INFO] - ['http://10.1.14.106:27405/channel/apitest/TCJQ/CREDIT_INQUIRY']
[2022-02-17 15:23:52,988] - [INFO] - 请求报文：{'channelCustId': '202202171523466630168', 'creditReqNo': '202202171523468877906', 'creditApplyNo': '202202170000000015'}
[2022-02-17 15:23:53,083] - [INFO] - 响应报文：{'result': True, 'code': 200, 'msg': 'SUCCESS!', 'data': {'code': '0000', 'productId': '7014', 'body': {'creditDate': '2022/02/17', 'creditExpireDate': '2025/02/17', 'freezingDate': '', 'channelCustId': '202202171523466630168', 'creditReqNo': '202202171523468877906', 'creditApplyNo': '202202170000000015', 'creditState': '00', 'availAmount': 5000.0, 'creditAmount': 5000.0, 'status': '01'}, 'message': '成功', 'channelId': 'ORANGE'}}
[2022-02-17 15:23:53,084] - [INFO] - 授信查询接口调用成功！
[2022-02-17 15:23:53,084] - [INFO] - 授信通过！
[2022-02-17 15:23:53,085] - [INFO] - 更新客户信息表liveaddress
[2022-02-17 15:23:53,085] - [INFO] - update customer_info set liveaddress = '北京市市辖区东城区' where CERTID = '152921199607121535'
[2022-02-17 15:23:53,147] - [INFO] - 支用试算
[2022-02-17 15:23:53,148] - [INFO] - http://10.1.14.106:27405/channel/apitest/TCJQ/DISBURSE_TRIAL
[2022-02-17 15:23:53,149] - [INFO] - 请求报文：{'channelCustId': '202202171523466630168', 'periods': '3', 'loanAmount': 2000}
[2022-02-17 15:23:53,881] - [INFO] - 响应报文：{'result': True, 'code': 200, 'msg': 'SUCCESS!', 'data': {'code': '0000', 'productId': '7014', 'body': {'channelCustId': '202202171523466630168', 'repayPlanDetails': [{'principal': 663.24, 'period': 1, 'periodAmt': 698.7, 'premium': 25.13, 'interest': 10.33, 'repayDate': '2037/11/16'}, {'principal': 666.66, 'period': 2, 'periodAmt': 698.7, 'premium': 25.13, 'interest': 6.91, 'repayDate': '2037/12/16'}, {'principal': 670.1, 'period': 3, 'periodAmt': 698.69, 'premium': 25.13, 'interest': 3.46, 'repayDate': '2038/01/16'}], 'capitalCode': 'FBBANK', 'status': '01'}, 'message': '成功', 'channelId': 'ORANGE'}}
[2022-02-17 15:23:53,882] - [INFO] - 本次试算资方为：FBBANK
[2022-02-17 15:23:53,882] - [INFO] - 支用试算成功！
[2022-02-17 15:23:53,882] - [INFO] - 支用接口
[2022-02-17 15:23:53,883] - [INFO] - http://10.1.14.106:27405/channel/apitest/TCJQ/DISBURSE
[2022-02-17 15:23:53,883] - [INFO] - 请求报文：{'channelCustId': '202202171523466630168', 'loanReqNo': '202202171523469949932', 'creditReqNo': '202202171523468877906', 'loanAmount': 2000, 'periods': '3', 'purpose': '01', 'bankCard': '6214660217152346', 'bankCode': '308584000013', 'bankName': '建设银行', 'bankPhone': '16602175529', 'longitude': '121.551738', 'latitude': '31.224634', 'ip': '192.168.1.2', 'capitalCode': 'FBBANK', 'channelDetail': {'woolFlag': '1', 'phoneFlag': '1', 'phoneTelco': '1', 'compScore': '80', 'repayAbilityScore': '80', 'comsAmount': '4', 'finAmount': '2', 'redPacket': '2', 'phoneAreaName': '上海市', 'modelScore': '80', 'whiteListFlag': '0', 'loanGrade': 'A', 'registerTime': '2', 'realNameFlag': '1', 'realNameGrade': '1', 'transFlag': '1', 'custType': '', 'currLimit': 5000, 'currRemainLimit': 2000, 'currLimitOrg': 'DD', 'currLimitStartDate': '2021/05/31', 'currLimitEndDate': '2021/07/31', 'currTotalPrice': 28.11, 'firstLoanFlag': '1', 'unsettleLoanLimit': 1, 'settleLoanLimit': 1, 'lastLoanDate': '2021/04/21', 'loanAmount': 3000}, 'custType': '0'}
[2022-02-17 15:23:53,995] - [INFO] - 响应报文：{'result': True, 'code': 200, 'msg': 'SUCCESS!', 'data': {'code': '0000', 'productId': '7014', 'body': {'channelCustId': '202202171523466630168', 'loanReqNo': '202202171523469949932', 'loanApplyNo': '20220217000000013', 'status': '01'}, 'message': '成功', 'channelId': 'ORANGE'}}
[2022-02-17 15:23:53,996] - [INFO] - 支用接口调用成功！
[2022-02-17 15:23:53,996] - [INFO] - 受理成功，处理中!
[2022-02-17 15:23:53,997] - [INFO] - 
                    姓名：里东桂
                    身份证号：152921199607121535
                    手机号：16602175529
                    借款金额:2000
                    借款期次:3
                    channelCustId：202202171523466630168
                    creditReqNo：202202171523468877906
                    loanReqNo:202202171523469949932
                    
