[2022-01-13 10:02:02,828] - [INFO] - 授信申请
[2022-01-13 10:02:02,828] - [INFO] - [http://10.1.14.106:27405/channel/apitest/TCJQ/CREDIT_GRANTING]
[2022-01-13 10:02:02,829] - [INFO] - 请求报文：{'channelCustId': '202201131002026653050', 'creditReqNo': '202201131002028868955', 'name': '鲁彬', 'spelling': 'ZHANGTIAN', 'sex': '01', 'nationality': '中国', 'nation': '汉族', 'birthday': '1985/06/02', 'idType': '00', 'idNo': '450503199301309636', 'idStartDate': '2016/01/18', 'idEndDate': '2036/01/18', 'idOffice': '北京市东城区', 'marriage': '01', 'children': '00', 'supplyPeople': 3, 'house': '00', 'addProvince': '110000', 'addCity': '110000', 'addDistrict': '110101', 'addDetail': '东大街东大院', 'industry': 'C', 'profession': '11', 'workplaceName': 'AAA单位', 'workTel': '13162314539', 'workProvince': '110000', 'workCity': '110000', 'workDistrict': '110101', 'workDetailAdd': '西大街西大院', 'workAge': 8, 'income': '03', 'education': '06', 'school': '北京大学', 'phone': '16601134344', 'email': 'email163@qq.com', 'contacts': [{'relation': '00', 'name': '张三', 'phoneNo': '15638530000'}, {'relation': '01', 'name': '李四', 'phoneNo': '15638539999'}], 'bankCard': '6214660113100202', 'bankName': '建设银行', 'bankPhone': '16601134344', 'applyProvince': '110000', 'applyCity': '110000', 'applyDistrict': '110101', 'loanAmount': 5000, 'periods': '3', 'purpose': '01', 'direction': '01', 'payType': '00', 'payMerchantNo': '26666', 'authFlag': '01', 'deviceDetail': {'deviceId': '10-45-5-486', 'mac': '3a:b6:c6:5d:2e:f9', 'longitude': '121.551738', 'latitude': '31.224634', 'gpsCity': '上海市', 'ip': '106.14.135.199', 'ipCity': '上海', 'os': 'android', 'docDate': '2019/09/12'}, 'channelDetail': {'citizenshipCheckResult': '1', 'bankCheckResult': '1', 'telcoCheckResult': '1', 'consumeTimes': '1', 'creditTimes': '1', 'consumeScene': '1', 'frontId': '11', 'reverseId': '11', 'faceId': '11', 'woolFlag': '1', 'phoneFlag': '1', 'phoneTelco': '1', 'compScore': '650', 'repayAbilityScore': '650', 'comsAmount': '1', 'finAmount': '1', 'redPacket': '1', 'phoneAreaName': '上海市', 'modelScore': '650', 'whiteListFlag': '0', 'sugAmount': '3000.00', 'sugBasis': '2', 'loanGrade': 'A', 'registerTime': '1', 'realNameFlag': '1', 'realNameGrade': '1', 'transFlag': '1', 'custType': '', 'currLimit': 5000, 'currRemainLimit': 2000, 'currLimitOrg': 'DD', 'currLimitStartDate': '2021/05/31', 'currLimitEndDate': '2021/07/31', 'currTotalPrice': 28.11, 'firstLoanFlag': '1', 'unsettleLoanLimit': 1, 'settleLoanLimit': 1, 'lastLoanDate': '2021/04/21', 'loanAmount': 3000}, 'custType': '0'}
[2022-01-13 10:02:03,684] - [INFO] - 响应报文：{'result': True, 'code': 200, 'msg': 'SUCCESS!', 'data': {'code': '0000', 'productId': '7014', 'body': {'channelCustId': '202201131002026653050', 'creditReqNo': '202201131002028868955', 'creditApplyNo': '202201130000000001', 'status': '01'}, 'message': '成功', 'channelId': 'ORANGE'}}
[2022-01-13 10:02:03,685] - [INFO] - 授信接口调用成功！
[2022-01-13 10:02:03,685] - [INFO] - 授信受理成功，处理中！
[2022-01-13 10:02:03,686] - [INFO] - 授信结果查询
[2022-01-13 10:02:03,686] - [INFO] - ['http://10.1.14.106:27405/channel/apitest/TCJQ/CREDIT_INQUIRY']
[2022-01-13 10:02:03,687] - [INFO] - 请求报文：{'channelCustId': '202201131002026653050', 'creditReqNo': '202201131002028868955', 'creditApplyNo': '202201130000000001'}
[2022-01-13 10:02:03,793] - [INFO] - 响应报文：{'result': True, 'code': 200, 'msg': 'SUCCESS!', 'data': {'code': '0000', 'productId': '7014', 'body': {'channelCustId': '202201131002026653050', 'creditReqNo': '202201131002028868955', 'creditApplyNo': '202201130000000001', 'status': '00'}, 'message': '成功', 'channelId': 'ORANGE'}}
[2022-01-13 10:02:03,794] - [INFO] - 授信查询接口调用成功！
[2022-01-13 10:02:03,794] - [INFO] - 授信中！
[2022-01-13 10:02:06,801] - [INFO] - 授信结果查询
[2022-01-13 10:02:06,802] - [INFO] - ['http://10.1.14.106:27405/channel/apitest/TCJQ/CREDIT_INQUIRY']
[2022-01-13 10:02:06,803] - [INFO] - 请求报文：{'channelCustId': '202201131002026653050', 'creditReqNo': '202201131002028868955', 'creditApplyNo': '202201130000000001'}
[2022-01-13 10:02:06,871] - [INFO] - 响应报文：{'result': True, 'code': 200, 'msg': 'SUCCESS!', 'data': {'code': '0000', 'productId': '7014', 'body': {'channelCustId': '202201131002026653050', 'creditReqNo': '202201131002028868955', 'creditApplyNo': '202201130000000001', 'status': '00'}, 'message': '成功', 'channelId': 'ORANGE'}}
[2022-01-13 10:02:06,872] - [INFO] - 授信查询接口调用成功！
[2022-01-13 10:02:06,872] - [INFO] - 授信中！
[2022-01-13 10:02:09,876] - [INFO] - 授信结果查询
[2022-01-13 10:02:09,878] - [INFO] - ['http://10.1.14.106:27405/channel/apitest/TCJQ/CREDIT_INQUIRY']
[2022-01-13 10:02:09,878] - [INFO] - 请求报文：{'channelCustId': '202201131002026653050', 'creditReqNo': '202201131002028868955', 'creditApplyNo': '202201130000000001'}
[2022-01-13 10:02:09,959] - [INFO] - 响应报文：{'result': True, 'code': 200, 'msg': 'SUCCESS!', 'data': {'code': '0000', 'productId': '7014', 'body': {'channelCustId': '202201131002026653050', 'creditReqNo': '202201131002028868955', 'creditApplyNo': '202201130000000001', 'status': '00'}, 'message': '成功', 'channelId': 'ORANGE'}}
[2022-01-13 10:02:09,960] - [INFO] - 授信查询接口调用成功！
[2022-01-13 10:02:09,961] - [INFO] - 授信中！
[2022-01-13 10:02:12,965] - [INFO] - 授信结果查询
[2022-01-13 10:02:12,966] - [INFO] - ['http://10.1.14.106:27405/channel/apitest/TCJQ/CREDIT_INQUIRY']
[2022-01-13 10:02:12,967] - [INFO] - 请求报文：{'channelCustId': '202201131002026653050', 'creditReqNo': '202201131002028868955', 'creditApplyNo': '202201130000000001'}
[2022-01-13 10:02:13,109] - [INFO] - 响应报文：{'result': True, 'code': 200, 'msg': 'SUCCESS!', 'data': {'code': '0000', 'productId': '7014', 'body': {'creditDate': '2022/01/13', 'creditExpireDate': '2025/01/13', 'freezingDate': '', 'channelCustId': '202201131002026653050', 'creditReqNo': '202201131002028868955', 'creditApplyNo': '202201130000000001', 'creditState': '00', 'availAmount': 0.0, 'creditAmount': 0.0, 'status': '01'}, 'message': '成功', 'channelId': 'ORANGE'}}
[2022-01-13 10:02:13,110] - [INFO] - 授信查询接口调用成功！
[2022-01-13 10:02:13,110] - [INFO] - 授信通过！
[2022-01-13 10:02:13,111] - [INFO] - 更新客户信息表liveaddress
[2022-01-13 10:02:13,111] - [INFO] - update customer_info set liveaddress = '北京市市辖区东城区' where CERTID = '450503199301309636'
[2022-01-13 10:02:13,318] - [INFO] - 支用试算
[2022-01-13 10:02:13,319] - [INFO] - http://10.1.14.106:27405/channel/apitest/TCJQ/DISBURSE_TRIAL
[2022-01-13 10:02:13,320] - [INFO] - 请求报文：{'channelCustId': '202201131002026653050', 'periods': '3', 'loanAmount': 2000}
[2022-01-13 10:05:17,055] - [INFO] - 授信申请
[2022-01-13 10:05:17,056] - [INFO] - [http://10.1.14.106:27405/channel/apitest/TCJQ/CREDIT_GRANTING]
[2022-01-13 10:05:17,057] - [INFO] - 请求报文：{'channelCustId': '202201131005176631141', 'creditReqNo': '202201131005178839832', 'name': '林被梅', 'spelling': 'ZHANGTIAN', 'sex': '01', 'nationality': '中国', 'nation': '汉族', 'birthday': '1985/06/02', 'idType': '00', 'idNo': '532125199604271717', 'idStartDate': '2016/01/18', 'idEndDate': '2036/01/18', 'idOffice': '北京市东城区', 'marriage': '01', 'children': '00', 'supplyPeople': 3, 'house': '00', 'addProvince': '110000', 'addCity': '110000', 'addDistrict': '110101', 'addDetail': '东大街东大院', 'industry': 'C', 'profession': '11', 'workplaceName': 'AAA单位', 'workTel': '13162314539', 'workProvince': '110000', 'workCity': '110000', 'workDistrict': '110101', 'workDetailAdd': '西大街西大院', 'workAge': 8, 'income': '03', 'education': '06', 'school': '北京大学', 'phone': '16601136553', 'email': 'email163@qq.com', 'contacts': [{'relation': '00', 'name': '张三', 'phoneNo': '15638530000'}, {'relation': '01', 'name': '李四', 'phoneNo': '15638539999'}], 'bankCard': '6214660113100517', 'bankName': '建设银行', 'bankPhone': '16601136553', 'applyProvince': '110000', 'applyCity': '110000', 'applyDistrict': '110101', 'loanAmount': 5000, 'periods': '3', 'purpose': '01', 'direction': '01', 'payType': '00', 'payMerchantNo': '26666', 'authFlag': '01', 'deviceDetail': {'deviceId': '10-45-5-486', 'mac': '3a:b6:c6:5d:2e:f9', 'longitude': '121.551738', 'latitude': '31.224634', 'gpsCity': '上海市', 'ip': '106.14.135.199', 'ipCity': '上海', 'os': 'android', 'docDate': '2019/09/12'}, 'channelDetail': {'citizenshipCheckResult': '1', 'bankCheckResult': '1', 'telcoCheckResult': '1', 'consumeTimes': '1', 'creditTimes': '1', 'consumeScene': '1', 'frontId': '11', 'reverseId': '11', 'faceId': '11', 'woolFlag': '1', 'phoneFlag': '1', 'phoneTelco': '1', 'compScore': '650', 'repayAbilityScore': '650', 'comsAmount': '1', 'finAmount': '1', 'redPacket': '1', 'phoneAreaName': '上海市', 'modelScore': '650', 'whiteListFlag': '0', 'sugAmount': '3000.00', 'sugBasis': '2', 'loanGrade': 'A', 'registerTime': '1', 'realNameFlag': '1', 'realNameGrade': '1', 'transFlag': '1', 'custType': '', 'currLimit': 5000, 'currRemainLimit': 2000, 'currLimitOrg': 'DD', 'currLimitStartDate': '2021/05/31', 'currLimitEndDate': '2021/07/31', 'currTotalPrice': 28.11, 'firstLoanFlag': '1', 'unsettleLoanLimit': 1, 'settleLoanLimit': 1, 'lastLoanDate': '2021/04/21', 'loanAmount': 3000}, 'custType': '0'}
[2022-01-13 10:05:17,408] - [INFO] - 响应报文：{'result': True, 'code': 200, 'msg': 'SUCCESS!', 'data': {'code': '0000', 'productId': '7014', 'body': {'channelCustId': '202201131005176631141', 'creditReqNo': '202201131005178839832', 'creditApplyNo': '202201130000000002', 'status': '01'}, 'message': '成功', 'channelId': 'ORANGE'}}
[2022-01-13 10:05:17,409] - [INFO] - 授信接口调用成功！
[2022-01-13 10:05:17,410] - [INFO] - 授信受理成功，处理中！
[2022-01-13 10:05:17,411] - [INFO] - 授信结果查询
[2022-01-13 10:05:17,411] - [INFO] - ['http://10.1.14.106:27405/channel/apitest/TCJQ/CREDIT_INQUIRY']
[2022-01-13 10:05:17,412] - [INFO] - 请求报文：{'channelCustId': '202201131005176631141', 'creditReqNo': '202201131005178839832', 'creditApplyNo': '202201130000000002'}
[2022-01-13 10:05:17,492] - [INFO] - 响应报文：{'result': True, 'code': 200, 'msg': 'SUCCESS!', 'data': {'code': '0000', 'productId': '7014', 'body': {'channelCustId': '202201131005176631141', 'creditReqNo': '202201131005178839832', 'creditApplyNo': '202201130000000002', 'status': '00'}, 'message': '成功', 'channelId': 'ORANGE'}}
[2022-01-13 10:05:17,493] - [INFO] - 授信查询接口调用成功！
[2022-01-13 10:05:17,494] - [INFO] - 授信中！
[2022-01-13 10:10:16,648] - [INFO] - 授信申请
[2022-01-13 10:10:16,648] - [INFO] - [http://10.1.14.106:27405/channel/apitest/TCJQ/CREDIT_GRANTING]
[2022-01-13 10:10:16,649] - [INFO] - 请求报文：{'channelCustId': '202201131010166699655', 'creditReqNo': '202201131010168862147', 'name': '邴翠', 'spelling': 'ZHANGTIAN', 'sex': '01', 'nationality': '中国', 'nation': '汉族', 'birthday': '1985/06/02', 'idType': '00', 'idNo': '360481199511231146', 'idStartDate': '2016/01/18', 'idEndDate': '2036/01/18', 'idOffice': '北京市东城区', 'marriage': '01', 'children': '00', 'supplyPeople': 3, 'house': '00', 'addProvince': '110000', 'addCity': '110000', 'addDistrict': '110101', 'addDetail': '东大街东大院', 'industry': 'C', 'profession': '11', 'workplaceName': 'AAA单位', 'workTel': '13162314539', 'workProvince': '110000', 'workCity': '110000', 'workDistrict': '110101', 'workDetailAdd': '西大街西大院', 'workAge': 8, 'income': '03', 'education': '06', 'school': '北京大学', 'phone': '16601132529', 'email': 'email163@qq.com', 'contacts': [{'relation': '00', 'name': '张三', 'phoneNo': '15638530000'}, {'relation': '01', 'name': '李四', 'phoneNo': '15638539999'}], 'bankCard': '6214660113101016', 'bankName': '建设银行', 'bankPhone': '16601132529', 'applyProvince': '110000', 'applyCity': '110000', 'applyDistrict': '110101', 'loanAmount': 5000, 'periods': '3', 'purpose': '01', 'direction': '01', 'payType': '00', 'payMerchantNo': '26666', 'authFlag': '01', 'deviceDetail': {'deviceId': '10-45-5-486', 'mac': '3a:b6:c6:5d:2e:f9', 'longitude': '121.551738', 'latitude': '31.224634', 'gpsCity': '上海市', 'ip': '106.14.135.199', 'ipCity': '上海', 'os': 'android', 'docDate': '2019/09/12'}, 'channelDetail': {'citizenshipCheckResult': '1', 'bankCheckResult': '1', 'telcoCheckResult': '1', 'consumeTimes': '1', 'creditTimes': '1', 'consumeScene': '1', 'frontId': '11', 'reverseId': '11', 'faceId': '11', 'woolFlag': '1', 'phoneFlag': '1', 'phoneTelco': '1', 'compScore': '650', 'repayAbilityScore': '650', 'comsAmount': '1', 'finAmount': '1', 'redPacket': '1', 'phoneAreaName': '上海市', 'modelScore': '650', 'whiteListFlag': '0', 'sugAmount': '3000.00', 'sugBasis': '2', 'loanGrade': 'A', 'registerTime': '1', 'realNameFlag': '1', 'realNameGrade': '1', 'transFlag': '1', 'custType': '', 'currLimit': 5000, 'currRemainLimit': 2000, 'currLimitOrg': 'DD', 'currLimitStartDate': '2021/05/31', 'currLimitEndDate': '2021/07/31', 'currTotalPrice': 28.11, 'firstLoanFlag': '1', 'unsettleLoanLimit': 1, 'settleLoanLimit': 1, 'lastLoanDate': '2021/04/21', 'loanAmount': 3000}, 'custType': '0'}
[2022-01-13 10:10:17,948] - [INFO] - 响应报文：{'result': True, 'code': 200, 'msg': 'SUCCESS!', 'data': {'code': '0000', 'productId': '7014', 'body': {'channelCustId': '202201131010166699655', 'creditReqNo': '202201131010168862147', 'creditApplyNo': '202201130000000003', 'status': '01'}, 'message': '成功', 'channelId': 'ORANGE'}}
[2022-01-13 10:10:17,949] - [INFO] - 授信接口调用成功！
[2022-01-13 10:10:17,949] - [INFO] - 授信受理成功，处理中！
[2022-01-13 10:10:17,950] - [INFO] - 授信结果查询
[2022-01-13 10:10:17,951] - [INFO] - ['http://10.1.14.106:27405/channel/apitest/TCJQ/CREDIT_INQUIRY']
[2022-01-13 10:10:17,951] - [INFO] - 请求报文：{'channelCustId': '202201131010166699655', 'creditReqNo': '202201131010168862147', 'creditApplyNo': '202201130000000003'}
[2022-01-13 10:10:18,022] - [INFO] - 响应报文：{'result': True, 'code': 200, 'msg': 'SUCCESS!', 'data': {'code': '0000', 'productId': '7014', 'body': {'channelCustId': '202201131010166699655', 'creditReqNo': '202201131010168862147', 'creditApplyNo': '202201130000000003', 'status': '00'}, 'message': '成功', 'channelId': 'ORANGE'}}
[2022-01-13 10:10:18,023] - [INFO] - 授信查询接口调用成功！
[2022-01-13 10:10:18,023] - [INFO] - 授信中！
[2022-01-13 10:12:57,033] - [INFO] - 授信申请
[2022-01-13 10:12:57,034] - [INFO] - [http://10.1.14.106:27405/channel/apitest/TCJQ/CREDIT_GRANTING]
[2022-01-13 10:12:57,034] - [INFO] - 请求报文：{'channelCustId': '202201131012576680621', 'creditReqNo': '202201131012578843266', 'name': '卢凯影', 'spelling': 'ZHANGTIAN', 'sex': '01', 'nationality': '中国', 'nation': '汉族', 'birthday': '1985/06/02', 'idType': '00', 'idNo': '610102199501306933', 'idStartDate': '2016/01/18', 'idEndDate': '2036/01/18', 'idOffice': '北京市东城区', 'marriage': '01', 'children': '00', 'supplyPeople': 3, 'house': '00', 'addProvince': '110000', 'addCity': '110000', 'addDistrict': '110101', 'addDetail': '东大街东大院', 'industry': 'C', 'profession': '11', 'workplaceName': 'AAA单位', 'workTel': '13162314539', 'workProvince': '110000', 'workCity': '110000', 'workDistrict': '110101', 'workDetailAdd': '西大街西大院', 'workAge': 8, 'income': '03', 'education': '06', 'school': '北京大学', 'phone': '16601137029', 'email': 'email163@qq.com', 'contacts': [{'relation': '00', 'name': '张三', 'phoneNo': '15638530000'}, {'relation': '01', 'name': '李四', 'phoneNo': '15638539999'}], 'bankCard': '6214660113101257', 'bankName': '建设银行', 'bankPhone': '16601137029', 'applyProvince': '110000', 'applyCity': '110000', 'applyDistrict': '110101', 'loanAmount': 5000, 'periods': '3', 'purpose': '01', 'direction': '01', 'payType': '00', 'payMerchantNo': '26666', 'authFlag': '01', 'deviceDetail': {'deviceId': '10-45-5-486', 'mac': '3a:b6:c6:5d:2e:f9', 'longitude': '121.551738', 'latitude': '31.224634', 'gpsCity': '上海市', 'ip': '106.14.135.199', 'ipCity': '上海', 'os': 'android', 'docDate': '2019/09/12'}, 'channelDetail': {'citizenshipCheckResult': '1', 'bankCheckResult': '1', 'telcoCheckResult': '1', 'consumeTimes': '1', 'creditTimes': '1', 'consumeScene': '1', 'frontId': '11', 'reverseId': '11', 'faceId': '11', 'woolFlag': '1', 'phoneFlag': '1', 'phoneTelco': '1', 'compScore': '650', 'repayAbilityScore': '650', 'comsAmount': '1', 'finAmount': '1', 'redPacket': '1', 'phoneAreaName': '上海市', 'modelScore': '650', 'whiteListFlag': '0', 'sugAmount': '3000.00', 'sugBasis': '2', 'loanGrade': 'A', 'registerTime': '1', 'realNameFlag': '1', 'realNameGrade': '1', 'transFlag': '1', 'custType': '', 'currLimit': 5000, 'currRemainLimit': 2000, 'currLimitOrg': 'DD', 'currLimitStartDate': '2021/05/31', 'currLimitEndDate': '2021/07/31', 'currTotalPrice': 28.11, 'firstLoanFlag': '1', 'unsettleLoanLimit': 1, 'settleLoanLimit': 1, 'lastLoanDate': '2021/04/21', 'loanAmount': 3000}, 'custType': '0'}
[2022-01-13 10:12:57,383] - [INFO] - 响应报文：{'result': True, 'code': 200, 'msg': 'SUCCESS!', 'data': {'code': '0000', 'productId': '7014', 'body': {'channelCustId': '202201131012576680621', 'creditReqNo': '202201131012578843266', 'creditApplyNo': '202201130000000004', 'status': '01'}, 'message': '成功', 'channelId': 'ORANGE'}}
[2022-01-13 10:12:57,383] - [INFO] - 授信接口调用成功！
[2022-01-13 10:12:57,384] - [INFO] - 授信受理成功，处理中！
[2022-01-13 10:12:57,384] - [INFO] - 授信结果查询
[2022-01-13 10:12:57,384] - [INFO] - ['http://10.1.14.106:27405/channel/apitest/TCJQ/CREDIT_INQUIRY']
[2022-01-13 10:12:57,384] - [INFO] - 请求报文：{'channelCustId': '202201131012576680621', 'creditReqNo': '202201131012578843266', 'creditApplyNo': '202201130000000004'}
[2022-01-13 10:12:57,456] - [INFO] - 响应报文：{'result': True, 'code': 200, 'msg': 'SUCCESS!', 'data': {'code': '0000', 'productId': '7014', 'body': {'channelCustId': '202201131012576680621', 'creditReqNo': '202201131012578843266', 'creditApplyNo': '202201130000000004', 'status': '00'}, 'message': '成功', 'channelId': 'ORANGE'}}
[2022-01-13 10:12:57,457] - [INFO] - 授信查询接口调用成功！
[2022-01-13 10:12:57,457] - [INFO] - 授信中！
[2022-01-13 10:43:41,264] - [INFO] - 授信申请
[2022-01-13 10:43:41,264] - [INFO] - [http://10.1.14.106:27405/channel/apitest/TCJQ/CREDIT_GRANTING]
[2022-01-13 10:43:41,265] - [INFO] - 请求报文：{'channelCustId': '202201131043416683595', 'creditReqNo': '202201131043418847577', 'name': '危马晨', 'spelling': 'ZHANGTIAN', 'sex': '01', 'nationality': '中国', 'nation': '汉族', 'birthday': '1985/06/02', 'idType': '00', 'idNo': '130530199309266559', 'idStartDate': '2016/01/18', 'idEndDate': '2036/01/18', 'idOffice': '北京市东城区', 'marriage': '01', 'children': '00', 'supplyPeople': 3, 'house': '00', 'addProvince': '110000', 'addCity': '110000', 'addDistrict': '110101', 'addDetail': '东大街东大院', 'industry': 'C', 'profession': '11', 'workplaceName': 'AAA单位', 'workTel': '13162314539', 'workProvince': '110000', 'workCity': '110000', 'workDistrict': '110101', 'workDetailAdd': '西大街西大院', 'workAge': 8, 'income': '03', 'education': '06', 'school': '北京大学', 'phone': '16601136385', 'email': 'email163@qq.com', 'contacts': [{'relation': '00', 'name': '张三', 'phoneNo': '15638530000'}, {'relation': '01', 'name': '李四', 'phoneNo': '15638539999'}], 'bankCard': '6214660113104341', 'bankName': '建设银行', 'bankPhone': '16601136385', 'applyProvince': '110000', 'applyCity': '110000', 'applyDistrict': '110101', 'loanAmount': 5000, 'periods': '3', 'purpose': '01', 'direction': '01', 'payType': '00', 'payMerchantNo': '26666', 'authFlag': '01', 'deviceDetail': {'deviceId': '10-45-5-486', 'mac': '3a:b6:c6:5d:2e:f9', 'longitude': '121.551738', 'latitude': '31.224634', 'gpsCity': '上海市', 'ip': '106.14.135.199', 'ipCity': '上海', 'os': 'android', 'docDate': '2019/09/12'}, 'channelDetail': {'citizenshipCheckResult': '1', 'bankCheckResult': '1', 'telcoCheckResult': '1', 'consumeTimes': '1', 'creditTimes': '1', 'consumeScene': '1', 'frontId': '11', 'reverseId': '11', 'faceId': '11', 'woolFlag': '1', 'phoneFlag': '1', 'phoneTelco': '1', 'compScore': '650', 'repayAbilityScore': '650', 'comsAmount': '1', 'finAmount': '1', 'redPacket': '1', 'phoneAreaName': '上海市', 'modelScore': '650', 'whiteListFlag': '0', 'sugAmount': '3000.00', 'sugBasis': '2', 'loanGrade': 'A', 'registerTime': '1', 'realNameFlag': '1', 'realNameGrade': '1', 'transFlag': '1', 'custType': '', 'currLimit': 5000, 'currRemainLimit': 2000, 'currLimitOrg': 'DD', 'currLimitStartDate': '2021/05/31', 'currLimitEndDate': '2021/07/31', 'currTotalPrice': 28.11, 'firstLoanFlag': '1', 'unsettleLoanLimit': 1, 'settleLoanLimit': 1, 'lastLoanDate': '2021/04/21', 'loanAmount': 3000}, 'custType': '0'}
[2022-01-13 10:43:41,433] - [INFO] - 响应报文：{'result': True, 'code': 200, 'msg': 'SUCCESS!', 'data': {'code': '0000', 'productId': '7014', 'body': {'channelCustId': '202201131043416683595', 'creditReqNo': '202201131043418847577', 'creditApplyNo': '202201130000000005', 'status': '01'}, 'message': '成功', 'channelId': 'ORANGE'}}
[2022-01-13 10:43:41,434] - [INFO] - 授信接口调用成功！
[2022-01-13 10:43:41,434] - [INFO] - 授信受理成功，处理中！
[2022-01-13 10:43:41,441] - [INFO] - 授信申请
[2022-01-13 10:43:41,441] - [INFO] - [http://10.1.14.106:27405/channel/apitest/TCJQ/CREDIT_GRANTING]
[2022-01-13 10:43:41,442] - [INFO] - 请求报文：{'channelCustId': '202201131043416696101', 'creditReqNo': '202201131043418832675', 'name': '井都榕', 'spelling': 'ZHANGTIAN', 'sex': '01', 'nationality': '中国', 'nation': '汉族', 'birthday': '1985/06/02', 'idType': '00', 'idNo': '420702199703013802', 'idStartDate': '2016/01/18', 'idEndDate': '2036/01/18', 'idOffice': '北京市东城区', 'marriage': '01', 'children': '00', 'supplyPeople': 3, 'house': '00', 'addProvince': '110000', 'addCity': '110000', 'addDistrict': '110101', 'addDetail': '东大街东大院', 'industry': 'C', 'profession': '11', 'workplaceName': 'AAA单位', 'workTel': '13162314539', 'workProvince': '110000', 'workCity': '110000', 'workDistrict': '110101', 'workDetailAdd': '西大街西大院', 'workAge': 8, 'income': '03', 'education': '06', 'school': '北京大学', 'phone': '16601134795', 'email': 'email163@qq.com', 'contacts': [{'relation': '00', 'name': '张三', 'phoneNo': '15638530000'}, {'relation': '01', 'name': '李四', 'phoneNo': '15638539999'}], 'bankCard': '6214660113104341', 'bankName': '建设银行', 'bankPhone': '16601134795', 'applyProvince': '110000', 'applyCity': '110000', 'applyDistrict': '110101', 'loanAmount': 5000, 'periods': '3', 'purpose': '01', 'direction': '01', 'payType': '00', 'payMerchantNo': '26666', 'authFlag': '01', 'deviceDetail': {'deviceId': '10-45-5-486', 'mac': '3a:b6:c6:5d:2e:f9', 'longitude': '121.551738', 'latitude': '31.224634', 'gpsCity': '上海市', 'ip': '106.14.135.199', 'ipCity': '上海', 'os': 'android', 'docDate': '2019/09/12'}, 'channelDetail': {'citizenshipCheckResult': '1', 'bankCheckResult': '1', 'telcoCheckResult': '1', 'consumeTimes': '1', 'creditTimes': '1', 'consumeScene': '1', 'frontId': '11', 'reverseId': '11', 'faceId': '11', 'woolFlag': '1', 'phoneFlag': '1', 'phoneTelco': '1', 'compScore': '650', 'repayAbilityScore': '650', 'comsAmount': '1', 'finAmount': '1', 'redPacket': '1', 'phoneAreaName': '上海市', 'modelScore': '650', 'whiteListFlag': '0', 'sugAmount': '3000.00', 'sugBasis': '2', 'loanGrade': 'A', 'registerTime': '1', 'realNameFlag': '1', 'realNameGrade': '1', 'transFlag': '1', 'custType': '', 'currLimit': 5000, 'currRemainLimit': 2000, 'currLimitOrg': 'DD', 'currLimitStartDate': '2021/05/31', 'currLimitEndDate': '2021/07/31', 'currTotalPrice': 28.11, 'firstLoanFlag': '1', 'unsettleLoanLimit': 1, 'settleLoanLimit': 1, 'lastLoanDate': '2021/04/21', 'loanAmount': 3000}, 'custType': '0'}
[2022-01-13 10:43:41,601] - [INFO] - 响应报文：{'result': True, 'code': 200, 'msg': 'SUCCESS!', 'data': {'code': '0000', 'productId': '7014', 'body': {'channelCustId': '202201131043416696101', 'creditReqNo': '202201131043418832675', 'creditApplyNo': '202201130000000006', 'status': '01'}, 'message': '成功', 'channelId': 'ORANGE'}}
[2022-01-13 10:43:41,603] - [INFO] - 授信接口调用成功！
[2022-01-13 10:43:41,604] - [INFO] - 授信受理成功，处理中！
[2022-01-13 10:43:41,608] - [INFO] - 授信申请
[2022-01-13 10:43:41,608] - [INFO] - [http://10.1.14.106:27405/channel/apitest/TCJQ/CREDIT_GRANTING]
[2022-01-13 10:43:41,609] - [INFO] - 请求报文：{'channelCustId': '20220113104341666083', 'creditReqNo': '202201131043418852737', 'name': '封婵', 'spelling': 'ZHANGTIAN', 'sex': '01', 'nationality': '中国', 'nation': '汉族', 'birthday': '1985/06/02', 'idType': '00', 'idNo': '222400199211101326', 'idStartDate': '2016/01/18', 'idEndDate': '2036/01/18', 'idOffice': '北京市东城区', 'marriage': '01', 'children': '00', 'supplyPeople': 3, 'house': '00', 'addProvince': '110000', 'addCity': '110000', 'addDistrict': '110101', 'addDetail': '东大街东大院', 'industry': 'C', 'profession': '11', 'workplaceName': 'AAA单位', 'workTel': '13162314539', 'workProvince': '110000', 'workCity': '110000', 'workDistrict': '110101', 'workDetailAdd': '西大街西大院', 'workAge': 8, 'income': '03', 'education': '06', 'school': '北京大学', 'phone': '16601135463', 'email': 'email163@qq.com', 'contacts': [{'relation': '00', 'name': '张三', 'phoneNo': '15638530000'}, {'relation': '01', 'name': '李四', 'phoneNo': '15638539999'}], 'bankCard': '6214660113104341', 'bankName': '建设银行', 'bankPhone': '16601135463', 'applyProvince': '110000', 'applyCity': '110000', 'applyDistrict': '110101', 'loanAmount': 5000, 'periods': '3', 'purpose': '01', 'direction': '01', 'payType': '00', 'payMerchantNo': '26666', 'authFlag': '01', 'deviceDetail': {'deviceId': '10-45-5-486', 'mac': '3a:b6:c6:5d:2e:f9', 'longitude': '121.551738', 'latitude': '31.224634', 'gpsCity': '上海市', 'ip': '106.14.135.199', 'ipCity': '上海', 'os': 'android', 'docDate': '2019/09/12'}, 'channelDetail': {'citizenshipCheckResult': '1', 'bankCheckResult': '1', 'telcoCheckResult': '1', 'consumeTimes': '1', 'creditTimes': '1', 'consumeScene': '1', 'frontId': '11', 'reverseId': '11', 'faceId': '11', 'woolFlag': '1', 'phoneFlag': '1', 'phoneTelco': '1', 'compScore': '650', 'repayAbilityScore': '650', 'comsAmount': '1', 'finAmount': '1', 'redPacket': '1', 'phoneAreaName': '上海市', 'modelScore': '650', 'whiteListFlag': '0', 'sugAmount': '3000.00', 'sugBasis': '2', 'loanGrade': 'A', 'registerTime': '1', 'realNameFlag': '1', 'realNameGrade': '1', 'transFlag': '1', 'custType': '', 'currLimit': 5000, 'currRemainLimit': 2000, 'currLimitOrg': 'DD', 'currLimitStartDate': '2021/05/31', 'currLimitEndDate': '2021/07/31', 'currTotalPrice': 28.11, 'firstLoanFlag': '1', 'unsettleLoanLimit': 1, 'settleLoanLimit': 1, 'lastLoanDate': '2021/04/21', 'loanAmount': 3000}, 'custType': '0'}
[2022-01-13 10:43:41,722] - [INFO] - 响应报文：{'result': True, 'code': 200, 'msg': 'SUCCESS!', 'data': {'code': '0000', 'productId': '7014', 'body': {'channelCustId': '20220113104341666083', 'creditReqNo': '202201131043418852737', 'creditApplyNo': '202201130000000007', 'status': '01'}, 'message': '成功', 'channelId': 'ORANGE'}}
[2022-01-13 10:43:41,723] - [INFO] - 授信接口调用成功！
[2022-01-13 10:43:41,723] - [INFO] - 授信受理成功，处理中！
[2022-01-13 10:43:41,724] - [INFO] - 授信结果查询
[2022-01-13 10:43:41,725] - [INFO] - ['http://10.1.14.106:27405/channel/apitest/TCJQ/CREDIT_INQUIRY']
[2022-01-13 10:43:41,725] - [INFO] - 请求报文：{'channelCustId': '202201131043416683595', 'creditReqNo': '202201131043418847577', 'creditApplyNo': '202201130000000005'}
[2022-01-13 10:43:41,799] - [INFO] - 响应报文：{'result': True, 'code': 200, 'msg': 'SUCCESS!', 'data': {'code': '0000', 'productId': '7014', 'body': {'channelCustId': '202201131043416683595', 'creditReqNo': '202201131043418847577', 'creditApplyNo': '202201130000000005', 'status': '00'}, 'message': '成功', 'channelId': 'ORANGE'}}
[2022-01-13 10:43:41,799] - [INFO] - 授信查询接口调用成功！
[2022-01-13 10:43:41,800] - [INFO] - 授信中！
[2022-01-13 10:43:44,805] - [INFO] - 授信结果查询
[2022-01-13 10:43:44,806] - [INFO] - ['http://10.1.14.106:27405/channel/apitest/TCJQ/CREDIT_INQUIRY']
[2022-01-13 10:43:44,807] - [INFO] - 请求报文：{'channelCustId': '202201131043416683595', 'creditReqNo': '202201131043418847577', 'creditApplyNo': '202201130000000005'}
[2022-01-13 10:43:44,895] - [INFO] - 响应报文：{'result': True, 'code': 200, 'msg': 'SUCCESS!', 'data': {'code': '0000', 'productId': '7014', 'body': {'channelCustId': '202201131043416683595', 'creditReqNo': '202201131043418847577', 'creditApplyNo': '202201130000000005', 'status': '00'}, 'message': '成功', 'channelId': 'ORANGE'}}
[2022-01-13 10:43:44,896] - [INFO] - 授信查询接口调用成功！
[2022-01-13 10:43:44,896] - [INFO] - 授信中！
[2022-01-13 10:43:47,902] - [INFO] - 授信结果查询
[2022-01-13 10:43:47,904] - [INFO] - ['http://10.1.14.106:27405/channel/apitest/TCJQ/CREDIT_INQUIRY']
[2022-01-13 10:43:47,905] - [INFO] - 请求报文：{'channelCustId': '202201131043416683595', 'creditReqNo': '202201131043418847577', 'creditApplyNo': '202201130000000005'}
[2022-01-13 10:43:47,977] - [INFO] - 响应报文：{'result': True, 'code': 200, 'msg': 'SUCCESS!', 'data': {'code': '0000', 'productId': '7014', 'body': {'creditDate': '2022/01/13', 'creditExpireDate': '2025/01/13', 'freezingDate': '', 'channelCustId': '202201131043416683595', 'creditReqNo': '202201131043418847577', 'creditApplyNo': '202201130000000005', 'creditState': '00', 'availAmount': 5000.0, 'creditAmount': 5000.0, 'status': '01'}, 'message': '成功', 'channelId': 'ORANGE'}}
[2022-01-13 10:43:47,978] - [INFO] - 授信查询接口调用成功！
[2022-01-13 10:43:47,979] - [INFO] - 授信通过！
[2022-01-13 10:43:47,979] - [INFO] - 更新客户信息表liveaddress
[2022-01-13 10:43:47,979] - [INFO] - update customer_info set liveaddress = '北京市市辖区东城区' where CERTID = '130530199309266559'
[2022-01-13 10:43:48,065] - [INFO] - 支用试算
[2022-01-13 10:43:48,067] - [INFO] - http://10.1.14.106:27405/channel/apitest/TCJQ/DISBURSE_TRIAL
[2022-01-13 10:43:48,068] - [INFO] - 请求报文：{'channelCustId': '202201131043416683595', 'periods': '3', 'loanAmount': 2000}
[2022-01-13 10:43:48,951] - [INFO] - 响应报文：{'result': True, 'code': 200, 'msg': 'SUCCESS!', 'data': {'code': '0000', 'productId': '7014', 'body': {'channelCustId': '202201131043416683595', 'repayPlanDetails': [{'principal': 663.24, 'period': 1, 'periodAmt': 698.7, 'premium': 25.13, 'interest': 10.33, 'repayDate': '2037/06/18'}, {'principal': 666.66, 'period': 2, 'periodAmt': 698.7, 'premium': 25.13, 'interest': 6.91, 'repayDate': '2037/07/18'}, {'principal': 670.1, 'period': 3, 'periodAmt': 698.69, 'premium': 25.13, 'interest': 3.46, 'repayDate': '2037/08/18'}], 'capitalCode': 'FBBANK', 'status': '01'}, 'message': '成功', 'channelId': 'ORANGE'}}
[2022-01-13 10:43:48,952] - [INFO] - 本次试算资方为：FBBANK
[2022-01-13 10:43:48,953] - [INFO] - 支用试算成功！
[2022-01-13 10:43:48,953] - [INFO] - 支用接口
[2022-01-13 10:43:48,953] - [INFO] - http://10.1.14.106:27405/channel/apitest/TCJQ/DISBURSE
[2022-01-13 10:43:48,954] - [INFO] - 请求报文：{'channelCustId': '202201131043416683595', 'loanReqNo': '202201131043419940955', 'creditReqNo': '202201131043418847577', 'loanAmount': 2000, 'periods': '3', 'purpose': '01', 'bankCard': '6214660113104341', 'bankCode': '308584000013', 'bankName': '建设银行', 'bankPhone': '16601136385', 'longitude': '121.551738', 'latitude': '31.224634', 'ip': '192.168.1.2', 'capitalCode': 'FBBANK', 'channelDetail': {'woolFlag': '1', 'phoneFlag': '1', 'phoneTelco': '1', 'compScore': '80', 'repayAbilityScore': '80', 'comsAmount': '4', 'finAmount': '2', 'redPacket': '2', 'phoneAreaName': '上海市', 'modelScore': '80', 'whiteListFlag': '0', 'loanGrade': 'A', 'registerTime': '2', 'realNameFlag': '1', 'realNameGrade': '1', 'transFlag': '1', 'custType': '', 'currLimit': 5000, 'currRemainLimit': 2000, 'currLimitOrg': 'DD', 'currLimitStartDate': '2021/05/31', 'currLimitEndDate': '2021/07/31', 'currTotalPrice': 28.11, 'firstLoanFlag': '1', 'unsettleLoanLimit': 1, 'settleLoanLimit': 1, 'lastLoanDate': '2021/04/21', 'loanAmount': 3000}, 'custType': '0'}
[2022-01-13 10:43:49,379] - [INFO] - 响应报文：{'result': True, 'code': 200, 'msg': 'SUCCESS!', 'data': {'code': '0000', 'productId': '7014', 'body': {'channelCustId': '202201131043416683595', 'loanReqNo': '202201131043419940955', 'loanApplyNo': '20220113000000001', 'status': '01'}, 'message': '成功', 'channelId': 'ORANGE'}}
[2022-01-13 10:43:49,381] - [INFO] - 支用接口调用成功！
[2022-01-13 10:43:49,381] - [INFO] - 受理成功，处理中!
[2022-01-13 10:43:49,382] - [INFO] - 
                    姓名：危马晨
                    身份证号：130530199309266559
                    手机号：16601136385
                    借款金额:2000
                    借款期次:3
                    channelCustId：202201131043416683595
                    creditReqNo：202201131043418847577
                    loanReqNo:202201131043419940955
                    
[2022-01-13 10:43:49,382] - [INFO] - 授信结果查询
[2022-01-13 10:43:49,383] - [INFO] - ['http://10.1.14.106:27405/channel/apitest/TCJQ/CREDIT_INQUIRY']
[2022-01-13 10:43:49,383] - [INFO] - 请求报文：{'channelCustId': '20220113104341666083', 'creditReqNo': '202201131043418852737', 'creditApplyNo': '202201130000000007'}
[2022-01-13 10:43:49,702] - [INFO] - 响应报文：{'result': True, 'code': 200, 'msg': 'SUCCESS!', 'data': {'code': '0000', 'productId': '7014', 'body': {'creditDate': '2022/01/13', 'creditExpireDate': '2025/01/13', 'freezingDate': '', 'channelCustId': '20220113104341666083', 'creditReqNo': '202201131043418852737', 'creditApplyNo': '202201130000000007', 'creditState': '00', 'availAmount': 5000.0, 'creditAmount': 5000.0, 'status': '01'}, 'message': '成功', 'channelId': 'ORANGE'}}
[2022-01-13 10:43:49,703] - [INFO] - 授信查询接口调用成功！
[2022-01-13 10:43:49,703] - [INFO] - 授信通过！
[2022-01-13 10:43:49,704] - [INFO] - 更新客户信息表liveaddress
[2022-01-13 10:43:49,704] - [INFO] - update customer_info set liveaddress = '北京市市辖区东城区' where CERTID = '222400199211101326'
[2022-01-13 10:43:49,755] - [INFO] - 支用试算
[2022-01-13 10:43:49,756] - [INFO] - http://10.1.14.106:27405/channel/apitest/TCJQ/DISBURSE_TRIAL
[2022-01-13 10:43:49,757] - [INFO] - 请求报文：{'channelCustId': '20220113104341666083', 'periods': '3', 'loanAmount': 2000}
[2022-01-13 10:43:50,555] - [INFO] - 响应报文：{'result': True, 'code': 200, 'msg': 'SUCCESS!', 'data': {'code': '0000', 'productId': '7014', 'body': {'channelCustId': '20220113104341666083', 'repayPlanDetails': [{'principal': 663.24, 'period': 1, 'periodAmt': 698.7, 'premium': 25.13, 'interest': 10.33, 'repayDate': '2037/06/18'}, {'principal': 666.66, 'period': 2, 'periodAmt': 698.7, 'premium': 25.13, 'interest': 6.91, 'repayDate': '2037/07/18'}, {'principal': 670.1, 'period': 3, 'periodAmt': 698.69, 'premium': 25.13, 'interest': 3.46, 'repayDate': '2037/08/18'}], 'capitalCode': 'FBBANK', 'status': '01'}, 'message': '成功', 'channelId': 'ORANGE'}}
[2022-01-13 10:43:50,556] - [INFO] - 本次试算资方为：FBBANK
[2022-01-13 10:43:50,557] - [INFO] - 支用试算成功！
[2022-01-13 10:43:50,558] - [INFO] - 支用接口
[2022-01-13 10:43:50,558] - [INFO] - http://10.1.14.106:27405/channel/apitest/TCJQ/DISBURSE
[2022-01-13 10:43:50,559] - [INFO] - 请求报文：{'channelCustId': '20220113104341666083', 'loanReqNo': '202201131043419930410', 'creditReqNo': '202201131043418852737', 'loanAmount': 2000, 'periods': '3', 'purpose': '01', 'bankCard': '6214660113104341', 'bankCode': '308584000013', 'bankName': '建设银行', 'bankPhone': '16601135463', 'longitude': '121.551738', 'latitude': '31.224634', 'ip': '192.168.1.2', 'capitalCode': 'FBBANK', 'channelDetail': {'woolFlag': '1', 'phoneFlag': '1', 'phoneTelco': '1', 'compScore': '80', 'repayAbilityScore': '80', 'comsAmount': '4', 'finAmount': '2', 'redPacket': '2', 'phoneAreaName': '上海市', 'modelScore': '80', 'whiteListFlag': '0', 'loanGrade': 'A', 'registerTime': '2', 'realNameFlag': '1', 'realNameGrade': '1', 'transFlag': '1', 'custType': '', 'currLimit': 5000, 'currRemainLimit': 2000, 'currLimitOrg': 'DD', 'currLimitStartDate': '2021/05/31', 'currLimitEndDate': '2021/07/31', 'currTotalPrice': 28.11, 'firstLoanFlag': '1', 'unsettleLoanLimit': 1, 'settleLoanLimit': 1, 'lastLoanDate': '2021/04/21', 'loanAmount': 3000}, 'custType': '0'}
[2022-01-13 10:43:50,654] - [INFO] - 响应报文：{'result': True, 'code': 200, 'msg': 'SUCCESS!', 'data': {'code': '0000', 'productId': '7014', 'body': {'channelCustId': '20220113104341666083', 'loanReqNo': '202201131043419930410', 'loanApplyNo': '20220113000000002', 'status': '01'}, 'message': '成功', 'channelId': 'ORANGE'}}
[2022-01-13 10:43:50,655] - [INFO] - 支用接口调用成功！
[2022-01-13 10:43:50,656] - [INFO] - 受理成功，处理中!
[2022-01-13 10:43:50,656] - [INFO] - 
                    姓名：封婵
                    身份证号：222400199211101326
                    手机号：16601135463
                    借款金额:2000
                    借款期次:3
                    channelCustId：20220113104341666083
                    creditReqNo：202201131043418852737
                    loanReqNo:202201131043419930410
                    
[2022-01-13 10:43:50,657] - [INFO] - 授信结果查询
[2022-01-13 10:43:50,657] - [INFO] - ['http://10.1.14.106:27405/channel/apitest/TCJQ/CREDIT_INQUIRY']
[2022-01-13 10:43:50,658] - [INFO] - 请求报文：{'channelCustId': '202201131043416696101', 'creditReqNo': '202201131043418832675', 'creditApplyNo': '202201130000000006'}
[2022-01-13 10:43:50,723] - [INFO] - 响应报文：{'result': True, 'code': 200, 'msg': 'SUCCESS!', 'data': {'code': '0000', 'productId': '7014', 'body': {'creditDate': '2022/01/13', 'creditExpireDate': '2025/01/13', 'freezingDate': '', 'channelCustId': '202201131043416696101', 'creditReqNo': '202201131043418832675', 'creditApplyNo': '202201130000000006', 'creditState': '00', 'availAmount': 5000.0, 'creditAmount': 5000.0, 'status': '01'}, 'message': '成功', 'channelId': 'ORANGE'}}
[2022-01-13 10:43:50,724] - [INFO] - 授信查询接口调用成功！
[2022-01-13 10:43:50,725] - [INFO] - 授信通过！
[2022-01-13 10:43:50,726] - [INFO] - 更新客户信息表liveaddress
[2022-01-13 10:43:50,726] - [INFO] - update customer_info set liveaddress = '北京市市辖区东城区' where CERTID = '420702199703013802'
[2022-01-13 10:43:50,777] - [INFO] - 支用试算
[2022-01-13 10:43:50,778] - [INFO] - http://10.1.14.106:27405/channel/apitest/TCJQ/DISBURSE_TRIAL
[2022-01-13 10:43:50,778] - [INFO] - 请求报文：{'channelCustId': '202201131043416696101', 'periods': '3', 'loanAmount': 2000}
[2022-01-13 10:43:51,441] - [INFO] - 响应报文：{'result': True, 'code': 200, 'msg': 'SUCCESS!', 'data': {'code': '0000', 'productId': '7014', 'body': {'channelCustId': '202201131043416696101', 'repayPlanDetails': [{'principal': 663.24, 'period': 1, 'periodAmt': 698.7, 'premium': 25.13, 'interest': 10.33, 'repayDate': '2037/06/18'}, {'principal': 666.66, 'period': 2, 'periodAmt': 698.7, 'premium': 25.13, 'interest': 6.91, 'repayDate': '2037/07/18'}, {'principal': 670.1, 'period': 3, 'periodAmt': 698.69, 'premium': 25.13, 'interest': 3.46, 'repayDate': '2037/08/18'}], 'capitalCode': 'FBBANK', 'status': '01'}, 'message': '成功', 'channelId': 'ORANGE'}}
[2022-01-13 10:43:51,442] - [INFO] - 本次试算资方为：FBBANK
[2022-01-13 10:43:51,442] - [INFO] - 支用试算成功！
[2022-01-13 10:43:51,442] - [INFO] - 支用接口
[2022-01-13 10:43:51,443] - [INFO] - http://10.1.14.106:27405/channel/apitest/TCJQ/DISBURSE
[2022-01-13 10:43:51,443] - [INFO] - 请求报文：{'channelCustId': '202201131043416696101', 'loanReqNo': '202201131043419996023', 'creditReqNo': '202201131043418832675', 'loanAmount': 2000, 'periods': '3', 'purpose': '01', 'bankCard': '6214660113104341', 'bankCode': '308584000013', 'bankName': '建设银行', 'bankPhone': '16601134795', 'longitude': '121.551738', 'latitude': '31.224634', 'ip': '192.168.1.2', 'capitalCode': 'FBBANK', 'channelDetail': {'woolFlag': '1', 'phoneFlag': '1', 'phoneTelco': '1', 'compScore': '80', 'repayAbilityScore': '80', 'comsAmount': '4', 'finAmount': '2', 'redPacket': '2', 'phoneAreaName': '上海市', 'modelScore': '80', 'whiteListFlag': '0', 'loanGrade': 'A', 'registerTime': '2', 'realNameFlag': '1', 'realNameGrade': '1', 'transFlag': '1', 'custType': '', 'currLimit': 5000, 'currRemainLimit': 2000, 'currLimitOrg': 'DD', 'currLimitStartDate': '2021/05/31', 'currLimitEndDate': '2021/07/31', 'currTotalPrice': 28.11, 'firstLoanFlag': '1', 'unsettleLoanLimit': 1, 'settleLoanLimit': 1, 'lastLoanDate': '2021/04/21', 'loanAmount': 3000}, 'custType': '0'}
[2022-01-13 10:43:51,656] - [INFO] - 响应报文：{'result': True, 'code': 200, 'msg': 'SUCCESS!', 'data': {'code': '0000', 'productId': '7014', 'body': {'channelCustId': '202201131043416696101', 'loanReqNo': '202201131043419996023', 'loanApplyNo': '20220113000000003', 'status': '01'}, 'message': '成功', 'channelId': 'ORANGE'}}
[2022-01-13 10:43:51,657] - [INFO] - 支用接口调用成功！
[2022-01-13 10:43:51,657] - [INFO] - 受理成功，处理中!
[2022-01-13 10:43:51,657] - [INFO] - 
                    姓名：井都榕
                    身份证号：420702199703013802
                    手机号：16601134795
                    借款金额:2000
                    借款期次:3
                    channelCustId：202201131043416696101
                    creditReqNo：202201131043418832675
                    loanReqNo:202201131043419996023
                    
[2022-01-13 10:44:03,587] - [INFO] - 投保信息接口
[2022-01-13 10:44:03,587] - [INFO] - http://10.1.14.106:27405/channel/apitest/QFIN/INSURE_INFO
[2022-01-13 10:44:03,588] - [INFO] - 请求报文：{'channelCustId': '', 'name': '沈斌', 'insuranceNo': '202201131044036611101', 'idNo': '612425199601106448', 'idAddress': '上海市浦东新区龙阳路幸福村520号', 'phone': '16601135594', 'amount': 6000, 'periods': '3', 'purpose': '07', 'capitalCode': 'FBBANK', 'custGrde': 18, 'email': '1264311721@hrtx.com', 'contactPhone': '18968523600', 'callbackUrl': 'https://www.baidu.com'}
[2022-01-13 10:44:04,443] - [INFO] - 响应报文：{'result': True, 'code': 200, 'msg': 'SUCCESS!', 'data': {'channelCustId': '', 'errorCode': '', 'errorMsg': '', 'insurUrl': 'https://test.95590.cn/openui_st/h5/?navStyle=hideLight#/application?env=sit&loanReqNo=202201131044036611101&lp=20220113104404436000033001', 'insuranceNo': '202201131044036611101', 'status': '01'}}
[2022-01-13 10:44:04,444] - [INFO] - 投保信息接口成功！
[2022-01-13 10:44:04,444] - [INFO] - 投保资料查询接口
[2022-01-13 10:44:04,445] - [INFO] - http://10.1.14.106:27405/channel/apitest/QFIN/INSURE_DATA_QUERY
[2022-01-13 10:44:04,445] - [INFO] - 请求报文：{'loanReqNo': '202201131044036611101', 'token': '20220113104404436000033001'}
[2022-01-13 10:44:04,595] - [INFO] - 响应报文：{'result': True, 'code': 200, 'msg': 'SUCCESS!', 'data': {'discountRate': 0, 'insurantName': '富邦华一银行', 'purpose': '07', 'premiumRate': 0.352, 'loanReqNo': '202201131044036611101', 'premiumExcTax': 20.38, 'idNo': '612425199601106448', 'phoneNo': '18968523600', 'insurantAdd': '上海市静安区高平路478号', 'claimPeriod': '50', 'periods': 3, 'taxFee': 1.22, 'email': '1264311721@hrtx.com', 'monthlyFee': 21.6, 'addProvince': '', 'amount': 6000.0, 'address': '上海市浦东新区龙阳路幸福村520号', 'irr': '18.00', 'addDistrict': '', 'addCity': '', 'annualIntRate': 6.2, 'addDetail': '上海市浦东新区龙阳路幸福村520号', 'phone': '16601135594', 'insAmount': 6139.2, 'name': '沈斌', 'postCode': '200436'}}
[2022-01-13 10:44:04,596] - [INFO] - 投保资料查询成功！
[2022-01-13 10:44:04,597] - [INFO] - 投保接口
[2022-01-13 10:44:04,597] - [INFO] - http://10.1.14.106:27405/channel/apitest/QFIN/INSURE
[2022-01-13 10:44:04,597] - [INFO] - 请求报文：{'agentNo': 'TianCheng', 'agentName': '甜橙保代', 'loanReqNo': '202201131044036611101', 'insReqNo': '202201131044036611101', 'name': '沈斌', 'idNo': '612425199601106448', 'phone': '16601135594', 'amount': 6000, 'periods': '3', 'purpose': '07', 'premiumRate': 1.66, 'insurantName': '韦艺翠', 'insurantAdd': '上海市浦东新区龙阳路幸福村520号', 'postCode': '110016', 'productId': '7015', 'loanAmount': 6000}
[2022-01-13 10:44:04,710] - [INFO] - 响应报文：{'result': True, 'code': 200, 'msg': 'SUCCESS!', 'data': {'insReqNo': '3272517036045836', 'errorCode': '', 'loanReqNo': '', 'errorMsg': '', 'status': '01'}}
[2022-01-13 10:44:04,711] - [INFO] - 已受理，处理中！
[2022-01-13 10:44:04,711] - [INFO] - 支用接口
[2022-01-13 10:44:04,712] - [INFO] - http://10.1.14.106:27405/channel/apitest/QFIN/DISBURSE
[2022-01-13 10:44:04,712] - [INFO] - 请求报文：{'channelCustId': '', 'loanReqNo': '202201131044036611101', 'idNo': '612425199601106448', 'insuranceNo': '202201131044036611101', 'phone': '16601135594', 'loanAmount': 6000, 'productId': '7015', 'name': '沈斌', 'spelling': 'CHENPI', 'sex': '01', 'nationality': '中国', 'nation': '汉族', 'birthday': '1991/01/08', 'idType': '00', 'idAddress': '上海市浦东新区龙阳路幸福村520号', 'idStartDate': '2015/10/08', 'idEndDate': '2025/10/08', 'idOffice': '杭州市公安局江干区分局', 'marriage': '03', 'education': '06', 'children': '00', 'supplyPeople': 0, 'house': '00', 'addProvince': '', 'addCity': '', 'addDistrict': '', 'addDetail': '', 'industry': 'C', 'profession': '18', 'workplaceName': '大地保险公司', 'workTel': '13196853698', 'workProvince': '', 'workCity': '', 'workDistrict': '', 'workDetailAdd': '学院路100号小杨制造厂', 'workAge': 10, 'income': '02', 'school': '清华大学', 'email': '1264311721@hrtx.com', 'contacts': [{'relation': '00', 'name': '哈利路亚', 'phoneNo': '18968523600'}], 'bankCard': '6214660113104403', 'bankName': '中国农业银行', 'bankPhone': '16601135594', 'applyProvince': '', 'applyCity': '', 'applyDistrict': '', 'periods': '3', 'purpose': '07', 'direction': '', 'payType': '01', 'payMerchantNo': '', 'authFlag': '01', 'deviceDetail': {'deviceId': '', 'mac': 'NONE', 'longitude': '23.232653', 'latitude': '88.369689', 'gpsCity': '', 'ip': '192.3.46.57', 'ipCity': '', 'oS': ''}, 'docDate': '', 'channelDetail': {'capitalCode': 'FBBANK', 'custGrde': 18, 'payType': '03', 'applyEntry': '03', 'creditDuration': '2020/03/02', 'faceRecoType': '01', 'faceRecoScore': 66, 'currLimit': 20000.0, 'currRemainLimit': 20000.0, 'firstLoanFlag': 'N', 'settleLoanNum': 1, 'unsettleLoanLimit': 1, 'unsettleLoanNum': 1.66, 'longestOverPeriod': 1, 'applyLevel360': 100, 'actionLevel360': 100, 'realFaceCheckResult': '1', 'citizenshipCheckResult': '1', 'bankCheckResult': '1', 'telcoCheckResult': '1'}, 'custGrde': 18}
[2022-01-13 10:44:05,079] - [INFO] - 响应报文：{'result': True, 'code': 200, 'msg': 'SUCCESS!', 'data': {'channelCustId': '', 'errorCode': '', 'errorMsg': '', 'loanApplyNo': '202201130000000008', 'loanReqNo': '202201131044036611101', 'status': '01'}}
[2022-01-13 10:44:05,080] - [INFO] - 放款受理成功，处理中！
[2022-01-13 10:44:05,080] - [INFO] - 
                        姓名：沈斌
                        身份证号：612425199601106448
                        手机号：16601135594
                        借款金额:6000
                        借款期次:3
                        loanReqNo:202201131044036611101
                    
[2022-01-13 10:44:05,084] - [INFO] - 投保信息接口
[2022-01-13 10:44:05,084] - [INFO] - http://10.1.14.106:27405/channel/apitest/QFIN/INSURE_INFO
[2022-01-13 10:44:05,085] - [INFO] - 请求报文：{'channelCustId': '', 'name': '诸之', 'insuranceNo': '202201131044056612021', 'idNo': '142431199112079009', 'idAddress': '上海市浦东新区龙阳路幸福村520号', 'phone': '16601139427', 'amount': 6000, 'periods': '3', 'purpose': '07', 'capitalCode': 'FBBANK', 'custGrde': 18, 'email': '1264311721@hrtx.com', 'contactPhone': '18968523600', 'callbackUrl': 'https://www.baidu.com'}
[2022-01-13 10:44:05,179] - [INFO] - 响应报文：{'result': True, 'code': 200, 'msg': 'SUCCESS!', 'data': {'channelCustId': '', 'errorCode': '', 'errorMsg': '', 'insurUrl': 'https://test.95590.cn/openui_st/h5/?navStyle=hideLight#/application?env=sit&loanReqNo=202201131044056612021&lp=20220113104405190000033002', 'insuranceNo': '202201131044056612021', 'status': '01'}}
[2022-01-13 10:44:05,180] - [INFO] - 投保信息接口成功！
[2022-01-13 10:44:05,180] - [INFO] - 投保资料查询接口
[2022-01-13 10:44:05,180] - [INFO] - http://10.1.14.106:27405/channel/apitest/QFIN/INSURE_DATA_QUERY
[2022-01-13 10:44:05,181] - [INFO] - 请求报文：{'loanReqNo': '202201131044056612021', 'token': '20220113104405190000033002'}
[2022-01-13 10:44:05,246] - [INFO] - 响应报文：{'result': True, 'code': 200, 'msg': 'SUCCESS!', 'data': {'discountRate': 0, 'insurantName': '富邦华一银行', 'purpose': '07', 'premiumRate': 0.352, 'loanReqNo': '202201131044056612021', 'premiumExcTax': 20.38, 'idNo': '142431199112079009', 'phoneNo': '18968523600', 'insurantAdd': '上海市静安区高平路478号', 'claimPeriod': '50', 'periods': 3, 'taxFee': 1.22, 'email': '1264311721@hrtx.com', 'monthlyFee': 21.6, 'addProvince': '', 'amount': 6000.0, 'address': '上海市浦东新区龙阳路幸福村520号', 'irr': '18.00', 'addDistrict': '', 'addCity': '', 'annualIntRate': 6.2, 'addDetail': '上海市浦东新区龙阳路幸福村520号', 'phone': '16601139427', 'insAmount': 6139.2, 'name': '诸之', 'postCode': '200436'}}
[2022-01-13 10:44:05,247] - [INFO] - 投保资料查询成功！
[2022-01-13 10:44:05,247] - [INFO] - 投保接口
[2022-01-13 10:44:05,248] - [INFO] - http://10.1.14.106:27405/channel/apitest/QFIN/INSURE
[2022-01-13 10:44:05,249] - [INFO] - 请求报文：{'agentNo': 'TianCheng', 'agentName': '甜橙保代', 'loanReqNo': '202201131044056612021', 'insReqNo': '202201131044056612021', 'name': '诸之', 'idNo': '142431199112079009', 'phone': '16601139427', 'amount': 6000, 'periods': '3', 'purpose': '07', 'premiumRate': 1.66, 'insurantName': '韦艺翠', 'insurantAdd': '上海市浦东新区龙阳路幸福村520号', 'postCode': '110016', 'productId': '7015', 'loanAmount': 6000}
[2022-01-13 10:44:05,313] - [INFO] - 响应报文：{'result': True, 'code': 200, 'msg': 'SUCCESS!', 'data': {'insReqNo': '2717531130707677', 'errorCode': '', 'loanReqNo': '', 'errorMsg': '', 'status': '01'}}
[2022-01-13 10:44:05,314] - [INFO] - 已受理，处理中！
[2022-01-13 10:44:05,315] - [INFO] - 支用接口
[2022-01-13 10:44:05,315] - [INFO] - http://10.1.14.106:27405/channel/apitest/QFIN/DISBURSE
[2022-01-13 10:44:05,315] - [INFO] - 请求报文：{'channelCustId': '', 'loanReqNo': '202201131044056612021', 'idNo': '142431199112079009', 'insuranceNo': '202201131044056612021', 'phone': '16601139427', 'loanAmount': 6000, 'productId': '7015', 'name': '诸之', 'spelling': 'CHENPI', 'sex': '01', 'nationality': '中国', 'nation': '汉族', 'birthday': '1991/01/08', 'idType': '00', 'idAddress': '上海市浦东新区龙阳路幸福村520号', 'idStartDate': '2015/10/08', 'idEndDate': '2025/10/08', 'idOffice': '杭州市公安局江干区分局', 'marriage': '03', 'education': '06', 'children': '00', 'supplyPeople': 0, 'house': '00', 'addProvince': '', 'addCity': '', 'addDistrict': '', 'addDetail': '', 'industry': 'C', 'profession': '18', 'workplaceName': '大地保险公司', 'workTel': '13196853698', 'workProvince': '', 'workCity': '', 'workDistrict': '', 'workDetailAdd': '学院路100号小杨制造厂', 'workAge': 10, 'income': '02', 'school': '清华大学', 'email': '1264311721@hrtx.com', 'contacts': [{'relation': '00', 'name': '哈利路亚', 'phoneNo': '18968523600'}], 'bankCard': '6214660113104405', 'bankName': '中国农业银行', 'bankPhone': '16601139427', 'applyProvince': '', 'applyCity': '', 'applyDistrict': '', 'periods': '3', 'purpose': '07', 'direction': '', 'payType': '01', 'payMerchantNo': '', 'authFlag': '01', 'deviceDetail': {'deviceId': '', 'mac': 'NONE', 'longitude': '23.232653', 'latitude': '88.369689', 'gpsCity': '', 'ip': '192.3.46.57', 'ipCity': '', 'oS': ''}, 'docDate': '', 'channelDetail': {'capitalCode': 'FBBANK', 'custGrde': 18, 'payType': '03', 'applyEntry': '03', 'creditDuration': '2020/03/02', 'faceRecoType': '01', 'faceRecoScore': 66, 'currLimit': 20000.0, 'currRemainLimit': 20000.0, 'firstLoanFlag': 'N', 'settleLoanNum': 1, 'unsettleLoanLimit': 1, 'unsettleLoanNum': 1.66, 'longestOverPeriod': 1, 'applyLevel360': 100, 'actionLevel360': 100, 'realFaceCheckResult': '1', 'citizenshipCheckResult': '1', 'bankCheckResult': '1', 'telcoCheckResult': '1'}, 'custGrde': 18}
[2022-01-13 10:44:05,472] - [INFO] - 响应报文：{'result': True, 'code': 200, 'msg': 'SUCCESS!', 'data': {'channelCustId': '', 'errorCode': '', 'errorMsg': '', 'loanApplyNo': '202201130000000009', 'loanReqNo': '202201131044056612021', 'status': '01'}}
[2022-01-13 10:44:05,473] - [INFO] - 放款受理成功，处理中！
[2022-01-13 10:44:05,474] - [INFO] - 
                        姓名：诸之
                        身份证号：142431199112079009
                        手机号：16601139427
                        借款金额:6000
                        借款期次:3
                        loanReqNo:202201131044056612021
                    
[2022-01-13 10:44:05,477] - [INFO] - 投保信息接口
[2022-01-13 10:44:05,477] - [INFO] - http://10.1.14.106:27405/channel/apitest/QFIN/INSURE_INFO
[2022-01-13 10:44:05,478] - [INFO] - 请求报文：{'channelCustId': '', 'name': '景好坚', 'insuranceNo': '202201131044056661041', 'idNo': '331082199206077429', 'idAddress': '上海市浦东新区龙阳路幸福村520号', 'phone': '16601138393', 'amount': 6000, 'periods': '3', 'purpose': '07', 'capitalCode': 'FBBANK', 'custGrde': 18, 'email': '1264311721@hrtx.com', 'contactPhone': '18968523600', 'callbackUrl': 'https://www.baidu.com'}
[2022-01-13 10:44:05,562] - [INFO] - 响应报文：{'result': True, 'code': 200, 'msg': 'SUCCESS!', 'data': {'channelCustId': '', 'errorCode': '', 'errorMsg': '', 'insurUrl': 'https://test.95590.cn/openui_st/h5/?navStyle=hideLight#/application?env=sit&loanReqNo=202201131044056661041&lp=20220113104405577000033003', 'insuranceNo': '202201131044056661041', 'status': '01'}}
[2022-01-13 10:44:05,563] - [INFO] - 投保信息接口成功！
[2022-01-13 10:44:05,564] - [INFO] - 投保资料查询接口
[2022-01-13 10:44:05,564] - [INFO] - http://10.1.14.106:27405/channel/apitest/QFIN/INSURE_DATA_QUERY
[2022-01-13 10:44:05,564] - [INFO] - 请求报文：{'loanReqNo': '202201131044056661041', 'token': '20220113104405577000033003'}
[2022-01-13 10:44:05,634] - [INFO] - 响应报文：{'result': True, 'code': 200, 'msg': 'SUCCESS!', 'data': {'discountRate': 0, 'insurantName': '富邦华一银行', 'purpose': '07', 'premiumRate': 0.352, 'loanReqNo': '202201131044056661041', 'premiumExcTax': 20.38, 'idNo': '331082199206077429', 'phoneNo': '18968523600', 'insurantAdd': '上海市静安区高平路478号', 'claimPeriod': '50', 'periods': 3, 'taxFee': 1.22, 'email': '1264311721@hrtx.com', 'monthlyFee': 21.6, 'addProvince': '', 'amount': 6000.0, 'address': '上海市浦东新区龙阳路幸福村520号', 'irr': '18.00', 'addDistrict': '', 'addCity': '', 'annualIntRate': 6.2, 'addDetail': '上海市浦东新区龙阳路幸福村520号', 'phone': '16601138393', 'insAmount': 6139.2, 'name': '景好坚', 'postCode': '200436'}}
[2022-01-13 10:44:05,635] - [INFO] - 投保资料查询成功！
[2022-01-13 10:44:05,636] - [INFO] - 投保接口
[2022-01-13 10:44:05,636] - [INFO] - http://10.1.14.106:27405/channel/apitest/QFIN/INSURE
[2022-01-13 10:44:05,637] - [INFO] - 请求报文：{'agentNo': 'TianCheng', 'agentName': '甜橙保代', 'loanReqNo': '202201131044056661041', 'insReqNo': '202201131044056661041', 'name': '景好坚', 'idNo': '331082199206077429', 'phone': '16601138393', 'amount': 6000, 'periods': '3', 'purpose': '07', 'premiumRate': 1.66, 'insurantName': '韦艺翠', 'insurantAdd': '上海市浦东新区龙阳路幸福村520号', 'postCode': '110016', 'productId': '7015', 'loanAmount': 6000}
[2022-01-13 10:44:05,714] - [INFO] - 响应报文：{'result': True, 'code': 200, 'msg': 'SUCCESS!', 'data': {'insReqNo': '7715685316543723', 'errorCode': '', 'loanReqNo': '', 'errorMsg': '', 'status': '01'}}
[2022-01-13 10:44:05,715] - [INFO] - 已受理，处理中！
[2022-01-13 10:44:05,715] - [INFO] - 支用接口
[2022-01-13 10:44:05,715] - [INFO] - http://10.1.14.106:27405/channel/apitest/QFIN/DISBURSE
[2022-01-13 10:44:05,716] - [INFO] - 请求报文：{'channelCustId': '', 'loanReqNo': '202201131044056661041', 'idNo': '331082199206077429', 'insuranceNo': '202201131044056661041', 'phone': '16601138393', 'loanAmount': 6000, 'productId': '7015', 'name': '景好坚', 'spelling': 'CHENPI', 'sex': '01', 'nationality': '中国', 'nation': '汉族', 'birthday': '1991/01/08', 'idType': '00', 'idAddress': '上海市浦东新区龙阳路幸福村520号', 'idStartDate': '2015/10/08', 'idEndDate': '2025/10/08', 'idOffice': '杭州市公安局江干区分局', 'marriage': '03', 'education': '06', 'children': '00', 'supplyPeople': 0, 'house': '00', 'addProvince': '', 'addCity': '', 'addDistrict': '', 'addDetail': '', 'industry': 'C', 'profession': '18', 'workplaceName': '大地保险公司', 'workTel': '13196853698', 'workProvince': '', 'workCity': '', 'workDistrict': '', 'workDetailAdd': '学院路100号小杨制造厂', 'workAge': 10, 'income': '02', 'school': '清华大学', 'email': '1264311721@hrtx.com', 'contacts': [{'relation': '00', 'name': '哈利路亚', 'phoneNo': '18968523600'}], 'bankCard': '6214660113104405', 'bankName': '中国农业银行', 'bankPhone': '16601138393', 'applyProvince': '', 'applyCity': '', 'applyDistrict': '', 'periods': '3', 'purpose': '07', 'direction': '', 'payType': '01', 'payMerchantNo': '', 'authFlag': '01', 'deviceDetail': {'deviceId': '', 'mac': 'NONE', 'longitude': '23.232653', 'latitude': '88.369689', 'gpsCity': '', 'ip': '192.3.46.57', 'ipCity': '', 'oS': ''}, 'docDate': '', 'channelDetail': {'capitalCode': 'FBBANK', 'custGrde': 18, 'payType': '03', 'applyEntry': '03', 'creditDuration': '2020/03/02', 'faceRecoType': '01', 'faceRecoScore': 66, 'currLimit': 20000.0, 'currRemainLimit': 20000.0, 'firstLoanFlag': 'N', 'settleLoanNum': 1, 'unsettleLoanLimit': 1, 'unsettleLoanNum': 1.66, 'longestOverPeriod': 1, 'applyLevel360': 100, 'actionLevel360': 100, 'realFaceCheckResult': '1', 'citizenshipCheckResult': '1', 'bankCheckResult': '1', 'telcoCheckResult': '1'}, 'custGrde': 18}
[2022-01-13 10:44:05,802] - [INFO] - 响应报文：{'result': True, 'code': 200, 'msg': 'SUCCESS!', 'data': {'channelCustId': '', 'errorCode': '', 'errorMsg': '', 'loanApplyNo': '202201130000000010', 'loanReqNo': '202201131044056661041', 'status': '01'}}
[2022-01-13 10:44:05,803] - [INFO] - 放款受理成功，处理中！
[2022-01-13 10:44:05,803] - [INFO] - 
                        姓名：景好坚
                        身份证号：331082199206077429
                        手机号：16601138393
                        借款金额:6000
                        借款期次:3
                        loanReqNo:202201131044056661041
                    
[2022-01-13 10:44:17,353] - [INFO] - 投保信息接口
[2022-01-13 10:44:17,353] - [INFO] - http://10.1.14.106:27405/channel/apitest/HUANBEI/INSURE_INFO
[2022-01-13 10:44:17,354] - [INFO] - 请求报文：{'channelCustId': '', 'loanReqNo': '202201131044176628117', 'capitalCode': 'FBBANK', 'custGrde': 18, 'name': '山贝岚', 'idNo': '142328199707312910', 'phone': '16601131022', 'amount': 3000, 'periods': '6', 'purpose': '01', 'addProvince': '110000', 'addCity': '110000', 'addDistrict': '110101', 'addDetail': '学霸路学渣小区1314弄520号', 'email': 'ybhdsg@hrtx.com', 'contactPhone': 'contactPhone', 'loanRate': 20.0, 'discountRate': 18}
[2022-01-13 10:44:17,524] - [INFO] - 响应报文：{'result': True, 'code': 200, 'msg': 'SUCCESS!', 'data': {'channelCustId': '', 'errorCode': '', 'errorMsg': '', 'insurAgencyUrl': 'https://test-h5.dsibc.com/market/detail?productCode=1059901&env=sit&loanReqNo=202201131044176628117&lp=20220113104417536000033004', 'loanApplyNo': '202201131044176628117', 'loanReqNo': '202201131044176628117'}}
[2022-01-13 10:44:17,525] - [INFO] - 投保信息接口成功！
[2022-01-13 10:44:17,526] - [INFO] - 投保资料查询接口
[2022-01-13 10:44:17,526] - [INFO] - http://10.1.14.106:27405/channel/apitest/HUANBEI/INSURE_DATA_QUERY
[2022-01-13 10:44:17,526] - [INFO] - 请求报文：{'loanReqNo': '202201131044176628117', 'token': '20220113104417536000033004'}
[2022-01-13 10:44:17,590] - [INFO] - 响应报文：{'result': True, 'code': 200, 'msg': 'SUCCESS!', 'data': {'discountRate': 0, 'insurantName': '富邦华一银行', 'purpose': '01', 'premiumRate': 0.57, 'loanReqNo': '202201131044176628117', 'premiumExcTax': 16.5, 'idNo': '142328199707312910', 'phoneNo': 'contactPhone', 'insurantAdd': '上海市静安区高平路478号', 'claimPeriod': '50', 'periods': 6, 'taxFee': 0.99, 'email': 'ybhdsg@hrtx.com', 'monthlyFee': 17.49, 'addProvince': '110000', 'amount': 3000.0, 'address': '北京市北京市东城区学霸路学渣小区1314弄520号', 'irr': '18.00', 'addDistrict': '110101', 'addCity': '110000', 'annualIntRate': 6.2, 'addDetail': '学霸路学渣小区1314弄520号', 'phone': '16601131022', 'insAmount': 3069.6, 'name': '山贝岚', 'postCode': '200436'}}
[2022-01-13 10:44:17,591] - [INFO] - 投保资料查询成功！
[2022-01-13 10:44:17,591] - [INFO] - 投保接口
[2022-01-13 10:44:17,591] - [INFO] - http://10.1.14.106:27405/channel/apitest/HUANBEI/INSURE
[2022-01-13 10:44:17,591] - [INFO] - 请求报文：{'agentNo': 'DingSheng', 'agentName': '鼎盛保险经纪', 'loanReqNo': '202201131044176628117', 'insReqNo': '202201131044176628117', 'name': '山贝岚', 'idNo': '142328199707312910', 'phone': '16601131022', 'amount': 3000, 'periods': '6', 'purpose': '01', 'premiumRate': 0.57, 'insurantName': '哑巴湖大水怪', 'insurantAdd': '被保险人通讯地址', 'postCode': '110016', 'version': '', 'docVersion': ''}
[2022-01-13 10:44:17,651] - [INFO] - 响应报文：{'result': True, 'code': 200, 'msg': 'SUCCESS!', 'data': {'insReqNo': '1514303884806848', 'errorCode': '', 'loanReqNo': '202201131044176628117', 'errorMsg': '', 'status': '01'}}
[2022-01-13 10:44:17,651] - [INFO] - 已受理，处理中！
[2022-01-13 10:44:17,652] - [INFO] - 支用接口
[2022-01-13 10:44:17,652] - [INFO] - http://10.1.14.106:27405/channel/apitest/HUANBEI/DISBURSE
[2022-01-13 10:44:17,652] - [INFO] - 请求报文：{'channelCustId': '', 'loanReqNo': '202201131044176628117', 'loanRate': 20.0, 'discountRate': 18, 'name': '山贝岚', 'spelling': 'LAIJING', 'sex': '00', 'nationality': '中国', 'nation': '汉族', 'birthday': '1993/12/12', 'idType': '00', 'loanAmount': 3000, 'periods': '6', 'phone': '16601131022', 'idNo': '142328199707312910', 'idStartDate': '2015/10/08', 'idEndDate': '2025/10/08', 'idOffice': '上海市崇明区太上皇路888弄001号', 'marriage': '00', 'children': '01', 'supplyPeople': 0, 'house': '09', 'addProvince': '110000', 'addCity': '110000', 'addDistrict': '110101', 'addDetail': '学霸路学渣小区250弄38号', 'industry': 'C', 'profession': '01', 'workplaceName': '中国大地保险公司', 'workTel': '0521-11122844', 'workProvince': '上海市', 'workCity': '上海市', 'workDistrict': '浦东新区', 'workDetailAdd': '证大五道口1199弄', 'workAge': 5, 'income': '02', 'education': '05', 'school': '哈弗大学', 'email': 'ybhdsg@hrtx.com', 'bankCard': '6214660113104417', 'bankName': '建设银行', 'bankPhone': '16601131022', 'applyProvince': '110000', 'applyCity': '110000', 'applyDistrict': '110101', 'purpose': '01', 'direction': '04', 'payType': '00', 'payMerchantNo': '', 'authFlag': '01', 'capitalCode': 'FBBANK', 'agrSignTime': '20200506175500', 'docDate': '', 'contacts': [{'relation': '01', 'name': '鼎盛一', 'phoneNo': '17613148801'}, {'relation': '00', 'name': '鼎盛二', 'phoneNo': '17613148802'}], 'deviceDetail': {'deviceId': '646876135467846554646', 'mac': 'NONE', 'longitude': '162.357159', 'latitude': '63.589634', 'gpsCity': '上海市', 'ip': '192.3.46.57', 'ipCity': '上海市', 'oS': 'ios'}, 'channelDetail': {'custGrade': 18, 'obtainCustType': '01', 'faceType': '01', 'faceScore': 70, 'verifyResult': '01', 'fourElementsResult': '01', 'limitDate': '2020/05/06', 'limit': 20000.0, 'balanceLimit': 20000.0, 'isFirstDisburse': 'Y', 'settleLoanCounts': 1, 'unclearedLoanCnts': 1, 'unclearedLoanBaln': 0, 'overdueD3Days': 'N', 'maxOverdueDays': 14, 'overdueDays': 4, 'overdueD3Cnts': 1, 'isCurrentOverdue': 'N', 'firstRepayOdCnts': 1, 'beforeLoanSocre': '', 'midLoanSocre': '', 'afterLoanSocre': '', 'custGrde': 18}}
[2022-01-13 10:44:18,062] - [INFO] - 响应报文：{'result': True, 'code': 200, 'msg': 'SUCCESS!', 'data': {'channelCustId': '', 'errorCode': '', 'errorMsg': '', 'loanApplyNo': '202201130000000011', 'loanReqNo': '202201131044176628117', 'status': '01'}}
[2022-01-13 10:44:18,063] - [INFO] - 支用受理成功，处理中！
[2022-01-13 10:44:23,073] - [INFO] - 投保信息接口
[2022-01-13 10:44:23,074] - [INFO] - http://10.1.14.106:27405/channel/apitest/HUANBEI/INSURE_INFO
[2022-01-13 10:44:23,075] - [INFO] - 请求报文：{'channelCustId': '', 'loanReqNo': '202201131044236643152', 'capitalCode': 'FBBANK', 'custGrde': 18, 'name': '卢中慧', 'idNo': '622927199301069405', 'phone': '16601136204', 'amount': 3000, 'periods': '6', 'purpose': '01', 'addProvince': '110000', 'addCity': '110000', 'addDistrict': '110101', 'addDetail': '学霸路学渣小区1314弄520号', 'email': 'ybhdsg@hrtx.com', 'contactPhone': 'contactPhone', 'loanRate': 20.0, 'discountRate': 18}
[2022-01-13 10:44:23,171] - [INFO] - 响应报文：{'result': True, 'code': 200, 'msg': 'SUCCESS!', 'data': {'channelCustId': '', 'errorCode': '', 'errorMsg': '', 'insurAgencyUrl': 'https://test-h5.dsibc.com/market/detail?productCode=1059901&env=sit&loanReqNo=202201131044236643152&lp=20220113104423183000033005', 'loanApplyNo': '202201131044236643152', 'loanReqNo': '202201131044236643152'}}
[2022-01-13 10:44:23,172] - [INFO] - 投保信息接口成功！
[2022-01-13 10:44:23,172] - [INFO] - 投保资料查询接口
[2022-01-13 10:44:23,172] - [INFO] - http://10.1.14.106:27405/channel/apitest/HUANBEI/INSURE_DATA_QUERY
[2022-01-13 10:44:23,173] - [INFO] - 请求报文：{'loanReqNo': '202201131044236643152', 'token': '20220113104423183000033005'}
[2022-01-13 10:44:23,235] - [INFO] - 响应报文：{'result': True, 'code': 200, 'msg': 'SUCCESS!', 'data': {'discountRate': 0, 'insurantName': '富邦华一银行', 'purpose': '01', 'premiumRate': 0.57, 'loanReqNo': '202201131044236643152', 'premiumExcTax': 16.5, 'idNo': '622927199301069405', 'phoneNo': 'contactPhone', 'insurantAdd': '上海市静安区高平路478号', 'claimPeriod': '50', 'periods': 6, 'taxFee': 0.99, 'email': 'ybhdsg@hrtx.com', 'monthlyFee': 17.49, 'addProvince': '110000', 'amount': 3000.0, 'address': '北京市北京市东城区学霸路学渣小区1314弄520号', 'irr': '18.00', 'addDistrict': '110101', 'addCity': '110000', 'annualIntRate': 6.2, 'addDetail': '学霸路学渣小区1314弄520号', 'phone': '16601136204', 'insAmount': 3069.6, 'name': '卢中慧', 'postCode': '200436'}}
[2022-01-13 10:44:23,237] - [INFO] - 投保资料查询成功！
[2022-01-13 10:44:23,237] - [INFO] - 投保接口
[2022-01-13 10:44:23,238] - [INFO] - http://10.1.14.106:27405/channel/apitest/HUANBEI/INSURE
[2022-01-13 10:44:23,238] - [INFO] - 请求报文：{'agentNo': 'DingSheng', 'agentName': '鼎盛保险经纪', 'loanReqNo': '202201131044236643152', 'insReqNo': '202201131044236643152', 'name': '卢中慧', 'idNo': '622927199301069405', 'phone': '16601136204', 'amount': 3000, 'periods': '6', 'purpose': '01', 'premiumRate': 0.57, 'insurantName': '哑巴湖大水怪', 'insurantAdd': '被保险人通讯地址', 'postCode': '110016', 'version': '', 'docVersion': ''}
[2022-01-13 10:44:23,304] - [INFO] - 响应报文：{'result': True, 'code': 200, 'msg': 'SUCCESS!', 'data': {'insReqNo': '5605123338838046', 'errorCode': '', 'loanReqNo': '202201131044236643152', 'errorMsg': '', 'status': '01'}}
[2022-01-13 10:44:23,304] - [INFO] - 已受理，处理中！
[2022-01-13 10:44:23,305] - [INFO] - 支用接口
[2022-01-13 10:44:23,305] - [INFO] - http://10.1.14.106:27405/channel/apitest/HUANBEI/DISBURSE
[2022-01-13 10:44:23,305] - [INFO] - 请求报文：{'channelCustId': '', 'loanReqNo': '202201131044236643152', 'loanRate': 20.0, 'discountRate': 18, 'name': '卢中慧', 'spelling': 'LAIJING', 'sex': '00', 'nationality': '中国', 'nation': '汉族', 'birthday': '1993/12/12', 'idType': '00', 'loanAmount': 3000, 'periods': '6', 'phone': '16601136204', 'idNo': '622927199301069405', 'idStartDate': '2015/10/08', 'idEndDate': '2025/10/08', 'idOffice': '上海市崇明区太上皇路888弄001号', 'marriage': '00', 'children': '01', 'supplyPeople': 0, 'house': '09', 'addProvince': '110000', 'addCity': '110000', 'addDistrict': '110101', 'addDetail': '学霸路学渣小区250弄38号', 'industry': 'C', 'profession': '01', 'workplaceName': '中国大地保险公司', 'workTel': '0521-11122844', 'workProvince': '上海市', 'workCity': '上海市', 'workDistrict': '浦东新区', 'workDetailAdd': '证大五道口1199弄', 'workAge': 5, 'income': '02', 'education': '05', 'school': '哈弗大学', 'email': 'ybhdsg@hrtx.com', 'bankCard': '6214660113104423', 'bankName': '建设银行', 'bankPhone': '16601136204', 'applyProvince': '110000', 'applyCity': '110000', 'applyDistrict': '110101', 'purpose': '01', 'direction': '04', 'payType': '00', 'payMerchantNo': '', 'authFlag': '01', 'capitalCode': 'FBBANK', 'agrSignTime': '20200506175500', 'docDate': '', 'contacts': [{'relation': '01', 'name': '鼎盛一', 'phoneNo': '17613148801'}, {'relation': '00', 'name': '鼎盛二', 'phoneNo': '17613148802'}], 'deviceDetail': {'deviceId': '646876135467846554646', 'mac': 'NONE', 'longitude': '162.357159', 'latitude': '63.589634', 'gpsCity': '上海市', 'ip': '192.3.46.57', 'ipCity': '上海市', 'oS': 'ios'}, 'channelDetail': {'custGrade': 18, 'obtainCustType': '01', 'faceType': '01', 'faceScore': 70, 'verifyResult': '01', 'fourElementsResult': '01', 'limitDate': '2020/05/06', 'limit': 20000.0, 'balanceLimit': 20000.0, 'isFirstDisburse': 'Y', 'settleLoanCounts': 1, 'unclearedLoanCnts': 1, 'unclearedLoanBaln': 0, 'overdueD3Days': 'N', 'maxOverdueDays': 14, 'overdueDays': 4, 'overdueD3Cnts': 1, 'isCurrentOverdue': 'N', 'firstRepayOdCnts': 1, 'beforeLoanSocre': '', 'midLoanSocre': '', 'afterLoanSocre': '', 'custGrde': 18}}
[2022-01-13 10:44:23,405] - [INFO] - 响应报文：{'result': True, 'code': 200, 'msg': 'SUCCESS!', 'data': {'channelCustId': '', 'errorCode': '', 'errorMsg': '', 'loanApplyNo': '202201130000000012', 'loanReqNo': '202201131044236643152', 'status': '01'}}
[2022-01-13 10:44:23,405] - [INFO] - 支用受理成功，处理中！
[2022-01-13 10:44:28,414] - [INFO] - 投保信息接口
[2022-01-13 10:44:28,415] - [INFO] - http://10.1.14.106:27405/channel/apitest/HUANBEI/INSURE_INFO
[2022-01-13 10:44:28,416] - [INFO] - 请求报文：{'channelCustId': '', 'loanReqNo': '202201131044286641693', 'capitalCode': 'FBBANK', 'custGrde': 18, 'name': '苗被翔', 'idNo': '372330199407017332', 'phone': '16601136775', 'amount': 3000, 'periods': '6', 'purpose': '01', 'addProvince': '110000', 'addCity': '110000', 'addDistrict': '110101', 'addDetail': '学霸路学渣小区1314弄520号', 'email': 'ybhdsg@hrtx.com', 'contactPhone': 'contactPhone', 'loanRate': 20.0, 'discountRate': 18}
[2022-01-13 10:44:28,510] - [INFO] - 响应报文：{'result': True, 'code': 200, 'msg': 'SUCCESS!', 'data': {'channelCustId': '', 'errorCode': '', 'errorMsg': '', 'insurAgencyUrl': 'https://test-h5.dsibc.com/market/detail?productCode=1059901&env=sit&loanReqNo=202201131044286641693&lp=20220113104428519000033006', 'loanApplyNo': '202201131044286641693', 'loanReqNo': '202201131044286641693'}}
[2022-01-13 10:44:28,512] - [INFO] - 投保信息接口成功！
[2022-01-13 10:44:28,512] - [INFO] - 投保资料查询接口
[2022-01-13 10:44:28,513] - [INFO] - http://10.1.14.106:27405/channel/apitest/HUANBEI/INSURE_DATA_QUERY
[2022-01-13 10:44:28,513] - [INFO] - 请求报文：{'loanReqNo': '202201131044286641693', 'token': '20220113104428519000033006'}
[2022-01-13 10:44:28,579] - [INFO] - 响应报文：{'result': True, 'code': 200, 'msg': 'SUCCESS!', 'data': {'discountRate': 0, 'insurantName': '富邦华一银行', 'purpose': '01', 'premiumRate': 0.57, 'loanReqNo': '202201131044286641693', 'premiumExcTax': 16.5, 'idNo': '372330199407017332', 'phoneNo': 'contactPhone', 'insurantAdd': '上海市静安区高平路478号', 'claimPeriod': '50', 'periods': 6, 'taxFee': 0.99, 'email': 'ybhdsg@hrtx.com', 'monthlyFee': 17.49, 'addProvince': '110000', 'amount': 3000.0, 'address': '北京市北京市东城区学霸路学渣小区1314弄520号', 'irr': '18.00', 'addDistrict': '110101', 'addCity': '110000', 'annualIntRate': 6.2, 'addDetail': '学霸路学渣小区1314弄520号', 'phone': '16601136775', 'insAmount': 3069.6, 'name': '苗被翔', 'postCode': '200436'}}
[2022-01-13 10:44:28,580] - [INFO] - 投保资料查询成功！
[2022-01-13 10:44:28,581] - [INFO] - 投保接口
[2022-01-13 10:44:28,581] - [INFO] - http://10.1.14.106:27405/channel/apitest/HUANBEI/INSURE
[2022-01-13 10:44:28,582] - [INFO] - 请求报文：{'agentNo': 'DingSheng', 'agentName': '鼎盛保险经纪', 'loanReqNo': '202201131044286641693', 'insReqNo': '202201131044286641693', 'name': '苗被翔', 'idNo': '372330199407017332', 'phone': '16601136775', 'amount': 3000, 'periods': '6', 'purpose': '01', 'premiumRate': 0.57, 'insurantName': '哑巴湖大水怪', 'insurantAdd': '被保险人通讯地址', 'postCode': '110016', 'version': '', 'docVersion': ''}
[2022-01-13 10:44:28,642] - [INFO] - 响应报文：{'result': True, 'code': 200, 'msg': 'SUCCESS!', 'data': {'insReqNo': '6128380361656223', 'errorCode': '', 'loanReqNo': '202201131044286641693', 'errorMsg': '', 'status': '01'}}
[2022-01-13 10:44:28,643] - [INFO] - 已受理，处理中！
[2022-01-13 10:44:28,643] - [INFO] - 支用接口
[2022-01-13 10:44:28,644] - [INFO] - http://10.1.14.106:27405/channel/apitest/HUANBEI/DISBURSE
[2022-01-13 10:44:28,644] - [INFO] - 请求报文：{'channelCustId': '', 'loanReqNo': '202201131044286641693', 'loanRate': 20.0, 'discountRate': 18, 'name': '苗被翔', 'spelling': 'LAIJING', 'sex': '00', 'nationality': '中国', 'nation': '汉族', 'birthday': '1993/12/12', 'idType': '00', 'loanAmount': 3000, 'periods': '6', 'phone': '16601136775', 'idNo': '372330199407017332', 'idStartDate': '2015/10/08', 'idEndDate': '2025/10/08', 'idOffice': '上海市崇明区太上皇路888弄001号', 'marriage': '00', 'children': '01', 'supplyPeople': 0, 'house': '09', 'addProvince': '110000', 'addCity': '110000', 'addDistrict': '110101', 'addDetail': '学霸路学渣小区250弄38号', 'industry': 'C', 'profession': '01', 'workplaceName': '中国大地保险公司', 'workTel': '0521-11122844', 'workProvince': '上海市', 'workCity': '上海市', 'workDistrict': '浦东新区', 'workDetailAdd': '证大五道口1199弄', 'workAge': 5, 'income': '02', 'education': '05', 'school': '哈弗大学', 'email': 'ybhdsg@hrtx.com', 'bankCard': '6214660113104428', 'bankName': '建设银行', 'bankPhone': '16601136775', 'applyProvince': '110000', 'applyCity': '110000', 'applyDistrict': '110101', 'purpose': '01', 'direction': '04', 'payType': '00', 'payMerchantNo': '', 'authFlag': '01', 'capitalCode': 'FBBANK', 'agrSignTime': '20200506175500', 'docDate': '', 'contacts': [{'relation': '01', 'name': '鼎盛一', 'phoneNo': '17613148801'}, {'relation': '00', 'name': '鼎盛二', 'phoneNo': '17613148802'}], 'deviceDetail': {'deviceId': '646876135467846554646', 'mac': 'NONE', 'longitude': '162.357159', 'latitude': '63.589634', 'gpsCity': '上海市', 'ip': '192.3.46.57', 'ipCity': '上海市', 'oS': 'ios'}, 'channelDetail': {'custGrade': 18, 'obtainCustType': '01', 'faceType': '01', 'faceScore': 70, 'verifyResult': '01', 'fourElementsResult': '01', 'limitDate': '2020/05/06', 'limit': 20000.0, 'balanceLimit': 20000.0, 'isFirstDisburse': 'Y', 'settleLoanCounts': 1, 'unclearedLoanCnts': 1, 'unclearedLoanBaln': 0, 'overdueD3Days': 'N', 'maxOverdueDays': 14, 'overdueDays': 4, 'overdueD3Cnts': 1, 'isCurrentOverdue': 'N', 'firstRepayOdCnts': 1, 'beforeLoanSocre': '', 'midLoanSocre': '', 'afterLoanSocre': '', 'custGrde': 18}}
[2022-01-13 10:44:28,732] - [INFO] - 响应报文：{'result': True, 'code': 200, 'msg': 'SUCCESS!', 'data': {'channelCustId': '', 'errorCode': '', 'errorMsg': '', 'loanApplyNo': '202201130000000013', 'loanReqNo': '202201131044286641693', 'status': '01'}}
[2022-01-13 10:44:28,733] - [INFO] - 支用受理成功，处理中！
[2022-01-13 10:44:44,727] - [INFO] - 投保信息接口
[2022-01-13 10:44:44,727] - [INFO] - http://10.1.14.106:27405/channel/apitest/PPDAI/INSURE_INFO
[2022-01-13 10:44:44,728] - [INFO] - 请求报文：{'channelCustId': '', 'insuranceNo': '202201131044446676636', 'name': '苏珠', 'idNo': '421081199002054343', 'idAddress': '浙江省杭州市江干区高教路119号', 'phone': '16601137265', 'amount': 6000, 'periods': '6', 'purpose': '01', 'capitalCode': 'FBBANK', 'custGrde': 20, 'email': 'ybhdsg@hrtx.com', 'contactPhone': '17613145209', 'callbackUrl': 'callbackUrl'}
[2022-01-13 10:44:44,960] - [INFO] - 响应报文：{'result': True, 'code': 200, 'msg': 'SUCCESS!', 'data': {'channelCustId': '', 'errorCode': '', 'errorMsg': '', 'insurUrl': 'https://test.95590.cn/openui_st/h5/#/paipai/application?env=sit&loanReqNo=202201131044446676636&lp=20220113104444970000033007', 'insuranceNo': '202201131044446676636', 'status': '01'}}
[2022-01-13 10:44:44,961] - [INFO] - 投保信息接口成功！
[2022-01-13 10:44:44,961] - [INFO] - 投保资料查询接口
[2022-01-13 10:44:44,961] - [INFO] - http://10.1.14.106:27405/channel/apitest/PPDAI/INSURE_DATA_QUERY
[2022-01-13 10:44:44,962] - [INFO] - 请求报文：{'loanReqNo': '202201131044446676636', 'token': '20220113104444970000033007'}
[2022-01-13 10:44:45,030] - [INFO] - 响应报文：{'result': True, 'code': 200, 'msg': 'SUCCESS!', 'data': {'discountRate': 0, 'insurantName': '富邦华一银行', 'purpose': '01', 'premiumRate': 0.668, 'loanReqNo': '202201131044446676636', 'premiumExcTax': 38.66, 'idNo': '421081199002054343', 'phoneNo': '17613145209', 'insurantAdd': '上海市静安区高平路478号', 'claimPeriod': '50', 'periods': 6, 'taxFee': 2.32, 'email': 'ybhdsg@hrtx.com', 'monthlyFee': 40.98, 'addProvince': '', 'amount': 6000.0, 'address': '浙江省杭州市江干区高教路119号', 'irr': '20.00', 'addDistrict': '', 'addCity': '', 'annualIntRate': 6.2, 'addDetail': '浙江省杭州市江干区高教路119号', 'phone': '16601137265', 'insAmount': 6139.2, 'name': '苏珠', 'postCode': '200436'}}
[2022-01-13 10:44:45,030] - [INFO] - 投保资料查询成功！
[2022-01-13 10:44:45,031] - [INFO] - 投保接口
[2022-01-13 10:44:45,031] - [INFO] - http://10.1.14.106:27405/channel/apitest/PPDAI/INSURE
[2022-01-13 10:44:45,032] - [INFO] - 请求报文：{'agentNo': '', 'agentName': '', 'loanReqNo': '202201131044446676636', 'insReqNo': '202201131044446676636', 'name': '苏珠', 'idNo': '421081199002054343', 'phone': '16601137265', 'amount': 6000, 'periods': '6', 'purpose': '01', 'premiumRate': 0.668, 'insurantName': '富邦华一银行', 'insurantAdd': '上海浦东新区1239号', 'postCode': '200300', 'version': 'ccic-001', 'docVersion': 'ccic-002'}
[2022-01-13 10:44:45,106] - [INFO] - 响应报文：{'result': True, 'code': 200, 'msg': 'SUCCESS!', 'data': {'insReqNo': '4030682484563223', 'errorCode': '', 'loanReqNo': '', 'errorMsg': '', 'status': '01'}}
[2022-01-13 10:44:45,107] - [INFO] - 已受理，处理中！
[2022-01-13 10:44:45,108] - [INFO] - 授信接口
[2022-01-13 10:44:45,108] - [INFO] - http://10.1.14.106:27405/channel/apitest/PPDAI/CREDIT_GRANTING
[2022-01-13 10:44:45,109] - [INFO] - 请求报文：{'channelCustId': '', 'insuranceNo': '202201131044446676636', 'creditReqNo': '20220113104444887271', 'name': '苏珠', 'spelling': '', 'sex': '00', 'nationality': '中国', 'nation': '汉族', 'birthday': '1985/06/02', 'idType': '00', 'loanAmount': 6000, 'periods': '6', 'idNo': '421081199002054343', 'phone': '16601137265', 'idStartDate': '2016/09/04', 'idEndDate': '2026/09/04', 'idOffice': '浩然天下宝瓶洲大骊王朝落坡山办祖师堂', 'idAddress': '浙江省杭州市江干区高教路119号', 'marriage': '00', 'children': '', 'supplyPeople': 0, 'house': '', 'addProvince': '', 'addCity': '', 'addDistrict': '', 'addDetail': '', 'industry': 'C', 'profession': '07', 'workplaceName': '大地保险公司', 'workTel': '', 'workProvince': '', 'workCity': '', 'workDistrict': '', 'workDetailAdd': '', 'workAge': 0, 'income': '01', 'education': '05', 'school': '', 'email': 'ybhdsg@hrtx.com', 'contacts': [{'relation': '00', 'name': '哑巴湖大水怪', 'phoneNo': '17613145210'}, {'relation': '00', 'name': '哑巴湖大水怪', 'phoneNo': '17613145210'}], 'bankCard': '6214660113104444', 'bankName': '建设银行', 'bankPhone': '16601137265', 'applyProvince': '', 'applyCity': '', 'applyDistrict': '', 'purpose': '01', 'direction': '', 'payType': '', 'payMerchantNo': '', 'authFlag': '01', 'deviceDetail': {'deviceId': '', 'mac': '', 'longitude': '', 'latitude': '', 'gpsCity': '', 'ip': '', 'ipCity': '', 'oS': 'ios'}, 'channelDetail': {'capitalCode': 'FBBANK', 'custGrde': 20, 'applyEntry': 'applyEntry', 'faceRecoType': 'LINKFACE', 'faceRecoScore': 99, 'creditDuration': '2020/08/19', 'currLimit': 50000, 'currRemainLimit': 50000, 'firstLoanFlag': 'Y', 'overdueFlag': 'N', 'settleLoanNum': 0, 'unsettleLoanLimit': 0, 'unsettleLoanNum': 0, 'longestOverPeriod': 0, 'compScore': '1', 'realFaceCheckResult': '1', 'citizenshipCheckResult': '1', 'bankCheckResult': '1', 'telcoCheckResult': '1'}, 'docDate': '2022/01/13'}
[2022-01-13 10:44:45,509] - [INFO] - 响应报文：{'result': True, 'code': 200, 'msg': 'SUCCESS!', 'data': {'channelCustId': '', 'creditApplyNo': '202201130000000014', 'creditReqNo': '20220113104444887271', 'errorCode': '', 'errorMsg': '', 'status': '01'}}
[2022-01-13 10:44:45,510] - [INFO] - 授信受理成功，处理中！
[2022-01-13 10:44:45,515] - [INFO] - 投保信息接口
[2022-01-13 10:44:45,516] - [INFO] - http://10.1.14.106:27405/channel/apitest/PPDAI/INSURE_INFO
[2022-01-13 10:44:45,516] - [INFO] - 请求报文：{'channelCustId': '', 'insuranceNo': '202201131044456648988', 'name': '郑贝峰', 'idNo': '510300199612314527', 'idAddress': '浙江省杭州市江干区高教路119号', 'phone': '16601133116', 'amount': 6000, 'periods': '6', 'purpose': '01', 'capitalCode': 'FBBANK', 'custGrde': 20, 'email': 'ybhdsg@hrtx.com', 'contactPhone': '17613145209', 'callbackUrl': 'callbackUrl'}
[2022-01-13 10:44:45,598] - [INFO] - 响应报文：{'result': True, 'code': 200, 'msg': 'SUCCESS!', 'data': {'channelCustId': '', 'errorCode': '', 'errorMsg': '', 'insurUrl': 'https://test.95590.cn/openui_st/h5/#/paipai/application?env=sit&loanReqNo=202201131044456648988&lp=20220113104445610000033008', 'insuranceNo': '202201131044456648988', 'status': '01'}}
[2022-01-13 10:44:45,599] - [INFO] - 投保信息接口成功！
[2022-01-13 10:44:45,599] - [INFO] - 投保资料查询接口
[2022-01-13 10:44:45,600] - [INFO] - http://10.1.14.106:27405/channel/apitest/PPDAI/INSURE_DATA_QUERY
[2022-01-13 10:44:45,600] - [INFO] - 请求报文：{'loanReqNo': '202201131044456648988', 'token': '20220113104445610000033008'}
[2022-01-13 10:44:45,671] - [INFO] - 响应报文：{'result': True, 'code': 200, 'msg': 'SUCCESS!', 'data': {'discountRate': 0, 'insurantName': '富邦华一银行', 'purpose': '01', 'premiumRate': 0.668, 'loanReqNo': '202201131044456648988', 'premiumExcTax': 38.66, 'idNo': '510300199612314527', 'phoneNo': '17613145209', 'insurantAdd': '上海市静安区高平路478号', 'claimPeriod': '50', 'periods': 6, 'taxFee': 2.32, 'email': 'ybhdsg@hrtx.com', 'monthlyFee': 40.98, 'addProvince': '', 'amount': 6000.0, 'address': '浙江省杭州市江干区高教路119号', 'irr': '20.00', 'addDistrict': '', 'addCity': '', 'annualIntRate': 6.2, 'addDetail': '浙江省杭州市江干区高教路119号', 'phone': '16601133116', 'insAmount': 6139.2, 'name': '郑贝峰', 'postCode': '200436'}}
[2022-01-13 10:44:45,672] - [INFO] - 投保资料查询成功！
[2022-01-13 10:44:45,673] - [INFO] - 投保接口
[2022-01-13 10:44:45,673] - [INFO] - http://10.1.14.106:27405/channel/apitest/PPDAI/INSURE
[2022-01-13 10:44:45,673] - [INFO] - 请求报文：{'agentNo': '', 'agentName': '', 'loanReqNo': '202201131044456648988', 'insReqNo': '202201131044456648988', 'name': '郑贝峰', 'idNo': '510300199612314527', 'phone': '16601133116', 'amount': 6000, 'periods': '6', 'purpose': '01', 'premiumRate': 0.668, 'insurantName': '富邦华一银行', 'insurantAdd': '上海浦东新区1239号', 'postCode': '200300', 'version': 'ccic-001', 'docVersion': 'ccic-002'}
[2022-01-13 10:44:45,733] - [INFO] - 响应报文：{'result': True, 'code': 200, 'msg': 'SUCCESS!', 'data': {'insReqNo': '6361027232280077', 'errorCode': '', 'loanReqNo': '', 'errorMsg': '', 'status': '01'}}
[2022-01-13 10:44:45,734] - [INFO] - 已受理，处理中！
[2022-01-13 10:44:45,734] - [INFO] - 授信接口
[2022-01-13 10:44:45,735] - [INFO] - http://10.1.14.106:27405/channel/apitest/PPDAI/CREDIT_GRANTING
[2022-01-13 10:44:45,735] - [INFO] - 请求报文：{'channelCustId': '', 'insuranceNo': '202201131044456648988', 'creditReqNo': '202201131044458817420', 'name': '郑贝峰', 'spelling': '', 'sex': '00', 'nationality': '中国', 'nation': '汉族', 'birthday': '1985/06/02', 'idType': '00', 'loanAmount': 6000, 'periods': '6', 'idNo': '510300199612314527', 'phone': '16601133116', 'idStartDate': '2016/09/04', 'idEndDate': '2026/09/04', 'idOffice': '浩然天下宝瓶洲大骊王朝落坡山办祖师堂', 'idAddress': '浙江省杭州市江干区高教路119号', 'marriage': '00', 'children': '', 'supplyPeople': 0, 'house': '', 'addProvince': '', 'addCity': '', 'addDistrict': '', 'addDetail': '', 'industry': 'C', 'profession': '07', 'workplaceName': '大地保险公司', 'workTel': '', 'workProvince': '', 'workCity': '', 'workDistrict': '', 'workDetailAdd': '', 'workAge': 0, 'income': '01', 'education': '05', 'school': '', 'email': 'ybhdsg@hrtx.com', 'contacts': [{'relation': '00', 'name': '哑巴湖大水怪', 'phoneNo': '17613145210'}, {'relation': '00', 'name': '哑巴湖大水怪', 'phoneNo': '17613145210'}], 'bankCard': '6214660113104445', 'bankName': '建设银行', 'bankPhone': '16601133116', 'applyProvince': '', 'applyCity': '', 'applyDistrict': '', 'purpose': '01', 'direction': '', 'payType': '', 'payMerchantNo': '', 'authFlag': '01', 'deviceDetail': {'deviceId': '', 'mac': '', 'longitude': '', 'latitude': '', 'gpsCity': '', 'ip': '', 'ipCity': '', 'oS': 'ios'}, 'channelDetail': {'capitalCode': 'FBBANK', 'custGrde': 20, 'applyEntry': 'applyEntry', 'faceRecoType': 'LINKFACE', 'faceRecoScore': 99, 'creditDuration': '2020/08/19', 'currLimit': 50000, 'currRemainLimit': 50000, 'firstLoanFlag': 'Y', 'overdueFlag': 'N', 'settleLoanNum': 0, 'unsettleLoanLimit': 0, 'unsettleLoanNum': 0, 'longestOverPeriod': 0, 'compScore': '1', 'realFaceCheckResult': '1', 'citizenshipCheckResult': '1', 'bankCheckResult': '1', 'telcoCheckResult': '1'}, 'docDate': '2022/01/13'}
[2022-01-13 10:44:45,836] - [INFO] - 响应报文：{'result': True, 'code': 200, 'msg': 'SUCCESS!', 'data': {'channelCustId': '', 'creditApplyNo': '202201130000000015', 'creditReqNo': '202201131044458817420', 'errorCode': '', 'errorMsg': '', 'status': '01'}}
[2022-01-13 10:44:45,836] - [INFO] - 授信受理成功，处理中！
[2022-01-13 10:44:45,839] - [INFO] - 投保信息接口
[2022-01-13 10:44:45,839] - [INFO] - http://10.1.14.106:27405/channel/apitest/PPDAI/INSURE_INFO
[2022-01-13 10:44:45,840] - [INFO] - 请求报文：{'channelCustId': '', 'insuranceNo': '202201131044456672109', 'name': '邹玉娅', 'idNo': '430511199104079903', 'idAddress': '浙江省杭州市江干区高教路119号', 'phone': '16601139153', 'amount': 6000, 'periods': '6', 'purpose': '01', 'capitalCode': 'FBBANK', 'custGrde': 20, 'email': 'ybhdsg@hrtx.com', 'contactPhone': '17613145209', 'callbackUrl': 'callbackUrl'}
[2022-01-13 10:44:45,921] - [INFO] - 响应报文：{'result': True, 'code': 200, 'msg': 'SUCCESS!', 'data': {'channelCustId': '', 'errorCode': '', 'errorMsg': '', 'insurUrl': 'https://test.95590.cn/openui_st/h5/#/paipai/application?env=sit&loanReqNo=202201131044456672109&lp=20220113104445934000033009', 'insuranceNo': '202201131044456672109', 'status': '01'}}
[2022-01-13 10:44:45,922] - [INFO] - 投保信息接口成功！
[2022-01-13 10:44:45,922] - [INFO] - 投保资料查询接口
[2022-01-13 10:44:45,923] - [INFO] - http://10.1.14.106:27405/channel/apitest/PPDAI/INSURE_DATA_QUERY
[2022-01-13 10:44:45,924] - [INFO] - 请求报文：{'loanReqNo': '202201131044456672109', 'token': '20220113104445934000033009'}
[2022-01-13 10:44:45,989] - [INFO] - 响应报文：{'result': True, 'code': 200, 'msg': 'SUCCESS!', 'data': {'discountRate': 0, 'insurantName': '富邦华一银行', 'purpose': '01', 'premiumRate': 0.668, 'loanReqNo': '202201131044456672109', 'premiumExcTax': 38.66, 'idNo': '430511199104079903', 'phoneNo': '17613145209', 'insurantAdd': '上海市静安区高平路478号', 'claimPeriod': '50', 'periods': 6, 'taxFee': 2.32, 'email': 'ybhdsg@hrtx.com', 'monthlyFee': 40.98, 'addProvince': '', 'amount': 6000.0, 'address': '浙江省杭州市江干区高教路119号', 'irr': '20.00', 'addDistrict': '', 'addCity': '', 'annualIntRate': 6.2, 'addDetail': '浙江省杭州市江干区高教路119号', 'phone': '16601139153', 'insAmount': 6139.2, 'name': '邹玉娅', 'postCode': '200436'}}
[2022-01-13 10:44:45,990] - [INFO] - 投保资料查询成功！
[2022-01-13 10:44:45,990] - [INFO] - 投保接口
[2022-01-13 10:44:45,990] - [INFO] - http://10.1.14.106:27405/channel/apitest/PPDAI/INSURE
[2022-01-13 10:44:45,991] - [INFO] - 请求报文：{'agentNo': '', 'agentName': '', 'loanReqNo': '202201131044456672109', 'insReqNo': '202201131044456672109', 'name': '邹玉娅', 'idNo': '430511199104079903', 'phone': '16601139153', 'amount': 6000, 'periods': '6', 'purpose': '01', 'premiumRate': 0.668, 'insurantName': '富邦华一银行', 'insurantAdd': '上海浦东新区1239号', 'postCode': '200300', 'version': 'ccic-001', 'docVersion': 'ccic-002'}
[2022-01-13 10:44:46,051] - [INFO] - 响应报文：{'result': True, 'code': 200, 'msg': 'SUCCESS!', 'data': {'insReqNo': '7387476515621241', 'errorCode': '', 'loanReqNo': '', 'errorMsg': '', 'status': '01'}}
[2022-01-13 10:44:46,051] - [INFO] - 已受理，处理中！
[2022-01-13 10:44:46,052] - [INFO] - 授信接口
[2022-01-13 10:44:46,052] - [INFO] - http://10.1.14.106:27405/channel/apitest/PPDAI/CREDIT_GRANTING
[2022-01-13 10:44:46,053] - [INFO] - 请求报文：{'channelCustId': '', 'insuranceNo': '202201131044456672109', 'creditReqNo': '202201131044458844265', 'name': '邹玉娅', 'spelling': '', 'sex': '00', 'nationality': '中国', 'nation': '汉族', 'birthday': '1985/06/02', 'idType': '00', 'loanAmount': 6000, 'periods': '6', 'idNo': '430511199104079903', 'phone': '16601139153', 'idStartDate': '2016/09/04', 'idEndDate': '2026/09/04', 'idOffice': '浩然天下宝瓶洲大骊王朝落坡山办祖师堂', 'idAddress': '浙江省杭州市江干区高教路119号', 'marriage': '00', 'children': '', 'supplyPeople': 0, 'house': '', 'addProvince': '', 'addCity': '', 'addDistrict': '', 'addDetail': '', 'industry': 'C', 'profession': '07', 'workplaceName': '大地保险公司', 'workTel': '', 'workProvince': '', 'workCity': '', 'workDistrict': '', 'workDetailAdd': '', 'workAge': 0, 'income': '01', 'education': '05', 'school': '', 'email': 'ybhdsg@hrtx.com', 'contacts': [{'relation': '00', 'name': '哑巴湖大水怪', 'phoneNo': '17613145210'}, {'relation': '00', 'name': '哑巴湖大水怪', 'phoneNo': '17613145210'}], 'bankCard': '6214660113104445', 'bankName': '建设银行', 'bankPhone': '16601139153', 'applyProvince': '', 'applyCity': '', 'applyDistrict': '', 'purpose': '01', 'direction': '', 'payType': '', 'payMerchantNo': '', 'authFlag': '01', 'deviceDetail': {'deviceId': '', 'mac': '', 'longitude': '', 'latitude': '', 'gpsCity': '', 'ip': '', 'ipCity': '', 'oS': 'ios'}, 'channelDetail': {'capitalCode': 'FBBANK', 'custGrde': 20, 'applyEntry': 'applyEntry', 'faceRecoType': 'LINKFACE', 'faceRecoScore': 99, 'creditDuration': '2020/08/19', 'currLimit': 50000, 'currRemainLimit': 50000, 'firstLoanFlag': 'Y', 'overdueFlag': 'N', 'settleLoanNum': 0, 'unsettleLoanLimit': 0, 'unsettleLoanNum': 0, 'longestOverPeriod': 0, 'compScore': '1', 'realFaceCheckResult': '1', 'citizenshipCheckResult': '1', 'bankCheckResult': '1', 'telcoCheckResult': '1'}, 'docDate': '2022/01/13'}
[2022-01-13 10:44:46,152] - [INFO] - 响应报文：{'result': True, 'code': 200, 'msg': 'SUCCESS!', 'data': {'channelCustId': '', 'creditApplyNo': '202201130000000016', 'creditReqNo': '202201131044458844265', 'errorCode': '', 'errorMsg': '', 'status': '01'}}
[2022-01-13 10:44:46,153] - [INFO] - 授信受理成功，处理中！
[2022-01-13 10:44:51,156] - [INFO] - 授信结果查询
[2022-01-13 10:44:51,157] - [INFO] - http://10.1.14.106:27405/channel/apitest/PPDAI/CREDIT_INQUIRY
[2022-01-13 10:44:51,158] - [INFO] - 请求报文：{'channelCustId': '', 'creditReqNo': '20220113104444887271'}
[2022-01-13 10:44:51,263] - [INFO] - 响应报文：{'result': True, 'code': 200, 'msg': 'SUCCESS!', 'data': {'availAmount': 20000.0, 'channelCustId': '', 'creditAmount': 20000.0, 'creditApplyNo': '202201130000000014', 'creditDate': '2022/01/13', 'creditExpireDate': '2025/01/13', 'creditReqNo': '20220113104444887271', 'creditState': '00', 'errorCode': '', 'errorMsg': '', 'status': '01'}}
[2022-01-13 10:44:51,265] - [INFO] - 授信查询接口调用成功！
[2022-01-13 10:44:51,265] - [INFO] - 授信通过！
[2022-01-13 10:44:51,265] - [INFO] - 支用接口
[2022-01-13 10:44:51,266] - [INFO] - http://10.1.14.106:27405/channel/apitest/PPDAI/DISBURSE
[2022-01-13 10:44:51,266] - [INFO] - 请求报文：{'channelCustId': '', 'loanReqNo': '202201131044446676636', 'insuranceNo': '', 'creditReqNo': '20220113104444887271'}
[2022-01-13 10:44:51,654] - [INFO] - 响应报文：{'result': True, 'code': 200, 'msg': 'SUCCESS!', 'data': {'channelCustId': '', 'errorCode': '', 'errorMsg': '', 'loanApplyNo': '20220113000000004', 'loanReqNo': '202201131044446676636', 'status': '01'}}
[2022-01-13 10:44:51,655] - [INFO] - 支用受理成功，处理中！
[2022-01-13 10:44:51,656] - [INFO] - 
                            姓名：苏珠
                            身份证号：421081199002054343
                            手机号：16601137265
                            借款金额:6000
                            借款期次:6
                            loanReqNo:202201131044446676636
                            creditReqNo:20220113104444887271
                        
[2022-01-13 10:44:51,657] - [INFO] - 授信结果查询
[2022-01-13 10:44:51,657] - [INFO] - http://10.1.14.106:27405/channel/apitest/PPDAI/CREDIT_INQUIRY
[2022-01-13 10:44:51,657] - [INFO] - 请求报文：{'channelCustId': '', 'creditReqNo': '202201131044458844265'}
[2022-01-13 10:44:51,734] - [INFO] - 响应报文：{'result': True, 'code': 200, 'msg': 'SUCCESS!', 'data': {'availAmount': 20000.0, 'channelCustId': '', 'creditAmount': 20000.0, 'creditApplyNo': '202201130000000016', 'creditDate': '2022/01/13', 'creditExpireDate': '2025/01/13', 'creditReqNo': '202201131044458844265', 'creditState': '00', 'errorCode': '', 'errorMsg': '', 'status': '01'}}
[2022-01-13 10:44:51,735] - [INFO] - 授信查询接口调用成功！
[2022-01-13 10:44:51,736] - [INFO] - 授信通过！
[2022-01-13 10:44:51,736] - [INFO] - 支用接口
[2022-01-13 10:44:51,736] - [INFO] - http://10.1.14.106:27405/channel/apitest/PPDAI/DISBURSE
[2022-01-13 10:44:51,737] - [INFO] - 请求报文：{'channelCustId': '', 'loanReqNo': '202201131044456672109', 'insuranceNo': '', 'creditReqNo': '202201131044458844265'}
[2022-01-13 10:44:51,838] - [INFO] - 响应报文：{'result': True, 'code': 200, 'msg': 'SUCCESS!', 'data': {'channelCustId': '', 'errorCode': '', 'errorMsg': '', 'loanApplyNo': '20220113000000005', 'loanReqNo': '202201131044456672109', 'status': '01'}}
[2022-01-13 10:44:51,839] - [INFO] - 支用受理成功，处理中！
[2022-01-13 10:44:51,840] - [INFO] - 
                            姓名：邹玉娅
                            身份证号：430511199104079903
                            手机号：16601139153
                            借款金额:6000
                            借款期次:6
                            loanReqNo:202201131044456672109
                            creditReqNo:202201131044458844265
                        
[2022-01-13 10:44:51,841] - [INFO] - 授信结果查询
[2022-01-13 10:44:51,841] - [INFO] - http://10.1.14.106:27405/channel/apitest/PPDAI/CREDIT_INQUIRY
[2022-01-13 10:44:51,841] - [INFO] - 请求报文：{'channelCustId': '', 'creditReqNo': '202201131044458817420'}
[2022-01-13 10:44:51,910] - [INFO] - 响应报文：{'result': True, 'code': 200, 'msg': 'SUCCESS!', 'data': {'availAmount': 20000.0, 'channelCustId': '', 'creditAmount': 20000.0, 'creditApplyNo': '202201130000000015', 'creditDate': '2022/01/13', 'creditExpireDate': '2025/01/13', 'creditReqNo': '202201131044458817420', 'creditState': '00', 'errorCode': '', 'errorMsg': '', 'status': '01'}}
[2022-01-13 10:44:51,910] - [INFO] - 授信查询接口调用成功！
[2022-01-13 10:44:51,911] - [INFO] - 授信通过！
[2022-01-13 10:44:51,911] - [INFO] - 支用接口
[2022-01-13 10:44:51,911] - [INFO] - http://10.1.14.106:27405/channel/apitest/PPDAI/DISBURSE
[2022-01-13 10:44:51,912] - [INFO] - 请求报文：{'channelCustId': '', 'loanReqNo': '202201131044456648988', 'insuranceNo': '', 'creditReqNo': '202201131044458817420'}
[2022-01-13 10:44:52,006] - [INFO] - 响应报文：{'result': True, 'code': 200, 'msg': 'SUCCESS!', 'data': {'channelCustId': '', 'errorCode': '', 'errorMsg': '', 'loanApplyNo': '20220113000000006', 'loanReqNo': '202201131044456648988', 'status': '01'}}
[2022-01-13 10:44:52,007] - [INFO] - 支用受理成功，处理中！
[2022-01-13 10:44:52,008] - [INFO] - 
                            姓名：郑贝峰
                            身份证号：510300199612314527
                            手机号：16601133116
                            借款金额:6000
                            借款期次:6
                            loanReqNo:202201131044456648988
                            creditReqNo:202201131044458817420
                        
